plant          ,year           ,CD-productivity
10423.000,81.000000,129.35473
10423.000,82.000000,94.913756
10423.000,83.000000,89.215591
10423.000,84.000000,81.646024
10423.000,85.000000,93.896429
10423.000,86.000000,102.24960
10423.000,87.000000,104.41872
10423.000,88.000000,114.62854
10423.000,89.000000,124.21775
10423.000,90.000000,112.72508
10423.000,91.000000,109.42810
10424.000,81.000000,87.509465
10424.000,82.000000,81.763951
10424.000,83.000000,67.974319
10424.000,84.000000,79.072781
10424.000,85.000000,81.406117
10424.000,86.000000,68.706113
10424.000,87.000000,73.687796
10424.000,88.000000,63.111875
10424.000,89.000000,67.060221
10424.000,90.000000,62.748373
10424.000,91.000000,54.416131
10425.000,81.000000,46.063423
10425.000,82.000000,103.96765
10425.000,83.000000,64.483097
10425.000,84.000000,68.519743
10425.000,85.000000,38.249107
10426.000,81.000000,33.766923
10426.000,82.000000,42.671759
10426.000,83.000000,49.902075
10426.000,84.000000,87.914594
10426.000,85.000000,86.442334
10426.000,86.000000,91.404265
10426.000,87.000000,69.591143
10426.000,88.000000,42.043103
10426.000,89.000000,38.312100
10426.000,90.000000,37.904972
10426.000,91.000000,40.030546
10427.000,81.000000,93.071577
10427.000,82.000000,81.387480
10427.000,83.000000,75.679844
10427.000,84.000000,80.971470
10427.000,85.000000,85.248979
10427.000,86.000000,80.309699
10427.000,87.000000,83.468401
10427.000,88.000000,75.741428
10427.000,89.000000,72.194373
10427.000,90.000000,83.234726
10427.000,91.000000,82.886455
10428.000,81.000000,127.44988
10428.000,82.000000,101.55806
10428.000,83.000000,76.259041
10428.000,84.000000,88.970604
10428.000,85.000000,93.758463
10428.000,86.000000,103.78827
10428.000,87.000000,88.967490
10428.000,88.000000,101.76054
10428.000,89.000000,101.35930
10428.000,90.000000,94.860283
10428.000,91.000000,90.417010
10429.000,81.000000,63.808327
10429.000,82.000000,51.457956
10429.000,83.000000,58.828290
10429.000,84.000000,83.918750
10429.000,85.000000,68.378538
10429.000,86.000000,68.218944
10429.000,87.000000,72.684196
10429.000,88.000000,78.180403
10429.000,89.000000,65.639282
10429.000,90.000000,92.854892
10429.000,91.000000,122.73025
10431.000,81.000000,157.00780
10431.000,82.000000,212.55853
10431.000,83.000000,258.66252
10431.000,84.000000,188.57903
10431.000,85.000000,202.46498
10431.000,86.000000,217.22661
10431.000,87.000000,221.35674
10431.000,88.000000,218.44124
10431.000,89.000000,138.51226
10431.000,90.000000,82.276556
10431.000,91.000000,98.892653
10432.000,81.000000,69.746083
10432.000,82.000000,63.776795
10432.000,83.000000,22.574951
10432.000,84.000000,46.165505
10432.000,85.000000,98.694700
10432.000,86.000000,79.633179
10432.000,87.000000,77.798782
10432.000,88.000000,88.402404
10432.000,89.000000,60.731733
10432.000,90.000000,91.345188
10432.000,91.000000,60.815017
10433.000,81.000000,76.784977
10433.000,82.000000,76.872907
10433.000,83.000000,86.079899
10433.000,84.000000,78.016094
10433.000,85.000000,93.773991
10433.000,86.000000,77.603063
10433.000,87.000000,80.325855
10433.000,88.000000,79.588107
10433.000,89.000000,74.948194
10433.000,90.000000,71.672445
10433.000,91.000000,37.942884
10434.000,81.000000,74.271115
10434.000,82.000000,95.036576
10434.000,83.000000,82.712393
10434.000,84.000000,67.914329
10434.000,85.000000,101.22214
10434.000,86.000000,69.229625
10434.000,87.000000,79.507639
10434.000,88.000000,79.060479
10434.000,89.000000,85.117807
10434.000,90.000000,73.873284
10434.000,91.000000,67.750856
10435.000,81.000000,50.831486
10435.000,82.000000,48.224686
10435.000,83.000000,46.086378
10435.000,84.000000,38.322165
10435.000,85.000000,39.896006
10435.000,86.000000,36.287473
10435.000,87.000000,39.199168
10435.000,88.000000,36.871732
10435.000,89.000000,36.018617
10435.000,90.000000,37.575255
10435.000,91.000000,53.233637
10436.000,81.000000,91.331247
10436.000,82.000000,84.218801
10436.000,83.000000,23.784551
10436.000,84.000000,91.535519
10436.000,85.000000,83.622629
10436.000,86.000000,78.470002
10436.000,87.000000,106.30514
10436.000,88.000000,90.976858
10436.000,89.000000,113.45248
10436.000,90.000000,128.30263
10436.000,91.000000,86.065955
10437.000,81.000000,84.213084
10437.000,82.000000,69.017970
10437.000,83.000000,63.797695
10437.000,84.000000,70.843069
10437.000,85.000000,52.089355
10437.000,86.000000,47.728700
10437.000,87.000000,34.161855
10437.000,88.000000,44.594504
10438.000,81.000000,49.985085
10438.000,82.000000,40.110150
10438.000,83.000000,36.137041
10438.000,84.000000,29.029505
10438.000,85.000000,74.610100
10438.000,86.000000,66.296922
10438.000,87.000000,71.658195
10438.000,88.000000,17.800128
10438.000,89.000000,6.1814641
10438.000,90.000000,10.043454
10438.000,91.000000,20.084793
10439.000,81.000000,65.359097
10439.000,82.000000,81.764099
10439.000,83.000000,64.309478
10439.000,84.000000,58.507453
10439.000,85.000000,62.809820
10439.000,86.000000,52.821539
10439.000,87.000000,56.143183
10439.000,88.000000,57.063133
10439.000,89.000000,43.490926
10439.000,90.000000,76.017968
10439.000,91.000000,106.07338
10441.000,81.000000,60.708425
10441.000,82.000000,55.233815
10441.000,83.000000,81.704707
10441.000,84.000000,84.562365
10441.000,85.000000,63.251402
10441.000,86.000000,45.118994
10441.000,87.000000,63.219199
10441.000,88.000000,52.624429
10441.000,89.000000,51.790742
10441.000,90.000000,44.825722
10441.000,91.000000,37.893517
10442.000,81.000000,66.055961
10442.000,82.000000,82.408061
10442.000,83.000000,44.541732
10442.000,84.000000,60.354865
10442.000,85.000000,65.927880
10442.000,86.000000,53.493251
10442.000,87.000000,51.097314
10442.000,88.000000,54.006375
10442.000,89.000000,47.519897
10442.000,90.000000,42.836465
10442.000,91.000000,48.985141
10443.000,81.000000,36.456158
10443.000,82.000000,48.021060
10443.000,83.000000,52.801157
10443.000,84.000000,50.968581
10443.000,85.000000,48.994972
10443.000,86.000000,54.545172
10443.000,87.000000,58.540358
10443.000,88.000000,47.586471
10443.000,89.000000,45.061411
10443.000,90.000000,47.967918
10443.000,91.000000,53.493461
10444.000,81.000000,116.15846
10444.000,82.000000,104.13713
10444.000,83.000000,98.138191
10444.000,84.000000,128.56642
10444.000,85.000000,137.80536
10444.000,86.000000,137.24572
10444.000,87.000000,137.13485
10444.000,88.000000,132.46590
10444.000,89.000000,126.08838
10444.000,90.000000,139.90533
10444.000,91.000000,132.98717
10445.000,81.000000,43.666631
10445.000,82.000000,51.000417
10445.000,83.000000,61.753140
10445.000,84.000000,77.396126
10445.000,85.000000,76.002999
10445.000,86.000000,72.380976
10445.000,87.000000,82.437799
10445.000,88.000000,78.896687
10445.000,89.000000,58.906202
10445.000,90.000000,74.128644
10445.000,91.000000,82.911905
10446.000,81.000000,42.750563
10446.000,82.000000,50.486368
10446.000,83.000000,46.717984
10446.000,84.000000,60.761870
10446.000,85.000000,56.076739
10446.000,86.000000,58.516357
10446.000,87.000000,47.948071
10446.000,88.000000,49.968956
10446.000,89.000000,44.340183
10446.000,90.000000,50.605145
10446.000,91.000000,60.419583
10447.000,81.000000,59.215475
10447.000,82.000000,66.542848
10447.000,83.000000,71.527607
10447.000,84.000000,95.670816
10447.000,85.000000,88.193920
10447.000,86.000000,96.941477
10447.000,87.000000,83.017958
10447.000,88.000000,96.693145
10447.000,89.000000,88.640520
10447.000,90.000000,95.266310
10447.000,91.000000,103.68823
10448.000,81.000000,202.58283
10448.000,82.000000,205.36363
10448.000,83.000000,201.15304
10448.000,84.000000,216.97122
10448.000,85.000000,144.49459
10448.000,86.000000,168.42782
10450.000,81.000000,311.00195
10450.000,82.000000,189.21594
10450.000,83.000000,182.66538
10450.000,84.000000,246.98929
10450.000,85.000000,204.30578
10450.000,86.000000,75.528625
10450.000,87.000000,107.85836
10450.000,88.000000,163.68064
10450.000,89.000000,200.07485
10450.000,90.000000,188.58867
10450.000,91.000000,268.02055
10451.000,81.000000,77.798309
10451.000,82.000000,96.929065
10451.000,83.000000,80.915043
10451.000,84.000000,85.424195
10451.000,85.000000,103.40585
10451.000,86.000000,74.121990
10451.000,87.000000,83.899840
10451.000,88.000000,94.367824
10451.000,89.000000,94.375136
10451.000,90.000000,94.472225
10451.000,91.000000,105.27807
10452.000,81.000000,51.531908
10452.000,82.000000,49.467449
10452.000,83.000000,44.326178
10452.000,84.000000,50.090027
10452.000,85.000000,57.989752
10452.000,86.000000,53.068727
10452.000,87.000000,57.534535
10452.000,88.000000,46.320691
10452.000,89.000000,46.176068
10452.000,90.000000,42.945161
10452.000,91.000000,49.784807
10453.000,81.000000,101.41427
10453.000,82.000000,176.24603
10453.000,83.000000,241.32265
10453.000,84.000000,226.72155
10453.000,85.000000,167.99002
10453.000,86.000000,57.285583
10453.000,87.000000,97.536915
10453.000,88.000000,133.39698
10453.000,89.000000,110.62097
10453.000,90.000000,92.296479
10453.000,91.000000,70.180732
10454.000,81.000000,87.996541
10454.000,82.000000,92.095509
10454.000,83.000000,65.701966
10454.000,84.000000,77.143985
10454.000,85.000000,90.026209
10454.000,86.000000,102.14830
10454.000,87.000000,100.07623
10454.000,88.000000,96.699352
10454.000,89.000000,88.473025
10454.000,90.000000,82.477360
10454.000,91.000000,86.648552
10455.000,81.000000,106.50758
10455.000,82.000000,101.14642
10455.000,83.000000,114.36833
10455.000,84.000000,116.47731
10455.000,85.000000,118.55671
10455.000,86.000000,126.63019
10455.000,87.000000,137.41660
10455.000,88.000000,142.72737
10455.000,89.000000,150.51732
10455.000,90.000000,144.63025
10455.000,91.000000,174.19246
10456.000,81.000000,123.21436
10456.000,82.000000,100.41696
10456.000,83.000000,93.220433
10456.000,84.000000,103.58890
10456.000,85.000000,88.783494
10456.000,86.000000,85.309992
10456.000,87.000000,83.359076
10456.000,88.000000,88.648804
10456.000,89.000000,79.883831
10456.000,90.000000,79.827826
10456.000,91.000000,84.705852
10457.000,81.000000,65.475811
10457.000,82.000000,79.733501
10457.000,83.000000,63.478123
10457.000,84.000000,69.380378
10457.000,85.000000,65.484696
10457.000,86.000000,66.151990
10457.000,87.000000,46.647122
10457.000,88.000000,58.318414
10457.000,89.000000,65.716896
10457.000,90.000000,94.588904
10457.000,91.000000,57.562479
10458.000,81.000000,59.352247
10458.000,82.000000,66.611616
10458.000,83.000000,48.106026
10458.000,84.000000,63.430504
10458.000,85.000000,70.861459
10458.000,86.000000,66.664877
10458.000,87.000000,62.403283
10458.000,88.000000,62.537077
10458.000,89.000000,64.498699
10458.000,90.000000,51.536563
10458.000,91.000000,37.657287
10459.000,81.000000,56.373072
10459.000,82.000000,134.24660
10459.000,83.000000,40.288652
10459.000,84.000000,44.548910
10459.000,85.000000,45.789726
10459.000,86.000000,53.765976
10459.000,87.000000,47.917965
10459.000,88.000000,44.699557
10459.000,89.000000,36.821038
10459.000,90.000000,41.633371
10459.000,91.000000,69.802392
10460.000,81.000000,92.162855
10460.000,82.000000,89.872488
10460.000,83.000000,83.048284
10460.000,84.000000,97.811344
10460.000,85.000000,73.557792
10460.000,86.000000,70.112663
10460.000,87.000000,65.274385
10460.000,88.000000,61.817043
10460.000,89.000000,66.726854
10460.000,90.000000,67.131260
10460.000,91.000000,71.029821
10461.000,84.000000,28.289480
10461.000,85.000000,35.325734
10461.000,86.000000,39.522199
10461.000,87.000000,38.049248
10461.000,88.000000,30.946028
10461.000,89.000000,31.451087
10461.000,90.000000,32.601209
10461.000,91.000000,37.517832
10462.000,81.000000,33.814336
10462.000,82.000000,46.800827
10462.000,83.000000,47.963719
10462.000,84.000000,49.749653
10462.000,85.000000,55.870775
10462.000,86.000000,55.126191
10462.000,87.000000,47.186535
10462.000,88.000000,46.972412
10462.000,89.000000,35.278327
10462.000,90.000000,49.038781
10462.000,91.000000,62.420207
10463.000,81.000000,182.11606
10463.000,82.000000,173.18492
10463.000,83.000000,179.76323
10463.000,84.000000,184.97307
10463.000,85.000000,215.00195
10463.000,86.000000,228.29275
10463.000,87.000000,221.86140
10463.000,88.000000,263.57665
10463.000,89.000000,255.73126
10463.000,90.000000,242.49740
10463.000,91.000000,279.59203
10464.000,82.000000,78.255906
10464.000,83.000000,45.088523
10464.000,84.000000,43.491164
10464.000,85.000000,44.639407
10464.000,86.000000,48.810366
10464.000,87.000000,53.221938
10464.000,88.000000,50.211168
10464.000,89.000000,52.002901
10464.000,90.000000,43.578631
10465.000,81.000000,104.97436
10465.000,82.000000,116.44201
10465.000,83.000000,84.932330
10465.000,84.000000,104.58302
10465.000,85.000000,95.440905
10465.000,86.000000,100.87711
10466.000,81.000000,70.632525
10466.000,82.000000,72.866728
10466.000,83.000000,80.466277
10466.000,84.000000,74.906926
10466.000,85.000000,50.346867
10466.000,86.000000,75.873124
10466.000,87.000000,59.607245
10466.000,88.000000,81.523685
10466.000,89.000000,126.65789
10466.000,90.000000,225.17296
10466.000,91.000000,255.53122
10467.000,81.000000,75.058787
10467.000,82.000000,55.356221
10467.000,83.000000,62.477437
10467.000,84.000000,72.225787
10467.000,85.000000,74.089288
10467.000,86.000000,64.328266
10467.000,87.000000,72.829829
10467.000,88.000000,73.152750
10467.000,89.000000,86.371817
10467.000,90.000000,77.654950
10467.000,91.000000,82.663032
10469.000,81.000000,94.000252
10469.000,82.000000,114.49565
10469.000,83.000000,97.687816
10469.000,84.000000,132.05288
10469.000,85.000000,103.90957
10469.000,86.000000,99.290396
10469.000,87.000000,122.64960
10469.000,88.000000,133.77006
10469.000,89.000000,85.573996
10469.000,90.000000,125.32615
10469.000,91.000000,138.23377
10470.000,81.000000,85.335520
10470.000,82.000000,67.602881
10470.000,83.000000,69.983140
10470.000,84.000000,104.84153
10470.000,85.000000,97.076260
10470.000,86.000000,97.363875
10470.000,87.000000,55.296423
10470.000,88.000000,80.107286
10470.000,89.000000,67.342491
10470.000,90.000000,72.257169
10470.000,91.000000,66.911866
10471.000,81.000000,71.469347
10471.000,82.000000,86.979973
10471.000,83.000000,101.65032
10471.000,84.000000,54.043181
10471.000,85.000000,68.960197
10471.000,86.000000,67.512849
10471.000,87.000000,45.870152
10471.000,88.000000,63.438052
10471.000,89.000000,47.262777
10471.000,90.000000,46.622447
10471.000,91.000000,30.703318
10472.000,81.000000,66.790984
10472.000,82.000000,91.644904
10472.000,83.000000,73.320442
10472.000,84.000000,73.272073
10472.000,85.000000,116.74715
10472.000,86.000000,251.81126
10472.000,87.000000,200.75536
10472.000,88.000000,273.60343
10472.000,89.000000,287.97486
10472.000,90.000000,215.39197
10472.000,91.000000,238.67674
10473.000,81.000000,42.268351
10473.000,82.000000,45.096262
10473.000,83.000000,29.885189
10473.000,84.000000,47.857320
10473.000,85.000000,40.794119
10473.000,86.000000,38.137628
10473.000,87.000000,55.977372
10474.000,81.000000,59.654460
10474.000,82.000000,49.983222
10474.000,83.000000,45.395590
10474.000,84.000000,41.252925
10474.000,85.000000,41.908113
10474.000,86.000000,32.353409
10474.000,87.000000,51.471955
10474.000,88.000000,56.652807
10475.000,82.000000,20.396104
10475.000,83.000000,23.677350
10475.000,84.000000,16.886126
10475.000,85.000000,17.313358
10476.000,81.000000,58.551204
10476.000,82.000000,57.749106
10476.000,83.000000,53.456999
10476.000,84.000000,54.728462
10476.000,85.000000,54.689667
10476.000,86.000000,48.056275
10476.000,87.000000,64.027984
10476.000,88.000000,75.398010
10476.000,89.000000,64.175530
10476.000,90.000000,57.836721
10476.000,91.000000,61.991408
10477.000,83.000000,41.997719
10477.000,84.000000,45.529128
10477.000,85.000000,47.190234
10477.000,90.000000,42.246806
10477.000,91.000000,44.415535
10478.000,81.000000,47.545408
10478.000,82.000000,35.833578
10478.000,83.000000,31.521380
10478.000,84.000000,40.294446
10478.000,85.000000,34.579384
10478.000,86.000000,35.248792
10479.000,81.000000,78.696908
10479.000,82.000000,76.408880
10479.000,83.000000,77.634359
10479.000,84.000000,93.493260
10479.000,85.000000,73.596386
10479.000,86.000000,66.796702
10479.000,87.000000,74.658314
10479.000,88.000000,92.925141
10479.000,89.000000,139.63749
10479.000,90.000000,189.55963
10479.000,91.000000,146.09855
10480.000,81.000000,56.988163
10480.000,82.000000,48.150595
10480.000,83.000000,44.202238
10480.000,84.000000,46.558109
10480.000,85.000000,37.409286
10480.000,86.000000,25.314240
10480.000,87.000000,35.999939
10480.000,88.000000,31.545639
10480.000,89.000000,29.480239
10480.000,90.000000,33.449332
10480.000,91.000000,43.043447
10481.000,81.000000,109.02425
10481.000,82.000000,74.234176
10481.000,83.000000,81.405648
10481.000,84.000000,79.054353
10481.000,85.000000,67.907971
10481.000,86.000000,95.176393
10481.000,87.000000,95.939710
10481.000,88.000000,106.67262
10481.000,89.000000,120.27723
10481.000,90.000000,94.699580
10481.000,91.000000,78.955795
10482.000,81.000000,102.55395
10482.000,82.000000,103.90135
10482.000,83.000000,77.146638
10482.000,84.000000,78.634934
10482.000,85.000000,107.50666
10482.000,86.000000,96.269814
10482.000,87.000000,83.198051
10482.000,88.000000,82.382304
10482.000,89.000000,94.820429
10482.000,90.000000,86.248236
10482.000,91.000000,113.91885
10483.000,81.000000,94.361143
10483.000,82.000000,106.00722
10483.000,83.000000,110.14470
10483.000,84.000000,109.81077
10483.000,85.000000,107.29653
10483.000,86.000000,95.488248
10483.000,87.000000,111.31517
10483.000,88.000000,88.302403
10483.000,89.000000,95.796885
10483.000,90.000000,94.759015
10483.000,91.000000,84.543662
10484.000,81.000000,32.016724
10484.000,82.000000,32.928634
10484.000,83.000000,23.993352
10484.000,84.000000,28.815990
10484.000,85.000000,34.345732
10484.000,86.000000,35.496011
10484.000,87.000000,25.954862
10484.000,88.000000,20.492370
10484.000,89.000000,23.931023
10484.000,90.000000,23.524069
10484.000,91.000000,13.496113
10485.000,81.000000,68.983063
10485.000,82.000000,73.796322
10485.000,83.000000,119.70910
10485.000,84.000000,87.621456
10485.000,85.000000,102.04631
10485.000,86.000000,65.592074
10485.000,87.000000,47.608547
10485.000,88.000000,50.657615
10485.000,89.000000,49.276558
10485.000,90.000000,37.840296
10485.000,91.000000,44.746834
10486.000,81.000000,5.8948225
10486.000,82.000000,5.4427091
10486.000,83.000000,6.0194328
10486.000,84.000000,7.1347616
10486.000,85.000000,7.1126610
10486.000,86.000000,6.6552075
10486.000,87.000000,6.7325489
10486.000,88.000000,7.1732023
10487.000,81.000000,88.733857
10487.000,82.000000,67.349943
10487.000,83.000000,77.906589
10487.000,84.000000,88.452017
10487.000,85.000000,71.506877
10487.000,86.000000,81.705031
10487.000,87.000000,82.865267
10487.000,88.000000,60.348504
10488.000,81.000000,47.986038
10488.000,82.000000,50.218865
10488.000,83.000000,47.814146
10488.000,84.000000,59.430531
10488.000,85.000000,53.407501
10488.000,86.000000,78.418072
10488.000,87.000000,76.414247
10488.000,88.000000,102.61272
10488.000,89.000000,79.284570
10488.000,90.000000,71.770663
10488.000,91.000000,85.420823
10489.000,81.000000,113.24787
10489.000,82.000000,99.344599
10489.000,83.000000,102.34586
10489.000,84.000000,104.90549
10489.000,85.000000,94.451111
10489.000,86.000000,91.683330
10489.000,87.000000,97.594190
10489.000,88.000000,94.592800
10489.000,89.000000,103.27512
10489.000,90.000000,98.282677
10489.000,91.000000,109.49863
10490.000,81.000000,251.88402
10490.000,82.000000,222.31304
10490.000,83.000000,273.49182
10490.000,84.000000,205.70314
10490.000,85.000000,216.16824
10490.000,86.000000,224.52184
10490.000,87.000000,290.77378
10490.000,88.000000,210.20698
10490.000,89.000000,249.75177
10491.000,81.000000,46.434284
10491.000,82.000000,54.478933
10491.000,83.000000,36.290939
10491.000,84.000000,49.122281
10491.000,85.000000,35.886738
10491.000,86.000000,44.542103
10491.000,87.000000,59.306404
10491.000,88.000000,78.260069
10491.000,89.000000,75.476354
10491.000,90.000000,28.623301
10492.000,81.000000,34.195420
10492.000,82.000000,31.431430
10492.000,83.000000,27.286148
10492.000,84.000000,39.604893
10492.000,85.000000,45.842755
10492.000,86.000000,55.642058
10492.000,87.000000,39.341981
10492.000,88.000000,40.982925
10492.000,89.000000,35.893476
10492.000,90.000000,31.432707
10492.000,91.000000,28.017349
10493.000,81.000000,65.457664
10493.000,82.000000,57.786566
10493.000,83.000000,66.608777
10493.000,84.000000,80.580834
10493.000,85.000000,54.243529
10493.000,86.000000,47.900431
10493.000,87.000000,63.886723
10493.000,88.000000,50.844890
10493.000,89.000000,58.401609
10493.000,90.000000,55.849921
10493.000,91.000000,58.778442
10494.000,81.000000,64.977277
10494.000,82.000000,46.763750
10494.000,83.000000,57.307404
10494.000,84.000000,26.960674
10494.000,85.000000,17.965338
10495.000,81.000000,83.331576
10495.000,82.000000,45.007181
10495.000,83.000000,31.133067
10495.000,84.000000,45.578999
10495.000,85.000000,52.220222
10495.000,86.000000,80.141037
10495.000,87.000000,61.805203
10495.000,88.000000,62.326776
10495.000,89.000000,54.697914
10495.000,90.000000,43.179461
10495.000,91.000000,43.888186
10496.000,81.000000,49.356046
10496.000,82.000000,49.926169
10496.000,83.000000,67.616030
10496.000,84.000000,62.323710
10496.000,85.000000,74.649506
10496.000,86.000000,47.770706
10496.000,87.000000,50.076464
10496.000,88.000000,85.368241
10496.000,89.000000,82.790518
10496.000,90.000000,87.982252
10496.000,91.000000,80.794880
10497.000,81.000000,30.965574
10497.000,82.000000,54.982683
10497.000,83.000000,48.413429
10497.000,84.000000,22.814649
10497.000,85.000000,21.269370
10497.000,86.000000,28.240330
10497.000,87.000000,27.009271
10497.000,88.000000,25.825301
10497.000,89.000000,19.913725
10497.000,90.000000,15.493383
10497.000,91.000000,15.792630
10499.000,81.000000,169.01040
10499.000,82.000000,131.64614
10499.000,83.000000,109.35329
10499.000,84.000000,102.54702
10499.000,85.000000,75.417612
10500.000,81.000000,56.733849
10500.000,82.000000,47.807511
10500.000,83.000000,23.207029
10500.000,84.000000,38.160362
10500.000,85.000000,31.946171
10500.000,86.000000,39.845754
10500.000,87.000000,37.059740
10500.000,88.000000,44.914318
10500.000,89.000000,35.513574
10500.000,90.000000,33.901169
10500.000,91.000000,22.701464
10501.000,81.000000,45.519919
10501.000,82.000000,69.724154
10501.000,83.000000,52.563319
10501.000,84.000000,45.038172
10501.000,85.000000,29.533099
10501.000,86.000000,35.183296
10501.000,87.000000,21.622007
10501.000,88.000000,30.678194
10501.000,89.000000,15.335556
10502.000,81.000000,69.310550
10502.000,82.000000,51.253416
10502.000,83.000000,51.554430
10502.000,84.000000,65.491364
10502.000,85.000000,38.948460
10502.000,86.000000,40.879254
10502.000,87.000000,36.642189
10502.000,88.000000,41.459650
10502.000,89.000000,38.553143
10502.000,90.000000,36.758923
10502.000,91.000000,43.808459
10503.000,81.000000,110.88500
10503.000,82.000000,82.467961
10503.000,83.000000,72.493562
10503.000,84.000000,74.518758
10503.000,85.000000,71.395483
10503.000,86.000000,46.373674
10503.000,87.000000,47.481728
10503.000,88.000000,57.361127
10503.000,89.000000,54.571974
10503.000,90.000000,65.498041
10503.000,91.000000,45.833920
10504.000,81.000000,58.259295
10504.000,82.000000,53.118703
10504.000,83.000000,45.079739
10504.000,84.000000,30.128054
10504.000,85.000000,37.883633
10504.000,86.000000,32.932667
10504.000,87.000000,54.589381
10504.000,88.000000,140.52683
10504.000,89.000000,136.15439
10504.000,90.000000,185.91397
10504.000,91.000000,173.24464
10505.000,81.000000,31.258335
10505.000,82.000000,22.359895
10505.000,83.000000,12.459422
10505.000,84.000000,21.258633
10505.000,85.000000,23.951631
10505.000,86.000000,21.476640
10505.000,87.000000,22.370552
10505.000,88.000000,30.983259
10505.000,89.000000,27.192180
10505.000,90.000000,19.545735
10505.000,91.000000,24.580591
10506.000,81.000000,105.31077
10506.000,82.000000,123.15388
10506.000,83.000000,126.37027
10506.000,84.000000,123.93912
10506.000,85.000000,147.93875
10506.000,86.000000,185.50905
10506.000,87.000000,128.93488
10506.000,88.000000,191.67521
10506.000,89.000000,120.04961
10506.000,90.000000,160.81525
10506.000,91.000000,214.81216
10507.000,81.000000,50.499311
10507.000,82.000000,79.053097
10507.000,83.000000,62.101485
10507.000,84.000000,59.667623
10507.000,85.000000,65.385712
10508.000,81.000000,60.753952
10508.000,82.000000,73.625674
10508.000,83.000000,62.207786
10508.000,84.000000,117.51104
10508.000,85.000000,132.93563
10508.000,86.000000,88.029242
10508.000,87.000000,89.574954
10508.000,88.000000,75.108547
10508.000,89.000000,83.329218
10508.000,90.000000,75.919224
10508.000,91.000000,39.275976
10510.000,81.000000,105.21029
10510.000,83.000000,79.041816
10510.000,84.000000,94.151553
10510.000,85.000000,75.040629
10510.000,86.000000,51.927379
10510.000,87.000000,52.743386
10510.000,88.000000,48.361398
10510.000,89.000000,40.314263
10510.000,90.000000,38.817184
10510.000,91.000000,44.675366
10511.000,81.000000,84.705650
10511.000,82.000000,83.503141
10511.000,83.000000,80.285291
10511.000,84.000000,110.63470
10511.000,85.000000,101.45925
10511.000,86.000000,157.46645
10511.000,87.000000,136.53413
10511.000,88.000000,202.77677
10511.000,89.000000,205.27922
10511.000,90.000000,178.61641
10511.000,91.000000,144.05281
10512.000,81.000000,99.363162
10512.000,83.000000,69.998223
10512.000,84.000000,67.157030
10512.000,85.000000,61.611357
10512.000,86.000000,67.167328
10513.000,83.000000,41.023073
10513.000,84.000000,31.363259
10513.000,85.000000,39.009183
10513.000,86.000000,91.524330
10513.000,87.000000,110.42151
10513.000,88.000000,122.63721
10513.000,89.000000,96.033158
10513.000,90.000000,86.596598
10513.000,91.000000,87.654717
10514.000,81.000000,81.068732
10514.000,82.000000,54.320360
10514.000,83.000000,30.074139
10514.000,84.000000,87.102197
10514.000,85.000000,55.722859
10515.000,81.000000,95.632478
10515.000,82.000000,70.127801
10515.000,83.000000,74.744023
10515.000,84.000000,73.991677
10515.000,85.000000,67.578835
10515.000,86.000000,96.009555
10515.000,87.000000,78.682718
10515.000,88.000000,104.13366
10515.000,89.000000,105.84097
10515.000,90.000000,107.70770
10515.000,91.000000,102.36500
10516.000,81.000000,85.807926
10516.000,82.000000,102.07347
10516.000,83.000000,71.009353
10516.000,84.000000,111.91884
10516.000,85.000000,93.664963
10516.000,86.000000,82.891297
10516.000,87.000000,86.309426
10516.000,88.000000,83.026746
10516.000,89.000000,80.081416
10517.000,81.000000,73.887573
10517.000,82.000000,34.016418
10517.000,83.000000,39.611339
10517.000,84.000000,36.942829
10517.000,85.000000,37.031681
10517.000,86.000000,48.019815
10518.000,81.000000,144.99398
10518.000,82.000000,217.74128
10518.000,83.000000,239.27268
10518.000,84.000000,237.73078
10518.000,85.000000,177.71581
10519.000,81.000000,221.26146
10519.000,82.000000,164.56370
10519.000,83.000000,77.332160
10519.000,84.000000,73.053026
10519.000,85.000000,71.838366
10519.000,86.000000,91.239677
10520.000,81.000000,55.600419
10520.000,82.000000,69.137131
10520.000,83.000000,68.118574
10520.000,84.000000,72.920950
10520.000,85.000000,72.026286
10520.000,86.000000,60.788138
10520.000,87.000000,50.086248
10520.000,88.000000,61.845718
10520.000,89.000000,63.375789
10520.000,90.000000,77.452227
10520.000,91.000000,108.99930
10521.000,81.000000,93.299547
10521.000,82.000000,95.579625
10521.000,83.000000,57.491455
10521.000,84.000000,59.021423
10521.000,85.000000,59.776118
10521.000,86.000000,60.282035
10521.000,87.000000,70.218100
10521.000,88.000000,46.667441
10521.000,89.000000,52.791784
10521.000,90.000000,53.417634
10521.000,91.000000,44.882290
10522.000,81.000000,83.659285
10522.000,82.000000,73.107678
10522.000,83.000000,77.281660
10522.000,84.000000,85.414134
10522.000,85.000000,69.628205
10522.000,86.000000,97.648102
10522.000,87.000000,100.84664
10522.000,88.000000,94.745229
10522.000,89.000000,181.27106
10522.000,90.000000,277.79935
10522.000,91.000000,167.24069
10523.000,82.000000,55.578624
10523.000,83.000000,51.036456
10523.000,84.000000,22.361198
10523.000,85.000000,33.709532
10523.000,86.000000,30.859960
10524.000,81.000000,92.846284
10524.000,82.000000,93.321138
10524.000,83.000000,60.456183
10524.000,84.000000,85.005427
10524.000,85.000000,86.168669
10524.000,86.000000,91.137874
10524.000,87.000000,114.14791
10524.000,88.000000,106.48745
10524.000,89.000000,107.53114
10524.000,90.000000,124.73898
10524.000,91.000000,86.515345
10525.000,81.000000,43.814790
10525.000,82.000000,50.443460
10525.000,83.000000,32.541436
10525.000,84.000000,37.411942
10525.000,85.000000,30.110776
10525.000,86.000000,27.223972
10525.000,87.000000,30.507812
10525.000,88.000000,28.634658
10525.000,89.000000,26.348413
10525.000,90.000000,21.992319
10525.000,91.000000,16.297700
10526.000,81.000000,88.275754
10526.000,82.000000,76.161348
10526.000,83.000000,70.737773
10526.000,84.000000,66.895355
10526.000,85.000000,64.439690
10526.000,86.000000,58.257155
10526.000,87.000000,69.269498
10526.000,88.000000,66.154587
10526.000,89.000000,64.626597
10526.000,90.000000,66.571043
10526.000,91.000000,56.352488
10527.000,81.000000,56.246224
10527.000,82.000000,40.369083
10527.000,83.000000,27.046228
10527.000,84.000000,38.457998
10527.000,85.000000,41.851713
10527.000,86.000000,44.694707
10527.000,87.000000,50.686766
10527.000,88.000000,41.313452
10527.000,89.000000,38.495261
10527.000,90.000000,39.452121
10527.000,91.000000,36.417104
10528.000,81.000000,43.661693
10528.000,82.000000,21.425000
10528.000,83.000000,24.276795
10528.000,84.000000,29.270867
10528.000,85.000000,23.596191
10528.000,86.000000,22.522961
10528.000,87.000000,23.217385
10528.000,88.000000,26.821519
10528.000,89.000000,26.850136
10528.000,90.000000,27.335059
10528.000,91.000000,24.031668
10529.000,81.000000,47.064451
10529.000,82.000000,53.712964
10529.000,83.000000,43.012241
10529.000,84.000000,53.598471
10529.000,85.000000,39.348741
10529.000,86.000000,38.192068
10529.000,87.000000,51.788156
10529.000,88.000000,53.344664
10529.000,89.000000,67.483836
10529.000,90.000000,75.392934
10529.000,91.000000,61.392477
10530.000,81.000000,47.409612
10530.000,82.000000,55.353639
10530.000,83.000000,62.147861
10530.000,84.000000,46.078959
10530.000,85.000000,37.294409
10530.000,86.000000,49.806452
10530.000,87.000000,60.598515
10530.000,88.000000,49.620097
10530.000,89.000000,63.402978
10530.000,90.000000,56.298626
10530.000,91.000000,71.219254
10531.000,81.000000,40.792454
10531.000,82.000000,36.945640
10531.000,83.000000,41.479732
10531.000,84.000000,47.441639
10531.000,85.000000,42.213670
10531.000,86.000000,51.094435
10531.000,87.000000,40.557247
10531.000,88.000000,45.339645
10531.000,89.000000,55.147959
10531.000,90.000000,78.502239
10531.000,91.000000,104.66878
10532.000,81.000000,46.401604
10532.000,82.000000,43.350347
10532.000,83.000000,52.165883
10532.000,84.000000,49.139895
10532.000,85.000000,46.539342
10532.000,86.000000,41.449123
10532.000,87.000000,31.759287
10533.000,84.000000,243.87465
10533.000,85.000000,290.53329
10533.000,86.000000,119.14509
10533.000,87.000000,70.535266
10533.000,91.000000,98.564209
10534.000,81.000000,68.870046
10534.000,82.000000,69.803939
10534.000,83.000000,45.670297
10534.000,84.000000,44.832109
10534.000,85.000000,37.257522
10534.000,86.000000,50.147382
10535.000,81.000000,40.103508
10535.000,82.000000,45.968604
10535.000,83.000000,38.547307
10535.000,84.000000,37.002107
10535.000,85.000000,35.089656
10536.000,81.000000,41.103505
10536.000,82.000000,33.757042
10536.000,83.000000,32.336299
10536.000,84.000000,36.937305
10536.000,85.000000,30.732415
10536.000,86.000000,28.701582
10536.000,87.000000,28.946887
10536.000,88.000000,29.718309
10536.000,89.000000,24.352113
10536.000,90.000000,25.207332
10536.000,91.000000,22.752141
10537.000,81.000000,265.82116
10537.000,82.000000,224.19375
10537.000,83.000000,154.72033
10537.000,84.000000,53.377503
10537.000,85.000000,43.247767
10537.000,86.000000,31.323571
10537.000,87.000000,25.565448
10537.000,88.000000,28.380121
10537.000,89.000000,33.643075
10537.000,90.000000,33.496934
10537.000,91.000000,24.992844
10538.000,81.000000,102.03701
10538.000,82.000000,104.08631
10538.000,83.000000,108.89262
10538.000,84.000000,49.786290
10538.000,85.000000,23.115879
10539.000,81.000000,89.192247
10539.000,82.000000,75.509344
10539.000,83.000000,61.166221
10539.000,84.000000,70.078152
10539.000,85.000000,83.442622
10539.000,86.000000,88.342168
10539.000,87.000000,94.373225
10539.000,88.000000,85.495959
10539.000,89.000000,85.685099
10539.000,90.000000,98.863675
10539.000,91.000000,87.746509
10540.000,81.000000,81.574984
10540.000,82.000000,78.278314
10540.000,83.000000,71.316692
10540.000,84.000000,72.322410
10540.000,85.000000,84.556286
10540.000,86.000000,76.887699
10540.000,87.000000,71.239228
10540.000,88.000000,60.327846
10540.000,89.000000,66.198237
10540.000,90.000000,50.535333
10540.000,91.000000,58.240733
10541.000,81.000000,115.43092
10541.000,82.000000,139.64680
10541.000,83.000000,125.51343
10541.000,84.000000,103.11093
10541.000,85.000000,149.31761
10541.000,86.000000,147.57022
10541.000,87.000000,160.48737
10541.000,88.000000,74.647809
10541.000,89.000000,77.208758
10541.000,90.000000,54.839205
10541.000,91.000000,56.418151
10542.000,81.000000,46.387660
10542.000,82.000000,36.171219
10542.000,83.000000,24.554436
10542.000,84.000000,27.052417
10542.000,85.000000,24.204226
10542.000,86.000000,26.272401
10542.000,87.000000,28.636812
10542.000,88.000000,46.443420
10542.000,89.000000,53.175391
10542.000,90.000000,45.851428
10542.000,91.000000,49.733077
10543.000,81.000000,38.171859
10543.000,82.000000,43.783602
10543.000,83.000000,36.738664
10543.000,84.000000,38.480301
10543.000,85.000000,33.064917
10543.000,86.000000,41.741329
10543.000,87.000000,29.431928
10543.000,88.000000,32.873030
10543.000,89.000000,46.223323
10544.000,81.000000,57.785812
10544.000,82.000000,58.613197
10544.000,83.000000,54.340228
10544.000,84.000000,66.895049
10544.000,85.000000,51.207734
10544.000,86.000000,46.786307
10544.000,87.000000,44.951347
10544.000,88.000000,35.275974
10544.000,89.000000,38.339627
10544.000,90.000000,43.505850
10544.000,91.000000,38.469559
10545.000,81.000000,138.02311
10545.000,82.000000,117.43035
10545.000,83.000000,95.146697
10545.000,84.000000,114.85617
10545.000,85.000000,122.52389
10545.000,86.000000,121.77330
10545.000,87.000000,118.06828
10545.000,88.000000,104.07368
10545.000,89.000000,98.264194
10545.000,90.000000,96.439280
10545.000,91.000000,94.651768
10547.000,81.000000,189.72167
10547.000,82.000000,83.533199
10547.000,83.000000,107.31870
10547.000,84.000000,226.26457
10547.000,85.000000,168.87665
10547.000,86.000000,119.95294
10547.000,87.000000,62.308390
10547.000,88.000000,98.828057
10547.000,89.000000,128.51475
10547.000,90.000000,59.212876
10547.000,91.000000,120.48909
10548.000,81.000000,165.72553
10548.000,82.000000,144.72525
10548.000,83.000000,120.64265
10548.000,84.000000,127.83002
10548.000,85.000000,120.12177
10548.000,86.000000,190.26560
10548.000,87.000000,245.78707
10548.000,88.000000,193.33464
10548.000,89.000000,236.23734
10548.000,90.000000,346.78412
10548.000,91.000000,165.19075
10549.000,81.000000,210.52706
10549.000,82.000000,246.16386
10549.000,83.000000,131.13970
10549.000,84.000000,97.669154
10549.000,85.000000,121.37825
10549.000,86.000000,146.04021
10549.000,87.000000,248.88613
10549.000,88.000000,301.82415
10549.000,89.000000,223.58341
10549.000,90.000000,213.64747
10549.000,91.000000,212.14465
10550.000,81.000000,81.036844
10550.000,82.000000,88.775545
10550.000,83.000000,100.80451
10550.000,84.000000,131.73589
10550.000,85.000000,130.42409
10550.000,86.000000,113.15886
10550.000,87.000000,85.537159
10550.000,88.000000,72.660293
10550.000,89.000000,93.331353
10550.000,90.000000,108.86693
10550.000,91.000000,114.23186
10551.000,81.000000,83.247931
10551.000,82.000000,99.855388
10551.000,83.000000,50.005763
10551.000,84.000000,55.675292
10551.000,85.000000,56.593750
10551.000,86.000000,65.826522
10551.000,87.000000,34.494239
10551.000,88.000000,36.688092
10551.000,89.000000,29.931567
10551.000,90.000000,69.497186
10551.000,91.000000,48.843370
10552.000,82.000000,110.76640
10552.000,84.000000,94.553064
10552.000,90.000000,113.60307
10553.000,81.000000,144.55351
10553.000,82.000000,125.85515
10553.000,83.000000,118.01544
10553.000,84.000000,152.62723
10553.000,85.000000,85.168316
10553.000,86.000000,96.781175
10553.000,87.000000,89.349511
10554.000,81.000000,66.338385
10554.000,82.000000,59.698557
10554.000,83.000000,54.224427
10554.000,84.000000,57.316554
10554.000,85.000000,53.892335
10554.000,86.000000,54.210198
10554.000,87.000000,63.088013
10554.000,88.000000,55.653428
10554.000,89.000000,64.657329
10554.000,90.000000,67.827552
10554.000,91.000000,73.620815
10556.000,81.000000,52.619536
10556.000,82.000000,31.880870
10556.000,83.000000,22.059496
10556.000,84.000000,25.050432
10556.000,85.000000,30.506018
10556.000,86.000000,13.294767
10556.000,87.000000,11.914423
10557.000,81.000000,68.072101
10557.000,82.000000,61.403164
10557.000,83.000000,50.526546
10557.000,84.000000,50.966013
10557.000,85.000000,38.940259
10557.000,86.000000,39.713741
10557.000,87.000000,45.819965
10557.000,88.000000,53.090379
10557.000,89.000000,58.715615
10557.000,90.000000,65.523577
10557.000,91.000000,56.745222
10558.000,81.000000,78.714432
10558.000,82.000000,77.357194
10558.000,83.000000,71.341775
10558.000,84.000000,87.036260
10558.000,85.000000,81.634235
10558.000,86.000000,88.556394
10558.000,87.000000,52.103483
10558.000,88.000000,53.706854
10558.000,89.000000,55.962190
10558.000,90.000000,43.829969
10558.000,91.000000,48.676731
10559.000,81.000000,139.62269
10559.000,82.000000,142.11258
10559.000,83.000000,112.30221
10559.000,84.000000,102.78729
10559.000,85.000000,83.718328
10559.000,86.000000,94.150248
10559.000,87.000000,73.243435
10560.000,81.000000,56.451944
10560.000,82.000000,64.364512
10560.000,83.000000,48.529301
10560.000,84.000000,47.966755
10560.000,85.000000,47.329186
10560.000,86.000000,58.827653
10560.000,87.000000,59.767144
10560.000,89.000000,50.378969
10560.000,90.000000,47.255017
10560.000,91.000000,53.092823
10561.000,81.000000,313.14680
10561.000,82.000000,203.83165
10561.000,83.000000,205.50353
10561.000,84.000000,210.18822
10561.000,85.000000,237.37889
10561.000,86.000000,220.01862
10561.000,87.000000,221.71963
10561.000,88.000000,212.31856
10561.000,89.000000,183.39813
10561.000,90.000000,200.77907
10561.000,91.000000,192.24302
10562.000,82.000000,53.185715
10562.000,83.000000,39.805699
10562.000,84.000000,74.935794
10562.000,85.000000,107.40439
10562.000,86.000000,60.712857
10562.000,87.000000,56.052049
10562.000,88.000000,55.166157
10563.000,81.000000,82.551984
10563.000,82.000000,83.832839
10564.000,81.000000,62.794848
10564.000,82.000000,51.705800
10564.000,83.000000,46.264151
10564.000,84.000000,57.401426
10564.000,85.000000,30.298244
10564.000,86.000000,36.562343
10564.000,87.000000,34.325825
10564.000,88.000000,34.641597
10564.000,89.000000,28.661373
10564.000,90.000000,24.665468
10564.000,91.000000,13.824984
10565.000,81.000000,51.007052
10565.000,82.000000,55.112533
10565.000,83.000000,40.016830
10565.000,84.000000,48.500307
10565.000,85.000000,44.698775
10565.000,86.000000,41.763451
10565.000,88.000000,47.271294
10566.000,82.000000,105.33395
10566.000,83.000000,85.178068
10566.000,84.000000,69.932668
10566.000,85.000000,77.771902
10566.000,86.000000,60.213107
10566.000,87.000000,74.444228
10566.000,88.000000,77.425202
10566.000,89.000000,81.075088
10566.000,90.000000,63.629692
10566.000,91.000000,82.044161
10567.000,81.000000,81.245361
10567.000,82.000000,48.749183
10567.000,83.000000,20.258803
10592.000,81.000000,74.057735
10593.000,81.000000,50.549552
10593.000,82.000000,46.038212
10593.000,83.000000,61.698153
10593.000,87.000000,70.024263
10593.000,88.000000,74.916683
10593.000,89.000000,70.169150
10593.000,90.000000,66.601468
10593.000,91.000000,59.522250
10594.000,87.000000,52.179906
10594.000,88.000000,52.329146
10594.000,89.000000,52.045463
10594.000,90.000000,50.207120
10602.000,81.000000,171.11142
10602.000,82.000000,76.950089
10615.000,88.000000,175.73304
10615.000,89.000000,172.75363
10615.000,90.000000,163.78777
10615.000,91.000000,158.42797
10643.000,81.000000,57.198838
10662.000,83.000000,28.181569
10669.000,81.000000,90.906981
10670.000,81.000000,71.395205
10670.000,82.000000,59.035566
10670.000,87.000000,70.178206
10670.000,91.000000,48.429640
10672.000,81.000000,135.56480
10672.000,82.000000,121.87104
10672.000,83.000000,113.31922
10687.000,81.000000,14.703497
10690.000,81.000000,206.96929
10690.000,86.000000,102.75121
10690.000,87.000000,131.53238
10690.000,88.000000,213.66859
10690.000,89.000000,111.68046
10690.000,90.000000,150.20739
10690.000,91.000000,228.37733
10709.000,81.000000,56.912292
10717.000,81.000000,244.49713
10719.000,89.000000,95.895727
10719.000,90.000000,119.18768
10719.000,91.000000,99.062692
10733.000,90.000000,248.82967
10733.000,91.000000,304.03083
10999.000,81.000000,82.419868
11208.000,81.000000,40.102778
11208.000,82.000000,42.336074
11208.000,86.000000,66.065171
11853.000,83.000000,63.733893
12001.000,81.000000,33.199550
12001.000,82.000000,31.708859
12001.000,83.000000,35.280311
12001.000,84.000000,38.131087
12001.000,85.000000,30.352409
12001.000,86.000000,21.536919
12001.000,87.000000,23.575976
12001.000,88.000000,34.014011
12001.000,89.000000,41.180105
12001.000,90.000000,48.885352
12001.000,91.000000,44.011967
12002.000,81.000000,37.709462
12002.000,82.000000,39.350694
12002.000,83.000000,43.377270
12002.000,84.000000,28.824356
12002.000,85.000000,32.428921
12002.000,86.000000,35.035388
12002.000,87.000000,34.428702
12002.000,88.000000,31.015865
12002.000,89.000000,31.408753
12002.000,90.000000,29.126364
12002.000,91.000000,29.928979
12003.000,81.000000,49.219920
12003.000,82.000000,44.390046
12003.000,83.000000,44.588105
12003.000,84.000000,58.232810
12003.000,85.000000,61.372248
12003.000,86.000000,48.894231
12003.000,87.000000,48.013473
12003.000,88.000000,46.080479
12004.000,81.000000,85.892590
12004.000,82.000000,97.798931
12004.000,83.000000,96.675551
12004.000,84.000000,106.58106
12004.000,85.000000,102.57077
12004.000,86.000000,101.45779
12004.000,87.000000,111.60340
12004.000,88.000000,105.19036
12004.000,89.000000,107.21840
12004.000,90.000000,122.62975
12004.000,91.000000,128.66516
12005.000,81.000000,65.204993
12005.000,82.000000,56.577254
12005.000,83.000000,56.454941
12005.000,84.000000,46.781821
12005.000,85.000000,57.035980
12005.000,86.000000,56.783440
12005.000,87.000000,48.414052
12005.000,88.000000,54.160861
12005.000,89.000000,39.027201
12005.000,90.000000,111.28509
12005.000,91.000000,104.91287
12006.000,81.000000,127.51911
12006.000,82.000000,55.061597
12006.000,83.000000,49.678139
12006.000,84.000000,105.32845
12006.000,85.000000,63.279776
12006.000,86.000000,49.665210
12006.000,87.000000,42.353212
12006.000,88.000000,43.461440
12006.000,89.000000,47.944070
12006.000,90.000000,62.808224
12006.000,91.000000,54.972263
12007.000,81.000000,108.72931
12007.000,82.000000,77.439377
12007.000,83.000000,114.29162
12007.000,84.000000,132.12029
12007.000,85.000000,119.30279
12007.000,86.000000,102.49524
12007.000,87.000000,102.55562
12007.000,88.000000,97.821946
12007.000,89.000000,113.16299
12007.000,90.000000,117.60416
12007.000,91.000000,118.09098
12008.000,81.000000,95.401067
12008.000,82.000000,92.338800
12008.000,83.000000,96.786871
12008.000,84.000000,154.46165
12008.000,85.000000,108.32640
12008.000,86.000000,100.06827
12008.000,87.000000,172.02012
12008.000,88.000000,159.30356
12008.000,89.000000,154.53012
12008.000,90.000000,186.65310
12008.000,91.000000,192.57537
12009.000,81.000000,22.293350
12009.000,82.000000,29.831028
12009.000,83.000000,49.366313
12009.000,84.000000,30.378955
12009.000,85.000000,49.507680
12009.000,86.000000,42.476020
12009.000,87.000000,28.446970
12009.000,88.000000,25.167159
12009.000,89.000000,26.072788
12009.000,90.000000,29.075652
12009.000,91.000000,31.249028
12011.000,81.000000,89.390319
12011.000,82.000000,55.615423
12011.000,83.000000,49.316449
12011.000,84.000000,49.354426
12011.000,85.000000,44.180131
12011.000,86.000000,45.639705
12011.000,87.000000,35.753101
12011.000,88.000000,38.591626
12011.000,89.000000,42.891499
12011.000,90.000000,31.902858
12011.000,91.000000,26.703696
12012.000,81.000000,38.192314
12012.000,82.000000,10.312360
12012.000,83.000000,65.433587
12012.000,84.000000,112.65898
12012.000,85.000000,108.94157
12012.000,86.000000,291.35066
12012.000,87.000000,186.00857
12012.000,88.000000,229.86858
12012.000,89.000000,124.50623
12012.000,90.000000,107.80457
12012.000,91.000000,57.833976
12013.000,81.000000,50.525311
12013.000,82.000000,45.923165
12013.000,83.000000,27.214802
12013.000,84.000000,39.406578
12013.000,85.000000,39.633867
12013.000,86.000000,48.029484
12013.000,87.000000,42.987148
12013.000,88.000000,44.937726
12013.000,89.000000,45.619358
12013.000,90.000000,51.380626
12013.000,91.000000,47.455524
12014.000,81.000000,48.568192
12014.000,82.000000,29.694490
12014.000,83.000000,32.123023
12014.000,84.000000,32.691521
12014.000,85.000000,63.067838
12014.000,86.000000,59.481864
12014.000,87.000000,44.330950
12014.000,88.000000,48.973838
12014.000,89.000000,37.066879
12014.000,90.000000,89.167512
12014.000,91.000000,100.89639
12015.000,81.000000,46.364434
12015.000,82.000000,65.035590
12015.000,83.000000,56.709414
12015.000,84.000000,69.987341
12015.000,85.000000,46.583111
12015.000,86.000000,55.010424
12015.000,87.000000,46.093572
12015.000,88.000000,54.534018
12015.000,89.000000,65.424276
12015.000,90.000000,63.076945
12015.000,91.000000,71.526673
12016.000,81.000000,44.968363
12016.000,82.000000,41.800163
12016.000,83.000000,40.467419
12016.000,84.000000,43.295745
12016.000,85.000000,42.538146
12016.000,86.000000,44.537007
12016.000,87.000000,45.814608
12016.000,88.000000,37.491957
12016.000,89.000000,42.931859
12016.000,90.000000,39.909309
12016.000,91.000000,34.238571
12017.000,81.000000,63.344251
12017.000,82.000000,86.202456
12017.000,83.000000,105.32895
12017.000,84.000000,52.730808
12017.000,85.000000,46.147122
12018.000,81.000000,59.620762
12018.000,82.000000,57.082531
12018.000,83.000000,68.507105
12018.000,84.000000,68.034515
12018.000,85.000000,62.296062
12018.000,86.000000,56.649405
12018.000,87.000000,61.063455
12018.000,88.000000,54.488934
12018.000,89.000000,55.102838
12018.000,90.000000,52.185491
12019.000,81.000000,127.04299
12019.000,82.000000,136.94544
12019.000,83.000000,122.70292
12019.000,84.000000,144.70462
12019.000,85.000000,99.300681
12019.000,86.000000,153.79254
12019.000,87.000000,138.54540
12019.000,88.000000,117.69675
12019.000,89.000000,126.50603
12019.000,90.000000,152.61314
12019.000,91.000000,141.00570
12020.000,81.000000,59.801779
12020.000,82.000000,53.572450
12020.000,83.000000,49.579294
12020.000,84.000000,44.393761
12020.000,85.000000,37.990794
12020.000,86.000000,37.045850
12020.000,87.000000,50.319272
12020.000,88.000000,51.327270
12020.000,89.000000,49.598712
12020.000,90.000000,19.827616
12021.000,81.000000,459.71273
12021.000,82.000000,448.25476
12021.000,83.000000,417.97465
12021.000,84.000000,403.33700
12021.000,85.000000,437.26516
12022.000,81.000000,128.66131
12022.000,82.000000,130.87882
12022.000,83.000000,120.44940
12022.000,84.000000,110.05241
12022.000,85.000000,108.68735
12022.000,86.000000,135.42432
12022.000,87.000000,139.75717
12023.000,81.000000,144.72375
12023.000,82.000000,128.85315
12023.000,83.000000,112.66684
12023.000,84.000000,128.48093
12023.000,85.000000,99.749245
12023.000,86.000000,107.79406
12023.000,87.000000,111.33547
12023.000,88.000000,100.54194
12023.000,89.000000,104.01856
12023.000,90.000000,112.08124
12023.000,91.000000,127.28762
12024.000,81.000000,66.122218
12024.000,82.000000,71.106861
12024.000,83.000000,72.427004
12024.000,84.000000,81.309333
12024.000,85.000000,65.134576
12024.000,86.000000,44.053787
12024.000,87.000000,62.530585
12024.000,88.000000,62.714137
12024.000,89.000000,53.735563
12024.000,90.000000,59.575680
12024.000,91.000000,62.675730
12025.000,81.000000,38.855367
12025.000,82.000000,42.414685
12025.000,83.000000,47.025943
12025.000,84.000000,46.651039
12025.000,85.000000,38.409565
12025.000,86.000000,32.956507
12025.000,87.000000,29.526559
12025.000,88.000000,33.149956
12025.000,89.000000,33.989171
12025.000,90.000000,26.771361
12025.000,91.000000,23.751989
12026.000,81.000000,97.732995
12026.000,82.000000,93.513309
12026.000,83.000000,90.106259
12026.000,84.000000,99.913242
12026.000,85.000000,84.763522
12026.000,86.000000,97.626910
12026.000,87.000000,108.68247
12026.000,88.000000,92.764044
12026.000,89.000000,85.621088
12026.000,90.000000,81.216792
12026.000,91.000000,100.68188
12027.000,81.000000,71.043772
12027.000,82.000000,55.899764
12027.000,83.000000,56.624917
12027.000,84.000000,55.738934
12027.000,85.000000,58.160862
12027.000,86.000000,64.503695
12027.000,87.000000,85.686381
12027.000,88.000000,80.085289
12027.000,89.000000,73.350560
12027.000,90.000000,79.812097
12027.000,91.000000,93.560670
12028.000,81.000000,59.535088
12028.000,82.000000,65.903324
12028.000,83.000000,69.923885
12028.000,84.000000,72.263827
12028.000,85.000000,86.363238
12028.000,86.000000,85.063536
12028.000,87.000000,85.550628
12028.000,88.000000,117.76957
12028.000,89.000000,135.29329
12028.000,90.000000,123.68543
12028.000,91.000000,67.691651
12029.000,81.000000,56.096621
12029.000,82.000000,60.737881
12029.000,83.000000,47.738998
12029.000,84.000000,65.553234
12029.000,85.000000,76.965490
12029.000,86.000000,78.148007
12029.000,87.000000,74.615026
12029.000,88.000000,50.202324
12029.000,89.000000,72.816453
12029.000,90.000000,45.325072
12029.000,91.000000,75.732388
12030.000,81.000000,38.685706
12030.000,82.000000,32.907603
12030.000,83.000000,32.006690
12030.000,84.000000,54.823810
12030.000,85.000000,52.350558
12030.000,86.000000,29.772615
12030.000,87.000000,31.334795
12031.000,81.000000,44.880634
12031.000,82.000000,52.665273
12031.000,83.000000,57.732722
12031.000,84.000000,66.660017
12031.000,85.000000,65.959327
12031.000,86.000000,93.876399
12031.000,87.000000,66.779216
12031.000,88.000000,68.792078
12031.000,89.000000,61.966887
12031.000,90.000000,68.444415
12031.000,91.000000,75.762110
12032.000,81.000000,55.548647
12032.000,82.000000,46.774244
12032.000,83.000000,60.457860
12032.000,84.000000,47.121484
12032.000,85.000000,56.941453
12032.000,86.000000,70.336635
12032.000,87.000000,75.341269
12033.000,81.000000,58.761766
12033.000,82.000000,54.082716
12033.000,83.000000,44.961627
12033.000,84.000000,64.187989
12033.000,85.000000,60.636587
12033.000,86.000000,56.702873
12033.000,87.000000,86.365212
12033.000,88.000000,76.894074
12033.000,89.000000,83.942092
12033.000,90.000000,110.13449
12033.000,91.000000,69.557857
12034.000,81.000000,89.554806
12034.000,82.000000,142.35862
12034.000,83.000000,147.95912
12034.000,84.000000,92.659259
12034.000,85.000000,88.236658
12034.000,86.000000,88.438470
12034.000,87.000000,50.127442
12034.000,88.000000,63.671833
12034.000,89.000000,82.971974
12034.000,90.000000,82.846433
12034.000,91.000000,70.290552
12035.000,81.000000,165.00246
12035.000,82.000000,128.30454
12035.000,83.000000,153.98210
12035.000,84.000000,184.35143
12035.000,85.000000,260.40327
12035.000,86.000000,224.75012
12035.000,87.000000,204.55191
12035.000,88.000000,219.76962
12035.000,89.000000,206.41583
12035.000,90.000000,172.52842
12035.000,91.000000,152.64828
12056.000,86.000000,187.24745
12056.000,87.000000,185.98983
12056.000,90.000000,126.77609
12570.000,82.000000,82.009330
12570.000,83.000000,38.012772
12570.000,85.000000,33.791984
12571.000,81.000000,977.87768
12572.000,81.000000,2.6175024
12572.000,82.000000,2.4076738
12572.000,83.000000,3.8318958
12572.000,84.000000,3.4425321
12572.000,85.000000,3.1539211
12572.000,86.000000,3.0482421
12572.000,87.000000,1.9853584
12572.000,88.000000,1.6110817
12572.000,89.000000,1.9915614
12572.000,90.000000,1.4047832
12572.000,91.000000,1.0169216
12614.000,81.000000,159.92860
12614.000,82.000000,41.712322
12614.000,85.000000,20.033337
12616.000,81.000000,81.588691
12616.000,82.000000,118.20342
12616.000,83.000000,70.627979
12616.000,84.000000,84.892069
12616.000,85.000000,122.99643
12616.000,86.000000,85.950496
12616.000,87.000000,92.051122
12616.000,88.000000,120.40797
12616.000,89.000000,74.981849
12616.000,90.000000,68.165370
12616.000,91.000000,59.329770
12620.000,88.000000,33.097291
12666.000,81.000000,71.856157
12666.000,82.000000,43.508865
12666.000,83.000000,46.608755
12666.000,84.000000,54.095202
12666.000,85.000000,62.363273
12666.000,86.000000,78.712139
12666.000,87.000000,85.183828
12666.000,88.000000,83.503620
12666.000,89.000000,83.639767
12666.000,90.000000,99.424862
12666.000,91.000000,107.82000
12668.000,85.000000,83.291889
12668.000,86.000000,67.763219
12668.000,87.000000,82.022284
12668.000,88.000000,56.036838
12668.000,89.000000,64.437681
12668.000,90.000000,55.062533
12668.000,91.000000,54.671981
12677.000,81.000000,137.74511
12677.000,82.000000,126.75826
12677.000,83.000000,117.07878
12677.000,84.000000,121.06825
12677.000,85.000000,121.25343
12677.000,86.000000,92.536716
12677.000,87.000000,98.823174
12677.000,88.000000,88.222497
12677.000,89.000000,47.407179
12677.000,90.000000,47.848366
12677.000,91.000000,62.158777
12679.000,81.000000,86.746022
12679.000,82.000000,80.224231
12679.000,83.000000,95.044185
12679.000,84.000000,135.67403
12679.000,85.000000,122.76763
12679.000,86.000000,156.94591
12679.000,87.000000,164.87232
12679.000,88.000000,165.00324
12683.000,81.000000,46.291051
12683.000,82.000000,44.662147
12683.000,83.000000,47.974178
12683.000,84.000000,54.604488
12683.000,85.000000,53.677174
12683.000,86.000000,52.490231
12683.000,87.000000,50.951528
12683.000,88.000000,51.107100
12683.000,89.000000,45.700236
12683.000,90.000000,36.333052
12683.000,91.000000,35.201839
12708.000,81.000000,54.490815
12708.000,82.000000,32.865562
12708.000,83.000000,49.105492
12708.000,84.000000,65.419854
12708.000,85.000000,71.644583
12708.000,86.000000,60.094254
12708.000,87.000000,56.451995
12708.000,88.000000,38.566194
12708.000,89.000000,42.689247
12708.000,90.000000,57.575270
12708.000,91.000000,50.933756
12715.000,85.000000,139.16213
12717.000,85.000000,41.073272
12717.000,86.000000,48.994570
12717.000,87.000000,49.896949
12717.000,88.000000,35.556145
12717.000,89.000000,51.879325
12717.000,90.000000,35.167284
12717.000,91.000000,46.242236
12724.000,81.000000,41.604582
12724.000,82.000000,71.682667
12724.000,83.000000,63.438891
12724.000,84.000000,99.947325
12732.000,81.000000,37.517142
12732.000,82.000000,34.038896
12732.000,83.000000,20.780233
12732.000,84.000000,25.178292
12732.000,86.000000,25.902074
12732.000,87.000000,31.361763
12732.000,88.000000,30.101717
12773.000,84.000000,22.728658
12778.000,85.000000,277.15840
12778.000,86.000000,231.19081
12778.000,87.000000,209.93545
12791.000,81.000000,90.744598
12791.000,82.000000,114.02073
12791.000,83.000000,101.08742
12791.000,84.000000,41.828683
12796.000,81.000000,196.42777
12796.000,82.000000,179.20437
12796.000,83.000000,172.67953
12796.000,84.000000,120.95543
12846.000,81.000000,65.158185
12846.000,82.000000,63.699980
12846.000,83.000000,46.124628
12846.000,84.000000,26.155832
12860.000,81.000000,57.740001
12860.000,82.000000,79.482310
12860.000,83.000000,11.246296
12860.000,84.000000,15.829011
12876.000,81.000000,199.35829
12876.000,82.000000,139.48224
12876.000,83.000000,54.681522
12876.000,84.000000,31.718300
12932.000,81.000000,69.020717
12932.000,82.000000,62.847695
12932.000,83.000000,40.454154
12932.000,84.000000,82.448538
12933.000,81.000000,84.820405
12933.000,82.000000,105.03081
12933.000,83.000000,71.968324
12933.000,84.000000,72.112593
12948.000,81.000000,104.02771
12948.000,82.000000,176.10659
12948.000,83.000000,64.739579
12948.000,84.000000,110.52645
12979.000,81.000000,622.28566
12980.000,81.000000,73.126522
12986.000,81.000000,259.99755
12987.000,81.000000,168.60410
12987.000,82.000000,65.516160
12987.000,83.000000,293.57463
12987.000,84.000000,230.13766
12993.000,81.000000,129.68371
12993.000,82.000000,80.382949
12993.000,83.000000,67.131668
12993.000,84.000000,76.827394
12993.000,85.000000,79.992127
12993.000,86.000000,69.343616
12993.000,87.000000,88.317276
12993.000,88.000000,94.389197
12993.000,89.000000,93.932974
12993.000,90.000000,86.405258
12993.000,91.000000,69.712246
13011.000,81.000000,35.384816
13011.000,82.000000,35.861405
13011.000,83.000000,48.600824
13011.000,84.000000,49.213939
13015.000,81.000000,96.552869
13015.000,82.000000,87.232832
13015.000,83.000000,99.822676
13015.000,84.000000,119.58707
13022.000,81.000000,25.762074
13022.000,82.000000,47.334654
13022.000,83.000000,24.646685
13022.000,84.000000,16.462849
13029.000,81.000000,232.70155
13029.000,82.000000,209.24549
13029.000,83.000000,305.89821
13035.000,81.000000,146.59763
13035.000,82.000000,202.77553
13035.000,83.000000,122.98585
13040.000,81.000000,144.60026
13040.000,82.000000,96.817546
13040.000,83.000000,78.865558
13043.000,81.000000,64.376045
13043.000,82.000000,62.756457
13050.000,81.000000,54.783604
13050.000,82.000000,64.091842
13050.000,83.000000,40.687683
13061.000,81.000000,71.012798
13061.000,82.000000,35.803348
13061.000,83.000000,29.300180
13065.000,81.000000,21.120300
13065.000,82.000000,9.2735622
13065.000,83.000000,1.5148636
13086.000,81.000000,150.09911
13086.000,82.000000,120.90916
13086.000,83.000000,117.87011
13127.000,81.000000,26.810330
13127.000,82.000000,27.552870
13127.000,83.000000,12.969667
13139.000,81.000000,50.748330
13139.000,82.000000,63.042828
13139.000,83.000000,67.035995
13139.000,84.000000,63.182193
13139.000,85.000000,67.207419
13139.000,86.000000,58.838347
13139.000,87.000000,63.202574
13139.000,88.000000,28.664058
13139.000,89.000000,51.512897
13139.000,90.000000,58.534467
13139.000,91.000000,61.921100
13144.000,81.000000,24.123585
13152.000,81.000000,178.55925
13152.000,82.000000,65.454160
13152.000,83.000000,10.215945
13176.000,81.000000,108.34127
13187.000,81.000000,14.609178
13187.000,82.000000,12.352110
13187.000,83.000000,11.902799
13204.000,81.000000,81.711886
13204.000,82.000000,63.177935
13204.000,83.000000,29.787266
13207.000,81.000000,24.660144
13207.000,82.000000,22.455671
13207.000,83.000000,7.8131307
13211.000,81.000000,120.75826
13219.000,81.000000,142.96003
13219.000,82.000000,152.33823
13219.000,83.000000,150.15831
13224.000,81.000000,118.00499
13224.000,82.000000,125.20463
13224.000,83.000000,121.61723
13225.000,81.000000,36.866494
13225.000,82.000000,29.246013
13225.000,83.000000,27.976456
13228.000,81.000000,43.860040
13228.000,82.000000,40.843523
13228.000,83.000000,43.683221
13233.000,81.000000,22.464860
13233.000,82.000000,25.065747
13233.000,83.000000,31.880591
13248.000,81.000000,110.13125
13248.000,82.000000,146.95342
13248.000,83.000000,355.53037
13290.000,81.000000,15.803213
13300.000,81.000000,120.50131
13300.000,82.000000,105.00825
13300.000,83.000000,29.309087
13301.000,81.000000,184.22063
13301.000,82.000000,130.11160
13301.000,83.000000,139.45710
13324.000,81.000000,116.28289
13342.000,81.000000,62.387763
13342.000,82.000000,41.619060
13380.000,81.000000,68.168029
13380.000,82.000000,71.169209
13380.000,83.000000,72.811697
13380.000,84.000000,79.282926
13380.000,85.000000,95.567148
13380.000,86.000000,106.17504
13380.000,87.000000,64.510178
13380.000,88.000000,80.263396
13380.000,89.000000,101.69682
13380.000,90.000000,57.989784
13380.000,91.000000,64.758859
13384.000,81.000000,91.426739
13384.000,82.000000,90.280675
13386.000,81.000000,64.531489
13386.000,82.000000,51.073158
13386.000,83.000000,51.774515
13386.000,84.000000,71.266510
13386.000,85.000000,58.895069
13386.000,86.000000,51.429078
13386.000,87.000000,56.816859
13386.000,88.000000,52.824009
13386.000,89.000000,62.057777
13413.000,81.000000,36.585665
13413.000,82.000000,24.625189
13443.000,81.000000,35.556018
13443.000,82.000000,28.166564
13485.000,81.000000,81.174296
13485.000,82.000000,84.816994
13511.000,81.000000,88.336314
13511.000,82.000000,84.126575
13520.000,81.000000,60.583252
13520.000,82.000000,71.828017
13520.000,83.000000,54.317736
13520.000,84.000000,50.182392
13520.000,85.000000,59.931870
13520.000,86.000000,46.294306
13530.000,81.000000,105.51630
13530.000,82.000000,68.327667
13533.000,81.000000,41.943230
13533.000,82.000000,18.604774
13569.000,81.000000,48.750987
13569.000,82.000000,55.403341
13573.000,81.000000,111.55988
13573.000,82.000000,142.93371
13574.000,81.000000,52.984875
13574.000,82.000000,65.839120
13578.000,81.000000,54.562933
13578.000,82.000000,57.984910
13580.000,81.000000,52.187716
13580.000,82.000000,58.492481
13581.000,81.000000,95.506912
13581.000,82.000000,71.866136
13588.000,81.000000,46.790675
13588.000,82.000000,18.058884
13612.000,81.000000,25.153848
13612.000,82.000000,8.5122538
13629.000,81.000000,443.64155
13629.000,82.000000,440.54905
13635.000,81.000000,11.544842
13635.000,82.000000,13.516901
13698.000,81.000000,102.68203
13698.000,82.000000,101.10944
13701.000,81.000000,49.699306
13701.000,82.000000,42.419214
13704.000,81.000000,74.090503
13704.000,82.000000,107.93566
13727.000,81.000000,75.102403
13727.000,82.000000,72.494197
13748.000,81.000000,19.508349
13748.000,82.000000,28.010491
13750.000,81.000000,35.561233
13750.000,82.000000,34.598968
13751.000,81.000000,14.361208
13751.000,82.000000,24.788538
13791.000,81.000000,93.430064
13791.000,82.000000,141.45156
13797.000,81.000000,60.302887
13797.000,82.000000,46.642933
13799.000,81.000000,39.383221
13799.000,82.000000,32.602132
13804.000,81.000000,65.603845
13804.000,82.000000,69.892936
13828.000,81.000000,644.91946
13828.000,82.000000,21.257435
13832.000,81.000000,90.900002
13832.000,82.000000,74.303534
13849.000,81.000000,29.349682
13849.000,82.000000,15.938432
13879.000,81.000000,133.96780
13879.000,82.000000,212.55952
13906.000,81.000000,918.18079
13906.000,82.000000,633.22026
13926.000,81.000000,121.42240
13926.000,82.000000,141.04385
13945.000,81.000000,30.258092
13945.000,82.000000,42.840328
13973.000,82.000000,29.724111
13981.000,81.000000,52.129388
13981.000,82.000000,72.725123
13995.000,81.000000,230.28132
13999.000,81.000000,804.56182
14000.000,81.000000,608.80720
14001.000,81.000000,823.65803
14022.000,81.000000,138.70819
14085.000,81.000000,181.19128
14085.000,82.000000,44.134762
14122.000,81.000000,86.963122
14165.000,81.000000,12.935322
14193.000,81.000000,169.55621
14217.000,81.000000,86.974814
14251.000,81.000000,196.17777
14267.000,81.000000,53.701158
14268.000,81.000000,37.330312
14274.000,81.000000,44.184847
14296.000,81.000000,103.31930
14308.000,81.000000,46.443211
14345.000,81.000000,32.474221
14350.000,81.000000,43.245614
14360.000,81.000000,58.006074
14370.000,81.000000,531.36393
14384.000,81.000000,61.036324
14385.000,81.000000,73.990843
14404.000,81.000000,56.235287
14405.000,81.000000,43.316752
14743.000,86.000000,59.704957
14743.000,88.000000,45.330742
14743.000,89.000000,76.754477
14743.000,90.000000,61.258478
14743.000,91.000000,45.706966
14822.000,81.000000,40.015096
14822.000,82.000000,35.545267
14941.000,81.000000,139.55997
14941.000,82.000000,82.221396
14941.000,83.000000,83.244916
14941.000,84.000000,85.762172
14941.000,85.000000,91.148450
14941.000,86.000000,86.375055
14941.000,87.000000,78.503651
14941.000,88.000000,57.306445
14941.000,89.000000,64.373528
14941.000,90.000000,92.901169
14941.000,91.000000,72.594654
14943.000,81.000000,33.566314
14943.000,82.000000,30.280571
14943.000,83.000000,55.896186
14943.000,84.000000,35.792304
14943.000,85.000000,32.357708
14943.000,86.000000,33.466656
14943.000,87.000000,24.736656
14943.000,88.000000,13.637661
14943.000,89.000000,37.393192
14943.000,90.000000,22.881428
14982.000,81.000000,31.796103
14982.000,82.000000,41.605367
14982.000,83.000000,36.326114
14982.000,84.000000,30.260718
14982.000,85.000000,60.601806
14982.000,86.000000,28.641197
14982.000,87.000000,28.882774
14982.000,88.000000,23.685729
14982.000,89.000000,21.658407
14982.000,90.000000,26.763866
15117.000,81.000000,19.809618
15117.000,82.000000,40.523871
15117.000,83.000000,40.134134
15117.000,84.000000,45.138444
15117.000,85.000000,33.933523
15117.000,86.000000,38.942173
15117.000,87.000000,39.519525
15117.000,88.000000,40.865062
15117.000,89.000000,53.954536
15117.000,90.000000,57.201982
15117.000,91.000000,94.429781
15135.000,81.000000,191.01878
15135.000,82.000000,150.50554
15135.000,83.000000,140.82352
15135.000,84.000000,110.97853
15135.000,85.000000,117.15944
15135.000,86.000000,82.821546
15135.000,87.000000,143.91196
15135.000,88.000000,112.25309
15272.000,81.000000,802.49634
15530.000,81.000000,74.085728
15530.000,82.000000,81.014938
15530.000,83.000000,69.001648
15530.000,84.000000,71.893027
15530.000,85.000000,50.912806
15530.000,86.000000,64.176814
15530.000,87.000000,68.872109
15530.000,88.000000,55.810239
15530.000,89.000000,46.376720
15530.000,90.000000,42.608313
15530.000,91.000000,38.937313
15730.000,81.000000,1107.4619
15730.000,82.000000,69.127136
15730.000,83.000000,72.866547
15730.000,84.000000,53.473536
15730.000,85.000000,47.883203
15730.000,86.000000,47.154578
15730.000,87.000000,48.360997
15848.000,81.000000,105.92755
15848.000,82.000000,78.123613
16024.000,81.000000,57.381441
16024.000,82.000000,55.493116
16024.000,83.000000,63.203217
16024.000,84.000000,65.192081
16024.000,85.000000,55.013224
16024.000,86.000000,43.099841
16329.000,81.000000,149.49430
16417.000,81.000000,127.84835
16417.000,82.000000,75.119201
16417.000,83.000000,102.23931
16417.000,84.000000,114.18710
16417.000,85.000000,136.28443
16417.000,86.000000,160.47071
16417.000,87.000000,182.55856
16417.000,88.000000,139.77128
16417.000,89.000000,183.76127
16417.000,90.000000,236.97319
16417.000,91.000000,224.59640
16553.000,82.000000,44.522481
16553.000,83.000000,45.676096
16553.000,84.000000,61.575673
16553.000,85.000000,64.639834
16553.000,87.000000,79.064829
16553.000,88.000000,69.541851
16553.000,89.000000,46.680320
16553.000,90.000000,46.015057
16553.000,91.000000,47.981604
16856.000,81.000000,10.257641
16856.000,82.000000,13.812504
16856.000,83.000000,11.756043
16856.000,84.000000,18.901821
16856.000,85.000000,24.386521
16857.000,81.000000,37.756557
16858.000,81.000000,16.503537
16859.000,81.000000,832.50839
16861.000,81.000000,17.711503
16861.000,82.000000,16.761367
16861.000,83.000000,34.053108
16861.000,84.000000,69.517146
16863.000,81.000000,23.713269
16863.000,82.000000,23.413716
16863.000,83.000000,20.374426
16863.000,84.000000,26.955787
16863.000,85.000000,54.645967
16863.000,87.000000,23.513831
16863.000,88.000000,29.512962
16865.000,81.000000,39.928853
16865.000,82.000000,99.985571
16865.000,83.000000,33.040745
16867.000,81.000000,55.192599
16867.000,82.000000,60.773162
16867.000,83.000000,55.008073
16867.000,84.000000,50.974196
16867.000,85.000000,40.629583
16867.000,86.000000,40.478230
16867.000,87.000000,46.590803
16867.000,88.000000,41.556642
16867.000,89.000000,39.200067
16867.000,90.000000,50.667817
16867.000,91.000000,57.545211
16868.000,81.000000,582.10941
16868.000,82.000000,781.16560
16872.000,81.000000,27.371561
16872.000,82.000000,36.533194
16872.000,83.000000,53.663417
16872.000,84.000000,66.904475
16872.000,85.000000,45.601658
16872.000,86.000000,20.588055
16872.000,87.000000,19.658598
16872.000,90.000000,193.59729
16872.000,91.000000,211.45925
16874.000,81.000000,393.01887
16876.000,81.000000,67.577514
16877.000,81.000000,67.530451
16877.000,82.000000,27.400285
16877.000,83.000000,72.319570
16877.000,84.000000,59.054837
16877.000,85.000000,42.310302
16877.000,86.000000,45.190793
16877.000,87.000000,57.020492
16877.000,89.000000,34.513013
16877.000,90.000000,36.797010
16877.000,91.000000,68.438666
16878.000,81.000000,32.904723
16879.000,81.000000,116.36499
16880.000,81.000000,91.285618
16881.000,81.000000,32.486411
16883.000,81.000000,27.492540
16884.000,81.000000,15.010297
16884.000,82.000000,27.153520
16884.000,83.000000,37.555604
16885.000,81.000000,46.775789
16887.000,81.000000,27.480998
16889.000,81.000000,43.930411
16889.000,82.000000,37.984655
16889.000,83.000000,39.742691
16889.000,84.000000,53.545961
16889.000,85.000000,51.350288
16889.000,86.000000,47.792552
16889.000,87.000000,46.287723
16889.000,88.000000,54.268404
16889.000,89.000000,58.667945
16889.000,90.000000,59.581714
16889.000,91.000000,63.736604
16890.000,81.000000,52.598039
16890.000,82.000000,60.718458
16890.000,83.000000,50.116029
16890.000,84.000000,83.037128
16890.000,85.000000,79.842763
16890.000,86.000000,86.874175
16890.000,87.000000,93.785647
16890.000,88.000000,46.002435
16890.000,89.000000,63.801400
16890.000,90.000000,63.715159
16890.000,91.000000,117.60311
16892.000,81.000000,72.709186
16893.000,81.000000,227.80544
16894.000,81.000000,106.59351
16895.000,81.000000,87.426436
16895.000,82.000000,97.950160
16895.000,83.000000,73.541815
16895.000,84.000000,60.427607
16895.000,85.000000,64.335247
16895.000,86.000000,65.591179
16895.000,87.000000,63.243724
16895.000,88.000000,52.840256
16895.000,89.000000,39.588160
16895.000,90.000000,38.206330
16895.000,91.000000,45.403510
16896.000,81.000000,78.436635
16896.000,82.000000,106.46630
16896.000,83.000000,106.20469
16897.000,81.000000,159.26126
16897.000,82.000000,219.95897
16901.000,81.000000,54.605484
16901.000,82.000000,63.722785
16901.000,83.000000,72.006232
16901.000,84.000000,64.198717
16901.000,85.000000,68.808884
16901.000,86.000000,57.497130
16901.000,87.000000,61.880017
16901.000,88.000000,59.155485
16901.000,89.000000,102.12634
16901.000,90.000000,139.84923
16901.000,91.000000,218.48599
16904.000,81.000000,152.76499
16904.000,82.000000,140.43794
16904.000,85.000000,132.88788
16909.000,81.000000,43.590862
16909.000,82.000000,52.992546
16909.000,83.000000,48.466684
16909.000,84.000000,43.680471
16910.000,81.000000,50.656926
16910.000,82.000000,57.998956
16910.000,83.000000,38.028826
16913.000,81.000000,142.14775
16913.000,82.000000,72.281089
16914.000,81.000000,40.851178
16914.000,82.000000,37.627873
16917.000,81.000000,19.423379
16917.000,82.000000,31.863755
16918.000,81.000000,123.82541
16918.000,82.000000,104.80228
16919.000,81.000000,116.82597
16919.000,82.000000,97.230163
16919.000,83.000000,93.751986
16924.000,81.000000,13.324812
16924.000,82.000000,11.303068
16924.000,83.000000,13.632224
16924.000,84.000000,17.202911
16924.000,85.000000,14.334394
16924.000,86.000000,11.896232
16924.000,87.000000,14.850530
16924.000,88.000000,12.763677
16924.000,89.000000,16.445875
16924.000,90.000000,15.256506
16924.000,91.000000,14.116935
16930.000,81.000000,148.63749
16930.000,82.000000,93.417620
16930.000,83.000000,34.093569
16930.000,84.000000,51.912281
16930.000,85.000000,66.454992
16930.000,86.000000,71.577393
16930.000,87.000000,88.005812
16930.000,88.000000,92.954893
16930.000,89.000000,111.13491
16930.000,90.000000,91.788378
16930.000,91.000000,77.622570
16931.000,81.000000,259.42421
16931.000,82.000000,140.04495
16931.000,83.000000,100.59127
16931.000,84.000000,76.191588
16931.000,85.000000,45.932868
16931.000,86.000000,80.935013
16931.000,87.000000,78.307715
16931.000,88.000000,95.931220
16931.000,89.000000,88.327361
16931.000,90.000000,78.296857
16931.000,91.000000,78.425844
16932.000,81.000000,106.42761
16932.000,82.000000,169.15092
16932.000,83.000000,112.97964
16932.000,84.000000,147.44007
16932.000,85.000000,134.53208
16932.000,86.000000,98.080832
16932.000,87.000000,120.23250
16933.000,81.000000,70.947582
16933.000,82.000000,66.356312
16933.000,83.000000,113.75423
16933.000,84.000000,88.504722
16933.000,85.000000,89.521902
16933.000,86.000000,91.698709
16933.000,87.000000,85.019965
16933.000,88.000000,86.350651
16933.000,89.000000,88.146174
16933.000,90.000000,87.132924
16933.000,91.000000,89.171227
16940.000,82.000000,37.990097
16941.000,82.000000,97.813359
16941.000,83.000000,85.049811
16941.000,84.000000,70.017997
16941.000,85.000000,68.719177
16941.000,86.000000,73.777633
16941.000,87.000000,70.265766
16941.000,88.000000,66.531170
16941.000,89.000000,69.561061
16951.000,88.000000,59.208008
16971.000,81.000000,45.968682
16971.000,82.000000,28.259649
16979.000,81.000000,76.058293
16979.000,82.000000,77.337826
16979.000,86.000000,88.573166
16979.000,87.000000,79.365721
16979.000,91.000000,122.55135
16982.000,81.000000,41.362272
17055.000,81.000000,33.889265
17055.000,82.000000,20.524222
17055.000,83.000000,50.904751
17055.000,84.000000,92.835797
17275.000,81.000000,123.43015
17275.000,82.000000,83.358789
17275.000,83.000000,109.82416
17275.000,84.000000,122.50819
17275.000,85.000000,118.41698
17275.000,86.000000,132.87550
17275.000,87.000000,89.527064
17275.000,88.000000,114.74419
17275.000,89.000000,115.65914
17275.000,90.000000,126.59876
17275.000,91.000000,114.41149
17286.000,81.000000,88.006357
17714.000,81.000000,37.407292
17714.000,82.000000,31.715524
17714.000,83.000000,44.830688
17714.000,84.000000,52.048591
17714.000,85.000000,68.868766
17714.000,86.000000,49.520594
17714.000,87.000000,68.380570
17714.000,88.000000,61.657121
17714.000,89.000000,50.311419
17714.000,90.000000,63.982743
17714.000,91.000000,63.172476
17716.000,81.000000,79.218314
17718.000,81.000000,727.97325
17719.000,81.000000,35.243400
17720.000,81.000000,24.861858
17720.000,82.000000,156.00136
17721.000,82.000000,32.374953
17722.000,81.000000,54.045753
17723.000,81.000000,73.046154
17723.000,82.000000,37.726649
17723.000,83.000000,43.333192
17723.000,84.000000,66.615505
17723.000,85.000000,117.47290
17723.000,86.000000,102.65531
17723.000,87.000000,132.44672
17723.000,88.000000,87.520853
17723.000,89.000000,122.37275
17723.000,90.000000,120.32579
17723.000,91.000000,130.27963
17724.000,81.000000,12.106382
17724.000,83.000000,16.294776
17724.000,84.000000,13.070023
17724.000,85.000000,19.522878
17724.000,86.000000,21.294914
17724.000,87.000000,20.057882
17724.000,88.000000,20.080239
17724.000,89.000000,23.809786
17724.000,90.000000,19.806767
17724.000,91.000000,21.372176
17725.000,81.000000,99.182250
17725.000,82.000000,122.87913
17725.000,83.000000,168.13113
17725.000,84.000000,183.67814
17725.000,85.000000,196.93990
17725.000,86.000000,204.76726
17725.000,87.000000,188.20503
17725.000,88.000000,188.92231
17725.000,89.000000,199.07270
17725.000,90.000000,171.70399
17725.000,91.000000,159.06395
17726.000,81.000000,27.785653
17726.000,82.000000,40.434684
17726.000,83.000000,31.464184
17726.000,84.000000,40.353923
17726.000,85.000000,38.049173
17726.000,86.000000,35.767342
17726.000,87.000000,38.086997
17726.000,88.000000,36.508917
17726.000,89.000000,31.992997
17726.000,90.000000,35.016183
17726.000,91.000000,32.660988
17728.000,81.000000,28.557089
17728.000,82.000000,11.764399
17728.000,83.000000,14.479130
17728.000,84.000000,15.735874
17728.000,85.000000,21.166714
17728.000,86.000000,20.906155
17728.000,87.000000,23.168536
17728.000,88.000000,18.132523
17728.000,89.000000,24.334827
17728.000,90.000000,24.178947
17729.000,81.000000,11.291539
17729.000,82.000000,12.327863
17732.000,82.000000,148.27780
17733.000,81.000000,181.92303
17733.000,82.000000,92.650912
17733.000,83.000000,97.909721
17734.000,81.000000,100.74702
17738.000,81.000000,254.24617
17738.000,82.000000,345.60309
17738.000,83.000000,321.43822
17738.000,84.000000,382.24690
17738.000,85.000000,287.51652
17738.000,86.000000,288.54060
17738.000,87.000000,219.00293
17738.000,88.000000,182.27244
17738.000,89.000000,169.91876
17738.000,90.000000,147.95827
17738.000,91.000000,136.34138
17739.000,81.000000,59.298479
17739.000,82.000000,105.80094
17739.000,83.000000,99.811132
17739.000,84.000000,40.209298
17740.000,81.000000,145.91958
17740.000,82.000000,125.95964
17741.000,81.000000,78.589485
17743.000,82.000000,59.324585
17743.000,83.000000,37.556037
17743.000,84.000000,94.745313
17743.000,85.000000,45.784281
17743.000,86.000000,39.015508
17743.000,87.000000,43.318505
17743.000,88.000000,54.610842
17743.000,89.000000,55.406378
17743.000,90.000000,48.895481
17744.000,81.000000,69.743780
17745.000,81.000000,84.631653
17745.000,82.000000,46.133997
17745.000,83.000000,30.647658
17745.000,84.000000,24.991011
17745.000,85.000000,106.12897
17745.000,86.000000,141.65015
17745.000,87.000000,171.65180
17745.000,88.000000,162.33308
17745.000,89.000000,139.76660
17745.000,90.000000,176.85842
17745.000,91.000000,289.97598
17747.000,81.000000,42.932877
17747.000,82.000000,31.656825
17749.000,81.000000,50.169381
17749.000,82.000000,74.167208
17749.000,83.000000,66.809362
17749.000,84.000000,79.076712
17749.000,85.000000,81.340412
17749.000,86.000000,75.444084
17749.000,87.000000,95.042826
17749.000,88.000000,98.210461
17749.000,89.000000,45.003148
17749.000,90.000000,52.378492
17749.000,91.000000,48.904014
17753.000,81.000000,31.779589
17754.000,81.000000,122.71323
17754.000,82.000000,108.11460
17758.000,81.000000,100.14112
17758.000,82.000000,105.63205
17760.000,81.000000,48.705440
17760.000,82.000000,61.447853
17761.000,81.000000,90.489993
17761.000,82.000000,62.313575
17761.000,83.000000,54.903560
17761.000,84.000000,66.169564
17761.000,85.000000,57.759857
17761.000,86.000000,69.844062
17761.000,87.000000,72.448048
17761.000,88.000000,61.933694
17761.000,89.000000,69.865696
17761.000,90.000000,55.172028
17761.000,91.000000,66.187649
17763.000,81.000000,111.97017
17763.000,82.000000,145.81463
17763.000,83.000000,201.56572
17763.000,84.000000,269.30603
17763.000,85.000000,208.45313
17763.000,86.000000,254.29071
17763.000,87.000000,347.24281
17765.000,81.000000,59.806875
17767.000,81.000000,54.217085
17767.000,82.000000,55.313327
17767.000,83.000000,35.249170
17767.000,84.000000,43.259582
17767.000,85.000000,38.997131
17767.000,86.000000,34.700255
17767.000,87.000000,31.482482
17767.000,88.000000,37.173752
17767.000,89.000000,49.498335
17767.000,90.000000,62.916063
17767.000,91.000000,86.661512
17770.000,81.000000,37.954213
17770.000,82.000000,21.606027
17770.000,83.000000,27.491826
17770.000,84.000000,54.098269
17770.000,85.000000,58.617082
17770.000,86.000000,120.41504
17770.000,87.000000,123.46964
17770.000,88.000000,162.27687
17770.000,89.000000,273.75901
17770.000,90.000000,318.34643
17770.000,91.000000,330.12725
17771.000,81.000000,497.49734
17771.000,82.000000,483.36086
17771.000,83.000000,461.40091
17774.000,82.000000,66.759009
17774.000,83.000000,81.664648
17775.000,81.000000,113.88143
17778.000,81.000000,85.377554
17822.000,81.000000,113.15993
17822.000,82.000000,83.627255
17822.000,86.000000,62.149595
17822.000,87.000000,75.447704
17822.000,88.000000,58.704167
17822.000,89.000000,96.561779
17822.000,90.000000,81.846492
17822.000,91.000000,137.47510
17834.000,81.000000,124.25281
17860.000,82.000000,77.108945
17860.000,83.000000,130.29247
17860.000,84.000000,93.471195
17860.000,85.000000,65.276203
17865.000,81.000000,167.20180
17883.000,88.000000,78.362200
17883.000,89.000000,73.175010
17883.000,90.000000,61.711538
17889.000,88.000000,41.301092
17889.000,89.000000,32.157661
17894.000,81.000000,55.644851
17894.000,82.000000,60.856366
17894.000,84.000000,80.783440
17894.000,85.000000,64.853656
17897.000,87.000000,46.121511
18589.000,81.000000,34.899617
18589.000,83.000000,46.289863
18592.000,81.000000,76.744245
18592.000,82.000000,77.755691
18592.000,83.000000,71.512944
18592.000,84.000000,83.531284
18592.000,85.000000,78.302034
18592.000,86.000000,84.375115
18592.000,87.000000,85.334581
18592.000,88.000000,84.060948
18592.000,89.000000,99.455906
18592.000,90.000000,109.81173
18592.000,91.000000,98.803766
18593.000,81.000000,37.624964
18593.000,82.000000,26.289126
18593.000,83.000000,25.004951
18593.000,84.000000,36.695712
18593.000,85.000000,33.856656
18593.000,86.000000,34.880343
18593.000,87.000000,37.973294
18593.000,88.000000,50.277087
18593.000,89.000000,32.394495
18593.000,90.000000,65.056701
18593.000,91.000000,112.24520
18595.000,81.000000,42.936728
18596.000,81.000000,41.768072
18596.000,82.000000,53.389113
18596.000,83.000000,41.155381
18596.000,84.000000,50.391897
18597.000,81.000000,27.791008
18598.000,81.000000,86.622675
18598.000,82.000000,92.451231
18598.000,83.000000,84.087955
18598.000,84.000000,79.450664
18600.000,81.000000,42.712863
18600.000,82.000000,52.778236
18601.000,81.000000,25.723927
18602.000,81.000000,494.55332
18602.000,82.000000,412.21842
18602.000,83.000000,270.01244
18602.000,84.000000,279.40186
18602.000,85.000000,284.38964
18602.000,86.000000,160.34697
18602.000,88.000000,398.06904
18602.000,89.000000,335.98670
18602.000,90.000000,245.23301
18602.000,91.000000,227.02155
18603.000,81.000000,82.772792
18603.000,82.000000,61.972236
18603.000,83.000000,57.451123
18603.000,84.000000,70.046834
18603.000,85.000000,70.389322
18603.000,86.000000,75.511611
18603.000,87.000000,71.019797
18604.000,81.000000,11.700586
18604.000,82.000000,89.178740
18604.000,83.000000,59.513059
18604.000,84.000000,50.243137
18604.000,85.000000,48.559421
18606.000,81.000000,200.11048
18606.000,82.000000,58.327191
18607.000,81.000000,17.079518
18608.000,82.000000,47.413856
18608.000,85.000000,74.588011
18608.000,87.000000,60.125560
18612.000,81.000000,70.178656
18612.000,82.000000,86.554051
18612.000,83.000000,120.25960
18612.000,84.000000,90.173427
18612.000,85.000000,36.131117
18612.000,86.000000,49.370458
18612.000,87.000000,46.421687
18612.000,88.000000,51.111317
18612.000,89.000000,49.620031
18612.000,90.000000,53.278758
18612.000,91.000000,65.098182
18613.000,81.000000,38.672420
18613.000,82.000000,38.523736
18613.000,83.000000,30.180632
18614.000,81.000000,155.26360
18614.000,82.000000,168.05132
18614.000,83.000000,150.29766
18614.000,84.000000,211.58910
18614.000,85.000000,134.79523
18614.000,86.000000,158.89143
18614.000,87.000000,159.75185
18614.000,88.000000,137.00584
18614.000,89.000000,220.50231
18614.000,90.000000,277.13049
18614.000,91.000000,354.03358
18615.000,81.000000,44.243374
18616.000,81.000000,102.18425
18617.000,81.000000,62.146011
18617.000,82.000000,61.165695
18617.000,83.000000,48.806774
18617.000,84.000000,56.999097
18617.000,85.000000,53.573899
18617.000,86.000000,51.472625
18617.000,87.000000,50.429975
18617.000,88.000000,47.743144
18617.000,89.000000,21.646455
18617.000,90.000000,25.653515
18617.000,91.000000,29.684694
18618.000,81.000000,70.566426
18618.000,82.000000,46.630877
18618.000,83.000000,90.685512
18618.000,84.000000,85.339448
18618.000,85.000000,82.435272
18618.000,86.000000,74.056726
18618.000,87.000000,67.729060
18618.000,88.000000,91.107583
18618.000,89.000000,72.921940
18618.000,90.000000,78.351572
18618.000,91.000000,84.320353
18619.000,81.000000,64.005290
18619.000,82.000000,39.157172
18619.000,83.000000,36.741238
18619.000,84.000000,49.092542
18621.000,81.000000,105.35069
18621.000,82.000000,73.057806
18621.000,83.000000,103.59707
18621.000,84.000000,125.44867
18621.000,85.000000,86.319804
18621.000,86.000000,47.641446
18621.000,87.000000,33.519923
18621.000,88.000000,27.163460
18621.000,89.000000,37.752043
18621.000,90.000000,27.373375
18621.000,91.000000,31.268298
18622.000,81.000000,13.354770
18622.000,82.000000,18.457211
18624.000,81.000000,25.941444
18627.000,81.000000,48.795040
18627.000,82.000000,53.536049
18627.000,83.000000,66.226083
18627.000,84.000000,84.811738
18627.000,85.000000,97.873329
18627.000,86.000000,119.76679
18627.000,87.000000,126.26381
18627.000,88.000000,85.245773
18627.000,89.000000,107.54679
18627.000,90.000000,128.19124
18627.000,91.000000,108.05790
18628.000,81.000000,50.497799
18628.000,82.000000,61.109131
18629.000,81.000000,78.864271
18629.000,82.000000,157.98042
18629.000,83.000000,156.52746
18629.000,84.000000,177.47066
18629.000,85.000000,168.70950
18629.000,86.000000,145.99186
18629.000,87.000000,160.34743
18629.000,88.000000,155.79038
18629.000,89.000000,98.582675
18629.000,90.000000,108.98612
18629.000,91.000000,68.430435
18632.000,81.000000,238.55512
18632.000,82.000000,235.10901
18633.000,81.000000,70.529126
18633.000,82.000000,92.823909
18633.000,83.000000,95.120431
18633.000,84.000000,104.48923
18633.000,85.000000,81.623377
18633.000,86.000000,53.475407
18633.000,87.000000,37.194746
18634.000,81.000000,61.779435
18634.000,82.000000,58.698715
18635.000,81.000000,90.820210
18635.000,82.000000,209.85318
18635.000,83.000000,217.15108
18635.000,84.000000,106.10122
18635.000,85.000000,74.537812
18635.000,86.000000,63.165398
18635.000,87.000000,62.778321
18635.000,88.000000,73.256055
18635.000,89.000000,59.467124
18635.000,90.000000,60.866450
18635.000,91.000000,73.837497
18637.000,81.000000,111.66714
18637.000,82.000000,136.63955
18637.000,83.000000,51.107667
18637.000,84.000000,45.773805
18637.000,85.000000,47.389624
18637.000,86.000000,55.803050
18638.000,81.000000,58.322510
18638.000,82.000000,124.18637
18639.000,81.000000,39.131188
18639.000,82.000000,56.771061
18640.000,81.000000,75.729714
18640.000,82.000000,63.627509
18641.000,81.000000,127.49754
18641.000,82.000000,103.16143
18641.000,83.000000,92.837293
18641.000,84.000000,116.48327
18641.000,85.000000,214.99322
18641.000,86.000000,188.88116
18641.000,87.000000,207.71119
18641.000,88.000000,211.75077
18641.000,89.000000,196.77176
18641.000,90.000000,254.59893
18641.000,91.000000,323.43424
18642.000,81.000000,168.77451
18642.000,82.000000,223.99226
18643.000,81.000000,28.866960
18643.000,82.000000,36.217388
18643.000,83.000000,49.391385
18643.000,84.000000,81.600670
18643.000,85.000000,84.714858
18643.000,86.000000,66.972108
18643.000,87.000000,65.819997
18643.000,88.000000,84.268436
18643.000,89.000000,70.792327
18644.000,81.000000,240.53897
18644.000,82.000000,251.90625
18644.000,83.000000,173.86026
18644.000,84.000000,142.03743
18644.000,85.000000,135.83883
18644.000,86.000000,121.49271
18644.000,87.000000,161.96736
18644.000,88.000000,131.61374
18644.000,89.000000,101.07199
18644.000,90.000000,142.93907
18644.000,91.000000,161.04309
18645.000,81.000000,146.64979
18645.000,82.000000,143.51273
18645.000,83.000000,130.54954
18645.000,84.000000,104.75445
18646.000,81.000000,69.828871
18646.000,82.000000,66.904689
18646.000,83.000000,67.780580
18646.000,84.000000,97.192016
18646.000,85.000000,78.613405
18646.000,86.000000,84.288168
18646.000,87.000000,91.998473
18646.000,88.000000,81.640856
18646.000,89.000000,75.308846
18646.000,90.000000,77.312122
18646.000,91.000000,86.907278
18680.000,81.000000,62.138067
18680.000,82.000000,30.997067
18680.000,84.000000,42.396088
18680.000,85.000000,30.440244
18680.000,86.000000,31.787808
18680.000,87.000000,42.025538
18680.000,88.000000,38.869521
18680.000,89.000000,35.943164
18680.000,90.000000,35.182032
18680.000,91.000000,28.694319
18682.000,82.000000,51.440531
18694.000,81.000000,49.444767
18721.000,81.000000,24.112631
18744.000,85.000000,61.677463
18754.000,86.000000,54.025678
18771.000,81.000000,45.927252
18771.000,82.000000,65.361152
18771.000,83.000000,90.306392
18771.000,84.000000,100.02731
18807.000,81.000000,60.987002
18809.000,81.000000,70.082720
18852.000,82.000000,54.712984
19077.000,82.000000,192.99860
19077.000,83.000000,196.67577
19077.000,84.000000,150.47550
19077.000,86.000000,160.42630
19077.000,88.000000,176.63606
19077.000,89.000000,165.95222
19077.000,90.000000,141.52959
19077.000,91.000000,102.11739
