plant          ,year           ,CD-productivity
10912.000,86.000000,28.124013
10912.000,87.000000,27.204714
10912.000,88.000000,34.707041
10912.000,89.000000,34.720649
10912.000,90.000000,41.373401
10912.000,91.000000,32.847032
10915.000,87.000000,28.326160
10915.000,88.000000,18.789485
10915.000,89.000000,18.988323
10915.000,90.000000,19.875065
10915.000,91.000000,22.882193
10926.000,81.000000,17.091041
10926.000,82.000000,16.914746
10926.000,83.000000,12.879579
10926.000,84.000000,18.457801
10926.000,85.000000,16.966613
10926.000,86.000000,17.179575
10926.000,87.000000,18.415438
10926.000,88.000000,18.534670
10926.000,89.000000,20.523181
10926.000,90.000000,15.933547
10926.000,91.000000,18.712486
10927.000,81.000000,28.360879
10927.000,82.000000,23.948423
10927.000,83.000000,19.391409
10927.000,84.000000,18.262427
10927.000,85.000000,23.762654
10927.000,86.000000,32.387190
10927.000,87.000000,37.303901
10927.000,88.000000,31.905934
10927.000,89.000000,31.412188
10927.000,90.000000,27.364988
10927.000,91.000000,24.745596
10928.000,81.000000,31.523739
10928.000,82.000000,29.530529
10928.000,83.000000,27.459311
10928.000,84.000000,26.313916
10928.000,85.000000,31.467710
10928.000,86.000000,33.170870
10929.000,81.000000,24.099018
10929.000,82.000000,30.311836
10929.000,83.000000,32.669961
10929.000,84.000000,25.239760
10929.000,85.000000,20.033436
10929.000,86.000000,23.038826
10929.000,87.000000,20.926030
10929.000,88.000000,23.562538
10929.000,89.000000,25.931541
10929.000,90.000000,43.481969
10929.000,91.000000,28.475274
10930.000,84.000000,29.905134
10930.000,85.000000,32.940276
10930.000,86.000000,31.801518
10930.000,87.000000,32.117814
10930.000,88.000000,26.741594
10930.000,89.000000,28.800582
10930.000,91.000000,27.847894
10931.000,81.000000,26.487489
10931.000,82.000000,19.602904
10931.000,83.000000,15.548033
10931.000,84.000000,18.904496
10931.000,85.000000,17.350010
10931.000,86.000000,18.783401
10931.000,87.000000,16.012728
10931.000,88.000000,17.744696
10931.000,89.000000,17.707365
10931.000,90.000000,18.487120
10932.000,81.000000,28.431730
10932.000,82.000000,30.866162
10932.000,83.000000,37.083025
10932.000,84.000000,25.535457
10932.000,85.000000,25.724554
10932.000,86.000000,23.439767
10932.000,87.000000,26.690180
10932.000,88.000000,21.447086
10933.000,81.000000,23.143667
10933.000,82.000000,19.743977
10933.000,83.000000,16.875719
10933.000,84.000000,20.271891
10933.000,85.000000,17.770257
10933.000,86.000000,18.935031
10933.000,87.000000,23.278226
10933.000,88.000000,22.537461
10933.000,89.000000,21.116158
10933.000,90.000000,19.220965
10933.000,91.000000,20.450816
10934.000,81.000000,24.966522
10934.000,82.000000,22.888174
10934.000,83.000000,22.746907
10934.000,84.000000,22.366066
10934.000,85.000000,26.377877
10934.000,86.000000,28.643892
10934.000,87.000000,26.085430
10934.000,88.000000,24.360167
10934.000,89.000000,27.861341
10934.000,90.000000,31.050036
10934.000,91.000000,33.101294
10935.000,81.000000,32.271988
10935.000,82.000000,24.982126
10935.000,83.000000,29.128205
10935.000,84.000000,25.038491
10935.000,85.000000,25.579563
10935.000,86.000000,31.455866
10935.000,87.000000,30.948884
10935.000,88.000000,25.370155
10935.000,89.000000,18.293214
10935.000,90.000000,21.866770
10935.000,91.000000,45.182230
10936.000,81.000000,34.027963
10936.000,82.000000,32.252364
10936.000,83.000000,32.659158
10936.000,84.000000,25.533814
10936.000,85.000000,24.413447
10936.000,86.000000,18.993284
10936.000,87.000000,20.054041
10936.000,88.000000,18.257011
10936.000,89.000000,22.366588
10936.000,90.000000,28.990297
10937.000,81.000000,17.385049
10937.000,82.000000,19.995358
10937.000,83.000000,18.139081
10937.000,84.000000,15.872560
10937.000,85.000000,16.915070
10937.000,86.000000,12.257203
10937.000,87.000000,12.390109
10937.000,88.000000,12.601173
10937.000,89.000000,14.986183
10937.000,90.000000,15.692778
10937.000,91.000000,15.034601
10938.000,81.000000,35.076334
10938.000,82.000000,27.235272
10938.000,83.000000,20.473698
10938.000,84.000000,25.481081
10938.000,85.000000,22.256315
10938.000,86.000000,24.520110
10938.000,87.000000,18.525349
10938.000,88.000000,12.378402
10939.000,81.000000,23.243942
10939.000,82.000000,21.856193
10939.000,83.000000,23.269207
10939.000,84.000000,20.918927
10939.000,85.000000,18.274986
10939.000,86.000000,20.730950
10939.000,87.000000,14.691154
10939.000,88.000000,18.664197
10939.000,89.000000,16.414980
10939.000,90.000000,19.563776
10939.000,91.000000,20.996564
10940.000,81.000000,22.985575
10940.000,82.000000,23.146124
10940.000,83.000000,23.923335
10940.000,84.000000,26.899909
10940.000,85.000000,31.616795
10940.000,86.000000,28.308528
10940.000,87.000000,25.308298
10940.000,88.000000,24.721456
10940.000,89.000000,24.827267
10940.000,90.000000,22.230995
10940.000,91.000000,22.785487
10941.000,81.000000,21.010437
10941.000,82.000000,17.688925
10941.000,83.000000,17.472068
10941.000,84.000000,17.728958
10941.000,85.000000,18.249978
10941.000,86.000000,19.191690
10941.000,87.000000,22.201612
10941.000,88.000000,26.655061
10941.000,89.000000,36.712950
10941.000,90.000000,35.775013
10941.000,91.000000,42.420184
10942.000,81.000000,12.110618
10942.000,82.000000,17.335429
10942.000,83.000000,31.146741
10942.000,84.000000,16.654314
10942.000,85.000000,13.841882
10943.000,81.000000,28.494834
10943.000,82.000000,28.912133
10943.000,83.000000,31.083287
10943.000,84.000000,33.207451
10943.000,85.000000,34.300803
10943.000,86.000000,36.111669
10943.000,87.000000,36.212421
10943.000,88.000000,31.733399
10943.000,89.000000,31.876605
10943.000,90.000000,42.278612
10943.000,91.000000,33.048383
10944.000,81.000000,36.540064
10944.000,82.000000,34.336857
10944.000,83.000000,31.545168
10944.000,84.000000,28.526031
10944.000,85.000000,26.758479
10944.000,86.000000,25.962948
10944.000,87.000000,28.045942
10944.000,88.000000,26.918547
10944.000,89.000000,25.293074
10944.000,90.000000,25.369504
10944.000,91.000000,25.426949
10945.000,81.000000,33.867419
10946.000,81.000000,20.993991
10946.000,82.000000,20.488586
10946.000,83.000000,19.423947
10946.000,84.000000,21.533328
10946.000,85.000000,21.046254
10946.000,86.000000,21.952450
10946.000,87.000000,19.634008
10946.000,88.000000,20.123196
10946.000,89.000000,19.520224
10946.000,90.000000,19.034166
10946.000,91.000000,19.820604
10947.000,81.000000,46.696907
10947.000,82.000000,33.517156
10947.000,83.000000,36.242978
10947.000,84.000000,34.203815
10947.000,85.000000,49.273157
10947.000,86.000000,39.154104
10947.000,87.000000,56.851262
10947.000,88.000000,48.126545
10947.000,89.000000,31.913165
10947.000,90.000000,25.645995
10947.000,91.000000,28.654373
10948.000,81.000000,22.465214
10948.000,82.000000,16.927855
10948.000,83.000000,20.969051
10948.000,84.000000,23.978366
10948.000,85.000000,31.839952
10948.000,86.000000,36.485155
10948.000,87.000000,58.806438
10948.000,88.000000,55.234826
10948.000,89.000000,69.358126
10949.000,81.000000,27.853338
10949.000,82.000000,26.802326
10949.000,83.000000,28.304476
10949.000,84.000000,26.565230
10949.000,85.000000,22.901694
10949.000,86.000000,22.365446
10949.000,87.000000,24.987051
10949.000,88.000000,23.371536
10949.000,89.000000,18.374696
10949.000,90.000000,27.832235
10949.000,91.000000,28.378955
10950.000,81.000000,27.884402
10950.000,82.000000,34.896368
10950.000,83.000000,26.308798
10950.000,84.000000,34.339098
10950.000,85.000000,26.373047
10950.000,86.000000,28.179191
10950.000,87.000000,24.389859
10950.000,88.000000,22.066357
10950.000,89.000000,22.678856
10950.000,90.000000,22.571535
10950.000,91.000000,23.032824
10951.000,81.000000,31.654458
10951.000,82.000000,26.938843
10951.000,83.000000,29.138858
10951.000,84.000000,22.065182
10951.000,85.000000,24.941417
10951.000,86.000000,18.653785
10951.000,87.000000,24.101484
10951.000,88.000000,20.045248
10951.000,89.000000,27.860753
10951.000,90.000000,17.037613
10951.000,91.000000,21.491992
10952.000,81.000000,29.482391
10952.000,82.000000,32.540925
10952.000,83.000000,29.985635
10952.000,84.000000,28.279442
10952.000,85.000000,24.049881
10952.000,86.000000,19.701137
10952.000,87.000000,21.218976
10952.000,88.000000,22.212913
10952.000,89.000000,25.235012
10952.000,90.000000,17.843847
10952.000,91.000000,17.252631
10953.000,81.000000,17.878659
10953.000,82.000000,17.860931
10953.000,83.000000,17.542852
10953.000,84.000000,17.222662
10953.000,85.000000,17.789285
10953.000,86.000000,15.773609
10953.000,87.000000,18.844072
10954.000,81.000000,19.663597
10954.000,82.000000,17.276947
10954.000,83.000000,20.004823
10954.000,84.000000,16.172803
10954.000,85.000000,18.272930
10954.000,86.000000,20.136835
10954.000,87.000000,20.229413
10954.000,88.000000,22.173058
10954.000,89.000000,21.595648
10954.000,90.000000,21.177923
10954.000,91.000000,21.051195
10955.000,81.000000,20.309239
10955.000,82.000000,21.001107
10955.000,83.000000,19.805621
10955.000,84.000000,19.253535
10955.000,85.000000,30.206881
10955.000,86.000000,14.413369
10955.000,87.000000,13.667365
10955.000,88.000000,12.900481
10955.000,89.000000,15.805637
10955.000,90.000000,14.489487
10955.000,91.000000,15.961457
10956.000,81.000000,13.717898
10956.000,82.000000,26.623408
10956.000,83.000000,22.620337
10956.000,84.000000,27.607889
10956.000,85.000000,27.067789
10956.000,86.000000,22.843504
10956.000,87.000000,22.793736
10956.000,88.000000,25.022650
10957.000,81.000000,33.175830
10957.000,82.000000,32.585054
10957.000,83.000000,31.475530
10957.000,84.000000,28.429978
10957.000,85.000000,32.668734
10957.000,86.000000,24.710210
10957.000,87.000000,29.546803
10957.000,88.000000,27.062928
10957.000,89.000000,31.916004
10957.000,90.000000,40.737060
10957.000,91.000000,45.948120
10958.000,81.000000,22.281717
10958.000,82.000000,24.747535
10958.000,83.000000,26.558761
10958.000,84.000000,19.570776
10958.000,85.000000,20.090053
10958.000,86.000000,18.859409
10958.000,87.000000,16.588682
10958.000,88.000000,20.342273
10958.000,89.000000,17.277670
10958.000,90.000000,22.048271
10958.000,91.000000,23.977753
10959.000,81.000000,20.605691
10959.000,82.000000,33.121094
10959.000,83.000000,27.532391
10959.000,84.000000,32.218179
10959.000,85.000000,33.896144
10959.000,86.000000,31.730584
10959.000,87.000000,34.554189
10959.000,88.000000,30.485837
10959.000,89.000000,26.493185
10959.000,90.000000,27.472217
10959.000,91.000000,28.477087
10960.000,81.000000,22.139031
10960.000,82.000000,29.924718
10960.000,83.000000,35.718639
10960.000,84.000000,24.549899
10960.000,85.000000,21.703834
10960.000,86.000000,22.987127
10960.000,87.000000,20.261681
10960.000,88.000000,21.394915
10960.000,89.000000,18.883968
10960.000,90.000000,22.035342
10960.000,91.000000,17.627869
10961.000,81.000000,15.508377
10961.000,82.000000,21.767583
10961.000,83.000000,15.097105
10961.000,84.000000,17.194133
10961.000,85.000000,16.829096
10961.000,86.000000,15.753684
10961.000,87.000000,15.402112
10961.000,88.000000,16.355919
10961.000,89.000000,16.644925
10961.000,90.000000,14.703854
10961.000,91.000000,15.673514
10962.000,81.000000,35.342179
10962.000,84.000000,12.158093
10962.000,85.000000,15.872162
10962.000,86.000000,15.251010
10962.000,87.000000,15.846115
10962.000,88.000000,10.853405
10962.000,89.000000,7.9724842
10962.000,90.000000,15.008492
10962.000,91.000000,19.013231
10963.000,81.000000,29.810035
10963.000,82.000000,32.077620
10963.000,83.000000,27.291058
10963.000,84.000000,25.961841
10963.000,85.000000,22.767195
10963.000,86.000000,19.853385
10963.000,87.000000,17.927137
10963.000,88.000000,21.080658
10963.000,89.000000,20.342149
10963.000,90.000000,20.769563
10963.000,91.000000,21.669972
10964.000,81.000000,19.526909
10964.000,82.000000,23.038627
10964.000,83.000000,16.529918
10964.000,84.000000,20.037878
10964.000,85.000000,20.904884
10964.000,86.000000,22.382085
10964.000,87.000000,20.202942
10964.000,88.000000,21.891453
10964.000,89.000000,22.663472
10964.000,90.000000,17.776390
10964.000,91.000000,27.122708
12156.000,86.000000,9.8132050
12157.000,88.000000,24.579821
12162.000,81.000000,21.434832
12162.000,82.000000,19.296081
12162.000,83.000000,21.671856
12162.000,91.000000,25.184145
12167.000,87.000000,24.726333
12173.000,88.000000,16.936230
12173.000,89.000000,17.035529
12173.000,90.000000,17.514286
12173.000,91.000000,17.758876
12175.000,81.000000,26.782038
12175.000,82.000000,43.063842
12175.000,83.000000,34.689252
12175.000,84.000000,33.463461
12175.000,85.000000,36.925657
12175.000,86.000000,33.668573
12175.000,87.000000,33.266789
12175.000,88.000000,31.412539
12175.000,89.000000,27.885366
12175.000,90.000000,26.092699
12176.000,81.000000,29.262120
12176.000,82.000000,26.933026
12176.000,83.000000,30.437853
12176.000,84.000000,30.448201
12176.000,85.000000,29.430340
12176.000,86.000000,29.195041
12176.000,87.000000,31.315023
12176.000,88.000000,25.278511
12176.000,89.000000,28.298400
12176.000,90.000000,19.311027
12176.000,91.000000,20.027406
12177.000,81.000000,24.429158
12177.000,82.000000,38.384237
12177.000,83.000000,30.575921
12177.000,84.000000,28.381763
12177.000,85.000000,14.656833
12177.000,86.000000,17.031334
12177.000,87.000000,18.756256
12177.000,88.000000,26.150829
12177.000,89.000000,25.630247
12177.000,90.000000,17.786957
12177.000,91.000000,20.256241
12178.000,81.000000,31.507261
12178.000,82.000000,31.537192
12178.000,83.000000,18.976322
12178.000,84.000000,21.615709
12178.000,85.000000,27.446661
12178.000,86.000000,23.781453
12178.000,87.000000,21.887562
12178.000,88.000000,19.772705
12178.000,89.000000,26.116908
12178.000,90.000000,23.100629
12178.000,91.000000,20.009351
12181.000,81.000000,26.207251
12181.000,82.000000,23.080326
12181.000,83.000000,25.183276
12181.000,84.000000,26.463407
12181.000,85.000000,25.089830
12181.000,86.000000,25.290247
12181.000,87.000000,26.961974
12181.000,88.000000,28.804828
12181.000,89.000000,30.626941
12181.000,90.000000,26.630570
12181.000,91.000000,26.041995
12182.000,81.000000,38.625630
12182.000,82.000000,22.850954
12182.000,83.000000,20.022556
12182.000,84.000000,20.213901
12182.000,85.000000,17.493880
12182.000,86.000000,16.629731
12182.000,87.000000,16.737903
12182.000,88.000000,18.213319
12182.000,89.000000,15.874459
12182.000,90.000000,23.909749
12182.000,91.000000,21.296769
12183.000,81.000000,30.056635
12183.000,82.000000,24.363277
12183.000,83.000000,12.219047
12183.000,84.000000,20.350251
12183.000,85.000000,23.753335
12183.000,86.000000,21.110847
12183.000,87.000000,23.280728
12183.000,88.000000,23.418774
12183.000,89.000000,21.041579
12183.000,90.000000,21.088805
12183.000,91.000000,20.728276
12184.000,81.000000,19.430290
12184.000,82.000000,17.288665
12184.000,83.000000,15.280859
12184.000,84.000000,16.754257
12184.000,85.000000,15.702742
12184.000,86.000000,17.492316
12184.000,87.000000,13.127464
12184.000,88.000000,17.946564
12184.000,89.000000,15.702577
12186.000,81.000000,26.725158
12186.000,82.000000,16.608318
12186.000,83.000000,35.665511
12186.000,84.000000,21.006152
12186.000,85.000000,19.382477
12186.000,86.000000,18.293103
12186.000,87.000000,23.039816
12186.000,88.000000,19.457697
12186.000,89.000000,17.817191
12186.000,90.000000,12.786128
12186.000,91.000000,13.643858
12187.000,81.000000,20.901473
12187.000,82.000000,25.333484
12187.000,83.000000,18.994220
12187.000,84.000000,18.095710
12187.000,85.000000,16.262544
12187.000,86.000000,20.089448
12187.000,87.000000,19.013294
12187.000,88.000000,12.680640
12188.000,81.000000,24.407890
12188.000,82.000000,24.732646
12188.000,83.000000,24.083725
12188.000,84.000000,23.978934
12188.000,85.000000,23.255121
12188.000,86.000000,30.532146
12188.000,87.000000,24.281491
12188.000,88.000000,23.423797
12188.000,89.000000,37.019437
12188.000,90.000000,22.517395
12188.000,91.000000,32.751730
12189.000,81.000000,37.409669
12189.000,82.000000,40.952134
12189.000,83.000000,29.550972
12189.000,84.000000,34.363220
12190.000,81.000000,20.110322
12190.000,82.000000,23.249073
12190.000,83.000000,23.679380
12190.000,84.000000,20.379122
12190.000,85.000000,21.903354
12190.000,86.000000,17.036116
12190.000,87.000000,16.849896
12190.000,88.000000,22.379200
12190.000,89.000000,24.761010
12190.000,90.000000,20.738823
12190.000,91.000000,20.288572
12191.000,81.000000,29.116260
12191.000,83.000000,23.893722
12191.000,84.000000,28.208529
12191.000,85.000000,27.513359
12191.000,86.000000,26.306443
12191.000,87.000000,28.189252
12191.000,88.000000,23.788880
12191.000,89.000000,22.964301
12191.000,90.000000,22.696683
12191.000,91.000000,18.872515
12192.000,81.000000,22.411868
12192.000,82.000000,25.360579
12192.000,83.000000,22.599570
12192.000,84.000000,23.077154
12192.000,85.000000,21.285849
12192.000,86.000000,17.493507
12192.000,87.000000,13.921030
12192.000,88.000000,15.440746
12193.000,81.000000,30.272928
12193.000,82.000000,28.405878
12193.000,83.000000,28.203294
12193.000,84.000000,26.538382
12193.000,85.000000,22.283796
12193.000,86.000000,28.054931
12193.000,87.000000,19.411543
12193.000,88.000000,19.233541
12193.000,89.000000,20.941528
12193.000,90.000000,19.061838
12193.000,91.000000,25.289975
12194.000,81.000000,29.393297
12194.000,82.000000,31.441760
12194.000,83.000000,27.422336
12194.000,84.000000,28.646152
12194.000,85.000000,30.543298
12194.000,86.000000,30.601098
12194.000,87.000000,29.849600
12194.000,88.000000,27.074422
12194.000,89.000000,36.755289
12194.000,90.000000,32.808655
12194.000,91.000000,31.060232
12195.000,81.000000,27.842061
12195.000,82.000000,34.798811
12195.000,83.000000,30.655684
12195.000,84.000000,26.801032
12195.000,85.000000,24.630822
12195.000,86.000000,26.153579
12195.000,87.000000,28.916587
12195.000,88.000000,34.744841
12195.000,89.000000,25.077057
12195.000,90.000000,24.002668
12195.000,91.000000,25.649528
12196.000,81.000000,42.823299
12196.000,82.000000,26.304729
12196.000,83.000000,23.247373
12196.000,84.000000,25.085378
12196.000,85.000000,21.448177
12196.000,86.000000,19.458470
12196.000,87.000000,19.075140
12197.000,81.000000,27.713077
12197.000,82.000000,21.429368
12197.000,83.000000,21.557843
12197.000,84.000000,23.223812
12197.000,85.000000,23.036421
12197.000,86.000000,22.179537
12197.000,87.000000,24.616626
12197.000,88.000000,24.532544
12197.000,89.000000,27.612724
12197.000,90.000000,23.866340
12197.000,91.000000,26.134125
12198.000,81.000000,22.682533
12198.000,82.000000,21.867935
12198.000,83.000000,20.146946
12198.000,84.000000,12.289241
12198.000,85.000000,14.469825
12198.000,86.000000,13.139416
12199.000,81.000000,24.913899
12199.000,82.000000,33.231709
12199.000,83.000000,21.471510
12199.000,84.000000,18.797218
12199.000,85.000000,20.126969
12199.000,86.000000,19.496190
12199.000,87.000000,19.884112
12199.000,88.000000,20.351669
12199.000,89.000000,16.379309
12199.000,90.000000,20.690502
12199.000,91.000000,10.069463
12200.000,81.000000,20.611829
12200.000,82.000000,20.392529
12200.000,83.000000,20.525060
12200.000,84.000000,20.249397
12200.000,85.000000,19.817895
12200.000,86.000000,17.598089
12201.000,81.000000,42.982077
12201.000,82.000000,43.841432
12201.000,83.000000,33.381936
12201.000,84.000000,36.810853
12201.000,85.000000,37.739634
12201.000,86.000000,33.298715
12201.000,87.000000,36.166605
12201.000,88.000000,26.314580
12201.000,89.000000,26.560184
12201.000,90.000000,26.711079
12201.000,91.000000,26.380084
12202.000,81.000000,36.667333
12202.000,82.000000,41.777377
12202.000,83.000000,40.255689
12202.000,84.000000,35.630707
12202.000,85.000000,34.661272
12202.000,86.000000,33.144910
12202.000,87.000000,37.552657
12202.000,88.000000,38.546897
12202.000,89.000000,30.905713
12202.000,90.000000,23.858469
12202.000,91.000000,21.746769
12203.000,81.000000,38.245244
12203.000,82.000000,37.484637
12203.000,83.000000,44.194004
12203.000,84.000000,37.076884
12203.000,85.000000,39.853314
12204.000,81.000000,19.679618
12204.000,82.000000,20.596256
12204.000,83.000000,17.366703
12204.000,84.000000,21.033056
12204.000,85.000000,22.691873
12205.000,81.000000,18.693196
12205.000,82.000000,19.075901
12205.000,83.000000,18.156686
12205.000,84.000000,13.635403
12205.000,85.000000,15.013451
12206.000,81.000000,24.480116
12206.000,82.000000,25.167272
12206.000,83.000000,22.589068
12206.000,84.000000,22.623012
12206.000,85.000000,23.539081
12206.000,86.000000,23.004038
12206.000,87.000000,23.310079
12206.000,88.000000,24.493150
12206.000,89.000000,21.394379
12206.000,90.000000,23.368621
12206.000,91.000000,29.880750
12207.000,81.000000,35.836898
12207.000,82.000000,32.458423
12207.000,83.000000,31.867146
12207.000,84.000000,31.936495
12207.000,85.000000,33.872894
12207.000,86.000000,35.312466
12207.000,87.000000,35.099420
12207.000,88.000000,36.633891
12207.000,89.000000,31.866478
12207.000,90.000000,33.003555
12207.000,91.000000,32.118500
12208.000,81.000000,88.516133
12208.000,82.000000,44.656617
12208.000,83.000000,37.954954
12208.000,84.000000,28.726421
12208.000,85.000000,26.173546
12208.000,86.000000,30.113235
12208.000,87.000000,27.097467
12208.000,88.000000,30.869163
12208.000,89.000000,32.753003
12208.000,90.000000,33.273732
12208.000,91.000000,34.260324
12209.000,81.000000,24.695480
12209.000,82.000000,22.476584
12209.000,83.000000,22.452371
12209.000,85.000000,15.016355
12209.000,86.000000,16.634367
12209.000,87.000000,14.254633
12209.000,88.000000,18.654349
12209.000,89.000000,17.534092
12209.000,90.000000,18.774575
12209.000,91.000000,19.094293
12210.000,81.000000,32.406826
12210.000,82.000000,30.259653
12210.000,83.000000,26.913068
12210.000,84.000000,21.206034
12210.000,85.000000,17.049751
12211.000,81.000000,29.355927
12211.000,82.000000,22.796260
12211.000,83.000000,22.218751
12211.000,84.000000,22.318078
12211.000,85.000000,23.594751
12211.000,86.000000,24.205381
12211.000,87.000000,25.080017
12211.000,88.000000,32.058606
12211.000,89.000000,26.440559
12211.000,90.000000,28.088273
12211.000,91.000000,19.232092
12213.000,81.000000,27.354526
12213.000,82.000000,25.930555
12213.000,83.000000,21.212764
12213.000,84.000000,19.097449
12213.000,85.000000,15.903876
12213.000,86.000000,11.903292
12214.000,81.000000,30.825656
12214.000,82.000000,20.871656
12214.000,83.000000,18.941472
12214.000,84.000000,18.135708
12214.000,85.000000,17.552666
12214.000,86.000000,22.403827
12214.000,87.000000,20.422005
12214.000,88.000000,18.789155
12214.000,89.000000,19.936651
12214.000,90.000000,20.186151
12214.000,91.000000,20.703246
12215.000,81.000000,30.244749
12215.000,82.000000,21.831447
12215.000,83.000000,22.348899
12215.000,84.000000,19.651219
12215.000,85.000000,17.603904
12215.000,86.000000,18.057497
12215.000,87.000000,23.305844
12215.000,88.000000,20.251809
12215.000,89.000000,25.654411
12215.000,90.000000,26.045161
12215.000,91.000000,26.393583
12216.000,81.000000,29.863919
12216.000,82.000000,30.644705
12216.000,83.000000,17.887001
12216.000,84.000000,16.147137
12216.000,85.000000,12.293250
12216.000,86.000000,12.865690
12216.000,87.000000,14.792534
12216.000,88.000000,17.688497
12216.000,89.000000,16.369663
12216.000,90.000000,9.0839773
12217.000,81.000000,32.690944
12217.000,82.000000,33.299872
12217.000,83.000000,32.895553
12217.000,84.000000,37.272936
12217.000,85.000000,35.620233
12217.000,86.000000,30.884331
12217.000,87.000000,28.088051
12217.000,88.000000,36.200946
12217.000,89.000000,27.342471
12217.000,90.000000,27.203682
12217.000,91.000000,32.518234
12218.000,81.000000,20.208669
12218.000,82.000000,24.596930
12218.000,83.000000,19.282155
12218.000,84.000000,17.483229
12218.000,85.000000,19.420200
12218.000,86.000000,21.952198
12218.000,87.000000,20.363094
12218.000,88.000000,23.429575
12218.000,89.000000,19.004888
12218.000,90.000000,19.212407
12218.000,91.000000,19.768942
12219.000,81.000000,26.128267
12219.000,82.000000,13.980348
12219.000,83.000000,14.338958
12219.000,84.000000,11.295248
12219.000,85.000000,11.107623
12219.000,86.000000,16.783621
12220.000,81.000000,25.340828
12220.000,82.000000,19.008955
12220.000,83.000000,23.007235
12220.000,84.000000,16.542978
12220.000,85.000000,19.809750
12220.000,86.000000,14.829912
12220.000,87.000000,14.684472
12220.000,88.000000,19.483393
12220.000,89.000000,18.132293
12220.000,90.000000,18.345186
12220.000,91.000000,18.559227
12221.000,81.000000,21.078328
12221.000,82.000000,22.627094
12221.000,83.000000,21.784581
12221.000,84.000000,22.272255
12221.000,85.000000,25.193384
12221.000,86.000000,22.945084
12221.000,87.000000,25.606745
12221.000,88.000000,23.970829
12221.000,89.000000,26.153217
12221.000,90.000000,26.026989
12221.000,91.000000,20.856952
12222.000,81.000000,38.100359
12222.000,82.000000,19.493769
12222.000,83.000000,20.067168
12222.000,84.000000,20.942959
12222.000,85.000000,20.730130
12222.000,86.000000,19.254954
12222.000,87.000000,19.077045
12222.000,88.000000,20.840943
12222.000,89.000000,19.693479
12222.000,90.000000,16.927465
12222.000,91.000000,19.400200
12223.000,81.000000,41.279115
12223.000,82.000000,25.328941
12223.000,83.000000,23.446912
12223.000,84.000000,23.728340
12223.000,85.000000,43.157681
12223.000,86.000000,27.330233
12223.000,87.000000,23.396712
12223.000,88.000000,28.706668
12223.000,89.000000,38.372430
12223.000,90.000000,19.712244
12223.000,91.000000,19.109110
12224.000,81.000000,19.190253
12224.000,82.000000,17.442048
12224.000,83.000000,17.473586
12224.000,84.000000,15.011821
12224.000,85.000000,16.467957
12224.000,87.000000,22.890909
12224.000,88.000000,23.242066
12224.000,89.000000,24.074626
12224.000,90.000000,24.923977
12224.000,91.000000,21.650737
12225.000,81.000000,18.428699
12225.000,82.000000,18.704443
12225.000,83.000000,22.493201
12225.000,84.000000,30.029759
12225.000,85.000000,29.717522
12225.000,86.000000,20.260452
12225.000,87.000000,27.684035
12225.000,88.000000,22.706979
12225.000,89.000000,20.411498
12225.000,90.000000,18.704268
12225.000,91.000000,20.784722
12226.000,81.000000,25.212639
12226.000,82.000000,21.398232
12226.000,83.000000,19.798382
12226.000,84.000000,22.711436
12226.000,85.000000,21.793069
12226.000,86.000000,19.530343
12226.000,87.000000,19.294950
12226.000,88.000000,20.082842
12226.000,89.000000,18.002094
12226.000,90.000000,21.751601
12226.000,91.000000,19.715428
12227.000,81.000000,21.105307
12227.000,82.000000,21.150559
12227.000,83.000000,19.879224
12227.000,84.000000,21.484025
12227.000,85.000000,20.960674
12227.000,86.000000,21.760925
12227.000,87.000000,16.674647
12227.000,88.000000,18.914217
12227.000,89.000000,21.842848
12227.000,90.000000,21.587272
12227.000,91.000000,18.241335
12228.000,81.000000,24.555121
12228.000,82.000000,20.393222
12228.000,83.000000,19.733200
12228.000,84.000000,18.909949
12228.000,85.000000,16.194299
12228.000,86.000000,16.128126
12228.000,87.000000,17.779963
12228.000,88.000000,16.752447
12228.000,89.000000,14.683516
12228.000,90.000000,16.282810
12228.000,91.000000,15.384998
12229.000,81.000000,30.528348
12229.000,82.000000,26.948149
12229.000,83.000000,26.206745
12229.000,84.000000,28.899424
12229.000,85.000000,29.689882
12229.000,86.000000,30.508164
12229.000,87.000000,28.727159
12229.000,88.000000,27.318286
12229.000,89.000000,29.234143
12229.000,90.000000,37.472684
12229.000,91.000000,37.047950
12230.000,81.000000,13.776479
12230.000,82.000000,15.885666
12230.000,83.000000,14.744800
12230.000,84.000000,13.121055
12230.000,85.000000,12.334336
12230.000,86.000000,23.326017
12230.000,87.000000,28.274080
12230.000,88.000000,15.280957
12230.000,89.000000,19.799474
12230.000,90.000000,17.717858
12230.000,91.000000,18.604983
12231.000,81.000000,19.244820
12231.000,82.000000,14.222371
12231.000,83.000000,18.640484
12231.000,84.000000,16.162539
12231.000,85.000000,15.227600
12231.000,86.000000,14.699838
12231.000,87.000000,19.058617
12231.000,88.000000,17.239700
12231.000,89.000000,22.899039
12231.000,90.000000,24.439735
12231.000,91.000000,24.721730
12232.000,81.000000,37.826821
12232.000,82.000000,26.626956
12232.000,83.000000,28.677713
12232.000,84.000000,26.064259
12232.000,85.000000,26.120033
12232.000,86.000000,27.709009
12232.000,87.000000,27.217603
12232.000,88.000000,29.595428
12232.000,89.000000,27.048287
12232.000,90.000000,26.739914
12232.000,91.000000,30.891633
12233.000,81.000000,36.927223
12233.000,82.000000,21.404354
12233.000,83.000000,17.333071
12233.000,84.000000,20.301037
12233.000,85.000000,19.760792
12234.000,81.000000,15.976027
12234.000,82.000000,15.183143
12234.000,83.000000,16.364662
12234.000,84.000000,17.205971
12234.000,85.000000,20.330771
12235.000,81.000000,30.750309
12235.000,82.000000,28.110167
12235.000,83.000000,28.155094
12235.000,84.000000,32.122805
12235.000,85.000000,29.014558
12235.000,86.000000,28.687805
12235.000,87.000000,26.424417
12235.000,88.000000,28.663330
12235.000,89.000000,27.425811
12235.000,90.000000,25.967310
12236.000,81.000000,23.504784
12236.000,82.000000,23.759153
12236.000,83.000000,18.681445
12236.000,84.000000,21.496289
12236.000,85.000000,27.329496
12236.000,86.000000,23.838495
12236.000,87.000000,21.742384
12236.000,88.000000,16.933107
12236.000,89.000000,20.820546
12236.000,90.000000,18.055176
12236.000,91.000000,17.108194
12237.000,81.000000,27.984209
12237.000,82.000000,24.602376
12237.000,83.000000,23.739703
12237.000,84.000000,19.696637
12237.000,85.000000,17.677614
12237.000,86.000000,21.117953
12237.000,87.000000,20.125360
12237.000,88.000000,22.148711
12237.000,89.000000,20.541450
12237.000,90.000000,21.419649
12237.000,91.000000,20.976746
12238.000,81.000000,20.841025
12238.000,82.000000,24.530934
12238.000,83.000000,20.620911
12238.000,84.000000,23.125404
12238.000,85.000000,20.132553
12238.000,86.000000,16.949046
12238.000,87.000000,23.716849
12238.000,88.000000,24.302111
12238.000,89.000000,26.273342
12238.000,90.000000,29.896005
12239.000,81.000000,22.689813
12239.000,82.000000,22.287457
12239.000,83.000000,20.032941
12239.000,84.000000,21.270215
12239.000,85.000000,25.873993
12239.000,86.000000,23.994574
12239.000,87.000000,22.062984
12239.000,88.000000,18.869314
12239.000,89.000000,30.887956
12239.000,90.000000,19.492015
12239.000,91.000000,20.333637
12240.000,81.000000,19.636209
12240.000,82.000000,19.240481
12240.000,83.000000,20.238210
12240.000,84.000000,23.821842
12240.000,85.000000,27.136594
12241.000,81.000000,25.137984
12241.000,82.000000,18.085964
12241.000,83.000000,16.437011
12241.000,84.000000,19.331124
12241.000,85.000000,16.729245
12241.000,86.000000,16.297695
12241.000,87.000000,17.337633
12241.000,88.000000,14.757384
12241.000,89.000000,16.933338
12241.000,90.000000,17.913750
12241.000,91.000000,16.248310
12242.000,81.000000,25.811298
12242.000,82.000000,23.672381
12242.000,83.000000,25.033826
12242.000,84.000000,34.490514
12242.000,85.000000,32.614163
12242.000,86.000000,33.250990
12242.000,87.000000,34.395095
12242.000,88.000000,36.414100
12242.000,89.000000,31.158490
12242.000,90.000000,32.069362
12242.000,91.000000,27.079538
12243.000,81.000000,22.033789
12243.000,82.000000,18.927421
12243.000,83.000000,24.807432
12243.000,84.000000,19.869805
12243.000,85.000000,17.833444
12243.000,86.000000,24.089419
12243.000,87.000000,32.191736
12243.000,88.000000,30.082218
12244.000,81.000000,18.010240
12244.000,82.000000,16.340848
12244.000,83.000000,16.338766
12244.000,84.000000,15.524769
12244.000,85.000000,14.931212
12244.000,86.000000,14.600235
12244.000,87.000000,13.357978
12244.000,88.000000,16.863298
12244.000,89.000000,17.506763
12244.000,90.000000,17.537320
12244.000,91.000000,20.004469
12245.000,81.000000,17.642653
12245.000,82.000000,23.567367
12245.000,83.000000,21.752960
12245.000,84.000000,23.978343
12245.000,85.000000,22.345940
12246.000,81.000000,16.904332
12246.000,82.000000,18.897273
12246.000,83.000000,15.109328
12246.000,84.000000,17.798504
12246.000,85.000000,18.446748
12246.000,86.000000,18.189659
12246.000,87.000000,15.914696
12246.000,88.000000,16.627185
12246.000,89.000000,16.770802
12246.000,90.000000,19.912515
12246.000,91.000000,21.309192
12247.000,81.000000,26.351825
12247.000,82.000000,24.261982
12247.000,83.000000,26.065577
12247.000,84.000000,22.842812
12247.000,85.000000,23.093428
12247.000,86.000000,25.132226
12247.000,87.000000,24.110657
12247.000,88.000000,23.101808
12247.000,89.000000,17.880946
12247.000,90.000000,21.780832
12247.000,91.000000,23.504152
12249.000,81.000000,28.144404
12249.000,82.000000,11.841117
12249.000,83.000000,13.381741
12249.000,84.000000,9.6287133
12249.000,85.000000,14.015249
12249.000,86.000000,12.542553
12249.000,87.000000,12.574731
12249.000,88.000000,12.905076
12249.000,89.000000,13.269420
12249.000,90.000000,11.832277
12249.000,91.000000,9.5721827
12250.000,81.000000,102.13167
12250.000,82.000000,57.325154
12250.000,83.000000,47.780328
12250.000,84.000000,70.302620
12250.000,85.000000,55.845645
12252.000,81.000000,29.425482
12252.000,82.000000,26.667602
12252.000,83.000000,24.810235
12252.000,84.000000,27.490699
12252.000,85.000000,29.590887
12252.000,86.000000,24.807287
12252.000,87.000000,26.525047
12252.000,88.000000,24.864565
12252.000,89.000000,24.641802
12252.000,90.000000,25.362321
12252.000,91.000000,25.124850
12255.000,81.000000,18.411714
12255.000,82.000000,20.986563
12255.000,83.000000,16.512853
12255.000,84.000000,16.752024
12255.000,85.000000,16.092592
12255.000,86.000000,13.842422
12255.000,87.000000,13.805625
12255.000,88.000000,13.604483
12255.000,89.000000,15.648333
12255.000,90.000000,14.168416
12255.000,91.000000,15.194595
12256.000,81.000000,31.820662
12256.000,82.000000,21.530876
12256.000,83.000000,20.303550
12256.000,84.000000,22.469281
12256.000,85.000000,21.113948
12256.000,86.000000,24.926713
12256.000,87.000000,25.062718
12256.000,88.000000,23.798825
12256.000,89.000000,23.314025
12256.000,90.000000,23.993534
12256.000,91.000000,22.921613
12257.000,81.000000,27.307298
12257.000,82.000000,25.908923
12257.000,83.000000,27.139676
12258.000,81.000000,27.208706
12258.000,82.000000,25.444192
12258.000,83.000000,24.583729
12258.000,84.000000,20.866628
12258.000,85.000000,19.285783
12258.000,86.000000,20.504305
12258.000,87.000000,20.964485
12259.000,81.000000,17.126287
12259.000,82.000000,19.312421
12259.000,83.000000,22.165028
12259.000,84.000000,21.606929
12259.000,85.000000,18.352569
12259.000,86.000000,19.454600
12259.000,87.000000,19.266893
12259.000,88.000000,18.945256
12259.000,89.000000,16.826989
12259.000,90.000000,17.242093
12259.000,91.000000,22.099674
12262.000,81.000000,13.755473
12262.000,82.000000,14.220220
12262.000,83.000000,14.719972
12262.000,84.000000,12.876713
12262.000,85.000000,9.2431342
12306.000,81.000000,31.189534
12306.000,82.000000,36.733439
12306.000,83.000000,40.044281
12512.000,81.000000,22.254655
12512.000,82.000000,21.850474
12512.000,83.000000,24.089743
12512.000,84.000000,86.339222
12512.000,85.000000,29.347900
12512.000,86.000000,28.631812
12512.000,87.000000,26.212733
12512.000,88.000000,33.416091
12512.000,89.000000,46.327297
12512.000,90.000000,40.697009
12512.000,91.000000,48.030526
12577.000,81.000000,30.839519
12577.000,82.000000,26.045494
12577.000,83.000000,29.215484
12577.000,84.000000,33.328889
12577.000,85.000000,24.803908
12577.000,86.000000,20.606572
12577.000,87.000000,19.116052
12577.000,88.000000,19.145475
12577.000,89.000000,18.724783
12577.000,90.000000,18.008749
12577.000,91.000000,20.115166
12579.000,81.000000,21.220085
12579.000,82.000000,19.429303
12579.000,83.000000,21.176791
12579.000,84.000000,22.685138
12579.000,85.000000,20.123577
12579.000,86.000000,18.369492
12579.000,88.000000,13.836811
12633.000,81.000000,8.8249606
12633.000,82.000000,10.611318
12633.000,83.000000,8.9608583
12633.000,84.000000,15.151140
12633.000,85.000000,16.523996
12634.000,81.000000,42.861476
12634.000,82.000000,42.458713
12634.000,83.000000,57.738326
12634.000,84.000000,46.564630
12634.000,85.000000,10.966622
12634.000,86.000000,14.219409
12634.000,87.000000,11.331992
12634.000,88.000000,18.239347
12634.000,89.000000,13.967854
12634.000,90.000000,14.237683
12634.000,91.000000,14.269315
12635.000,81.000000,18.210779
12635.000,82.000000,14.152077
12635.000,83.000000,14.036226
12635.000,84.000000,16.113425
12635.000,85.000000,16.467747
12636.000,81.000000,30.088804
12636.000,82.000000,37.540005
12636.000,83.000000,26.541562
12636.000,84.000000,21.532143
12636.000,85.000000,25.026671
12636.000,86.000000,27.484395
12636.000,87.000000,24.662800
12636.000,88.000000,26.951473
12636.000,89.000000,19.310927
12636.000,90.000000,24.211920
12636.000,91.000000,33.920142
12673.000,81.000000,26.987862
12673.000,82.000000,22.593468
12673.000,83.000000,18.009597
12673.000,85.000000,24.246969
12673.000,88.000000,29.444189
12673.000,89.000000,27.833039
12673.000,90.000000,28.173747
12673.000,91.000000,33.719983
12710.000,81.000000,77.651521
12710.000,82.000000,88.757417
12745.000,82.000000,41.284411
12745.000,83.000000,42.741430
12745.000,84.000000,52.508363
12745.000,86.000000,56.398236
12745.000,87.000000,45.110366
12745.000,88.000000,48.450339
12745.000,89.000000,46.680464
12745.000,90.000000,39.405388
12752.000,85.000000,23.891340
12752.000,91.000000,23.719174
12755.000,81.000000,77.842028
12755.000,82.000000,50.936569
12755.000,83.000000,45.559270
12755.000,84.000000,42.743566
12755.000,86.000000,49.122234
12755.000,87.000000,40.699832
12755.000,88.000000,47.756189
12755.000,89.000000,50.554323
12755.000,90.000000,54.297402
12755.000,91.000000,61.062793
12781.000,81.000000,27.908812
12781.000,82.000000,34.204387
12781.000,83.000000,35.843805
12781.000,85.000000,24.573868
12781.000,86.000000,32.481779
12781.000,87.000000,46.766690
12781.000,88.000000,53.038212
12781.000,89.000000,43.410350
12781.000,90.000000,45.465888
12821.000,81.000000,23.624159
12821.000,82.000000,29.321117
12821.000,83.000000,27.601162
12821.000,84.000000,27.623104
12835.000,81.000000,48.794516
12835.000,82.000000,27.383821
12835.000,83.000000,28.048952
12835.000,84.000000,26.417251
12853.000,81.000000,17.601246
12853.000,82.000000,15.961459
12853.000,83.000000,15.709576
12853.000,84.000000,19.102188
12859.000,81.000000,37.766615
12859.000,82.000000,13.421484
12859.000,83.000000,12.800884
12859.000,84.000000,12.268592
12861.000,81.000000,14.228170
12861.000,82.000000,14.287739
12861.000,83.000000,13.552151
12861.000,84.000000,12.984457
12865.000,81.000000,26.741011
12865.000,82.000000,39.725081
12865.000,83.000000,28.817123
12865.000,84.000000,26.628754
12869.000,81.000000,17.058263
12869.000,82.000000,20.429434
12869.000,83.000000,28.813504
12869.000,84.000000,16.987305
12870.000,81.000000,21.160058
12870.000,82.000000,23.584883
12870.000,83.000000,18.718462
12870.000,84.000000,21.868873
12877.000,81.000000,28.265332
12877.000,82.000000,22.613584
12877.000,83.000000,25.725872
12877.000,84.000000,25.907215
12898.000,81.000000,26.784440
12898.000,82.000000,24.721479
12898.000,83.000000,23.854769
12898.000,84.000000,27.285450
12989.000,81.000000,19.341612
12989.000,82.000000,22.064212
12989.000,83.000000,22.794593
12989.000,84.000000,22.905429
13009.000,81.000000,28.621501
13009.000,82.000000,20.708490
13009.000,83.000000,27.503876
13009.000,84.000000,26.076770
13014.000,84.000000,13.786104
13031.000,81.000000,49.513334
13031.000,82.000000,32.065614
13031.000,83.000000,27.408001
13039.000,83.000000,17.830571
13063.000,81.000000,51.858418
13063.000,82.000000,71.917786
13063.000,83.000000,69.770399
13090.000,81.000000,29.444318
13090.000,82.000000,30.222951
13090.000,83.000000,31.434790
13119.000,81.000000,22.776209
13119.000,82.000000,25.121912
13119.000,83.000000,23.091406
13159.000,81.000000,33.503698
13159.000,82.000000,31.700377
13159.000,83.000000,27.661263
13166.000,81.000000,28.637934
13166.000,82.000000,27.379121
13166.000,83.000000,21.398663
13189.000,81.000000,18.292880
13189.000,82.000000,21.674462
13191.000,81.000000,21.755937
13191.000,82.000000,17.797693
13191.000,83.000000,23.781727
13191.000,84.000000,17.467426
13191.000,85.000000,15.391207
13194.000,81.000000,17.351772
13194.000,82.000000,18.004392
13194.000,83.000000,16.095843
13201.000,81.000000,27.453886
13201.000,82.000000,25.515506
13201.000,83.000000,16.545132
13278.000,81.000000,29.157473
13278.000,82.000000,20.556052
13278.000,83.000000,18.464007
13318.000,81.000000,33.604034
13318.000,82.000000,34.422027
13331.000,81.000000,19.352466
13331.000,82.000000,19.161360
13337.000,81.000000,26.328813
13337.000,82.000000,21.909265
13338.000,81.000000,21.644224
13338.000,82.000000,21.689501
13348.000,81.000000,23.084914
13348.000,82.000000,17.451151
13349.000,81.000000,22.415311
13349.000,82.000000,25.670754
13354.000,81.000000,27.707818
13354.000,82.000000,20.901980
13355.000,81.000000,43.730011
13355.000,82.000000,38.177129
13360.000,81.000000,26.041137
13360.000,82.000000,27.152055
13362.000,81.000000,47.258185
13362.000,82.000000,43.738434
13375.000,81.000000,30.344173
13375.000,82.000000,28.184489
13376.000,81.000000,28.962550
13376.000,82.000000,18.642649
13377.000,81.000000,32.838951
13377.000,82.000000,36.184106
13385.000,81.000000,23.780012
13385.000,82.000000,24.808676
13397.000,81.000000,40.666723
13397.000,82.000000,42.184502
13408.000,81.000000,18.336821
13408.000,82.000000,13.443442
13430.000,81.000000,28.051824
13430.000,82.000000,23.291750
13431.000,81.000000,20.720819
13431.000,82.000000,21.245439
13436.000,81.000000,22.574890
13436.000,82.000000,16.023164
13444.000,81.000000,12.440389
13444.000,82.000000,14.702794
13457.000,81.000000,16.144342
13457.000,82.000000,16.624011
13463.000,81.000000,37.427264
13463.000,82.000000,32.959187
13473.000,81.000000,29.774157
13473.000,82.000000,28.668775
13487.000,81.000000,21.361738
13487.000,82.000000,21.583156
13503.000,81.000000,19.015109
13503.000,82.000000,22.203632
13504.000,81.000000,27.117150
13504.000,82.000000,30.757694
13516.000,81.000000,25.382980
13516.000,82.000000,24.149607
13534.000,81.000000,20.750147
13534.000,82.000000,20.844902
13610.000,81.000000,32.227614
13610.000,82.000000,40.845627
13613.000,81.000000,19.232529
13613.000,82.000000,12.689289
13659.000,81.000000,19.329595
13659.000,82.000000,46.976200
13659.000,83.000000,25.077173
13659.000,84.000000,22.137673
13659.000,85.000000,20.563570
13659.000,86.000000,21.106677
13659.000,87.000000,20.219839
13659.000,88.000000,19.634375
13659.000,89.000000,21.567839
13659.000,90.000000,21.515370
13659.000,91.000000,25.204449
13662.000,81.000000,65.346069
13662.000,82.000000,68.676156
13680.000,81.000000,22.996145
13680.000,82.000000,19.671621
13708.000,81.000000,15.997020
13708.000,82.000000,19.798677
13710.000,82.000000,18.914653
13730.000,81.000000,17.055054
13730.000,82.000000,23.044801
13810.000,81.000000,28.843023
13810.000,82.000000,26.260523
13834.000,81.000000,28.102940
13834.000,82.000000,24.695948
13836.000,81.000000,26.222892
13836.000,82.000000,26.404042
13853.000,81.000000,80.211978
13853.000,82.000000,31.682364
13865.000,81.000000,23.731924
13865.000,82.000000,30.391999
13886.000,81.000000,34.827622
13886.000,82.000000,39.871873
13892.000,81.000000,35.083379
13892.000,82.000000,33.487049
13896.000,81.000000,18.585002
13904.000,81.000000,12.998145
13904.000,82.000000,12.813034
13909.000,81.000000,16.847600
13909.000,82.000000,12.869800
13917.000,81.000000,30.869629
13917.000,82.000000,31.699745
13919.000,81.000000,22.268801
13919.000,82.000000,22.468826
13950.000,81.000000,19.073090
13950.000,82.000000,17.661213
13952.000,81.000000,14.889648
13952.000,82.000000,14.523507
13955.000,81.000000,25.950018
13955.000,82.000000,35.847629
13989.000,81.000000,18.970970
13989.000,82.000000,24.925280
13996.000,81.000000,17.111770
13996.000,82.000000,19.074981
14061.000,81.000000,24.213510
14061.000,82.000000,25.163858
14068.000,81.000000,29.241921
14068.000,82.000000,25.999798
14090.000,81.000000,20.225178
14090.000,82.000000,16.114075
14143.000,81.000000,16.680889
14143.000,82.000000,8.3458509
14143.000,83.000000,12.645421
14169.000,81.000000,20.022386
14169.000,82.000000,14.549112
14174.000,81.000000,29.050562
14283.000,81.000000,15.846507
14315.000,81.000000,17.161510
14349.000,81.000000,14.573631
14362.000,81.000000,18.343013
14364.000,81.000000,20.187826
14481.000,81.000000,11.168400
14481.000,82.000000,13.265466
14481.000,83.000000,26.350823
14481.000,84.000000,25.910538
14481.000,85.000000,23.891477
14481.000,86.000000,26.818905
14481.000,87.000000,23.326002
14481.000,88.000000,23.016667
14481.000,89.000000,16.772056
14481.000,90.000000,28.529427
14481.000,91.000000,20.916676
14527.000,81.000000,29.314295
14527.000,82.000000,23.682404
14527.000,83.000000,22.953541
14527.000,84.000000,25.773633
14527.000,85.000000,34.864382
14527.000,86.000000,25.934046
14527.000,87.000000,23.969029
14527.000,88.000000,24.554103
14527.000,89.000000,24.860598
14527.000,90.000000,26.165144
14549.000,81.000000,29.014196
14549.000,82.000000,27.916854
14549.000,83.000000,24.231716
14884.000,81.000000,26.796584
14884.000,82.000000,20.208082
14885.000,81.000000,32.672732
14885.000,82.000000,27.206396
14885.000,83.000000,17.102052
14885.000,84.000000,21.358760
14885.000,85.000000,17.696303
14885.000,86.000000,13.561381
14898.000,81.000000,37.589890
14898.000,82.000000,34.772048
14921.000,81.000000,23.672693
14921.000,82.000000,26.318821
14921.000,83.000000,26.000162
14921.000,84.000000,26.734628
14921.000,85.000000,25.409189
14921.000,86.000000,24.924928
14921.000,87.000000,23.718664
14921.000,88.000000,24.057020
14921.000,89.000000,23.938988
14921.000,90.000000,25.473580
14921.000,91.000000,26.599527
14937.000,81.000000,19.881856
14937.000,82.000000,19.161260
14937.000,83.000000,23.787375
14937.000,84.000000,20.536444
14937.000,85.000000,17.971955
14937.000,86.000000,10.634821
14937.000,87.000000,14.359648
14937.000,88.000000,13.317551
14937.000,89.000000,16.688104
14937.000,90.000000,12.888046
14937.000,91.000000,14.251524
15061.000,81.000000,25.654562
15061.000,82.000000,22.598599
15061.000,83.000000,16.969877
15061.000,84.000000,25.549981
15097.000,81.000000,33.302418
15097.000,82.000000,41.595872
15177.000,81.000000,23.161905
15234.000,81.000000,26.899713
15234.000,82.000000,26.512182
15355.000,81.000000,14.503960
15355.000,82.000000,15.876056
15355.000,83.000000,18.716932
15355.000,84.000000,16.521652
15355.000,85.000000,17.204401
15355.000,86.000000,16.718553
15355.000,87.000000,18.907598
15355.000,88.000000,18.534581
15355.000,89.000000,21.206017
15409.000,81.000000,28.640073
15409.000,82.000000,26.339705
15409.000,83.000000,23.929899
15682.000,81.000000,25.763858
15682.000,82.000000,25.121003
15682.000,83.000000,24.992773
15682.000,84.000000,28.483817
15682.000,85.000000,20.596020
15682.000,86.000000,17.668889
15682.000,87.000000,17.432000
15682.000,88.000000,18.645544
15682.000,89.000000,26.073817
15682.000,90.000000,22.931205
15682.000,91.000000,23.902676
16311.000,81.000000,18.820736
16311.000,82.000000,20.754212
16375.000,81.000000,14.263271
16375.000,82.000000,27.361684
17178.000,85.000000,20.361352
17178.000,86.000000,24.384303
17178.000,87.000000,19.763257
17178.000,88.000000,26.728682
17178.000,89.000000,26.844793
17178.000,90.000000,26.406719
17178.000,91.000000,24.936776
17181.000,90.000000,20.072244
17181.000,91.000000,22.384731
17182.000,81.000000,19.624377
17182.000,82.000000,18.438589
17182.000,83.000000,13.654787
17182.000,84.000000,13.904709
17182.000,85.000000,15.881334
17182.000,86.000000,17.801784
17182.000,87.000000,13.657878
17182.000,88.000000,15.392688
17182.000,89.000000,15.637337
17182.000,90.000000,21.436810
17182.000,91.000000,17.547170
17185.000,81.000000,26.938238
17185.000,82.000000,24.923980
17185.000,83.000000,23.238185
17185.000,84.000000,27.098921
17185.000,85.000000,25.886598
17185.000,86.000000,27.849311
17185.000,87.000000,21.297899
17185.000,88.000000,19.778400
17185.000,89.000000,21.107341
17185.000,90.000000,19.985960
17185.000,91.000000,17.409072
17186.000,81.000000,47.732950
17186.000,82.000000,16.344856
17187.000,81.000000,26.301512
17187.000,82.000000,22.735736
17187.000,83.000000,21.541584
17189.000,81.000000,23.214776
17189.000,82.000000,28.951458
17189.000,83.000000,28.617525
17189.000,84.000000,27.881623
17189.000,85.000000,30.150976
17189.000,86.000000,25.210403
17189.000,87.000000,25.288799
17189.000,88.000000,29.852367
17189.000,89.000000,28.100490
17189.000,90.000000,27.088570
17189.000,91.000000,34.118070
17190.000,81.000000,28.504363
17190.000,82.000000,28.374956
17190.000,83.000000,21.555838
17190.000,84.000000,21.273006
17190.000,85.000000,17.908270
17190.000,86.000000,22.353972
17190.000,87.000000,24.207394
17190.000,88.000000,26.399500
17190.000,89.000000,27.383838
17190.000,90.000000,27.289104
17190.000,91.000000,27.785426
17192.000,81.000000,34.475493
17193.000,81.000000,25.601483
17193.000,82.000000,27.635577
17193.000,83.000000,26.811711
17195.000,81.000000,21.440054
17195.000,82.000000,19.732199
17195.000,83.000000,21.505595
17195.000,84.000000,21.651584
17195.000,85.000000,23.212437
17195.000,86.000000,26.917080
17195.000,87.000000,22.729145
17195.000,88.000000,24.597670
17195.000,89.000000,25.459711
17195.000,90.000000,22.409470
17195.000,91.000000,23.447588
17197.000,81.000000,31.500516
17197.000,82.000000,29.583618
17203.000,81.000000,23.035303
17203.000,82.000000,17.030437
17203.000,83.000000,17.853714
17203.000,84.000000,19.937037
17204.000,81.000000,26.252914
17204.000,82.000000,12.118094
17206.000,81.000000,67.994307
17206.000,82.000000,125.48104
17207.000,81.000000,18.605870
17207.000,82.000000,16.828402
17207.000,83.000000,19.354112
17207.000,84.000000,20.310073
17207.000,85.000000,17.375809
17207.000,86.000000,19.474889
17207.000,87.000000,18.328835
17207.000,88.000000,17.521120
17207.000,89.000000,27.520345
17207.000,90.000000,27.433027
17207.000,91.000000,24.924410
17208.000,81.000000,22.559783
17208.000,82.000000,22.050390
17208.000,83.000000,25.343655
17208.000,84.000000,28.248545
17208.000,85.000000,25.169925
17208.000,86.000000,24.426640
17208.000,87.000000,24.974768
17208.000,88.000000,24.767044
17208.000,89.000000,21.915954
17208.000,90.000000,16.936522
17208.000,91.000000,16.797416
17210.000,81.000000,21.086356
17210.000,82.000000,20.198144
17211.000,81.000000,24.786972
17211.000,82.000000,25.597875
17211.000,83.000000,27.089934
17211.000,84.000000,30.581016
17211.000,85.000000,26.966974
17211.000,86.000000,23.586825
17211.000,87.000000,23.944767
17211.000,88.000000,28.895254
17212.000,81.000000,14.001898
17212.000,82.000000,20.002585
17212.000,83.000000,21.972277
17214.000,81.000000,6.3377015
17215.000,81.000000,21.172815
17215.000,82.000000,19.043584
17215.000,83.000000,18.858486
17216.000,81.000000,31.709344
17216.000,82.000000,36.157219
17216.000,83.000000,36.323030
17216.000,84.000000,32.610086
17216.000,85.000000,37.364541
17216.000,86.000000,35.477216
17217.000,81.000000,36.441341
17217.000,82.000000,41.078022
17217.000,83.000000,38.132309
17217.000,84.000000,38.162129
17217.000,85.000000,33.007811
17219.000,81.000000,23.125310
17219.000,82.000000,22.875360
17219.000,83.000000,28.711819
17221.000,81.000000,38.573212
17222.000,82.000000,23.651239
17222.000,83.000000,20.876193
17222.000,84.000000,29.372543
17222.000,85.000000,26.645311
17222.000,86.000000,26.415178
17222.000,87.000000,20.932195
17222.000,88.000000,20.747977
17222.000,89.000000,22.611254
17222.000,90.000000,19.942628
17222.000,91.000000,24.433798
17229.000,81.000000,42.844277
17229.000,82.000000,48.179593
17231.000,81.000000,16.233139
17231.000,82.000000,19.208018
17231.000,83.000000,18.097023
17231.000,84.000000,18.623206
17231.000,85.000000,17.786416
17231.000,86.000000,16.248481
17231.000,87.000000,18.251982
17231.000,88.000000,19.424793
17231.000,89.000000,22.535873
17231.000,90.000000,23.424386
17231.000,91.000000,26.130071
17232.000,81.000000,32.328789
17232.000,82.000000,27.416039
17232.000,83.000000,28.402992
17232.000,84.000000,27.570446
17232.000,85.000000,32.746988
17232.000,86.000000,38.665807
17232.000,87.000000,33.083008
17232.000,88.000000,24.416441
17232.000,89.000000,31.820415
17232.000,90.000000,31.214812
17281.000,88.000000,17.019506
17281.000,89.000000,19.912770
17550.000,81.000000,23.798829
18051.000,81.000000,21.389776
18051.000,82.000000,38.303539
18056.000,85.000000,43.445493
18056.000,86.000000,50.229196
18056.000,87.000000,47.863850
18056.000,88.000000,51.405986
18056.000,89.000000,53.199262
18056.000,90.000000,44.899178
18061.000,81.000000,26.891559
18061.000,82.000000,22.784937
18061.000,83.000000,23.528442
18061.000,84.000000,20.723148
18061.000,85.000000,19.423205
18062.000,81.000000,17.735294
18062.000,82.000000,17.823548
18066.000,81.000000,30.539751
18066.000,82.000000,20.418688
18066.000,83.000000,20.651096
18066.000,84.000000,19.131153
18066.000,85.000000,17.929386
18066.000,86.000000,26.336384
18066.000,87.000000,20.785720
18066.000,88.000000,15.575139
18066.000,89.000000,15.311050
18066.000,90.000000,13.770401
18066.000,91.000000,11.038783
18067.000,81.000000,15.999451
18067.000,82.000000,17.626884
18067.000,83.000000,13.602295
18067.000,84.000000,17.623843
18067.000,85.000000,12.521149
18067.000,86.000000,18.181998
18067.000,87.000000,17.810503
18067.000,88.000000,14.842996
18067.000,89.000000,12.580965
18067.000,90.000000,11.778216
18067.000,91.000000,14.604801
18069.000,81.000000,13.432472
18069.000,82.000000,15.144235
18069.000,83.000000,17.491168
18071.000,81.000000,15.390785
18071.000,82.000000,19.305106
18071.000,83.000000,14.808905
18071.000,84.000000,17.143176
18071.000,85.000000,10.878096
18071.000,86.000000,18.212592
18072.000,81.000000,27.426885
18072.000,82.000000,37.262779
18073.000,81.000000,13.241979
18073.000,82.000000,12.111080
18073.000,83.000000,15.499084
18073.000,84.000000,20.505797
18073.000,85.000000,16.953004
18073.000,86.000000,15.932511
18073.000,87.000000,16.136385
18073.000,88.000000,16.680298
18073.000,89.000000,14.685469
18073.000,90.000000,13.183211
18073.000,91.000000,10.481642
18077.000,81.000000,20.953122
18077.000,82.000000,17.955173
18079.000,81.000000,35.219829
18079.000,82.000000,34.749935
18083.000,81.000000,43.820091
18083.000,82.000000,45.672714
18084.000,81.000000,24.452217
18084.000,82.000000,25.467445
18084.000,83.000000,18.520715
18084.000,84.000000,22.812147
18084.000,85.000000,23.320323
18084.000,86.000000,20.633856
18084.000,87.000000,23.391938
18084.000,88.000000,24.276745
18084.000,89.000000,21.937189
18084.000,90.000000,21.639648
18084.000,91.000000,22.509836
18085.000,81.000000,28.289081
18086.000,81.000000,21.582311
18086.000,82.000000,23.865179
18086.000,83.000000,20.459755
18086.000,85.000000,21.073434
18086.000,86.000000,20.922136
18086.000,87.000000,27.041792
18086.000,88.000000,27.272053
18086.000,89.000000,34.520744
18096.000,81.000000,18.272505
18096.000,82.000000,21.738851
18096.000,83.000000,18.147535
18096.000,84.000000,16.692907
18096.000,85.000000,16.123214
18096.000,86.000000,15.157483
18096.000,87.000000,14.765578
18098.000,81.000000,32.143147
18098.000,82.000000,30.292858
18098.000,83.000000,25.307577
18098.000,84.000000,29.162695
18098.000,85.000000,27.218275
18098.000,86.000000,28.667037
18098.000,87.000000,30.257562
18098.000,88.000000,31.059152
18098.000,89.000000,30.856021
18098.000,90.000000,29.151882
18098.000,91.000000,32.105483
18099.000,81.000000,27.725452
18099.000,82.000000,15.806830
18099.000,83.000000,43.469702
18099.000,84.000000,35.411185
18099.000,85.000000,25.033584
18099.000,86.000000,23.677436
18099.000,87.000000,21.901283
18099.000,88.000000,22.194922
18099.000,89.000000,22.300496
18099.000,90.000000,16.530094
18099.000,91.000000,14.080752
18100.000,81.000000,35.602313
18100.000,82.000000,36.317870
18100.000,83.000000,34.491353
18102.000,81.000000,18.942407
18102.000,82.000000,19.036242
18102.000,83.000000,17.064371
18102.000,84.000000,19.137129
18102.000,85.000000,18.967689
18102.000,86.000000,20.612042
18102.000,87.000000,21.331756
18102.000,88.000000,24.749688
18102.000,89.000000,23.402321
18102.000,90.000000,26.748969
18102.000,91.000000,25.903287
18104.000,81.000000,30.623068
18104.000,82.000000,46.485002
18104.000,83.000000,25.682054
18105.000,81.000000,23.178098
18105.000,82.000000,29.333241
18105.000,83.000000,19.996692
18105.000,84.000000,21.841799
18105.000,85.000000,22.692115
18105.000,86.000000,16.256143
18105.000,87.000000,19.363999
18105.000,88.000000,19.464817
18105.000,89.000000,19.453791
18105.000,90.000000,22.999597
18105.000,91.000000,21.536472
18106.000,81.000000,28.231252
18106.000,82.000000,26.349274
18107.000,82.000000,33.114907
18107.000,83.000000,36.126717
18107.000,86.000000,41.548122
18107.000,87.000000,48.091371
18107.000,88.000000,35.659699
18108.000,81.000000,17.482470
18436.000,81.000000,33.709610
18436.000,82.000000,25.237643
18445.000,89.000000,28.745209
18445.000,90.000000,30.219687
18445.000,91.000000,16.603141
18980.000,81.000000,32.439582
18980.000,83.000000,27.977907
18980.000,84.000000,29.391468
18980.000,85.000000,26.156811
18980.000,86.000000,23.399834
18980.000,87.000000,20.583352
18980.000,88.000000,15.317916
18980.000,89.000000,13.676145
18980.000,90.000000,17.901480
18980.000,91.000000,15.907785
18981.000,83.000000,19.845730
18981.000,84.000000,18.672764
18992.000,81.000000,35.468466
18992.000,82.000000,19.250702
18993.000,81.000000,22.583594
18993.000,82.000000,10.281660
18993.000,83.000000,21.359347
18996.000,81.000000,21.886088
18996.000,82.000000,21.311487
18996.000,83.000000,21.534307
18996.000,84.000000,23.695384
18996.000,85.000000,26.642792
18996.000,86.000000,26.476156
18997.000,81.000000,20.419657
18997.000,82.000000,17.991715
18997.000,83.000000,17.571588
18997.000,84.000000,26.151058
18997.000,85.000000,23.597627
18997.000,86.000000,19.275109
18997.000,87.000000,20.006473
18997.000,88.000000,19.577718
18997.000,89.000000,17.388804
18997.000,90.000000,19.388610
18998.000,81.000000,26.598118
18998.000,82.000000,31.040435
18998.000,83.000000,22.338852
18999.000,81.000000,21.022192
19000.000,81.000000,29.198096
19000.000,82.000000,40.681663
19000.000,83.000000,41.908786
19000.000,84.000000,28.256335
19001.000,81.000000,30.497260
19001.000,82.000000,31.857856
19002.000,81.000000,25.374277
19002.000,82.000000,18.945432
19003.000,81.000000,21.904498
19004.000,81.000000,25.567957
19004.000,82.000000,26.943881
19004.000,83.000000,24.830952
19004.000,84.000000,23.126440
19004.000,85.000000,19.848156
19006.000,81.000000,23.695570
19009.000,81.000000,19.993562
19009.000,83.000000,15.798420
19009.000,84.000000,20.812969
19009.000,85.000000,21.031893
19009.000,86.000000,20.778247
19009.000,87.000000,23.234938
19009.000,88.000000,20.522575
19009.000,89.000000,23.321093
19009.000,90.000000,21.344471
19009.000,91.000000,19.860940
19010.000,81.000000,28.144114
19010.000,82.000000,47.415166
19010.000,83.000000,34.498850
19010.000,84.000000,28.401626
19011.000,81.000000,20.832693
19011.000,82.000000,31.745310
19012.000,81.000000,25.131414
19013.000,81.000000,21.212832
19013.000,82.000000,30.798284
19013.000,83.000000,28.975069
19014.000,81.000000,33.637742
19014.000,82.000000,32.191520
19014.000,83.000000,22.577067
19016.000,81.000000,16.495398
19016.000,82.000000,29.674074
19016.000,83.000000,24.415159
19016.000,84.000000,22.946582
19016.000,85.000000,23.292932
19016.000,86.000000,21.473336
19016.000,87.000000,19.491555
19016.000,88.000000,20.854688
19016.000,89.000000,28.711922
19016.000,90.000000,22.038995
19016.000,91.000000,11.737279
19017.000,81.000000,15.287313
19017.000,82.000000,16.765021
19017.000,83.000000,30.214987
19017.000,84.000000,24.119374
19017.000,85.000000,30.858893
19017.000,86.000000,26.920943
19017.000,87.000000,24.189471
19017.000,88.000000,28.751338
19017.000,89.000000,26.364362
19017.000,90.000000,27.542690
19017.000,91.000000,27.271660
19019.000,81.000000,29.564678
19019.000,82.000000,29.845546
19019.000,83.000000,28.117726
19019.000,84.000000,28.597859
19019.000,85.000000,28.560000
19019.000,86.000000,27.935304
19019.000,87.000000,28.681058
19020.000,81.000000,19.483452
19020.000,82.000000,21.048049
19020.000,83.000000,23.790826
19020.000,84.000000,22.063206
19020.000,85.000000,21.592088
19020.000,86.000000,23.367982
19020.000,87.000000,23.580034
19020.000,88.000000,24.220941
19020.000,89.000000,21.033232
19020.000,90.000000,20.326529
19020.000,91.000000,19.309271
19021.000,81.000000,20.700858
19021.000,82.000000,26.801973
19022.000,81.000000,12.254938
19022.000,82.000000,15.088718
19022.000,83.000000,17.922488
19022.000,84.000000,17.576904
19022.000,85.000000,19.750484
19022.000,86.000000,19.498610
19023.000,81.000000,22.723736
19023.000,82.000000,25.712249
19023.000,83.000000,25.120327
19023.000,84.000000,24.550491
19023.000,85.000000,24.659224
19026.000,81.000000,21.157316
19026.000,82.000000,19.672740
19026.000,83.000000,19.278103
19026.000,84.000000,18.356955
19026.000,85.000000,18.584840
19026.000,86.000000,19.096639
19026.000,87.000000,21.493902
19026.000,88.000000,17.593231
19027.000,81.000000,26.578422
19027.000,82.000000,26.290091
19027.000,83.000000,27.008442
19027.000,84.000000,27.685251
19027.000,85.000000,22.160087
19027.000,86.000000,21.475340
19027.000,87.000000,25.614968
19027.000,88.000000,28.407646
19027.000,89.000000,23.095586
19027.000,90.000000,26.356595
19027.000,91.000000,28.200959
19028.000,81.000000,26.287987
19028.000,82.000000,23.491599
19028.000,83.000000,25.028644
19029.000,81.000000,19.687096
19029.000,82.000000,21.347443
19029.000,83.000000,22.463171
19029.000,84.000000,14.353099
19030.000,81.000000,13.989480
19030.000,82.000000,21.603924
19030.000,83.000000,27.074989
19030.000,84.000000,25.604284
19030.000,85.000000,24.895377
19030.000,86.000000,21.233519
19030.000,87.000000,15.575609
19030.000,88.000000,16.504548
19030.000,89.000000,17.978457
19030.000,90.000000,18.364254
19030.000,91.000000,19.855336
19031.000,81.000000,26.726443
19031.000,82.000000,17.108839
19031.000,83.000000,13.873910
19031.000,84.000000,18.005564
19031.000,85.000000,20.489442
19031.000,86.000000,22.098487
19033.000,81.000000,39.019395
19034.000,81.000000,28.224652
19034.000,82.000000,34.096263
19034.000,83.000000,27.693225
19034.000,84.000000,33.791408
19035.000,81.000000,21.991306
19035.000,82.000000,19.942670
19036.000,81.000000,17.067459
19036.000,82.000000,15.385957
19036.000,83.000000,11.306162
19036.000,84.000000,17.974236
19036.000,85.000000,20.851495
19036.000,86.000000,20.914260
19036.000,87.000000,22.904078
19036.000,88.000000,21.852972
19037.000,81.000000,20.664801
19037.000,82.000000,30.174271
19038.000,81.000000,15.339833
19038.000,82.000000,24.335808
19038.000,83.000000,28.378889
19038.000,84.000000,20.587824
19038.000,85.000000,18.082960
19039.000,81.000000,18.155524
19039.000,82.000000,20.471574
19039.000,83.000000,42.504370
19039.000,84.000000,30.084453
19039.000,85.000000,44.537321
19039.000,86.000000,57.360324
19039.000,87.000000,40.171436
19039.000,88.000000,38.486961
19039.000,89.000000,45.556362
19039.000,90.000000,38.742742
19039.000,91.000000,38.981950
19040.000,81.000000,15.993950
19040.000,82.000000,13.653064
19040.000,83.000000,12.229034
19040.000,84.000000,14.089932
19040.000,85.000000,15.311660
19040.000,86.000000,12.613613
19040.000,87.000000,12.947067
19040.000,88.000000,17.379645
19040.000,89.000000,17.861965
19040.000,90.000000,20.503031
19040.000,91.000000,21.716105
19041.000,81.000000,15.053473
19043.000,81.000000,29.841105
19043.000,82.000000,27.586529
