plant          ,year           ,CD-productivity
31310054.,88.000000,12.406714
31310054.,89.000000,9.3831010
31310339.,81.000000,11.476218
31310339.,82.000000,13.723701
31310339.,83.000000,22.184677
31310339.,84.000000,12.501212
31310339.,85.000000,14.592009
31310339.,86.000000,16.424062
31310339.,87.000000,15.999602
31310339.,88.000000,15.638437
31310339.,89.000000,14.370479
31310339.,90.000000,17.019864
31310339.,91.000000,15.661277
31310340.,81.000000,12.554828
31310340.,82.000000,26.258037
31310340.,83.000000,29.534133
31310340.,84.000000,32.971304
31310340.,85.000000,31.521302
31310340.,86.000000,30.282160
31310340.,87.000000,35.807153
31310340.,88.000000,34.758625
31310340.,89.000000,37.947959
31310340.,90.000000,35.131241
31310340.,91.000000,33.940115
31310341.,81.000000,28.598720
31310341.,82.000000,25.299491
31310341.,83.000000,20.032497
31310341.,84.000000,24.562181
31310341.,85.000000,21.873006
31310341.,86.000000,21.724393
31310341.,87.000000,24.286552
31310341.,88.000000,25.547129
31310341.,89.000000,27.401668
31310341.,90.000000,27.098287
31310341.,91.000000,26.782529
31310342.,81.000000,101.70219
31310342.,82.000000,72.327137
31310342.,83.000000,70.302952
31310342.,84.000000,89.396456
31310342.,85.000000,88.827901
31310342.,86.000000,91.743832
31310342.,87.000000,51.716513
31310342.,88.000000,57.724616
31310342.,89.000000,57.847400
31310342.,90.000000,34.482354
31310342.,91.000000,48.478795
31310343.,81.000000,12.801471
31310343.,82.000000,23.262711
31310343.,83.000000,15.094162
31310343.,84.000000,13.792297
31310343.,85.000000,11.924631
31310343.,86.000000,9.6900100
31310343.,87.000000,18.225998
31310343.,88.000000,21.368382
31310343.,89.000000,12.640049
31310343.,90.000000,11.193072
31310343.,91.000000,8.5498848
31310344.,81.000000,16.420562
31310344.,82.000000,18.615929
31310344.,83.000000,13.759941
31310344.,84.000000,13.199079
31310344.,85.000000,13.459636
31310344.,86.000000,16.350973
31310344.,87.000000,17.462339
31310344.,88.000000,16.769442
31310344.,89.000000,16.189276
31310344.,90.000000,16.936923
31310344.,91.000000,14.198419
31310345.,81.000000,12.673741
31310345.,82.000000,20.898680
31310345.,83.000000,24.180763
31310345.,84.000000,22.534283
31310345.,85.000000,18.835506
31310345.,86.000000,18.779683
31310345.,87.000000,14.825293
31310345.,88.000000,13.848913
31310345.,89.000000,11.141787
31310345.,90.000000,12.776739
31310345.,91.000000,13.386970
31310346.,81.000000,10.578858
31310346.,82.000000,10.364307
31310346.,83.000000,10.803921
31310346.,84.000000,8.5650435
31310346.,85.000000,9.5257950
31310346.,86.000000,8.4241257
31310346.,87.000000,8.9081745
31310346.,88.000000,8.7414672
31310346.,89.000000,10.214341
31310346.,90.000000,10.388345
31310346.,91.000000,12.421466
31310347.,81.000000,7.1344877
31310347.,82.000000,6.4984372
31310347.,83.000000,9.1226183
31310347.,84.000000,6.8682810
31310347.,85.000000,6.8792598
31310347.,86.000000,7.3084514
31310347.,87.000000,6.1096222
31310347.,88.000000,5.7437666
31310347.,89.000000,5.8535170
31310347.,90.000000,6.9039444
31310347.,91.000000,6.9472062
31310348.,81.000000,12.755662
31310348.,82.000000,18.378078
31310348.,83.000000,13.529167
31310348.,84.000000,10.758778
31310348.,85.000000,12.493530
31310348.,86.000000,11.630348
31310348.,87.000000,9.7789132
31310348.,88.000000,10.296885
31310348.,89.000000,9.7465545
31310348.,90.000000,9.1712261
31310348.,91.000000,7.5922378
31310349.,81.000000,16.452516
31310349.,82.000000,11.933835
31310349.,83.000000,13.978577
31310349.,84.000000,11.068563
31310349.,85.000000,11.892360
31310349.,86.000000,9.9215284
31310350.,81.000000,30.240054
31310350.,82.000000,29.339915
31310350.,83.000000,33.667133
31310350.,84.000000,31.823378
31310350.,85.000000,32.358512
31310350.,86.000000,26.890811
31310350.,87.000000,26.671019
31310350.,88.000000,24.846214
31310350.,89.000000,26.715546
31310350.,90.000000,27.800618
31310350.,91.000000,28.181183
31310351.,81.000000,12.429019
31310351.,82.000000,8.3345668
31310351.,83.000000,7.2842135
31310351.,84.000000,7.4907253
31310351.,85.000000,7.9875859
31310351.,86.000000,9.3567249
31310351.,87.000000,9.6333363
31310351.,88.000000,12.207607
31310351.,89.000000,12.419305
31310351.,90.000000,11.393452
31310351.,91.000000,12.194005
31310352.,81.000000,8.8509111
31310352.,82.000000,5.3935036
31310352.,83.000000,5.0200016
31310352.,84.000000,3.7842374
31310352.,85.000000,3.6763066
31310352.,86.000000,5.5975857
31310352.,87.000000,3.3832840
31310352.,88.000000,3.7008750
31310353.,81.000000,11.245042
31310353.,82.000000,11.585874
31310353.,83.000000,13.385300
31310353.,84.000000,14.089131
31310353.,85.000000,13.477285
31310353.,86.000000,12.920263
31310353.,87.000000,13.560785
31310353.,88.000000,14.271277
31310353.,89.000000,14.900364
31310353.,90.000000,15.837446
31310353.,91.000000,16.148167
31310354.,81.000000,8.3092334
31310354.,82.000000,10.810349
31310354.,83.000000,9.8864024
31310354.,84.000000,12.399989
31310354.,85.000000,9.6559165
31310354.,86.000000,9.2390069
31310354.,87.000000,8.9036307
31310354.,88.000000,7.3679578
31310354.,89.000000,7.5644360
31310354.,90.000000,8.6357109
31310354.,91.000000,8.3481169
31310355.,81.000000,10.722917
31310355.,82.000000,9.9598658
31310355.,83.000000,11.054682
31310355.,84.000000,13.073604
31310355.,85.000000,14.923799
31310355.,86.000000,15.999771
31310355.,87.000000,17.128252
31310355.,88.000000,17.142483
31310355.,89.000000,16.098766
31310355.,90.000000,16.639953
31310355.,91.000000,15.940162
31310356.,81.000000,12.974999
31310356.,82.000000,12.752687
31310356.,83.000000,12.030108
31310356.,84.000000,12.186449
31310356.,85.000000,12.944526
31310357.,81.000000,30.613415
31310357.,82.000000,32.095214
31310357.,83.000000,21.861240
31310357.,84.000000,18.701191
31310357.,85.000000,20.499236
31310357.,86.000000,18.421912
31310357.,87.000000,19.976699
31310357.,88.000000,21.510446
31310357.,89.000000,24.281485
31310357.,90.000000,20.196265
31310358.,81.000000,32.917973
31310358.,82.000000,29.113196
31310358.,83.000000,24.487054
31310358.,84.000000,18.064668
31310358.,85.000000,22.517789
31310358.,86.000000,18.441073
31310358.,87.000000,20.603832
31310358.,88.000000,19.099848
31310358.,89.000000,22.805347
31310358.,90.000000,24.990475
31310359.,81.000000,33.711797
31310359.,82.000000,45.945129
31310359.,83.000000,32.260451
31310359.,84.000000,18.140957
31310359.,85.000000,21.505455
31310359.,86.000000,17.944719
31310359.,87.000000,19.719654
31310359.,88.000000,25.278748
31310359.,89.000000,28.815302
31310359.,90.000000,23.835409
31310360.,81.000000,22.430866
31310360.,82.000000,12.918721
31310360.,83.000000,10.567281
31310360.,84.000000,11.609365
31310360.,85.000000,13.052310
31310360.,86.000000,12.462600
31310360.,87.000000,11.765681
31310361.,81.000000,32.968382
31310361.,82.000000,32.493955
31310361.,83.000000,22.461017
31310361.,84.000000,19.384665
31310361.,85.000000,21.690147
31310361.,86.000000,18.656951
31310361.,87.000000,17.220263
31310361.,88.000000,24.721694
31310361.,89.000000,31.507152
31310361.,90.000000,25.836015
31310362.,81.000000,30.152761
31310362.,82.000000,26.726926
31310362.,83.000000,18.274709
31310362.,84.000000,18.525245
31310362.,85.000000,17.428878
31310362.,86.000000,18.975729
31310362.,87.000000,18.181839
31310362.,88.000000,14.492781
31310362.,89.000000,12.766975
31310362.,90.000000,13.635441
31310362.,91.000000,13.598384
31310363.,81.000000,31.136963
31310363.,82.000000,29.059547
31310363.,83.000000,22.489036
31310363.,84.000000,19.519773
31310363.,85.000000,21.340308
31310363.,86.000000,18.633024
31310363.,87.000000,23.338951
31310363.,88.000000,28.610583
31310363.,89.000000,32.530294
31310363.,90.000000,26.366276
31310364.,81.000000,33.311877
31310364.,82.000000,33.340911
31310364.,83.000000,26.500642
31310364.,84.000000,21.449261
31310364.,85.000000,23.214846
31310364.,86.000000,20.133459
31310364.,87.000000,25.599710
31310364.,88.000000,30.836117
31310364.,89.000000,38.279886
31310364.,90.000000,35.328200
31310365.,81.000000,32.948769
31310365.,82.000000,33.773986
31310365.,83.000000,26.666412
31310365.,84.000000,22.017857
31310365.,85.000000,24.354686
31310365.,86.000000,20.104977
31310365.,87.000000,19.858431
31310365.,88.000000,26.099905
31310365.,89.000000,32.459324
31310365.,90.000000,24.935053
31310366.,81.000000,28.742823
31310366.,82.000000,32.910341
31310366.,83.000000,23.611863
31310366.,84.000000,18.518127
31310366.,85.000000,22.053023
31310366.,86.000000,18.069955
31310366.,87.000000,15.912779
31310366.,88.000000,15.122847
31310366.,89.000000,18.417780
31310366.,90.000000,13.753974
31310367.,81.000000,29.378011
31310368.,81.000000,54.938203
31310368.,82.000000,58.929569
31310368.,83.000000,58.663720
31310368.,84.000000,22.469757
31310368.,85.000000,27.324207
31310368.,88.000000,32.273333
31310368.,89.000000,38.334423
31310368.,90.000000,43.819866
31310368.,91.000000,31.032004
31310369.,81.000000,27.094538
31310369.,82.000000,26.137422
31310369.,83.000000,16.999316
31310369.,84.000000,15.568340
31310369.,85.000000,17.743448
31310369.,86.000000,14.403021
31310369.,87.000000,20.298598
31310369.,88.000000,17.839299
31310369.,89.000000,19.009811
31310369.,90.000000,13.348864
31310370.,81.000000,16.721150
31310370.,82.000000,10.714807
31310370.,83.000000,10.494309
31310370.,84.000000,9.8102089
31310370.,85.000000,9.4534372
31310370.,86.000000,10.192086
31310370.,87.000000,10.114916
31310370.,88.000000,13.024803
31310370.,89.000000,14.060760
31310370.,90.000000,15.115185
31310370.,91.000000,13.866949
31310371.,81.000000,38.582652
31310371.,82.000000,35.540605
31310371.,83.000000,29.921401
31310371.,84.000000,18.007157
31310371.,85.000000,17.686905
31310371.,86.000000,17.377835
31310371.,87.000000,16.998599
31310371.,88.000000,16.217672
31310371.,89.000000,14.210977
31310371.,90.000000,15.500518
31310371.,91.000000,15.935150
31310372.,81.000000,28.562969
31310372.,82.000000,27.914055
31310372.,83.000000,15.383518
31310372.,84.000000,16.580672
31310372.,85.000000,17.791109
31310372.,86.000000,15.579325
31310372.,87.000000,17.050089
31310372.,88.000000,18.542189
31310372.,89.000000,21.236828
31310372.,90.000000,19.073276
31310373.,81.000000,13.550146
31310373.,82.000000,10.044964
31310373.,83.000000,11.114709
31310373.,84.000000,9.2455043
31310373.,85.000000,11.548516
31310373.,86.000000,11.658863
31310373.,87.000000,15.480690
31310373.,88.000000,10.847914
31310373.,89.000000,8.6160066
31310373.,90.000000,11.340316
31310373.,91.000000,10.234067
31310374.,81.000000,14.072729
31310374.,82.000000,14.775616
31310374.,83.000000,14.982283
31310374.,84.000000,13.888378
31310374.,85.000000,16.609225
31310374.,86.000000,18.828234
31310374.,87.000000,17.220724
31310374.,88.000000,16.774678
31310374.,89.000000,15.598467
31310374.,90.000000,17.194184
31310374.,91.000000,15.255519
31310375.,81.000000,14.123502
31310375.,82.000000,12.898544
31310375.,83.000000,13.138715
31310375.,84.000000,12.778546
31310375.,85.000000,16.864146
31310375.,86.000000,17.926552
31310375.,87.000000,19.653248
31310375.,88.000000,16.068158
31310375.,89.000000,13.049245
31310375.,90.000000,15.676769
31310375.,91.000000,13.882878
31310376.,81.000000,11.796285
31310376.,82.000000,11.426982
31310376.,83.000000,11.511665
31310376.,84.000000,11.592308
31310376.,85.000000,13.128776
31310376.,86.000000,12.972413
31310376.,87.000000,15.386294
31310376.,88.000000,13.650369
31310376.,89.000000,13.003251
31310376.,90.000000,13.005112
31310376.,91.000000,13.554388
31310377.,81.000000,15.765073
31310377.,82.000000,15.416356
31310377.,83.000000,12.673106
31310377.,84.000000,12.345899
31310377.,85.000000,13.430643
31310377.,86.000000,12.001525
31310377.,87.000000,15.578053
31310377.,88.000000,17.044083
31310377.,89.000000,21.416308
31310377.,90.000000,23.547344
31310377.,91.000000,21.368932
31310378.,81.000000,19.319128
31310378.,82.000000,10.044004
31310378.,83.000000,15.634329
31310378.,84.000000,16.569936
31310378.,85.000000,20.036476
31310378.,86.000000,17.258904
31310378.,87.000000,16.227712
31310378.,88.000000,16.558557
31310378.,89.000000,16.179683
31310378.,90.000000,15.340109
31310378.,91.000000,13.139495
31310379.,81.000000,17.393977
31310379.,82.000000,16.697980
31310379.,83.000000,16.261917
31310379.,84.000000,16.058341
31310379.,85.000000,15.718549
31310379.,86.000000,16.300761
31310379.,87.000000,16.091601
31310379.,88.000000,14.056938
31310379.,89.000000,15.617508
31310379.,90.000000,15.558668
31310379.,91.000000,13.060362
31310380.,81.000000,17.978830
31310380.,82.000000,14.939756
31310380.,83.000000,15.795277
31310380.,84.000000,15.969446
31310380.,85.000000,16.372041
31310380.,86.000000,15.372130
31310380.,87.000000,14.329455
31310380.,88.000000,13.132735
31310380.,89.000000,13.050188
31310380.,90.000000,14.290310
31310380.,91.000000,12.338854
31310381.,81.000000,7.7992875
31310381.,82.000000,9.4953616
31310381.,83.000000,9.0277099
31310381.,84.000000,6.3004259
31310381.,85.000000,7.3886847
31310381.,86.000000,6.8356760
31310381.,87.000000,6.3273709
31310381.,88.000000,5.2282230
31310382.,81.000000,9.6542855
31310382.,82.000000,9.4855152
31310382.,83.000000,9.3840917
31310382.,84.000000,8.5383339
31310382.,85.000000,10.245092
31310382.,86.000000,10.145034
31310382.,87.000000,9.9379098
31310382.,88.000000,9.4858724
31310382.,89.000000,9.4085489
31310382.,90.000000,9.4532831
31310382.,91.000000,9.2866217
31310383.,81.000000,15.849560
31310383.,82.000000,14.562975
31310383.,83.000000,14.856914
31310383.,84.000000,13.464022
31310383.,85.000000,13.930092
31310383.,86.000000,15.823742
31310383.,87.000000,18.311098
31310383.,88.000000,16.289969
31310383.,89.000000,14.182645
31310383.,90.000000,17.761897
31310383.,91.000000,16.638124
31310384.,81.000000,9.3022457
31310384.,82.000000,8.8652927
31310384.,83.000000,8.0918538
31310384.,84.000000,7.2825018
31310384.,85.000000,7.9202935
31310384.,86.000000,8.8296968
31310384.,87.000000,9.8242341
31310384.,88.000000,9.2102855
31310384.,89.000000,9.2289830
31310384.,90.000000,9.8787712
31310384.,91.000000,9.5416355
31310385.,81.000000,8.6360856
31310385.,82.000000,8.5309281
31310385.,83.000000,7.7905543
31310385.,84.000000,6.8042405
31310385.,85.000000,5.6155784
31310385.,86.000000,5.1271364
31310385.,87.000000,7.5522112
31310386.,81.000000,10.723910
31310386.,82.000000,12.010127
31310386.,83.000000,13.825120
31310386.,84.000000,11.759992
31310386.,85.000000,12.452409
31310386.,86.000000,10.795406
31310386.,87.000000,12.825275
31310386.,88.000000,11.169758
31310386.,89.000000,10.708099
31310386.,90.000000,11.923522
31310386.,91.000000,12.065621
31310387.,81.000000,16.471130
31310387.,82.000000,14.475613
31310387.,83.000000,16.352516
31310387.,84.000000,14.917530
31310387.,85.000000,16.064655
31310387.,86.000000,17.863310
31310387.,87.000000,19.192838
31310387.,88.000000,15.629910
31310387.,89.000000,16.650958
31310387.,90.000000,18.033518
31310387.,91.000000,18.305379
31310388.,81.000000,10.014343
31310388.,82.000000,9.7347130
31310388.,83.000000,10.750838
31310388.,84.000000,9.0804169
31310388.,85.000000,10.670277
31310388.,86.000000,12.470121
31310388.,87.000000,12.314241
31310388.,88.000000,10.706255
31310388.,89.000000,10.611482
31310388.,90.000000,11.366387
31310388.,91.000000,10.960252
31310389.,81.000000,21.949870
31310389.,82.000000,21.043732
31310389.,83.000000,18.715221
31310389.,84.000000,16.720581
31310389.,85.000000,18.674111
31310389.,86.000000,18.160705
31310389.,87.000000,16.863475
31310389.,88.000000,14.976864
31310389.,89.000000,14.128091
31310389.,90.000000,15.019085
31310389.,91.000000,15.634451
31310390.,81.000000,16.140821
31310390.,82.000000,16.087809
31310390.,83.000000,18.244997
31310390.,84.000000,13.045811
31310390.,85.000000,13.937803
31310390.,86.000000,11.547593
31310390.,87.000000,11.533175
31310390.,88.000000,13.747878
31310390.,89.000000,15.037525
31310390.,90.000000,12.830355
31310390.,91.000000,12.626744
31310391.,81.000000,14.181041
31310391.,82.000000,11.453984
31310391.,83.000000,12.427663
31310391.,84.000000,13.341720
31310391.,85.000000,12.240670
31310391.,86.000000,13.558441
31310391.,87.000000,12.752501
31310391.,88.000000,13.995793
31310391.,89.000000,12.930972
31310391.,90.000000,7.3938523
31310392.,81.000000,12.819703
31310392.,82.000000,10.152917
31310392.,83.000000,11.950077
31310392.,84.000000,11.353693
31310392.,85.000000,12.120693
31310392.,86.000000,10.196783
31310392.,87.000000,11.787831
31310392.,88.000000,10.543169
31310392.,89.000000,10.830069
31310392.,90.000000,12.133871
31310392.,91.000000,11.724708
31310393.,81.000000,15.105145
31310393.,82.000000,7.8921509
31310393.,83.000000,12.129129
31310393.,84.000000,11.183686
31310393.,85.000000,23.589847
31310393.,86.000000,15.610575
31310393.,87.000000,12.581729
31310394.,81.000000,16.738996
31310394.,82.000000,13.724059
31310394.,83.000000,15.095230
31310394.,84.000000,14.941119
31310394.,85.000000,14.746594
31310394.,86.000000,14.705127
31310394.,87.000000,15.762874
31310394.,88.000000,12.682925
31310394.,89.000000,12.253061
31310394.,90.000000,13.561826
31310394.,91.000000,13.318499
31310395.,81.000000,11.890761
31310395.,82.000000,11.473103
31310395.,83.000000,10.934011
31310395.,84.000000,10.465670
31310395.,85.000000,10.596231
31310395.,86.000000,9.9893922
31310395.,87.000000,13.694652
31310395.,88.000000,10.949247
31310395.,89.000000,10.098599
31310395.,90.000000,10.662794
31310395.,91.000000,10.478968
31310396.,81.000000,16.796872
31310396.,82.000000,12.120303
31310396.,83.000000,13.950678
31310396.,84.000000,15.474687
31310396.,85.000000,16.559757
31310396.,86.000000,16.140063
31310396.,87.000000,14.771311
31310396.,88.000000,9.4942864
31310396.,89.000000,12.406213
31310396.,90.000000,12.660670
31310396.,91.000000,11.720161
31310397.,81.000000,13.160384
31310397.,82.000000,10.535323
31310397.,83.000000,13.980124
31310397.,84.000000,13.270418
31310397.,85.000000,13.447114
31310397.,86.000000,13.994671
31310397.,87.000000,13.849620
31310397.,88.000000,14.066911
31310397.,89.000000,12.012123
31310397.,90.000000,13.959348
31310397.,91.000000,12.047188
31310398.,81.000000,20.950495
31310398.,82.000000,15.580584
31310398.,83.000000,16.734724
31310398.,84.000000,14.950834
31310398.,85.000000,17.104452
31310398.,86.000000,15.400509
31310398.,87.000000,16.200698
31310398.,88.000000,14.301931
31310398.,89.000000,11.799495
31310398.,90.000000,11.777592
31310398.,91.000000,11.525749
31310399.,81.000000,16.869569
31310399.,82.000000,17.285431
31310399.,83.000000,13.419222
31310399.,84.000000,13.348769
31310399.,85.000000,13.912593
31310399.,86.000000,12.034257
31310399.,87.000000,13.382780
31310399.,88.000000,12.799602
31310399.,89.000000,11.989834
31310399.,90.000000,11.755347
31310399.,91.000000,11.788297
31310400.,81.000000,10.871017
31310400.,82.000000,10.021698
31310400.,83.000000,11.489648
31310400.,84.000000,10.993481
31310400.,85.000000,10.354620
31310400.,86.000000,11.166359
31310400.,87.000000,11.596653
31310400.,88.000000,10.939551
31310400.,89.000000,11.726308
31310400.,90.000000,11.069498
31310400.,91.000000,11.832343
31310401.,81.000000,19.969699
31310401.,82.000000,12.837702
31310401.,83.000000,13.238821
31310401.,84.000000,11.230558
31310401.,85.000000,12.604144
31310401.,86.000000,11.345685
31310401.,87.000000,12.718137
31310401.,88.000000,12.313977
31310401.,89.000000,12.092509
31310401.,90.000000,11.472798
31310401.,91.000000,12.410102
31310402.,81.000000,11.469309
31310402.,82.000000,11.615424
31310402.,83.000000,11.555821
31310402.,84.000000,10.550006
31310402.,85.000000,11.146221
31310402.,86.000000,10.851907
31310402.,87.000000,12.786571
31310402.,88.000000,11.528944
31310402.,89.000000,12.147602
31310402.,90.000000,12.343426
31310402.,91.000000,12.613867
31310403.,81.000000,20.461439
31310403.,82.000000,13.476378
31310403.,83.000000,13.640132
31310403.,84.000000,11.663069
31310403.,85.000000,13.150234
31310403.,86.000000,12.123177
31310403.,87.000000,13.802549
31310403.,88.000000,11.976974
31310403.,89.000000,12.025536
31310403.,90.000000,12.630685
31310403.,91.000000,12.215660
31310404.,81.000000,16.973171
31310404.,82.000000,12.669883
31310404.,83.000000,11.501167
31310404.,84.000000,9.9355780
31310404.,85.000000,11.066991
31310404.,86.000000,9.1218961
31310404.,87.000000,10.841680
31310404.,88.000000,9.1363012
31310404.,89.000000,9.9451951
31310404.,90.000000,10.500414
31310404.,91.000000,10.402282
31310405.,81.000000,12.893447
31310405.,82.000000,11.150170
31310405.,83.000000,11.768006
31310405.,84.000000,10.314026
31310405.,85.000000,11.889948
31310405.,86.000000,11.494734
31310405.,87.000000,11.770963
31310405.,88.000000,10.790195
31310405.,89.000000,8.1156883
31310405.,90.000000,9.0052555
31310405.,91.000000,9.0644218
31310406.,81.000000,14.741928
31310406.,82.000000,11.065041
31310406.,83.000000,10.444681
31310406.,84.000000,10.837785
31310406.,85.000000,11.510886
31310406.,86.000000,10.836996
31310406.,87.000000,9.9757997
31310406.,88.000000,10.020337
31310406.,89.000000,11.935397
31310406.,90.000000,11.046845
31310406.,91.000000,11.325235
31310407.,81.000000,21.428051
31310407.,82.000000,11.058263
31310407.,83.000000,11.939530
31310407.,84.000000,11.183513
31310407.,85.000000,11.245549
31310407.,86.000000,10.864205
31310407.,87.000000,10.430327
31310407.,88.000000,11.331791
31310407.,89.000000,11.009829
31310407.,90.000000,12.133716
31310407.,91.000000,11.733076
31310408.,81.000000,20.274392
31310408.,82.000000,13.457275
31310408.,83.000000,13.419210
31310408.,84.000000,12.250314
31310408.,85.000000,10.724392
31310408.,86.000000,11.571271
31310408.,87.000000,10.190216
31310408.,88.000000,11.500665
31310408.,89.000000,11.952407
31310408.,90.000000,12.059922
31310408.,91.000000,10.621167
31310409.,81.000000,17.185009
31310409.,82.000000,15.348395
31310409.,83.000000,15.017685
31310409.,84.000000,15.178300
31310409.,85.000000,17.339630
31310409.,86.000000,15.369509
31310409.,87.000000,15.641407
31310409.,88.000000,13.309631
31310409.,89.000000,12.806898
31310409.,90.000000,12.609117
31310409.,91.000000,14.155857
31310410.,81.000000,16.647604
31310410.,82.000000,12.075702
31310410.,83.000000,12.564749
31310410.,84.000000,13.035315
31310410.,85.000000,14.679235
31310410.,86.000000,14.973769
31310410.,87.000000,15.445836
31310410.,88.000000,13.129071
31310410.,89.000000,12.605542
31310410.,90.000000,12.253176
31310410.,91.000000,12.656899
31310411.,81.000000,12.402377
31310411.,82.000000,11.768096
31310411.,83.000000,11.901792
31310411.,84.000000,11.189438
31310411.,85.000000,12.292200
31310411.,86.000000,10.366892
31310411.,87.000000,12.083312
31310411.,88.000000,11.260064
31310411.,89.000000,12.123262
31310411.,90.000000,12.216919
31310411.,91.000000,12.179645
31310412.,81.000000,13.218121
31310412.,82.000000,14.389924
31310412.,83.000000,14.895964
31310412.,84.000000,14.057227
31310412.,85.000000,14.587110
31310412.,86.000000,14.593927
31310412.,87.000000,15.176822
31310412.,88.000000,12.889103
31310412.,89.000000,13.290075
31310412.,90.000000,13.493460
31310412.,91.000000,14.009810
31311998.,81.000000,34.826581
31311999.,81.000000,16.169982
31311999.,82.000000,15.810813
31311999.,83.000000,15.844928
31311999.,84.000000,14.915433
31311999.,85.000000,14.260840
31311999.,86.000000,18.421211
31311999.,87.000000,18.721046
31311999.,88.000000,17.504521
31311999.,89.000000,16.916966
31311999.,90.000000,15.681371
31311999.,91.000000,17.337996
31312000.,81.000000,7.1210456
31312000.,82.000000,8.0976669
31312000.,83.000000,7.3346407
31312000.,84.000000,9.3081529
31312000.,85.000000,8.8078592
31312000.,86.000000,6.8370856
31312000.,87.000000,6.0762730
31312000.,88.000000,6.1201935
31312000.,89.000000,6.2605848
31312000.,90.000000,6.0023996
31312000.,91.000000,4.7358128
31312651.,81.000000,11.853367
31312651.,82.000000,17.096323
31312651.,83.000000,14.849181
31312651.,84.000000,12.606063
31312651.,85.000000,11.923231
31312651.,86.000000,19.568229
31312651.,87.000000,15.084819
31312651.,88.000000,16.287639
31312651.,89.000000,12.228678
31312651.,90.000000,7.6050353
31312651.,91.000000,9.1747982
31312652.,81.000000,16.315517
31312652.,82.000000,15.538133
31312652.,83.000000,14.322948
31312652.,84.000000,10.533904
31312652.,85.000000,11.929022
31312652.,86.000000,12.336002
31312652.,87.000000,11.685042
31312652.,88.000000,12.594078
31312652.,89.000000,14.110817
31312652.,90.000000,12.374013
31312652.,91.000000,13.445265
31312675.,81.000000,8.0989832
31312675.,82.000000,6.4039277
31312675.,83.000000,5.4946598
31312675.,84.000000,6.3718965
31312704.,84.000000,10.634507
31312735.,81.000000,10.597642
31312735.,82.000000,9.5030620
31312735.,83.000000,8.9855683
31312735.,85.000000,8.6302411
31312735.,86.000000,9.3486135
31312735.,87.000000,6.9799189
31312735.,88.000000,7.3902997
31312735.,89.000000,8.1975540
31312735.,90.000000,7.4802803
31312735.,91.000000,6.7574250
31312744.,81.000000,4.6935737
31312744.,82.000000,4.0976962
31312744.,83.000000,4.3191213
31312744.,84.000000,4.9723214
31312744.,85.000000,6.9800519
31312744.,86.000000,8.2597207
31312744.,87.000000,9.5630854
31312793.,81.000000,34.915940
31312793.,82.000000,23.037336
31312793.,83.000000,22.262860
31312793.,84.000000,13.831762
31312826.,82.000000,12.978642
31312826.,83.000000,11.417134
31312826.,84.000000,8.7434290
31312871.,81.000000,7.0313583
31312871.,82.000000,7.1998419
31312871.,83.000000,7.7947400
31312871.,84.000000,3.5786804
31312897.,81.000000,6.9700883
31312897.,82.000000,7.3712788
31312897.,83.000000,7.0367331
31312897.,84.000000,6.4917898
31312992.,81.000000,26.530251
31313060.,81.000000,8.0783164
31313060.,82.000000,9.1489657
31313060.,83.000000,9.5318536
31313164.,81.000000,20.126002
31313164.,82.000000,19.447597
31313164.,83.000000,3.6459671
31313202.,81.000000,10.555725
31313285.,81.000000,6.3979828
31313285.,82.000000,7.4168855
31313285.,83.000000,8.9845343
31313406.,81.000000,10.856695
31313406.,82.000000,11.460054
31313437.,81.000000,12.529473
31313437.,82.000000,12.106789
31313445.,81.000000,6.5938746
31313445.,82.000000,5.9335378
31313620.,81.000000,6.2784334
31313620.,82.000000,7.6937429
31313721.,81.000000,8.3691744
31313721.,82.000000,5.4464535
31313769.,81.000000,7.7738642
31313769.,82.000000,4.3295914
31313847.,81.000000,5.4182151
31313847.,82.000000,6.9550934
31314213.,81.000000,12.507243
31314284.,81.000000,13.740695
31314303.,81.000000,18.375352
31314367.,81.000000,10.260425
31314416.,81.000000,24.122109
31314562.,81.000000,21.046286
31314562.,82.000000,13.449974
31314562.,83.000000,11.516016
31314562.,84.000000,10.143503
31314562.,85.000000,11.553674
31314562.,86.000000,10.431039
31314562.,87.000000,12.076823
31314562.,88.000000,12.430047
31314562.,89.000000,13.064426
31314562.,90.000000,9.9057594
31314562.,91.000000,10.045757
31314790.,81.000000,35.942239
31314790.,82.000000,28.644733
31314790.,83.000000,27.053276
31314790.,84.000000,47.992844
31314790.,85.000000,42.310049
31314790.,86.000000,39.680233
31314790.,87.000000,41.386667
31314790.,88.000000,34.068955
31314790.,89.000000,24.333751
31314790.,90.000000,17.646074
31314790.,91.000000,19.491351
31314839.,81.000000,20.328811
31314839.,82.000000,17.802097
31314839.,83.000000,19.615073
31314839.,84.000000,15.575235
31314839.,85.000000,14.984779
31314839.,86.000000,14.343328
31314839.,87.000000,12.626574
31314839.,88.000000,12.705199
31314839.,89.000000,13.146040
31314839.,90.000000,13.155095
31314839.,91.000000,12.957566
31314849.,81.000000,22.933078
31314849.,82.000000,20.495251
31314849.,83.000000,20.243533
31314849.,84.000000,18.475890
31314849.,85.000000,18.427800
31314849.,86.000000,17.465697
31314849.,87.000000,17.021120
31314849.,88.000000,17.761977
31314849.,89.000000,17.069432
31314849.,90.000000,16.604918
31314849.,91.000000,16.259191
31314859.,81.000000,28.587877
31314859.,82.000000,28.846816
31314859.,83.000000,25.013193
31314859.,84.000000,19.526148
31314859.,85.000000,21.704799
31314859.,86.000000,15.825212
31314859.,87.000000,16.641416
31314859.,88.000000,14.076125
31314859.,89.000000,14.819413
31314859.,90.000000,15.452760
31314859.,91.000000,14.338655
31315369.,81.000000,33.812100
31315369.,82.000000,34.526569
31315369.,83.000000,31.666566
31315369.,84.000000,37.531966
31315369.,85.000000,41.588909
31315369.,86.000000,33.231569
31315369.,87.000000,19.939214
31315369.,88.000000,17.482374
31315369.,89.000000,26.092207
31315369.,90.000000,20.460188
31315957.,81.000000,39.567493
31315957.,82.000000,39.557418
31315957.,83.000000,27.018918
31315957.,84.000000,20.875844
31315957.,85.000000,22.057362
31315957.,86.000000,19.629766
31315957.,87.000000,23.416530
31315957.,88.000000,28.435327
31315957.,89.000000,23.833806
31315957.,90.000000,28.365249
31315959.,81.000000,20.541231
31315959.,82.000000,18.080064
31315959.,83.000000,50.046303
31315959.,84.000000,43.008109
31315959.,85.000000,18.329708
31315959.,86.000000,49.731144
31315959.,87.000000,25.398606
31315959.,88.000000,13.308295
31315959.,89.000000,16.548950
31315959.,90.000000,14.620130
31315959.,91.000000,12.502021
31316543.,81.000000,8.1976536
31316543.,82.000000,8.5647465
31316543.,83.000000,8.6850355
31316543.,84.000000,8.5599948
31316543.,85.000000,10.128584
31316543.,86.000000,10.163539
31316543.,87.000000,8.9631509
31316543.,88.000000,9.0837473
31316843.,81.000000,5.9095368
31316843.,82.000000,6.8902705
31316843.,83.000000,7.9866699
31316843.,84.000000,9.3292149
31316843.,85.000000,11.153766
31316843.,86.000000,10.625560
31316843.,87.000000,9.9660626
31316843.,88.000000,9.9968038
31316843.,89.000000,10.132808
31316844.,81.000000,29.831868
31316844.,82.000000,32.741836
31316844.,83.000000,25.765672
31316844.,84.000000,20.756960
31316844.,85.000000,20.882308
31316844.,86.000000,17.736366
31316844.,87.000000,26.160586
31316844.,88.000000,29.207398
31316844.,89.000000,30.190267
31316844.,90.000000,23.038378
31316847.,81.000000,13.833965
31316847.,82.000000,13.246338
31316847.,83.000000,12.934209
31316847.,84.000000,13.002864
31316847.,85.000000,13.452155
31316847.,86.000000,12.092076
31316847.,87.000000,13.278339
31316847.,88.000000,11.825592
31316847.,89.000000,11.377613
31316847.,90.000000,13.059030
31316847.,91.000000,12.854161
31316849.,81.000000,14.921006
31316849.,82.000000,12.984303
31316849.,83.000000,16.056537
31316849.,84.000000,12.397578
31316849.,85.000000,13.395136
31316849.,86.000000,11.890844
31316849.,87.000000,15.929987
31316849.,88.000000,12.489032
31316849.,89.000000,11.903779
31316849.,90.000000,13.430534
31316849.,91.000000,13.299850
31317698.,81.000000,31.216584
31317698.,82.000000,5.3330655
31317698.,83.000000,3.4979525
31317698.,84.000000,4.1643753
31317698.,85.000000,8.6882829
31317698.,86.000000,8.0357328
31317698.,87.000000,4.3243302
31317698.,88.000000,7.7069769
31317698.,89.000000,10.023963
31317698.,90.000000,13.218327
31317698.,91.000000,12.582074
31317699.,81.000000,17.165097
31317699.,82.000000,26.430688
31317699.,83.000000,11.456001
31317699.,84.000000,10.780941
31317699.,85.000000,10.469416
31317699.,86.000000,9.6274530
31317699.,87.000000,13.780060
31317699.,88.000000,8.8744497
31317700.,81.000000,29.146696
31317700.,82.000000,23.983943
31317700.,83.000000,16.215901
31317700.,84.000000,21.252379
31317700.,85.000000,14.102880
31317700.,86.000000,13.847747
31317700.,87.000000,12.303054
31317700.,88.000000,11.885644
31317700.,89.000000,12.352642
31317700.,90.000000,12.004599
31317700.,91.000000,11.867233
31317701.,81.000000,7.6451539
31317701.,82.000000,5.0913574
31317701.,83.000000,3.5818708
31317701.,84.000000,6.2022720
31317701.,85.000000,6.5404165
31317701.,86.000000,7.1332023
31317701.,87.000000,7.9243455
31317701.,88.000000,7.9555709
31317701.,89.000000,5.9780587
31317701.,90.000000,7.1984450
31317701.,91.000000,7.1464025
31317703.,81.000000,11.361709
31317703.,82.000000,10.998770
31317703.,83.000000,11.614161
31317703.,84.000000,9.6002228
31317704.,81.000000,6.5529162
31317704.,82.000000,6.2835210
31317704.,83.000000,6.5683183
31317704.,84.000000,5.6491504
31317705.,81.000000,8.6915630
31317705.,82.000000,9.0611595
31317705.,83.000000,8.6129059
31317705.,84.000000,8.9903897
31317705.,85.000000,8.8556880
31317705.,86.000000,9.1873210
31317705.,87.000000,12.007816
31317705.,88.000000,8.9344313
31317705.,89.000000,9.5202843
31317705.,90.000000,10.455746
31317705.,91.000000,10.172768
31318578.,81.000000,12.824430
31318578.,82.000000,11.416138
31318578.,83.000000,10.605751
31318578.,84.000000,11.785711
31318578.,85.000000,20.459029
31318578.,86.000000,5.5054723
31318578.,87.000000,13.220488
31318578.,88.000000,16.700856
31318578.,89.000000,17.616966
31318578.,90.000000,17.519819
31318578.,91.000000,17.286224
31318579.,81.000000,8.7484124
31318579.,82.000000,13.468717
31318579.,83.000000,16.602016
31318579.,84.000000,12.575603
31318579.,85.000000,11.863481
31318579.,86.000000,9.9785511
31318579.,87.000000,9.0001042
31318579.,88.000000,8.1561252
31318579.,89.000000,7.5562017
31318579.,90.000000,8.5582809
31318579.,91.000000,9.0154103
31318580.,81.000000,7.5063369
31318580.,82.000000,5.6784144
31318580.,83.000000,8.0331472
31318581.,81.000000,6.0421424
31318581.,82.000000,8.4409294
31318581.,83.000000,8.6841394
31318581.,84.000000,10.643639
31318581.,85.000000,10.764318
31318581.,86.000000,7.9593445
31318581.,87.000000,6.6591694
31318581.,88.000000,5.8915002
31318581.,89.000000,6.7778976
31318581.,90.000000,6.0166772
31318582.,81.000000,9.1395031
31318582.,82.000000,8.9212634
31318582.,83.000000,8.0653551
31318582.,84.000000,7.3243752
31318582.,85.000000,8.3096179
31318582.,86.000000,8.4182345
31318582.,87.000000,10.434534
31318582.,88.000000,8.7561297
31318582.,89.000000,8.8938945
31318582.,90.000000,12.113774
31318582.,91.000000,10.601359
