plant          ,year           ,CD-productivity
32110423.,81.000000,8.7096455
32110423.,82.000000,7.4865334
32110423.,83.000000,6.6362136
32110423.,84.000000,6.3856780
32110423.,85.000000,7.2262655
32110423.,86.000000,7.2820406
32110423.,87.000000,7.4408658
32110423.,88.000000,7.7218435
32110423.,89.000000,8.1962510
32110423.,90.000000,7.8045661
32110423.,91.000000,7.7814857
32110424.,81.000000,7.5369262
32110424.,82.000000,7.2732452
32110424.,83.000000,6.4856191
32110424.,84.000000,7.2090314
32110424.,85.000000,7.0171190
32110424.,86.000000,6.1011306
32110424.,87.000000,6.4836574
32110424.,88.000000,6.2297744
32110424.,89.000000,5.8809768
32110424.,90.000000,6.1015270
32110424.,91.000000,5.5436234
32110425.,81.000000,4.7806341
32110425.,82.000000,8.4934390
32110425.,83.000000,6.6372303
32110425.,84.000000,8.6093832
32110425.,85.000000,5.9461784
32110426.,81.000000,4.5438629
32110426.,82.000000,5.1126095
32110426.,83.000000,5.5200050
32110426.,84.000000,6.8919615
32110426.,85.000000,7.1892000
32110426.,86.000000,6.7664004
32110426.,87.000000,5.6333056
32110426.,88.000000,4.6011423
32110426.,89.000000,4.8438848
32110426.,90.000000,5.4200130
32110426.,91.000000,5.3079476
32110427.,81.000000,8.5679041
32110427.,82.000000,7.3055334
32110427.,83.000000,6.9007628
32110427.,84.000000,6.8715262
32110427.,85.000000,6.5695262
32110427.,86.000000,6.6707492
32110427.,87.000000,6.8438932
32110427.,88.000000,7.0737549
32110427.,89.000000,6.9909112
32110427.,90.000000,7.7138034
32110427.,91.000000,7.8487775
32110428.,81.000000,10.617083
32110428.,82.000000,9.1068397
32110428.,83.000000,7.5583549
32110428.,84.000000,8.2624007
32110428.,85.000000,8.2859522
32110428.,86.000000,8.8526248
32110428.,87.000000,7.7565415
32110428.,88.000000,10.542257
32110428.,89.000000,10.441120
32110428.,90.000000,9.4934971
32110428.,91.000000,9.1042935
32110429.,81.000000,5.9178621
32110429.,82.000000,5.1619924
32110429.,83.000000,5.1331396
32110429.,84.000000,6.6731358
32110429.,85.000000,6.0925549
32110429.,86.000000,5.8273124
32110429.,87.000000,6.1736354
32110429.,88.000000,6.1907665
32110429.,89.000000,5.9861013
32110429.,90.000000,7.6271491
32110429.,91.000000,8.4587952
32110431.,81.000000,8.1175056
32110431.,82.000000,10.958988
32110431.,83.000000,9.4234343
32110431.,84.000000,8.2235301
32110431.,85.000000,8.7979561
32110431.,86.000000,9.2856108
32110431.,87.000000,8.9847016
32110431.,88.000000,8.9723276
32110431.,89.000000,7.2093133
32110431.,90.000000,5.8727107
32110431.,91.000000,7.0990417
32110432.,81.000000,6.5007654
32110432.,82.000000,6.1406293
32110432.,83.000000,4.9453355
32110432.,84.000000,4.0115854
32110432.,85.000000,7.5659199
32110432.,86.000000,6.4695072
32110432.,87.000000,6.1763946
32110432.,88.000000,6.5636144
32110432.,89.000000,5.4908500
32110432.,90.000000,7.0029162
32110432.,91.000000,5.5220646
32110433.,81.000000,8.1122563
32110433.,82.000000,9.2299300
32110433.,83.000000,8.2497989
32110433.,84.000000,8.7408621
32110433.,85.000000,8.5998695
32110433.,86.000000,7.3992433
32110433.,87.000000,7.1200697
32110433.,88.000000,8.0721733
32110433.,89.000000,7.4053984
32110433.,90.000000,6.7893556
32110433.,91.000000,5.6606685
32110434.,81.000000,6.6222026
32110434.,82.000000,7.4345296
32110434.,83.000000,7.2701382
32110434.,84.000000,6.3483068
32110434.,85.000000,9.9660452
32110434.,86.000000,6.1361826
32110434.,87.000000,6.4723576
32110434.,88.000000,6.7358031
32110434.,89.000000,6.8935795
32110434.,90.000000,6.5586876
32110434.,91.000000,6.4934956
32110435.,81.000000,5.6104989
32110435.,82.000000,5.1444511
32110435.,83.000000,4.9680138
32110435.,84.000000,4.7413264
32110435.,85.000000,4.6675191
32110435.,86.000000,4.3856378
32110435.,87.000000,4.4928914
32110435.,88.000000,4.4265517
32110435.,89.000000,4.5531367
32110435.,90.000000,4.6585315
32110435.,91.000000,5.1145375
32110436.,81.000000,6.8741817
32110436.,82.000000,6.7995394
32110436.,83.000000,3.7948654
32110436.,84.000000,7.3642920
32110436.,85.000000,6.4864313
32110436.,86.000000,6.3578449
32110436.,87.000000,7.1752976
32110436.,88.000000,7.0824114
32110436.,89.000000,7.6325375
32110436.,90.000000,7.8966330
32110436.,91.000000,6.7661104
32110437.,81.000000,6.4642278
32110437.,82.000000,6.1171153
32110437.,83.000000,5.7941173
32110437.,84.000000,5.4748459
32110437.,85.000000,5.9097884
32110437.,86.000000,5.7313314
32110437.,87.000000,3.2567499
32110437.,88.000000,4.6152669
32110438.,81.000000,7.2713660
32110438.,82.000000,6.7004943
32110438.,83.000000,5.4457488
32110438.,84.000000,4.3841469
32110438.,85.000000,7.6474537
32110438.,86.000000,8.3275917
32110438.,87.000000,8.2173330
32110438.,88.000000,2.6607054
32110438.,89.000000,2.0147302
32110438.,90.000000,3.2174131
32110438.,91.000000,4.7479285
32110439.,81.000000,5.4187689
32110439.,82.000000,6.2094820
32110439.,83.000000,5.9256160
32110439.,84.000000,5.7058604
32110439.,85.000000,5.7760512
32110439.,86.000000,5.1190960
32110439.,87.000000,5.0832464
32110439.,88.000000,5.4447025
32110439.,89.000000,4.8560224
32110439.,90.000000,5.7669684
32110439.,91.000000,7.1648957
32110441.,81.000000,5.3826085
32110441.,82.000000,5.4721717
32110441.,83.000000,6.6636887
32110441.,84.000000,6.2688108
32110441.,85.000000,5.6403796
32110441.,86.000000,4.7483349
32110441.,87.000000,5.2663358
32110441.,88.000000,4.6626811
32110441.,89.000000,5.4869003
32110441.,90.000000,4.5673242
32110441.,91.000000,4.2998699
32110442.,81.000000,5.6000066
32110442.,82.000000,6.5795906
32110442.,83.000000,4.8585167
32110442.,84.000000,5.9148945
32110442.,85.000000,5.8733011
32110442.,86.000000,5.3558981
32110442.,87.000000,5.3959861
32110442.,88.000000,5.4540941
32110442.,89.000000,4.9953539
32110442.,90.000000,4.7571429
32110442.,91.000000,5.4394525
32110443.,81.000000,4.3673276
32110443.,82.000000,4.6815844
32110443.,83.000000,4.9000646
32110443.,84.000000,4.8506272
32110443.,85.000000,4.8946506
32110443.,86.000000,4.8809449
32110443.,87.000000,5.0501837
32110443.,88.000000,4.8694835
32110443.,89.000000,4.7872092
32110443.,90.000000,4.8212183
32110443.,91.000000,5.3930948
32110444.,81.000000,7.2372496
32110444.,82.000000,6.6773730
32110444.,83.000000,6.6915160
32110444.,84.000000,7.7619367
32110444.,85.000000,7.8582633
32110444.,86.000000,8.1928050
32110444.,87.000000,8.3485493
32110444.,88.000000,8.6853891
32110444.,89.000000,8.4253888
32110444.,90.000000,8.5392307
32110444.,91.000000,8.2502999
32110445.,81.000000,4.8962735
32110445.,82.000000,5.5118528
32110445.,83.000000,5.6511259
32110445.,84.000000,6.0379980
32110445.,85.000000,6.3576996
32110445.,86.000000,6.5778797
32110445.,87.000000,6.6444982
32110445.,88.000000,6.1098043
32110445.,89.000000,5.5880145
32110445.,90.000000,6.4660049
32110445.,91.000000,6.4946259
32110446.,81.000000,4.8466239
32110446.,82.000000,4.9474957
32110446.,83.000000,5.4799752
32110446.,84.000000,5.7114701
32110446.,85.000000,5.0665984
32110446.,86.000000,5.1269480
32110446.,87.000000,4.5920586
32110446.,88.000000,4.8572616
32110446.,89.000000,4.5245705
32110446.,90.000000,5.1950089
32110446.,91.000000,5.4271253
32110447.,81.000000,5.4319244
32110447.,82.000000,5.7928652
32110447.,83.000000,5.9648909
32110447.,84.000000,7.3661296
32110447.,85.000000,7.2779761
32110447.,86.000000,7.8681981
32110447.,87.000000,7.6135277
32110447.,88.000000,7.9482180
32110447.,89.000000,7.5308962
32110447.,90.000000,7.7761642
32110447.,91.000000,8.0100824
32110448.,81.000000,14.178221
32110448.,82.000000,16.562945
32110448.,83.000000,18.536913
32110448.,84.000000,15.024953
32110448.,85.000000,12.538280
32110448.,86.000000,17.533998
32110450.,81.000000,10.529898
32110450.,82.000000,8.3080898
32110450.,83.000000,9.1395421
32110450.,84.000000,10.237880
32110450.,85.000000,8.6402420
32110450.,86.000000,5.6391807
32110450.,87.000000,6.6235055
32110450.,88.000000,7.8788568
32110450.,89.000000,8.7500785
32110450.,90.000000,8.3075045
32110450.,91.000000,10.010503
32110451.,81.000000,5.7612417
32110451.,82.000000,6.3848230
32110451.,83.000000,6.4522764
32110451.,84.000000,6.4682476
32110451.,85.000000,7.1507856
32110451.,86.000000,6.5243275
32110451.,87.000000,6.5473545
32110451.,88.000000,6.8829349
32110451.,89.000000,6.8075854
32110451.,90.000000,7.2333822
32110451.,91.000000,7.3373082
32110452.,81.000000,5.8080490
32110452.,82.000000,5.7191403
32110452.,83.000000,5.3311286
32110452.,84.000000,6.0183524
32110452.,85.000000,6.9356459
32110452.,86.000000,6.1686413
32110452.,87.000000,6.5906842
32110452.,88.000000,6.2943009
32110452.,89.000000,6.4805355
32110452.,90.000000,6.4097114
32110452.,91.000000,6.7519033
32110453.,81.000000,7.5255925
32110453.,82.000000,9.0246286
32110453.,83.000000,10.467230
32110453.,84.000000,10.239255
32110453.,85.000000,9.0778321
32110453.,86.000000,5.2414471
32110453.,87.000000,6.3511718
32110453.,88.000000,7.2617698
32110453.,89.000000,7.0938488
32110453.,90.000000,6.4303780
32110453.,91.000000,5.8416126
32110454.,81.000000,6.9472369
32110454.,82.000000,6.7789401
32110454.,83.000000,5.8967767
32110454.,84.000000,6.5481110
32110454.,85.000000,6.6498517
32110454.,86.000000,7.0512414
32110454.,87.000000,7.2685259
32110454.,88.000000,7.4065892
32110454.,89.000000,6.9527953
32110454.,90.000000,7.0561795
32110454.,91.000000,7.2868491
32110455.,81.000000,8.1252087
32110455.,82.000000,9.8002839
32110455.,83.000000,8.8241715
32110455.,84.000000,9.1521243
32110455.,85.000000,10.140503
32110455.,86.000000,10.238227
32110455.,87.000000,10.693927
32110455.,88.000000,10.351996
32110455.,89.000000,10.338976
32110455.,90.000000,10.157433
32110455.,91.000000,11.684374
32110456.,81.000000,8.7699007
32110456.,82.000000,7.5571346
32110456.,83.000000,7.2101040
32110456.,84.000000,7.5185184
32110456.,85.000000,6.6593972
32110456.,86.000000,6.5367198
32110456.,87.000000,6.5719259
32110456.,88.000000,6.8872210
32110456.,89.000000,6.4587454
32110456.,90.000000,6.5660810
32110456.,91.000000,7.0837554
32110457.,81.000000,6.5356734
32110457.,82.000000,7.1994105
32110457.,83.000000,6.2909286
32110457.,84.000000,6.7007494
32110457.,85.000000,6.5704053
32110457.,86.000000,7.7719686
32110457.,87.000000,6.1426779
32110457.,88.000000,6.3051835
32110457.,89.000000,6.0431045
32110457.,90.000000,7.3261688
32110457.,91.000000,6.0048824
32110458.,81.000000,6.1926874
32110458.,82.000000,6.7144663
32110458.,83.000000,5.5950981
32110458.,84.000000,6.3874941
32110458.,85.000000,6.5873036
32110458.,86.000000,6.4341813
32110458.,87.000000,6.1235434
32110458.,88.000000,6.1226332
32110458.,89.000000,6.1586446
32110458.,90.000000,5.6842214
32110458.,91.000000,5.3330892
32110459.,81.000000,6.1241961
32110459.,82.000000,8.9702509
32110459.,83.000000,4.7247459
32110459.,84.000000,5.1966003
32110459.,85.000000,5.0423428
32110459.,86.000000,5.5022424
32110459.,87.000000,5.3825845
32110459.,88.000000,5.1884892
32110459.,89.000000,4.9076082
32110459.,90.000000,5.1514569
32110459.,91.000000,7.4617932
32110460.,81.000000,6.7855995
32110460.,82.000000,6.8348495
32110460.,83.000000,6.6994770
32110460.,84.000000,7.0937811
32110460.,85.000000,6.7172484
32110460.,86.000000,6.8545809
32110460.,87.000000,6.2612249
32110460.,88.000000,6.0096153
32110460.,89.000000,6.2916219
32110460.,90.000000,6.1100058
32110460.,91.000000,6.7517109
32110461.,84.000000,4.8167950
32110461.,85.000000,4.9429047
32110461.,86.000000,5.0552646
32110461.,87.000000,5.6742777
32110461.,88.000000,4.8696908
32110461.,89.000000,4.8063367
32110461.,90.000000,4.8811689
32110461.,91.000000,4.8961526
32110462.,81.000000,5.3435074
32110462.,82.000000,5.3082877
32110462.,83.000000,5.5833067
32110462.,84.000000,5.5567005
32110462.,85.000000,5.4865782
32110462.,86.000000,5.2332956
32110462.,87.000000,5.3685449
32110462.,88.000000,5.7719131
32110462.,89.000000,6.0217457
32110462.,90.000000,5.4500615
32110462.,91.000000,4.7942874
32110463.,81.000000,9.2841357
32110463.,82.000000,9.0100381
32110463.,83.000000,8.9924539
32110463.,84.000000,9.2469009
32110463.,85.000000,10.133128
32110463.,86.000000,10.259831
32110463.,87.000000,10.232989
32110463.,88.000000,11.480720
32110463.,89.000000,11.026217
32110463.,90.000000,10.673347
32110463.,91.000000,11.521951
32110464.,82.000000,5.7581491
32110464.,83.000000,4.8167142
32110464.,84.000000,4.9875441
32110464.,85.000000,4.6715810
32110464.,86.000000,5.1262710
32110464.,87.000000,5.2134691
32110464.,88.000000,4.8614980
32110464.,89.000000,5.4022478
32110464.,90.000000,4.8333820
32110465.,81.000000,7.1951905
32110465.,82.000000,7.5000471
32110465.,83.000000,6.7052327
32110465.,84.000000,8.0777844
32110465.,85.000000,7.5357851
32110465.,86.000000,7.6973334
32110466.,81.000000,5.5749480
32110466.,82.000000,5.5191200
32110466.,83.000000,5.7780342
32110466.,84.000000,6.1306402
32110466.,85.000000,5.7917108
32110466.,86.000000,5.8283428
32110466.,87.000000,5.0997652
32110466.,88.000000,5.9297931
32110466.,89.000000,6.9032690
32110466.,90.000000,8.9672359
32110466.,91.000000,9.6368806
32110467.,81.000000,6.2402301
32110467.,82.000000,5.3867453
32110467.,83.000000,5.7113363
32110467.,84.000000,6.2445488
32110467.,85.000000,5.9482489
32110467.,86.000000,5.7273700
32110467.,87.000000,5.8938827
32110467.,88.000000,6.0765979
32110467.,89.000000,6.3362469
32110467.,90.000000,5.9554602
32110467.,91.000000,6.0952109
32110469.,81.000000,7.1428314
32110469.,82.000000,8.4170497
32110469.,83.000000,7.5052698
32110469.,84.000000,8.4558693
32110469.,85.000000,7.7002924
32110469.,86.000000,7.0229184
32110469.,87.000000,7.8563012
32110469.,88.000000,8.6310237
32110469.,89.000000,9.5028277
32110469.,90.000000,9.2225576
32110469.,91.000000,8.3827861
32110470.,81.000000,6.8095468
32110470.,82.000000,5.6217449
32110470.,83.000000,5.6934867
32110470.,84.000000,6.9708089
32110470.,85.000000,6.6039117
32110470.,86.000000,6.6946751
32110470.,87.000000,5.1024099
32110470.,88.000000,6.1493633
32110470.,89.000000,5.8668192
32110470.,90.000000,5.9757140
32110470.,91.000000,5.7702960
32110471.,81.000000,5.6231901
32110471.,82.000000,6.1288529
32110471.,83.000000,6.8879987
32110471.,84.000000,5.1731809
32110471.,85.000000,5.4064544
32110471.,86.000000,5.5909409
32110471.,87.000000,4.6763307
32110471.,88.000000,5.2939054
32110471.,89.000000,4.7303178
32110471.,90.000000,3.9224829
32110471.,91.000000,3.7854113
32110472.,81.000000,6.4438491
32110472.,82.000000,7.1631666
32110472.,83.000000,5.5765712
32110472.,84.000000,5.8835097
32110472.,85.000000,8.0142484
32110472.,86.000000,11.925371
32110472.,87.000000,10.479770
32110472.,88.000000,13.308054
32110472.,89.000000,13.055033
32110472.,90.000000,11.002097
32110472.,91.000000,12.575597
32110473.,81.000000,4.5450079
32110473.,82.000000,5.1999888
32110473.,83.000000,4.1894522
32110473.,84.000000,4.8853222
32110473.,85.000000,5.0624036
32110473.,86.000000,5.0856434
32110473.,87.000000,5.8062194
32110474.,81.000000,6.7445139
32110474.,82.000000,5.9664894
32110474.,83.000000,5.9104565
32110474.,84.000000,5.5751776
32110474.,85.000000,5.5557413
32110474.,86.000000,4.6576896
32110474.,87.000000,5.4955545
32110474.,88.000000,5.8563655
32110475.,82.000000,3.6136579
32110475.,83.000000,3.4183197
32110475.,84.000000,2.8719078
32110475.,85.000000,3.2155961
32110476.,81.000000,5.6953264
32110476.,82.000000,5.9288331
32110476.,83.000000,5.6530906
32110476.,84.000000,6.0143648
32110476.,85.000000,5.8345031
32110476.,86.000000,5.4562848
32110476.,87.000000,5.7756050
32110476.,88.000000,6.0991462
32110476.,89.000000,5.8516653
32110476.,90.000000,5.7746105
32110476.,91.000000,5.8326066
32110477.,83.000000,4.1019637
32110477.,84.000000,4.7591721
32110477.,85.000000,4.4369165
32110477.,90.000000,4.2488991
32110477.,91.000000,4.4670335
32110478.,81.000000,5.2412829
32110478.,82.000000,4.7924761
32110478.,83.000000,4.3634659
32110478.,84.000000,4.6914614
32110478.,85.000000,4.4458355
32110478.,86.000000,4.4136735
32110479.,81.000000,6.1787861
32110479.,82.000000,5.5851297
32110479.,83.000000,5.4774807
32110479.,84.000000,6.9958500
32110479.,85.000000,6.1116368
32110479.,86.000000,5.4189951
32110479.,87.000000,5.8378259
32110479.,88.000000,6.7562756
32110479.,89.000000,7.8170366
32110479.,90.000000,9.2925761
32110479.,91.000000,8.0742175
32110480.,81.000000,5.4786892
32110480.,82.000000,5.1163779
32110480.,83.000000,4.8502720
32110480.,84.000000,5.0693260
32110480.,85.000000,4.7024661
32110480.,86.000000,3.8983592
32110480.,87.000000,4.5402746
32110480.,88.000000,3.7430916
32110480.,89.000000,3.6784447
32110480.,90.000000,3.8922729
32110480.,91.000000,4.4379847
32110481.,81.000000,6.8347611
32110481.,82.000000,6.2491029
32110481.,83.000000,6.8705913
32110481.,84.000000,6.7382899
32110481.,85.000000,5.2762283
32110481.,86.000000,7.3296952
32110481.,87.000000,6.8752978
32110481.,88.000000,7.2881340
32110481.,89.000000,8.4082052
32110481.,90.000000,7.4682351
32110481.,91.000000,6.9080263
32110482.,81.000000,7.8665255
32110482.,82.000000,8.7514003
32110482.,83.000000,7.2500748
32110482.,84.000000,7.6847811
32110482.,85.000000,8.3553926
32110482.,86.000000,8.0670020
32110482.,87.000000,7.2266283
32110482.,88.000000,7.1328494
32110482.,89.000000,7.5362974
32110482.,90.000000,7.6501075
32110482.,91.000000,9.1188511
32110483.,81.000000,7.1782310
32110483.,82.000000,6.5458764
32110483.,83.000000,6.7222205
32110483.,84.000000,6.8557504
32110483.,85.000000,6.8465257
32110483.,86.000000,6.4276697
32110483.,87.000000,6.8360263
32110483.,88.000000,6.1280253
32110483.,89.000000,6.3518806
32110483.,90.000000,6.3845819
32110483.,91.000000,6.3005718
32110484.,81.000000,4.2030959
32110484.,82.000000,4.2212688
32110484.,83.000000,4.2664187
32110484.,84.000000,4.1887581
32110484.,85.000000,5.2114214
32110484.,86.000000,4.6566597
32110484.,87.000000,3.7698675
32110484.,88.000000,3.1441560
32110484.,89.000000,3.2802137
32110484.,90.000000,3.1794451
32110484.,91.000000,3.0438735
32110485.,81.000000,5.9236297
32110485.,82.000000,6.1967363
32110485.,83.000000,7.9704314
32110485.,84.000000,6.1860737
32110485.,85.000000,7.0535348
32110485.,86.000000,6.2562775
32110485.,87.000000,5.5138350
32110485.,88.000000,5.5208292
32110485.,89.000000,5.6422164
32110485.,90.000000,5.0151720
32110485.,91.000000,6.0315645
32110486.,81.000000,1.8603050
32110486.,82.000000,2.0231695
32110486.,83.000000,1.8081508
32110486.,84.000000,1.9902238
32110486.,85.000000,1.9411722
32110486.,86.000000,1.8871528
32110486.,87.000000,1.9426641
32110486.,88.000000,1.9637018
32110487.,81.000000,7.0243948
32110487.,82.000000,5.4136591
32110487.,83.000000,5.9705368
32110487.,84.000000,6.1815739
32110487.,85.000000,5.7342043
32110487.,86.000000,5.9957235
32110487.,87.000000,6.3678287
32110487.,88.000000,5.4216080
32110488.,81.000000,6.6641443
32110488.,82.000000,6.6605569
32110488.,83.000000,6.0950030
32110488.,84.000000,7.5067296
32110488.,85.000000,6.6630074
32110488.,86.000000,7.3461025
32110488.,87.000000,7.1234484
32110488.,88.000000,8.9997956
32110488.,89.000000,7.9651534
32110488.,90.000000,6.9025289
32110488.,91.000000,7.7363060
32110489.,81.000000,6.8225746
32110489.,82.000000,6.4558137
32110489.,83.000000,6.6261243
32110489.,84.000000,6.5922789
32110489.,85.000000,6.7973788
32110489.,86.000000,6.3569882
32110489.,87.000000,6.4163508
32110489.,88.000000,6.4367058
32110489.,89.000000,6.5683599
32110489.,90.000000,6.5154917
32110489.,91.000000,7.0899818
32110490.,81.000000,9.6362864
32110490.,82.000000,9.1583880
32110490.,83.000000,10.847703
32110490.,84.000000,9.1068213
32110490.,85.000000,9.8322368
32110490.,86.000000,9.4868846
32110490.,87.000000,10.584073
32110490.,88.000000,10.768589
32110490.,89.000000,10.856460
32110491.,81.000000,4.9980927
32110491.,82.000000,5.1959306
32110491.,83.000000,4.6381014
32110491.,84.000000,5.4390912
32110491.,85.000000,4.7950870
32110491.,86.000000,4.7125865
32110491.,87.000000,5.2989435
32110491.,88.000000,6.1962357
32110491.,89.000000,5.8870503
32110491.,90.000000,3.4976739
32110492.,81.000000,4.6351278
32110492.,82.000000,4.8917257
32110492.,83.000000,4.2751711
32110492.,84.000000,4.5508931
32110492.,85.000000,5.1783767
32110492.,86.000000,5.4159503
32110492.,87.000000,4.5718405
32110492.,88.000000,4.7050139
32110492.,89.000000,4.5144564
32110492.,90.000000,4.3635099
32110492.,91.000000,4.3337858
32110493.,86.000000,4.6105812
32110493.,87.000000,5.4457461
32110493.,88.000000,4.8801468
32110493.,89.000000,5.4203953
32110493.,90.000000,5.2629947
32110493.,91.000000,5.2415150
32110494.,81.000000,5.9916852
32110494.,82.000000,5.4263497
32110494.,83.000000,5.3264206
32110494.,84.000000,4.0627214
32110494.,85.000000,3.5228970
32110495.,81.000000,7.0796739
32110495.,82.000000,5.3816308
32110495.,83.000000,4.1327487
32110495.,84.000000,6.0517659
32110495.,85.000000,4.7679257
32110495.,86.000000,6.2721099
32110495.,87.000000,5.2634491
32110495.,88.000000,5.1771337
32110495.,89.000000,5.6195728
32110495.,90.000000,4.7459468
32110495.,91.000000,4.6755399
32110496.,81.000000,5.7365884
32110496.,82.000000,5.5147637
32110496.,83.000000,6.3296933
32110496.,84.000000,5.9448937
32110496.,85.000000,6.3581904
32110496.,86.000000,5.2906357
32110496.,87.000000,5.5992858
32110496.,88.000000,6.5443290
32110496.,89.000000,6.5462854
32110496.,90.000000,6.8749986
32110496.,91.000000,6.6428866
32110497.,81.000000,4.3540368
32110497.,82.000000,5.3165227
32110497.,83.000000,5.2508397
32110497.,84.000000,3.7209992
32110497.,85.000000,3.5547899
32110497.,86.000000,3.9124359
32110497.,87.000000,3.7830383
32110497.,88.000000,3.7265379
32110497.,89.000000,3.3817582
32110497.,90.000000,2.8535516
32110497.,91.000000,2.8737490
32110499.,81.000000,8.0076211
32110499.,82.000000,7.0884254
32110499.,83.000000,6.6078358
32110499.,84.000000,6.4282233
32110499.,85.000000,6.3670908
32110500.,81.000000,5.4417691
32110500.,82.000000,5.1854689
32110500.,83.000000,3.9530672
32110500.,84.000000,4.7759484
32110500.,85.000000,4.5402767
32110500.,86.000000,4.7391437
32110500.,87.000000,4.8702618
32110500.,88.000000,4.7990959
32110500.,89.000000,4.4156255
32110500.,90.000000,4.2992994
32110500.,91.000000,3.1535735
32110501.,81.000000,5.0293486
32110501.,82.000000,8.6344438
32110501.,83.000000,6.3854646
32110501.,84.000000,5.8068019
32110501.,85.000000,4.4266942
32110501.,86.000000,4.5999115
32110501.,87.000000,3.5942989
32110501.,88.000000,3.9525488
32110501.,89.000000,2.2997062
32110502.,81.000000,5.2280044
32110502.,82.000000,4.8330945
32110502.,83.000000,4.9890938
32110502.,84.000000,6.1675440
32110502.,85.000000,4.6813504
32110502.,86.000000,4.4913614
32110502.,87.000000,4.1705727
32110502.,88.000000,4.4674342
32110502.,89.000000,4.6104104
32110502.,90.000000,4.2747141
32110502.,91.000000,4.9691074
32110503.,81.000000,7.0924270
32110503.,82.000000,6.1580759
32110503.,83.000000,6.2027915
32110503.,84.000000,6.3814215
32110503.,85.000000,6.5309732
32110503.,86.000000,5.0437473
32110503.,87.000000,5.0595330
32110503.,88.000000,5.7810354
32110503.,89.000000,5.5576308
32110503.,90.000000,5.6684742
32110503.,91.000000,4.9728886
32110504.,81.000000,5.8179027
32110504.,82.000000,5.7642912
32110504.,83.000000,5.0973833
32110504.,84.000000,3.6623252
32110504.,85.000000,4.2179280
32110504.,86.000000,3.8269182
32110504.,87.000000,5.1437477
32110504.,88.000000,7.1622584
32110504.,89.000000,7.3095096
32110504.,90.000000,8.4360321
32110504.,91.000000,8.8398835
32110505.,81.000000,3.5832903
32110505.,82.000000,3.0719130
32110505.,83.000000,1.7435518
32110505.,84.000000,2.7897980
32110505.,85.000000,2.9735979
32110505.,86.000000,2.7508052
32110505.,87.000000,2.8671702
32110505.,88.000000,3.8717858
32110505.,89.000000,3.7954732
32110505.,90.000000,3.2144373
32110505.,91.000000,3.5070264
32110506.,81.000000,7.4667678
32110506.,82.000000,7.7124935
32110506.,83.000000,8.1032075
32110506.,84.000000,8.9678054
32110506.,85.000000,8.9830369
32110506.,86.000000,9.7071134
32110506.,87.000000,8.2326568
32110506.,88.000000,9.6317089
32110506.,89.000000,7.6889204
32110506.,90.000000,8.7623650
32110506.,91.000000,11.186210
32110507.,81.000000,4.6913211
32110507.,82.000000,5.6798499
32110507.,83.000000,5.3243435
32110507.,84.000000,5.3175638
32110507.,85.000000,5.4482739
32110508.,81.000000,5.0401761
32110508.,82.000000,5.5780985
32110508.,83.000000,5.2141781
32110508.,84.000000,7.0829189
32110508.,85.000000,7.7070540
32110508.,86.000000,6.2924999
32110508.,87.000000,6.0681770
32110508.,88.000000,5.6355847
32110508.,89.000000,5.9995734
32110508.,90.000000,5.7561041
32110508.,91.000000,3.8106466
32110510.,81.000000,6.6414970
32110510.,83.000000,6.1361634
32110510.,84.000000,6.9560629
32110510.,85.000000,6.1906952
32110510.,86.000000,5.0685795
32110510.,87.000000,5.1597824
32110510.,88.000000,4.9562137
32110510.,89.000000,4.8520115
32110510.,90.000000,4.9677980
32110510.,91.000000,5.3065923
32110511.,81.000000,6.5185001
32110511.,82.000000,6.4836076
32110511.,83.000000,6.3666810
32110511.,84.000000,7.5583065
32110511.,85.000000,6.4955305
32110511.,86.000000,8.0489746
32110511.,87.000000,7.6695171
32110511.,88.000000,9.0940484
32110511.,89.000000,9.1967064
32110511.,90.000000,8.5836623
32110511.,91.000000,7.9101697
32110512.,81.000000,8.4686951
32110512.,83.000000,6.3490478
32110512.,84.000000,6.2117172
32110512.,85.000000,6.7314576
32110512.,86.000000,7.5143789
32110513.,82.000000,5.3649552
32110513.,83.000000,4.7237808
32110513.,84.000000,4.6391860
32110513.,85.000000,5.0021905
32110513.,86.000000,6.8504779
32110513.,87.000000,7.9482677
32110513.,88.000000,8.5285170
32110513.,89.000000,8.6416922
32110513.,90.000000,8.0398526
32110513.,91.000000,7.9705059
32110514.,81.000000,6.3479331
32110514.,82.000000,4.9272054
32110514.,83.000000,4.1528179
32110514.,84.000000,6.4166525
32110514.,85.000000,4.5098558
32110515.,81.000000,6.9969906
32110515.,82.000000,6.0224778
32110515.,83.000000,5.9981408
32110515.,84.000000,6.4091109
32110515.,85.000000,6.7432521
32110515.,86.000000,6.8712822
32110515.,87.000000,6.3175813
32110515.,88.000000,9.2365456
32110515.,89.000000,10.344197
32110515.,90.000000,8.5041162
32110515.,91.000000,7.7430230
32110516.,81.000000,6.2962842
32110516.,82.000000,6.9472934
32110516.,83.000000,6.1839433
32110516.,84.000000,6.9474816
32110516.,85.000000,6.4347820
32110516.,86.000000,6.4598020
32110516.,87.000000,6.5233576
32110516.,88.000000,6.3119714
32110516.,89.000000,6.3916680
32110517.,81.000000,6.9632695
32110517.,82.000000,4.1755334
32110517.,83.000000,4.5235322
32110517.,84.000000,4.6534672
32110517.,85.000000,4.2055071
32110517.,86.000000,4.3165294
32110518.,81.000000,7.3104316
32110518.,82.000000,9.1777324
32110518.,83.000000,9.4546737
32110518.,84.000000,9.4523551
32110518.,85.000000,8.8511121
32110519.,81.000000,8.9326828
32110519.,82.000000,8.0850129
32110519.,83.000000,5.2676972
32110519.,84.000000,5.2380346
32110519.,85.000000,5.3849384
32110519.,86.000000,5.9396758
32110520.,81.000000,5.4209368
32110520.,82.000000,5.6725949
32110520.,83.000000,5.8087198
32110520.,84.000000,6.3630011
32110520.,85.000000,6.8099937
32110520.,86.000000,6.0519740
32110520.,87.000000,5.1456766
32110520.,88.000000,7.2195621
32110520.,89.000000,5.9360831
32110520.,90.000000,6.2343755
32110520.,91.000000,6.7703575
32110521.,81.000000,6.3816605
32110521.,82.000000,6.5525676
32110521.,83.000000,5.5805549
32110521.,84.000000,5.3642464
32110521.,85.000000,5.5977796
32110521.,86.000000,5.5308738
32110521.,87.000000,6.0213819
32110521.,88.000000,4.8798352
32110521.,89.000000,5.0705294
32110521.,90.000000,5.0695572
32110521.,91.000000,4.9264377
32110522.,81.000000,6.4888180
32110522.,82.000000,6.4823228
32110522.,83.000000,6.2791176
32110522.,84.000000,6.5958380
32110522.,85.000000,5.8353044
32110522.,86.000000,6.6993054
32110522.,87.000000,6.8335108
32110522.,88.000000,6.9279418
32110522.,89.000000,9.6272668
32110522.,90.000000,12.167095
32110522.,91.000000,9.4807010
32110523.,81.000000,12.618665
32110523.,82.000000,4.9763720
32110523.,83.000000,4.5812618
32110523.,84.000000,3.1564652
32110523.,85.000000,3.0526164
32110523.,86.000000,3.4920244
32110524.,81.000000,6.3832681
32110524.,82.000000,6.2148523
32110524.,83.000000,5.1742789
32110524.,84.000000,6.1593156
32110524.,85.000000,6.0908259
32110524.,86.000000,6.1649735
32110524.,87.000000,6.7006808
32110524.,88.000000,6.6479861
32110524.,89.000000,6.7343690
32110524.,90.000000,7.2432459
32110524.,91.000000,6.4191500
32110525.,81.000000,4.7291153
32110525.,82.000000,5.2658354
32110525.,83.000000,4.2037793
32110525.,84.000000,4.1734571
32110525.,85.000000,3.7277343
32110525.,86.000000,3.6397421
32110525.,87.000000,3.7460471
32110525.,88.000000,3.5521501
32110525.,89.000000,3.3968785
32110525.,90.000000,3.1860995
32110525.,91.000000,3.2100615
32110526.,81.000000,7.8483509
32110526.,82.000000,7.2350341
32110526.,83.000000,6.9503280
32110526.,84.000000,6.1467199
32110526.,85.000000,6.1301019
32110526.,86.000000,5.9466666
32110526.,87.000000,6.3128674
32110526.,88.000000,6.4955901
32110526.,89.000000,6.5917919
32110526.,90.000000,6.4076250
32110526.,91.000000,6.5820063
32110527.,81.000000,5.9508214
32110527.,82.000000,5.2572619
32110527.,83.000000,3.8815314
32110527.,84.000000,5.0747519
32110527.,85.000000,5.0934305
32110527.,86.000000,5.3196145
32110527.,87.000000,5.5441448
32110527.,88.000000,5.0480230
32110527.,89.000000,4.8712975
32110527.,90.000000,4.8821442
32110527.,91.000000,4.5670114
32110528.,81.000000,5.5195458
32110528.,82.000000,3.8962072
32110528.,83.000000,4.1751108
32110528.,84.000000,4.3880180
32110528.,85.000000,3.8456414
32110528.,86.000000,3.4226636
32110528.,87.000000,3.7705545
32110528.,88.000000,3.7765011
32110528.,89.000000,3.7179683
32110528.,90.000000,3.7902347
32110528.,91.000000,3.1462093
32110529.,81.000000,5.0442965
32110529.,82.000000,5.1793435
32110529.,83.000000,5.0047957
32110529.,84.000000,5.7784761
32110529.,85.000000,5.0969971
32110529.,86.000000,4.8655951
32110529.,87.000000,5.4950833
32110529.,88.000000,5.8034605
32110529.,89.000000,5.9428617
32110529.,90.000000,6.1974715
32110529.,91.000000,5.8393225
32110530.,81.000000,5.0313604
32110530.,82.000000,5.2935857
32110530.,83.000000,6.4992824
32110530.,84.000000,5.1790328
32110530.,85.000000,4.4949131
32110530.,86.000000,5.0338337
32110530.,87.000000,5.3552119
32110530.,88.000000,4.7023687
32110530.,89.000000,5.0391457
32110530.,90.000000,4.7980170
32110530.,91.000000,5.3235336
32110531.,81.000000,4.3473364
32110531.,82.000000,4.3699892
32110531.,83.000000,4.2338453
32110531.,84.000000,4.7742892
32110531.,85.000000,4.6132086
32110531.,86.000000,4.9043130
32110531.,87.000000,4.5368462
32110531.,88.000000,4.7249978
32110531.,89.000000,5.2201834
32110531.,90.000000,7.2215381
32110531.,91.000000,7.0790549
32110532.,81.000000,5.7065294
32110532.,82.000000,5.2517949
32110532.,83.000000,5.3451227
32110532.,84.000000,5.5740600
32110532.,85.000000,5.5391051
32110532.,86.000000,5.3753021
32110532.,87.000000,4.5249753
32110533.,84.000000,10.097251
32110533.,85.000000,11.184746
32110533.,86.000000,7.8140280
32110533.,87.000000,6.1508159
32110533.,91.000000,7.4048427
32110534.,81.000000,6.0769776
32110534.,82.000000,6.2107973
32110535.,81.000000,4.0232177
32110535.,82.000000,4.8397934
32110535.,83.000000,4.2095126
32110535.,84.000000,4.2102351
32110535.,85.000000,4.0963843
32110536.,81.000000,5.0996536
32110536.,82.000000,4.9380485
32110536.,83.000000,4.4324289
32110536.,84.000000,4.7496378
32110536.,85.000000,5.0549546
32110536.,86.000000,4.7209206
32110536.,87.000000,4.6119521
32110536.,88.000000,4.5529672
32110536.,89.000000,4.3975929
32110536.,90.000000,4.2590130
32110536.,91.000000,4.1417734
32110537.,81.000000,10.122519
32110537.,82.000000,9.7765876
32110537.,83.000000,7.9716646
32110537.,84.000000,5.9229828
32110537.,85.000000,4.2193346
32110537.,86.000000,4.1004303
32110537.,87.000000,4.3741411
32110537.,88.000000,3.9645880
32110537.,89.000000,4.2031847
32110537.,90.000000,4.3217191
32110537.,91.000000,4.1604467
32110538.,81.000000,9.0733187
32110538.,82.000000,9.1269070
32110538.,83.000000,8.8917786
32110538.,84.000000,6.5097322
32110538.,85.000000,2.9147105
32110539.,81.000000,7.6591269
32110539.,82.000000,7.1429479
32110539.,83.000000,5.8443722
32110539.,84.000000,6.4928961
32110539.,85.000000,6.4614489
32110539.,86.000000,7.1400923
32110539.,87.000000,7.0060488
32110539.,88.000000,6.9019601
32110539.,89.000000,6.9262306
32110539.,90.000000,7.4647037
32110539.,91.000000,7.0080764
32110540.,81.000000,7.6025373
32110540.,82.000000,7.3355772
32110540.,83.000000,7.0973538
32110540.,84.000000,7.5028160
32110540.,85.000000,7.4414844
32110540.,86.000000,7.3188412
32110540.,87.000000,6.7980109
32110540.,88.000000,6.1685448
32110540.,89.000000,6.4894636
32110540.,90.000000,5.5583109
32110540.,91.000000,7.2167548
32110541.,81.000000,9.5463362
32110541.,82.000000,9.7947219
32110541.,83.000000,9.1266806
32110541.,84.000000,7.9852443
32110541.,85.000000,8.9802487
32110541.,86.000000,8.4673731
32110541.,87.000000,8.8230139
32110541.,88.000000,5.5208911
32110541.,89.000000,5.9324040
32110541.,90.000000,5.7213087
32110541.,91.000000,5.8529604
32110542.,81.000000,4.5367265
32110542.,82.000000,4.1813313
32110542.,83.000000,4.1184893
32110542.,84.000000,4.0639091
32110542.,85.000000,3.7981103
32110542.,86.000000,3.8732780
32110542.,87.000000,3.8838879
32110542.,88.000000,4.5714041
32110542.,89.000000,4.9004882
32110542.,90.000000,4.7009626
32110542.,91.000000,4.7515421
32110543.,81.000000,5.6930045
32110543.,82.000000,5.5868333
32110543.,83.000000,5.4003262
32110543.,84.000000,5.4937115
32110543.,85.000000,4.9119471
32110543.,86.000000,5.8072383
32110543.,87.000000,4.2170821
32110543.,88.000000,4.6813020
32110543.,89.000000,5.3169016
32110544.,81.000000,5.5274835
32110544.,82.000000,5.5683752
32110544.,83.000000,5.8498203
32110544.,84.000000,5.8124714
32110544.,85.000000,4.9829612
32110544.,86.000000,4.7172019
32110544.,87.000000,4.7008904
32110544.,88.000000,4.7902628
32110544.,89.000000,4.9752304
32110544.,90.000000,5.2143781
32110544.,91.000000,5.0267776
32110545.,81.000000,8.5776595
32110545.,82.000000,7.9420965
32110545.,83.000000,7.2998138
32110545.,84.000000,8.2908612
32110545.,85.000000,8.1217437
32110545.,86.000000,8.1292887
32110545.,87.000000,8.0076083
32110545.,88.000000,8.1058764
32110545.,89.000000,8.3494500
32110545.,90.000000,8.3288609
32110545.,91.000000,7.8877837
32110547.,81.000000,10.713089
32110547.,82.000000,7.8764164
32110547.,83.000000,7.9675752
32110547.,84.000000,10.976764
32110547.,85.000000,8.5568689
32110547.,86.000000,7.4519327
32110547.,87.000000,5.2373598
32110547.,88.000000,6.7038958
32110547.,89.000000,7.1605511
32110547.,90.000000,5.5419235
32110547.,91.000000,7.8000970
32110548.,81.000000,11.320159
32110548.,83.000000,10.681043
32110548.,84.000000,10.737517
32110548.,85.000000,9.8317110
32110548.,86.000000,11.543378
32110548.,87.000000,12.238616
32110548.,88.000000,10.663080
32110548.,89.000000,11.119314
32110548.,90.000000,13.563528
32110548.,91.000000,9.4550546
32110549.,81.000000,9.6725876
32110549.,82.000000,11.219432
32110549.,83.000000,7.7111136
32110549.,84.000000,6.5432913
32110549.,85.000000,6.9749461
32110549.,86.000000,7.7517748
32110549.,87.000000,10.248182
32110549.,88.000000,11.315921
32110549.,89.000000,9.7776232
32110549.,90.000000,10.037160
32110549.,91.000000,9.7719316
32110550.,81.000000,6.1186708
32110550.,82.000000,6.6550492
32110550.,83.000000,6.7283355
32110550.,84.000000,7.6332668
32110550.,85.000000,7.7506631
32110550.,86.000000,7.3957332
32110550.,87.000000,6.1126799
32110550.,88.000000,5.8751225
32110550.,89.000000,6.5742330
32110550.,90.000000,7.0550118
32110550.,91.000000,7.1572481
32110551.,81.000000,6.0934752
32110551.,82.000000,7.3467303
32110551.,83.000000,4.3922292
32110551.,84.000000,5.5471664
32110551.,85.000000,4.9487762
32110551.,86.000000,5.5699915
32110551.,87.000000,4.5913546
32110551.,88.000000,4.0669825
32110551.,89.000000,3.6657051
32110551.,90.000000,5.1890010
32110551.,91.000000,4.5277882
32110552.,81.000000,10.327600
32110552.,82.000000,11.750910
32110552.,83.000000,9.5070546
32110552.,84.000000,8.8582963
32110552.,85.000000,7.2780035
32110552.,86.000000,5.4435881
32110552.,87.000000,7.0578536
32110552.,90.000000,8.0301160
32110552.,91.000000,7.4944321
32110553.,81.000000,7.3101559
32110553.,82.000000,6.7819781
32110553.,83.000000,6.6399396
32110553.,84.000000,7.5569917
32110553.,85.000000,5.9333027
32110553.,86.000000,5.9810202
32110553.,87.000000,5.8497238
32110554.,81.000000,5.7851215
32110554.,82.000000,5.3806688
32110554.,83.000000,5.3399543
32110554.,84.000000,5.5192387
32110554.,85.000000,5.7211053
32110554.,86.000000,5.3146927
32110554.,87.000000,5.7780914
32110554.,88.000000,5.7012458
32110554.,89.000000,6.4700822
32110554.,90.000000,6.1229026
32110554.,91.000000,6.4375328
32110556.,81.000000,6.5676839
32110556.,82.000000,5.0044000
32110556.,83.000000,4.8285160
32110556.,84.000000,5.5366640
32110556.,85.000000,5.1093589
32110556.,86.000000,2.8705390
32110556.,87.000000,2.5817006
32110557.,81.000000,5.4203702
32110557.,82.000000,5.5834295
32110557.,83.000000,5.2972669
32110557.,84.000000,5.4954188
32110557.,85.000000,4.6689300
32110557.,86.000000,4.8291471
32110557.,87.000000,4.5995202
32110557.,88.000000,5.0775523
32110557.,89.000000,5.4395430
32110557.,90.000000,5.8304194
32110557.,91.000000,5.4198645
32110558.,81.000000,6.7440877
32110558.,82.000000,5.7696213
32110558.,83.000000,6.0447225
32110558.,84.000000,6.7853234
32110558.,85.000000,5.9004099
32110558.,86.000000,5.9877199
32110558.,87.000000,4.8231168
32110558.,88.000000,4.7812781
32110558.,89.000000,5.1724342
32110558.,90.000000,4.6488540
32110558.,91.000000,5.1993010
32110559.,81.000000,9.3325457
32110559.,82.000000,9.3732099
32110559.,83.000000,7.7137497
32110559.,84.000000,6.9998831
32110559.,85.000000,7.6906223
32110559.,86.000000,7.4305976
32110559.,87.000000,6.8694278
32110560.,81.000000,5.0957542
32110560.,82.000000,5.1793100
32110560.,83.000000,4.7404549
32110560.,84.000000,4.6191351
32110560.,85.000000,4.4152763
32110560.,86.000000,4.8735200
32110560.,87.000000,5.0839799
32110560.,89.000000,4.4268701
32110560.,90.000000,4.5712740
32110560.,91.000000,4.9894559
32110561.,81.000000,10.926122
32110561.,82.000000,9.2910880
32110561.,83.000000,9.1011944
32110561.,84.000000,9.0464177
32110561.,85.000000,9.4416225
32110561.,86.000000,8.9812960
32110561.,87.000000,9.4362133
32110561.,88.000000,9.3247759
32110561.,89.000000,8.6372174
32110561.,90.000000,9.1571805
32110561.,91.000000,9.1467909
32110562.,82.000000,10.569570
32110562.,83.000000,9.0565347
32110562.,84.000000,15.884724
32110562.,85.000000,16.618051
32110562.,86.000000,10.129044
32110562.,87.000000,8.3575005
32110562.,88.000000,10.174446
32110563.,81.000000,7.2417272
32110563.,82.000000,7.7183032
32110564.,81.000000,5.2523345
32110564.,82.000000,5.9410648
32110564.,83.000000,4.9712688
32110564.,84.000000,6.3350757
32110564.,85.000000,3.9370043
32110564.,86.000000,4.7166316
32110564.,87.000000,3.7583124
32110564.,88.000000,3.7980594
32110564.,89.000000,3.4038975
32110564.,90.000000,3.3807549
32110564.,91.000000,2.2637925
32110565.,81.000000,4.7390336
32110565.,82.000000,5.3364999
32110565.,83.000000,4.4977435
32110565.,84.000000,5.0341218
32110565.,85.000000,4.9017841
32110565.,86.000000,4.7599122
32110565.,88.000000,5.0798151
32110566.,82.000000,6.8431934
32110566.,83.000000,6.1243352
32110566.,84.000000,6.3817951
32110566.,85.000000,5.4765854
32110566.,86.000000,4.9124225
32110566.,87.000000,5.6109188
32110566.,88.000000,5.8072804
32110566.,89.000000,5.8649074
32110566.,90.000000,5.2513338
32110566.,91.000000,6.0073762
32110567.,81.000000,7.4757088
32110567.,82.000000,4.7325244
32110567.,83.000000,2.9216145
32110592.,81.000000,6.1664739
32110593.,81.000000,4.9080133
32110593.,82.000000,4.6227027
32110593.,83.000000,5.4576421
32110593.,87.000000,5.8956382
32110593.,88.000000,6.2468150
32110593.,89.000000,6.0287222
32110593.,90.000000,5.6317603
32110593.,91.000000,5.5536429
32110594.,87.000000,5.2341977
32110594.,88.000000,5.1273513
32110594.,89.000000,5.0938535
32110594.,90.000000,5.0639904
32110602.,81.000000,8.7358358
32110602.,82.000000,6.1550143
32110615.,88.000000,10.561169
32110615.,89.000000,10.211544
32110615.,90.000000,9.6061786
32110615.,91.000000,9.6329173
32110643.,81.000000,5.0239144
32110662.,83.000000,4.4791550
32110669.,81.000000,6.3013710
32110670.,81.000000,6.0960132
32110670.,82.000000,5.8982280
32110670.,87.000000,5.9863934
32110670.,91.000000,5.0331777
32110672.,81.000000,7.5238309
32110672.,82.000000,7.0438387
32110672.,83.000000,7.2559770
32110687.,81.000000,2.7991471
32110690.,81.000000,8.6865542
32110690.,86.000000,6.1349518
32110690.,87.000000,7.0334433
32110690.,88.000000,8.7511510
32110690.,89.000000,6.9150303
32110690.,90.000000,7.4533299
32110690.,91.000000,9.0251060
32110709.,81.000000,5.5200290
32110717.,81.000000,9.1939159
32110719.,89.000000,6.6169376
32110719.,90.000000,7.1108462
32110719.,91.000000,6.3643800
32110733.,90.000000,11.007818
32110733.,91.000000,11.825925
32110999.,81.000000,6.3351219
32111208.,81.000000,4.8554096
32111208.,82.000000,5.0170920
32111208.,86.000000,5.9025797
32111853.,83.000000,5.5935544
32112001.,81.000000,5.9823536
32112001.,82.000000,4.7273072
32112001.,83.000000,4.5549717
32112001.,84.000000,4.7400002
32112001.,85.000000,4.2759786
32112001.,86.000000,3.7993833
32112001.,87.000000,4.1640591
32112001.,88.000000,4.6988244
32112001.,89.000000,5.8419171
32112001.,90.000000,6.0510679
32112001.,91.000000,5.9391685
32112002.,81.000000,5.4317190
32112002.,82.000000,6.0890625
32112002.,83.000000,6.0435724
32112002.,84.000000,4.6426999
32112002.,85.000000,4.5029994
32112002.,86.000000,4.8171380
32112002.,87.000000,5.2566988
32112002.,88.000000,4.7647073
32112002.,89.000000,4.8561976
32112002.,90.000000,4.6009978
32112002.,91.000000,4.5106666
32112003.,81.000000,6.2451074
32112003.,82.000000,6.1424039
32112003.,83.000000,5.5164184
32112003.,84.000000,6.0279527
32112003.,85.000000,5.9875998
32112003.,86.000000,5.5202822
32112003.,87.000000,5.4140449
32112003.,88.000000,5.5720373
32112004.,81.000000,6.0942465
32112004.,82.000000,6.4114761
32112004.,83.000000,6.3209590
32112004.,84.000000,6.6033077
32112004.,85.000000,6.5943766
32112004.,86.000000,6.5281585
32112004.,87.000000,6.6366412
32112004.,88.000000,6.8820992
32112004.,89.000000,6.4687009
32112004.,90.000000,6.8958264
32112004.,91.000000,7.1283055
32112005.,81.000000,6.3825274
32112005.,82.000000,6.4226182
32112005.,83.000000,5.8655446
32112005.,84.000000,5.6867108
32112005.,85.000000,6.3172290
32112005.,86.000000,5.6787894
32112005.,87.000000,5.1453251
32112005.,88.000000,6.2909726
32112005.,89.000000,6.0193194
32112005.,90.000000,7.2149534
32112005.,91.000000,7.8990651
32112006.,81.000000,7.1315468
32112006.,82.000000,5.4976167
32112006.,83.000000,5.2899100
32112006.,84.000000,6.7886700
32112006.,85.000000,5.2815676
32112006.,86.000000,5.4411688
32112006.,87.000000,4.5533041
32112006.,88.000000,5.1440593
32112006.,89.000000,5.8047048
32112006.,90.000000,5.8888306
32112006.,91.000000,6.2264391
32112007.,81.000000,7.7854191
32112007.,82.000000,6.3694050
32112007.,83.000000,7.8296476
32112007.,84.000000,8.5668046
32112007.,85.000000,7.9934112
32112007.,86.000000,7.5133558
32112007.,87.000000,7.2095982
32112007.,88.000000,7.5487408
32112007.,89.000000,8.9698558
32112007.,90.000000,8.5863251
32112007.,91.000000,8.4007533
32112008.,81.000000,6.4729836
32112008.,82.000000,6.7268437
32112008.,83.000000,6.6988380
32112008.,84.000000,8.6660069
32112008.,85.000000,7.2997095
32112008.,86.000000,7.2682590
32112008.,87.000000,8.6038153
32112008.,88.000000,9.3386943
32112008.,89.000000,8.8794883
32112008.,90.000000,9.4464757
32112008.,91.000000,10.144931
32112009.,81.000000,3.6976561
32112009.,82.000000,5.0609061
32112009.,83.000000,7.8248920
32112009.,84.000000,4.9236790
32112009.,85.000000,8.2134340
32112009.,86.000000,8.2670141
32112009.,87.000000,5.0585861
32112009.,88.000000,4.5940519
32112009.,89.000000,4.5522879
32112009.,90.000000,4.9234034
32112009.,91.000000,4.7111867
32112011.,81.000000,8.0671083
32112011.,82.000000,6.1125793
32112011.,83.000000,5.6424037
32112011.,84.000000,6.2583144
32112011.,85.000000,5.4552121
32112011.,86.000000,5.2349386
32112011.,87.000000,5.2214367
32112011.,88.000000,4.9608001
32112011.,89.000000,5.6839389
32112011.,90.000000,5.3026134
32112011.,91.000000,5.0294634
32112012.,81.000000,4.9244019
32112012.,83.000000,5.2308207
32112012.,84.000000,6.4878772
32112012.,85.000000,6.5797951
32112012.,86.000000,10.368208
32112012.,87.000000,8.2875392
32112012.,88.000000,9.3921722
32112012.,89.000000,7.3042666
32112012.,90.000000,5.8513603
32112012.,91.000000,4.9596796
32112013.,81.000000,5.9847638
32112013.,82.000000,5.5861927
32112013.,83.000000,4.2291036
32112013.,84.000000,5.7697962
32112013.,85.000000,5.9068725
32112013.,86.000000,6.4077671
32112013.,87.000000,5.7773874
32112013.,88.000000,5.3889572
32112013.,89.000000,5.5673612
32112013.,90.000000,5.8758159
32112013.,91.000000,5.8095594
32112014.,81.000000,4.9603896
32112014.,82.000000,3.8538469
32112014.,83.000000,4.4415973
32112014.,84.000000,4.4359143
32112014.,85.000000,5.6526979
32112014.,86.000000,5.6903496
32112014.,87.000000,4.5047993
32112014.,88.000000,5.1552359
32112014.,89.000000,5.0671495
32112014.,90.000000,6.7398941
32112014.,91.000000,7.0154235
32112015.,81.000000,5.1587399
32112015.,82.000000,6.6722750
32112015.,83.000000,5.0080813
32112015.,84.000000,7.2151475
32112015.,85.000000,5.3878640
32112015.,86.000000,4.9569718
32112015.,87.000000,5.1267215
32112015.,88.000000,5.6576097
32112015.,89.000000,6.5687437
32112015.,90.000000,6.8451313
32112015.,91.000000,7.1080015
32112016.,81.000000,5.2550681
32112016.,82.000000,5.0258314
32112016.,83.000000,4.8324982
32112016.,84.000000,5.4013006
32112016.,85.000000,5.6535283
32112016.,86.000000,5.7246096
32112016.,87.000000,5.5126742
32112016.,88.000000,5.3667555
32112016.,89.000000,5.9749834
32112016.,90.000000,5.6820031
32112016.,91.000000,5.9362246
32112017.,81.000000,4.9634689
32112017.,82.000000,5.9449656
32112017.,83.000000,6.4804975
32112017.,84.000000,5.4692664
32112017.,85.000000,4.7992426
32112018.,81.000000,5.7767652
32112018.,82.000000,5.9868715
32112018.,83.000000,6.2900854
32112018.,84.000000,6.6512784
32112018.,85.000000,6.5211982
32112018.,87.000000,6.1157717
32112018.,88.000000,5.8938220
32112018.,89.000000,6.0540342
32112018.,90.000000,6.1588050
32112019.,81.000000,7.2603424
32112019.,82.000000,7.4942082
32112019.,83.000000,7.1910016
32112019.,84.000000,7.8511673
32112019.,85.000000,6.5444315
32112019.,86.000000,7.9380421
32112019.,87.000000,7.5328646
32112019.,88.000000,6.9757378
32112019.,89.000000,7.1590608
32112019.,90.000000,7.7716093
32112019.,91.000000,7.7154045
32112020.,81.000000,5.3848345
32112020.,82.000000,5.5949559
32112020.,83.000000,6.3729056
32112020.,84.000000,5.6935803
32112020.,85.000000,5.4952101
32112020.,86.000000,4.5727711
32112020.,87.000000,4.8457201
32112020.,88.000000,5.1671136
32112020.,89.000000,5.4434296
32112020.,90.000000,3.0327286
32112021.,81.000000,14.332270
32112021.,82.000000,14.558318
32112021.,83.000000,14.113677
32112021.,84.000000,13.759613
32112021.,85.000000,14.359004
32112022.,81.000000,8.7646691
32112022.,82.000000,8.6357434
32112022.,83.000000,8.0440889
32112022.,84.000000,7.7458304
32112022.,85.000000,7.4604827
32112022.,86.000000,8.0624979
32112022.,87.000000,8.2352265
32112023.,81.000000,7.6788110
32112023.,82.000000,7.7527837
32112023.,83.000000,7.0667459
32112023.,84.000000,7.7208847
32112023.,85.000000,7.3081965
32112023.,86.000000,7.1392934
32112023.,87.000000,7.1248839
32112023.,88.000000,6.7678222
32112023.,89.000000,6.7656362
32112023.,90.000000,7.1309103
32112023.,91.000000,7.4341213
32112024.,81.000000,5.9419323
32112024.,82.000000,6.0381675
32112024.,83.000000,6.2497168
32112024.,84.000000,6.6976140
32112024.,85.000000,6.3440168
32112024.,86.000000,5.0602991
32112024.,87.000000,5.8323936
32112024.,88.000000,6.1173730
32112024.,89.000000,5.4815951
32112024.,90.000000,5.6859293
32112024.,91.000000,5.8128014
32112025.,81.000000,4.3685325
32112025.,82.000000,4.6896742
32112025.,83.000000,4.8672143
32112025.,84.000000,4.7952645
32112025.,85.000000,4.6230444
32112025.,86.000000,4.1200755
32112025.,87.000000,3.9617922
32112025.,88.000000,4.1009850
32112025.,89.000000,4.0412684
32112025.,90.000000,3.7848081
32112025.,91.000000,3.5746667
32112026.,81.000000,6.0667013
32112026.,82.000000,5.9114995
32112026.,83.000000,6.0109468
32112026.,84.000000,6.4493170
32112026.,85.000000,5.9502476
32112026.,86.000000,6.2636522
32112026.,87.000000,6.5269751
32112026.,88.000000,6.3507416
32112026.,89.000000,6.0472616
32112026.,90.000000,6.0054642
32112026.,91.000000,6.3420347
32112027.,81.000000,5.9289327
32112027.,82.000000,5.5202403
32112027.,83.000000,5.4863697
32112027.,84.000000,5.6887636
32112027.,85.000000,5.7894323
32112027.,86.000000,5.7148434
32112027.,87.000000,6.4901419
32112027.,88.000000,6.4474970
32112027.,89.000000,6.3452467
32112027.,90.000000,6.5838728
32112027.,91.000000,7.3471238
32112028.,81.000000,5.3370941
32112028.,82.000000,6.3791902
32112028.,83.000000,6.2410264
32112028.,84.000000,5.8382347
32112028.,85.000000,6.0716779
32112028.,86.000000,6.1080863
32112028.,87.000000,6.1163833
32112028.,88.000000,6.7835967
32112028.,89.000000,7.1968124
32112028.,90.000000,7.0326386
32112028.,91.000000,5.4157639
32112029.,81.000000,5.2357810
32112029.,82.000000,5.1315891
32112029.,83.000000,4.8929394
32112029.,84.000000,5.4103800
32112029.,85.000000,5.8740102
32112029.,86.000000,5.8440751
32112029.,87.000000,5.7916726
32112029.,88.000000,5.2882179
32112029.,89.000000,5.8025675
32112029.,90.000000,4.2831608
32112029.,91.000000,6.8449748
32112030.,81.000000,4.6555230
32112030.,82.000000,4.3471226
32112030.,83.000000,4.2702604
32112030.,84.000000,4.7134736
32112030.,85.000000,5.2144082
32112030.,86.000000,4.2473326
32112030.,87.000000,3.9527191
32112031.,81.000000,4.8616528
32112031.,82.000000,6.1372078
32112031.,83.000000,6.1118636
32112031.,84.000000,6.7283676
32112031.,85.000000,6.4095080
32112031.,86.000000,8.4692027
32112031.,87.000000,6.5155461
32112031.,88.000000,6.8561800
32112031.,89.000000,6.3737156
32112031.,90.000000,6.6939349
32112031.,91.000000,6.8040160
32112032.,81.000000,4.9396280
32112032.,82.000000,4.4139463
32112032.,83.000000,5.0373338
32112032.,84.000000,4.6406159
32112032.,85.000000,4.6811349
32112032.,86.000000,5.4243660
32112032.,87.000000,5.6349512
32112033.,81.000000,5.5550630
32112033.,82.000000,5.6089848
32112033.,83.000000,5.4258821
32112033.,84.000000,6.0818042
32112033.,85.000000,6.1515657
32112033.,86.000000,5.5638494
32112033.,87.000000,6.9414296
32112033.,88.000000,6.5757811
32112033.,89.000000,6.9777894
32112033.,90.000000,7.8158169
32112033.,91.000000,6.0247235
32112034.,81.000000,6.1272506
32112034.,82.000000,7.6794069
32112034.,83.000000,8.3029008
32112034.,84.000000,6.3082997
32112034.,85.000000,6.5458328
32112034.,86.000000,6.8723220
32112034.,87.000000,5.0250117
32112034.,88.000000,5.8511896
32112034.,89.000000,6.5600692
32112034.,90.000000,6.5620842
32112034.,91.000000,6.0675328
32112035.,81.000000,9.5835452
32112035.,82.000000,9.7771802
32112035.,83.000000,13.333422
32112035.,84.000000,12.797213
32112035.,85.000000,14.090954
32112035.,86.000000,13.774095
32112035.,87.000000,13.117832
32112035.,88.000000,12.585071
32112035.,89.000000,13.205602
32112035.,90.000000,12.051909
32112035.,91.000000,11.033719
32112056.,86.000000,8.8687015
32112056.,87.000000,8.8477176
32112056.,90.000000,7.7472269
32112570.,81.000000,20.427152
32112570.,82.000000,7.1104485
32112571.,81.000000,37.264880
32112572.,86.000000,1.2677382
32112572.,90.000000,.92822764
32112572.,91.000000,.58854210
32112614.,81.000000,7.7777276
32112614.,82.000000,5.4400987
32112614.,83.000000,7.5919310
32112616.,81.000000,5.8949057
32112616.,82.000000,6.3988346
32112616.,83.000000,5.3405980
32112616.,84.000000,6.4080773
32112616.,85.000000,6.9104994
32112616.,86.000000,6.3939747
32112616.,87.000000,6.0782485
32112616.,88.000000,6.7025074
32112616.,89.000000,5.4698057
32112616.,90.000000,5.3324471
32112616.,91.000000,5.0095658
32112620.,88.000000,7.4818236
32112666.,81.000000,7.6495846
32112666.,82.000000,5.4443652
32112666.,83.000000,5.4948525
32112666.,84.000000,5.8386585
32112666.,85.000000,6.2343584
32112666.,86.000000,7.8282487
32112666.,87.000000,7.6198670
32112666.,88.000000,7.0172175
32112666.,89.000000,7.2706308
32112666.,90.000000,7.8805353
32112666.,91.000000,8.3587700
32112668.,85.000000,7.5035905
32112668.,86.000000,6.7108419
32112668.,87.000000,7.6701480
32112668.,88.000000,5.6252651
32112668.,89.000000,6.7285313
32112668.,90.000000,6.1553709
32112668.,91.000000,6.2395180
32112677.,81.000000,8.8712315
32112677.,82.000000,8.3792771
32112677.,83.000000,8.3177838
32112677.,84.000000,9.0052528
32112677.,85.000000,8.7019780
32112677.,86.000000,7.5412639
32112677.,87.000000,7.8074530
32112677.,88.000000,7.4681531
32112677.,89.000000,4.7096088
32112677.,90.000000,5.1270967
32112677.,91.000000,6.0317174
32112679.,81.000000,6.8932809
32112679.,82.000000,6.7535753
32112679.,83.000000,7.4047154
32112679.,84.000000,8.5168916
32112679.,85.000000,7.6882915
32112679.,86.000000,8.4064708
32112679.,87.000000,8.4629119
32112679.,88.000000,10.025623
32112683.,81.000000,6.0771925
32112683.,82.000000,6.1523968
32112683.,83.000000,6.1961865
32112683.,84.000000,7.1560586
32112683.,85.000000,6.0044020
32112683.,86.000000,5.8463779
32112683.,87.000000,6.1283093
32112683.,88.000000,6.1750217
32112683.,89.000000,5.6494121
32112683.,90.000000,5.4059722
32112683.,91.000000,5.5536456
32112708.,81.000000,5.1425017
32112708.,82.000000,4.5836135
32112708.,83.000000,5.9926759
32112708.,84.000000,5.8557256
32112708.,85.000000,6.1130110
32112708.,86.000000,5.7893197
32112708.,87.000000,5.3575380
32112708.,88.000000,4.6243112
32112708.,89.000000,5.2837005
32112708.,90.000000,5.8349102
32112708.,91.000000,5.6311997
32112715.,85.000000,8.7445092
32112717.,85.000000,4.3623703
32112717.,86.000000,4.8409752
32112717.,87.000000,5.7979058
32112717.,88.000000,4.3291548
32112717.,89.000000,5.6620843
32112717.,90.000000,4.1872598
32112717.,91.000000,5.2229023
32112724.,81.000000,4.7204389
32112724.,82.000000,7.4185397
32112724.,83.000000,6.3055197
32112724.,84.000000,7.3473732
32112732.,81.000000,5.3765049
32112732.,82.000000,4.7137463
32112732.,83.000000,3.4495107
32112732.,84.000000,4.3011025
32112732.,86.000000,4.4654564
32112732.,87.000000,4.8065776
32112732.,88.000000,4.8925550
32112773.,84.000000,5.8362201
32112778.,85.000000,10.568945
32112778.,86.000000,8.9763932
32112778.,87.000000,8.9458597
32112796.,81.000000,10.515370
32112796.,82.000000,10.947016
32112796.,83.000000,11.482280
32112796.,84.000000,9.1013512
32112846.,81.000000,5.3870554
32112846.,82.000000,5.1220050
32112846.,83.000000,4.3307888
32112846.,84.000000,3.3181927
32112860.,81.000000,6.9453855
32112860.,82.000000,6.4882064
32112860.,83.000000,2.0508070
32112860.,84.000000,3.3436915
32112876.,81.000000,9.3085751
32112876.,82.000000,8.5748977
32112876.,83.000000,5.1235289
32112876.,84.000000,3.2962662
32112932.,81.000000,7.4837537
32112932.,82.000000,7.7520389
32112932.,83.000000,6.3665211
32112932.,84.000000,10.686689
32112933.,81.000000,6.6586927
32112933.,82.000000,7.5187687
32112933.,83.000000,6.7576269
32112933.,84.000000,6.7230131
32112948.,81.000000,6.9232447
32112948.,82.000000,8.7640408
32112948.,83.000000,6.2119223
32112948.,84.000000,8.1798496
32112979.,81.000000,31.913084
32112986.,81.000000,19.344591
32112987.,81.000000,13.959634
32112987.,82.000000,6.2170480
32112987.,83.000000,27.142977
32112987.,84.000000,20.872415
32112993.,81.000000,7.9668921
32112993.,82.000000,6.2653176
32112993.,83.000000,6.9094892
32112993.,84.000000,6.0956664
32112993.,86.000000,5.8897580
32112993.,87.000000,6.7123533
32112993.,88.000000,6.9699532
32112993.,89.000000,7.0786311
32112993.,90.000000,6.7192467
32112993.,91.000000,5.8947028
32113011.,81.000000,4.2348647
32113011.,82.000000,4.5368714
32113011.,83.000000,5.0980253
32113011.,84.000000,4.8910231
32113015.,81.000000,9.4938846
32113015.,82.000000,9.4732881
32113015.,83.000000,11.259755
32113015.,84.000000,15.484686
32113022.,81.000000,3.1247622
32113022.,82.000000,5.5454238
32113022.,83.000000,4.3595693
32113022.,84.000000,4.0606251
32113029.,81.000000,9.4843719
32113029.,82.000000,9.0027204
32113029.,83.000000,10.709225
32113035.,81.000000,8.1097628
32113035.,82.000000,10.366712
32113035.,83.000000,8.0567899
32113040.,81.000000,8.7288263
32113040.,82.000000,7.7040350
32113040.,83.000000,6.1789533
32113043.,81.000000,6.1993192
32113043.,82.000000,7.2290840
32113050.,81.000000,9.1381359
32113050.,82.000000,8.6092301
32113050.,83.000000,4.6994157
32113061.,81.000000,6.0629591
32113061.,82.000000,4.2347182
32113061.,83.000000,3.9765798
32113065.,81.000000,3.4499803
32113065.,82.000000,1.6586673
32113065.,83.000000,.45496776
32113086.,81.000000,8.0641429
32113086.,82.000000,6.7016533
32113086.,83.000000,7.5529856
32113127.,81.000000,5.0768621
32113127.,82.000000,4.5178571
32113127.,83.000000,2.6562700
32113139.,81.000000,7.5689802
32113139.,82.000000,8.0350577
32113139.,83.000000,7.0841929
32113139.,84.000000,6.8406951
32113139.,85.000000,6.9170906
32113139.,86.000000,5.9435327
32113139.,87.000000,6.3738699
32113139.,88.000000,4.6293172
32113139.,89.000000,5.1691640
32113139.,90.000000,5.5118169
32113139.,91.000000,5.1110348
32113144.,81.000000,4.2099387
32113152.,81.000000,8.6015436
32113152.,82.000000,5.3474436
32113152.,83.000000,2.1840273
32113176.,81.000000,7.5760080
32113187.,81.000000,2.7987019
32113187.,82.000000,2.1533306
32113187.,83.000000,2.5753404
32113204.,81.000000,6.5314463
32113204.,82.000000,7.1590281
32113204.,83.000000,3.2769657
32113207.,81.000000,4.0518725
32113207.,82.000000,4.2962205
32113207.,83.000000,1.4649549
32113211.,81.000000,7.5224841
32113219.,81.000000,8.0076605
32113219.,82.000000,8.5373775
32113219.,83.000000,8.1545810
32113224.,81.000000,6.5539100
32113224.,82.000000,7.1172665
32113224.,83.000000,7.7103655
32113225.,81.000000,4.9089117
32113225.,82.000000,3.7351069
32113225.,83.000000,3.6841764
32113228.,81.000000,4.8451260
32113228.,82.000000,6.1389168
32113228.,83.000000,5.7926455
32113233.,81.000000,3.9693303
32113233.,82.000000,4.0618432
32113233.,83.000000,4.2411587
32113248.,81.000000,7.0499258
32113248.,82.000000,7.6518690
32113248.,83.000000,11.342746
32113290.,81.000000,3.2084396
32113300.,81.000000,6.6542271
32113300.,82.000000,7.2318161
32113300.,83.000000,2.9614958
32113301.,81.000000,8.0606380
32113301.,82.000000,8.0199685
32113301.,83.000000,8.7351587
32113324.,81.000000,7.6028696
32113342.,81.000000,8.0571988
32113342.,82.000000,5.5990138
32113380.,81.000000,6.6818867
32113380.,82.000000,7.2385744
32113380.,83.000000,7.1003907
32113380.,84.000000,7.0132568
32113380.,85.000000,6.9452831
32113380.,86.000000,7.5790023
32113380.,87.000000,5.9519780
32113380.,88.000000,6.5285320
32113380.,89.000000,7.3136466
32113380.,90.000000,5.5171852
32113380.,91.000000,6.0524909
32113384.,81.000000,7.5885921
32113384.,82.000000,7.0407827
32113386.,81.000000,5.8247245
32113386.,82.000000,5.9891385
32113386.,83.000000,5.6182055
32113386.,84.000000,6.7822143
32113386.,85.000000,5.9297261
32113386.,86.000000,5.9191112
32113386.,87.000000,5.9476348
32113386.,88.000000,5.2793740
32113386.,89.000000,5.9755572
32113413.,81.000000,4.3758467
32113413.,82.000000,4.5612919
32113443.,81.000000,4.6329152
32113443.,82.000000,5.3969299
32113485.,81.000000,5.2515851
32113485.,82.000000,5.6530478
32113511.,81.000000,7.8085031
32113511.,82.000000,6.3660626
32113520.,81.000000,5.3014655
32113520.,82.000000,5.6986203
32113520.,83.000000,5.0734006
32113520.,84.000000,5.2045972
32113520.,85.000000,5.3178674
32113520.,86.000000,4.6934357
32113530.,81.000000,8.8724763
32113530.,82.000000,7.2382366
32113533.,81.000000,6.8704195
32113533.,82.000000,4.5128590
32113569.,81.000000,4.9670633
32113569.,82.000000,5.3524228
32113573.,81.000000,7.2795175
32113573.,82.000000,7.3192473
32113574.,81.000000,6.0853151
32113574.,82.000000,4.7474001
32113578.,81.000000,6.0909022
32113578.,82.000000,6.0366192
32113580.,81.000000,4.9915211
32113580.,82.000000,5.2995736
32113581.,81.000000,9.3292608
32113581.,82.000000,5.8951628
32113588.,81.000000,5.0790130
32113588.,82.000000,2.9241005
32113612.,81.000000,3.2563408
32113612.,82.000000,1.6076820
32113629.,81.000000,12.277236
32113629.,82.000000,12.635145
32113635.,81.000000,2.0290582
32113635.,82.000000,2.1014671
32113698.,81.000000,6.6649256
32113698.,82.000000,6.5066527
32113701.,81.000000,8.4527671
32113701.,82.000000,7.5505312
32113704.,81.000000,6.1432060
32113704.,82.000000,6.7055517
32113727.,81.000000,6.7089713
32113727.,82.000000,5.6847995
32113748.,81.000000,5.4212964
32113748.,82.000000,8.6187121
32113750.,81.000000,3.8308122
32113750.,82.000000,4.3104213
32113751.,81.000000,1.9920055
32113751.,82.000000,3.5036435
32113791.,81.000000,6.0324917
32113791.,82.000000,8.4911428
32113797.,81.000000,5.2819941
32113797.,82.000000,4.6950195
32113799.,81.000000,4.1774699
32113799.,82.000000,3.7934791
32113804.,81.000000,6.1732296
32113804.,82.000000,5.3318500
32113828.,81.000000,14.103435
32113832.,81.000000,7.3962662
32113832.,82.000000,7.0407702
32113849.,81.000000,4.6205128
32113849.,82.000000,3.7361538
32113879.,81.000000,8.2571781
32113879.,82.000000,9.0019880
32113906.,81.000000,17.572806
32113906.,82.000000,13.669826
32113926.,81.000000,6.8341706
32113926.,82.000000,7.6992272
32113945.,81.000000,3.7155234
32113945.,82.000000,5.3268950
32113973.,82.000000,3.8050225
32113981.,81.000000,6.3873214
32113981.,82.000000,4.6775140
32113995.,81.000000,17.897708
32113999.,81.000000,35.457715
32114001.,81.000000,35.643853
32114022.,81.000000,7.3764248
32114085.,81.000000,16.850247
32114085.,82.000000,5.6898818
32114122.,81.000000,6.6612144
32114165.,81.000000,2.0039396
32114193.,81.000000,9.0111810
32114217.,81.000000,5.9516208
32114267.,81.000000,5.2420789
32114268.,81.000000,3.5736784
32114274.,81.000000,5.1473175
32114296.,81.000000,6.2902028
32114308.,81.000000,4.7480597
32114345.,81.000000,4.4409342
32114350.,81.000000,4.3694700
32114360.,81.000000,5.7439902
32114384.,81.000000,6.2330178
32114385.,81.000000,6.7147743
32114404.,81.000000,4.6815107
32114405.,81.000000,5.2763667
32114743.,86.000000,5.6794503
32114743.,88.000000,5.3696740
32114743.,89.000000,7.4008625
32114743.,90.000000,5.9372842
32114743.,91.000000,5.0252496
32114822.,81.000000,4.3345252
32114822.,82.000000,4.2334747
32114941.,81.000000,8.0538651
32114941.,82.000000,6.4873759
32114941.,83.000000,6.6632244
32114941.,84.000000,6.7979181
32114941.,85.000000,7.0654856
32114941.,86.000000,6.5885147
32114941.,87.000000,6.5021566
32114941.,88.000000,5.6468176
32114941.,89.000000,6.2597514
32114941.,90.000000,7.0463793
32114941.,91.000000,6.0680396
32114943.,81.000000,6.3988160
32114943.,82.000000,5.5374777
32114943.,83.000000,5.5314705
32114943.,84.000000,5.9099678
32114943.,85.000000,5.2497680
32114943.,86.000000,5.4556152
32114943.,87.000000,4.4653037
32114943.,88.000000,3.9647805
32114943.,89.000000,5.9117834
32114943.,90.000000,3.9572645
32114982.,81.000000,3.8361191
32114982.,82.000000,4.6212888
32114982.,83.000000,4.5182120
32114982.,84.000000,4.1378828
32114982.,85.000000,5.6648605
32114982.,86.000000,3.9135095
32114982.,87.000000,3.9588382
32114982.,88.000000,3.0008422
32114982.,89.000000,2.9139986
32114982.,90.000000,3.1886592
32115117.,81.000000,3.9941863
32115117.,82.000000,8.9331279
32115117.,83.000000,4.6808284
32115117.,84.000000,4.8545960
32115117.,85.000000,4.4479379
32115117.,86.000000,4.6559545
32115117.,87.000000,4.7871287
32115117.,88.000000,4.9260864
32115117.,89.000000,5.1755997
32115117.,90.000000,5.3473606
32115117.,91.000000,8.0445921
32115135.,81.000000,9.0083652
32115135.,82.000000,8.0797237
32115135.,83.000000,8.6661087
32115135.,84.000000,8.0170612
32115135.,85.000000,7.4389845
32115135.,86.000000,6.4188827
32115135.,87.000000,8.8484637
32115135.,88.000000,7.6867497
32115272.,81.000000,35.153244
32115530.,81.000000,6.1336136
32115530.,82.000000,6.8063715
32115530.,83.000000,6.7557498
32115530.,84.000000,6.7880477
32115530.,85.000000,6.3418286
32115530.,86.000000,6.5168151
32115530.,87.000000,7.5134435
32115530.,88.000000,5.9631275
32115530.,89.000000,5.1264724
32115530.,90.000000,4.6781567
32115530.,91.000000,4.9249437
32115730.,81.000000,21.586906
32115730.,82.000000,7.1503727
32115730.,83.000000,10.697216
32115730.,84.000000,7.2235168
32115730.,85.000000,5.5582656
32115730.,86.000000,10.309142
32115730.,87.000000,10.830433
32115848.,81.000000,7.6170550
32115848.,82.000000,6.0740880
32116024.,81.000000,6.4822426
32116024.,82.000000,4.8624756
32116024.,83.000000,5.2080613
32116024.,84.000000,5.2887930
32116024.,85.000000,5.1344190
32116024.,86.000000,4.2281347
32116329.,81.000000,7.7498031
32116417.,81.000000,9.3133334
32116417.,82.000000,7.1926588
32116417.,83.000000,7.5369355
32116417.,84.000000,7.4921598
32116417.,85.000000,8.0976699
32116417.,86.000000,8.9935184
32116417.,87.000000,9.7124726
32116417.,88.000000,8.4335960
32116417.,89.000000,8.2198184
32116417.,90.000000,9.8950632
32116417.,91.000000,9.9315170
32116553.,82.000000,4.9060003
32116553.,83.000000,5.1147740
32116553.,84.000000,5.7326258
32116553.,85.000000,5.8895570
32116553.,87.000000,6.1882349
32116553.,88.000000,5.9381843
32116553.,89.000000,4.9873189
32116553.,90.000000,4.6820162
32116553.,91.000000,5.1033030
32116856.,81.000000,1.5805038
32116856.,82.000000,2.6898989
32116856.,83.000000,2.3848397
32116856.,84.000000,4.9116415
32116856.,85.000000,4.8876078
32116859.,81.000000,36.809484
32116861.,81.000000,2.4306367
32116861.,82.000000,3.1316497
32116861.,83.000000,4.3660413
32116861.,84.000000,7.4198139
32116863.,81.000000,4.7581905
32116863.,82.000000,4.2511757
32116863.,83.000000,4.1073566
32116863.,84.000000,5.1890210
32116863.,85.000000,6.5510667
32116863.,87.000000,5.2727457
32116863.,88.000000,4.5290732
32116865.,81.000000,5.3984637
32116865.,82.000000,6.6684833
32116865.,83.000000,3.8797757
32116867.,81.000000,5.0466254
32116867.,82.000000,5.4479919
32116867.,83.000000,5.4187481
32116867.,84.000000,5.0597660
32116867.,85.000000,4.7149097
32116867.,86.000000,4.3817644
32116867.,87.000000,4.5198056
32116867.,88.000000,4.4724604
32116867.,89.000000,4.0904521
32116867.,90.000000,4.7416953
32116867.,91.000000,5.4703422
32116868.,81.000000,13.755665
32116868.,82.000000,17.393858
32116874.,81.000000,26.289610
32116876.,81.000000,6.5237996
32116877.,81.000000,6.8666233
32116877.,82.000000,5.4677800
32116877.,83.000000,7.0506893
32116877.,84.000000,11.494989
32116877.,85.000000,6.7705592
32116877.,86.000000,6.6474353
32116877.,87.000000,8.4447715
32116877.,90.000000,5.7872248
32116877.,91.000000,7.3482703
32116878.,81.000000,4.3482771
32116879.,81.000000,8.2152207
32116880.,81.000000,7.6209519
32116881.,81.000000,3.7998614
32116883.,81.000000,3.6942091
32116884.,81.000000,2.8781186
32116884.,82.000000,3.2659658
32116884.,83.000000,4.0218339
32116885.,81.000000,4.1365028
32116887.,81.000000,3.8317753
32116889.,81.000000,5.6051471
32116889.,82.000000,5.2259601
32116889.,83.000000,4.7227428
32116889.,84.000000,5.2208701
32116889.,85.000000,5.6779130
32116889.,86.000000,5.4902973
32116889.,87.000000,5.3052855
32116889.,88.000000,5.9075041
32116889.,89.000000,6.2733098
32116889.,90.000000,5.9942742
32116889.,91.000000,6.0111414
32116890.,81.000000,5.0465200
32116890.,82.000000,5.2861732
32116890.,83.000000,4.9039213
32116890.,84.000000,6.1384100
32116890.,85.000000,6.1027734
32116890.,86.000000,6.1574969
32116890.,87.000000,6.4270031
32116890.,88.000000,4.9745352
32116890.,89.000000,5.3324161
32116890.,90.000000,5.3426976
32116890.,91.000000,7.2918637
32116892.,81.000000,6.1046818
32116893.,81.000000,20.100042
32116894.,81.000000,6.7671883
32116895.,81.000000,6.2894103
32116895.,82.000000,6.2674642
32116895.,83.000000,5.4898304
32116895.,84.000000,5.4237901
32116895.,85.000000,5.5755249
32116895.,86.000000,5.6188686
32116895.,87.000000,5.9733949
32116895.,88.000000,5.2794765
32116895.,89.000000,4.8906937
32116895.,90.000000,4.7065609
32116895.,91.000000,5.0058733
32116896.,81.000000,6.4221678
32116896.,82.000000,6.3988965
32116896.,83.000000,7.1244369
32116897.,81.000000,8.4254475
32116897.,82.000000,9.9552437
32116901.,81.000000,4.9429956
32116901.,82.000000,5.4581809
32116901.,83.000000,6.0679504
32116901.,84.000000,5.3862700
32116901.,85.000000,5.7118002
32116901.,86.000000,5.2285833
32116901.,87.000000,6.0104858
32116901.,88.000000,5.6950904
32116901.,89.000000,7.3127260
32116901.,90.000000,8.0323259
32116901.,91.000000,10.310762
32116904.,81.000000,8.5173427
32116904.,82.000000,8.7785994
32116904.,85.000000,9.3316405
32116909.,81.000000,6.2834471
32116909.,82.000000,5.7647059
32116909.,83.000000,5.7511816
32116909.,84.000000,5.4034214
32116910.,81.000000,5.1999958
32116910.,82.000000,5.6426369
32116910.,83.000000,4.8919182
32116913.,81.000000,8.1579397
32116913.,82.000000,4.2365276
32116914.,81.000000,4.2239588
32116914.,82.000000,3.9756101
32116917.,81.000000,2.9994972
32116917.,82.000000,4.9984979
32116918.,81.000000,7.4626944
32116918.,82.000000,6.7741108
32116919.,81.000000,6.6887381
32116919.,82.000000,6.1765361
32116919.,83.000000,6.6095878
32116924.,81.000000,2.5742688
32116924.,82.000000,3.1181784
32116924.,83.000000,4.2706911
32116924.,84.000000,4.2801868
32116924.,85.000000,3.8223664
32116924.,86.000000,3.1089982
32116924.,87.000000,3.9272400
32116924.,88.000000,3.3757995
32116924.,89.000000,3.2447284
32116924.,90.000000,3.1041327
32116924.,91.000000,2.8763579
32116930.,81.000000,8.6041594
32116930.,82.000000,6.9257368
32116930.,83.000000,4.4620840
32116930.,84.000000,5.2164719
32116930.,85.000000,6.1622239
32116930.,86.000000,5.8471187
32116930.,87.000000,6.5965185
32116930.,88.000000,6.8552435
32116930.,89.000000,7.1487846
32116930.,90.000000,6.5972500
32116930.,91.000000,6.4013248
32116931.,81.000000,10.958142
32116931.,82.000000,8.7513603
32116931.,83.000000,7.6971333
32116931.,84.000000,7.0618842
32116931.,85.000000,5.9646000
32116931.,86.000000,7.9418439
32116931.,87.000000,6.6175354
32116931.,88.000000,6.7926384
32116931.,89.000000,6.5556522
32116931.,90.000000,6.3165532
32116931.,91.000000,6.4511166
32116932.,81.000000,6.7186408
32116932.,82.000000,8.3018401
32116932.,83.000000,7.1353787
32116932.,84.000000,8.8005019
32116932.,85.000000,7.9240486
32116932.,86.000000,7.3115223
32116932.,87.000000,7.2616805
32116933.,81.000000,6.3721926
32116933.,82.000000,5.5947925
32116933.,83.000000,6.6319441
32116933.,84.000000,6.2449956
32116933.,85.000000,6.3751789
32116933.,86.000000,6.1936105
32116933.,87.000000,5.9671547
32116933.,88.000000,6.1767844
32116933.,89.000000,6.2257688
32116933.,90.000000,6.0137393
32116933.,91.000000,6.1496257
32116940.,82.000000,5.3854922
32116941.,82.000000,7.0229595
32116941.,83.000000,7.0395505
32116941.,84.000000,6.5867214
32116941.,85.000000,6.7625164
32116941.,86.000000,6.7777776
32116941.,87.000000,6.4291251
32116941.,88.000000,6.2646117
32116941.,89.000000,6.7449517
32116951.,88.000000,5.6043034
32116971.,81.000000,4.9245327
32116971.,82.000000,3.9481169
32116979.,81.000000,7.6722922
32116979.,82.000000,8.0191501
32116979.,86.000000,7.6230958
32116979.,87.000000,7.5489175
32116979.,91.000000,8.1050880
32116982.,81.000000,4.0293224
32117055.,81.000000,4.3185286
32117055.,82.000000,4.0717903
32117055.,83.000000,4.8642190
32117055.,84.000000,6.2632932
32117275.,81.000000,6.9771798
32117275.,82.000000,5.8463020
32117275.,83.000000,6.8851746
32117275.,84.000000,7.0461760
32117275.,85.000000,7.2027300
32117275.,86.000000,7.3789565
32117275.,87.000000,6.1847286
32117275.,88.000000,6.9635777
32117275.,89.000000,7.1805855
32117275.,90.000000,7.2352995
32117275.,91.000000,6.7168002
32117286.,81.000000,5.8227700
32117714.,81.000000,4.9977018
32117714.,82.000000,4.7476241
32117714.,83.000000,5.0475743
32117714.,84.000000,5.3864372
32117714.,85.000000,6.0613507
32117714.,86.000000,4.8886435
32117714.,87.000000,5.8615920
32117714.,88.000000,5.4829321
32117714.,89.000000,4.9652773
32117714.,90.000000,5.5713677
32117714.,91.000000,5.5469536
32117716.,81.000000,6.0564092
32117718.,81.000000,31.635039
32117719.,81.000000,4.5224431
32117720.,81.000000,4.0043711
32117720.,82.000000,7.7597774
32117721.,82.000000,4.0939665
32117722.,81.000000,5.3363989
32117723.,81.000000,5.8222366
32117723.,82.000000,4.4956096
32117723.,83.000000,5.3222090
32117723.,84.000000,6.8937350
32117723.,85.000000,7.3159093
32117723.,86.000000,6.5987916
32117723.,87.000000,7.5521931
32117723.,88.000000,6.3232493
32117723.,89.000000,7.9035753
32117723.,90.000000,7.8177564
32117723.,91.000000,7.9803443
32117724.,81.000000,4.3904666
32117724.,83.000000,3.6791189
32117724.,84.000000,3.2267734
32117724.,85.000000,3.6670319
32117724.,86.000000,4.3516107
32117724.,87.000000,3.9353810
32117724.,88.000000,4.0500759
32117724.,89.000000,4.8188604
32117724.,90.000000,4.5747266
32117724.,91.000000,4.7056553
32117725.,81.000000,6.0884524
32117725.,82.000000,7.0026250
32117725.,83.000000,8.2791712
32117725.,84.000000,8.5410748
32117725.,85.000000,8.9214475
32117725.,86.000000,9.0146181
32117725.,87.000000,8.5584495
32117725.,88.000000,8.6530877
32117725.,89.000000,8.8324918
32117725.,90.000000,8.3335356
32117725.,91.000000,8.2562094
32117726.,81.000000,3.6806422
32117726.,82.000000,5.3500404
32117726.,83.000000,4.8323985
32117726.,84.000000,5.0673777
32117726.,85.000000,5.7749458
32117726.,86.000000,5.5586953
32117726.,87.000000,5.2357025
32117726.,88.000000,5.0016273
32117726.,89.000000,4.7796758
32117726.,90.000000,4.7763890
32117726.,91.000000,4.7500407
32117728.,81.000000,6.0713113
32117728.,82.000000,3.2493741
32117728.,83.000000,3.8946003
32117728.,84.000000,4.2109042
32117728.,85.000000,5.0715233
32117728.,86.000000,3.7324263
32117728.,87.000000,4.7108573
32117728.,88.000000,3.7527586
32117728.,89.000000,4.7603316
32117728.,90.000000,4.5501298
32117729.,81.000000,3.1204556
32117729.,82.000000,2.5318505
32117732.,82.000000,8.0546254
32117733.,81.000000,8.0287287
32117733.,82.000000,6.1103016
32117733.,83.000000,6.2359958
32117734.,81.000000,7.9684797
32117738.,81.000000,9.9215953
32117738.,82.000000,11.461609
32117738.,83.000000,11.626505
32117738.,84.000000,12.513359
32117738.,85.000000,10.433918
32117738.,86.000000,10.498391
32117738.,87.000000,9.4258472
32117738.,88.000000,9.6902069
32117738.,89.000000,8.4902174
32117738.,90.000000,8.7196073
32117738.,91.000000,7.8646064
32117739.,81.000000,5.3192581
32117739.,82.000000,6.7800961
32117739.,83.000000,7.8551391
32117739.,84.000000,5.6472657
32117740.,81.000000,8.0799603
32117740.,82.000000,7.5812879
32117741.,81.000000,5.7471616
32117743.,82.000000,4.9894602
32117743.,83.000000,4.4076007
32117743.,84.000000,6.0918629
32117743.,85.000000,4.7138338
32117743.,86.000000,4.5664020
32117743.,87.000000,4.5487486
32117743.,88.000000,5.1100588
32117743.,89.000000,5.1493672
32117744.,81.000000,5.6780838
32117745.,81.000000,6.1184358
32117745.,82.000000,4.8661626
32117745.,83.000000,3.4250455
32117745.,84.000000,3.6661047
32117745.,85.000000,6.6719671
32117745.,86.000000,7.4645586
32117745.,87.000000,8.2420307
32117745.,88.000000,8.0246761
32117745.,89.000000,7.6140613
32117745.,90.000000,8.2814671
32117745.,91.000000,10.324190
32117747.,81.000000,4.2646649
32117747.,82.000000,4.3920187
32117749.,81.000000,4.9802715
32117749.,82.000000,5.5261456
32117749.,83.000000,5.7042646
32117749.,84.000000,6.1912274
32117749.,85.000000,6.2412875
32117749.,86.000000,6.0501743
32117749.,87.000000,6.4344276
32117749.,88.000000,6.4700642
32117749.,89.000000,5.0910267
32117749.,90.000000,5.2326006
32117749.,91.000000,5.3948681
32117753.,81.000000,5.6863653
32117754.,81.000000,7.7601900
32117754.,82.000000,7.5940452
32117758.,81.000000,6.9281568
32117758.,82.000000,6.6188978
32117760.,81.000000,5.6697053
32117760.,82.000000,6.1326355
32117761.,81.000000,8.5512917
32117761.,82.000000,7.0787700
32117761.,83.000000,4.9632620
32117761.,84.000000,5.9075500
32117761.,85.000000,5.6282069
32117761.,86.000000,6.3215000
32117761.,87.000000,6.2716905
32117761.,88.000000,6.5675138
32117761.,89.000000,7.1460797
32117761.,90.000000,5.9468066
32117761.,91.000000,6.8190442
32117763.,81.000000,7.0375593
32117763.,82.000000,7.5374696
32117763.,83.000000,8.7646625
32117763.,84.000000,10.069714
32117763.,85.000000,9.1442678
32117763.,86.000000,10.747407
32117763.,87.000000,14.627430
32117765.,81.000000,5.6607213
32117767.,81.000000,5.6069617
32117767.,82.000000,5.4056433
32117767.,83.000000,4.9330642
32117767.,84.000000,5.2322151
32117767.,85.000000,5.2416805
32117767.,86.000000,4.4018720
32117767.,87.000000,5.3174526
32117767.,88.000000,5.5978779
32117767.,89.000000,5.3767593
32117767.,90.000000,5.4240610
32117767.,91.000000,6.8130946
32117770.,81.000000,4.0384906
32117770.,82.000000,2.9593544
32117770.,83.000000,4.1105278
32117770.,84.000000,5.2136022
32117770.,85.000000,4.8633998
32117770.,86.000000,6.6184043
32117770.,89.000000,9.7429346
32117770.,90.000000,10.467360
32117770.,91.000000,10.875114
32117771.,81.000000,16.089370
32117771.,82.000000,15.998403
32117771.,83.000000,15.888658
32117774.,82.000000,5.2173811
32117774.,83.000000,6.0888480
32117775.,81.000000,6.8029289
32117778.,81.000000,6.1582731
32117822.,81.000000,7.0445913
32117822.,82.000000,6.2191566
32117822.,86.000000,5.2837930
32117822.,87.000000,5.6774459
32117822.,91.000000,9.9586817
32117834.,81.000000,7.1978075
32117860.,82.000000,5.4197569
32117860.,83.000000,8.0716940
32117860.,84.000000,6.5362309
32117860.,85.000000,5.7286612
32117865.,81.000000,9.2120265
32117883.,88.000000,6.1568739
32117883.,89.000000,6.6016574
32117883.,90.000000,5.3498987
32117889.,88.000000,5.0372679
32117889.,89.000000,4.6283148
32117894.,81.000000,5.1584449
32117894.,82.000000,5.5794002
32117894.,84.000000,6.1713176
32117894.,85.000000,5.7118421
32117897.,87.000000,6.4678779
32118589.,81.000000,4.8428089
32118589.,83.000000,5.3677229
32118592.,81.000000,5.6190640
32118592.,82.000000,5.7275379
32118592.,83.000000,5.5857540
32118592.,84.000000,6.0956507
32118592.,85.000000,5.8236254
32118592.,86.000000,6.3302278
32118592.,87.000000,6.1316206
32118592.,88.000000,6.3473500
32118592.,89.000000,6.6561946
32118592.,90.000000,6.9389473
32118592.,91.000000,7.0885224
32118593.,81.000000,4.8848331
32118593.,82.000000,4.5235542
32118593.,83.000000,5.1151396
32118593.,84.000000,5.2662629
32118593.,85.000000,5.0272970
32118593.,86.000000,4.9989053
32118593.,87.000000,4.6130039
32118593.,88.000000,4.9068260
32118593.,89.000000,3.7595892
32118593.,90.000000,5.4184704
32118593.,91.000000,7.1075226
32118595.,81.000000,3.9060754
32118596.,81.000000,5.0113736
32118596.,82.000000,5.3089820
32118596.,83.000000,5.2867607
32118596.,84.000000,5.4876861
32118597.,81.000000,3.1384736
32118598.,81.000000,6.0884973
32118598.,82.000000,7.2206395
32118598.,83.000000,6.7983964
32118598.,84.000000,7.8392798
32118600.,81.000000,6.0409396
32118600.,82.000000,7.3158457
32118601.,81.000000,3.0714226
32118602.,81.000000,12.578730
32118602.,82.000000,12.031330
32118602.,83.000000,9.9230715
32118602.,84.000000,10.226676
32118602.,85.000000,9.9317193
32118602.,86.000000,8.0038109
32118602.,88.000000,11.859681
32118602.,89.000000,11.153141
32118602.,90.000000,9.7512247
32118602.,91.000000,9.6280317
32118603.,81.000000,5.7996008
32118603.,82.000000,5.4072193
32118603.,83.000000,5.4460036
32118603.,84.000000,5.5143858
32118603.,85.000000,5.6281879
32118603.,86.000000,5.6620101
32118603.,87.000000,5.4539639
32118604.,81.000000,1.7331369
32118604.,82.000000,6.3068933
32118604.,83.000000,5.3109420
32118604.,84.000000,5.2316812
32118604.,85.000000,5.1763118
32118606.,81.000000,15.429740
32118606.,82.000000,4.4953347
32118607.,81.000000,2.3543012
32118608.,81.000000,6.7691247
32118608.,82.000000,6.5383177
32118608.,83.000000,6.1391748
32118608.,84.000000,7.0253228
32118608.,85.000000,10.764263
32118608.,86.000000,12.565473
32118608.,87.000000,11.273307
32118608.,88.000000,10.921025
32118608.,89.000000,8.4663267
32118612.,81.000000,7.3977270
32118612.,82.000000,7.9908569
32118612.,83.000000,7.6624576
32118612.,84.000000,7.7470591
32118612.,85.000000,6.1292923
32118612.,86.000000,5.8127019
32118612.,87.000000,5.9416640
32118612.,88.000000,6.4712807
32118612.,89.000000,6.3443734
32118612.,90.000000,6.9732917
32118612.,91.000000,7.4292116
32118613.,81.000000,4.7924453
32118613.,82.000000,6.3359990
32118613.,83.000000,5.4644999
32118614.,81.000000,7.9285236
32118614.,82.000000,8.7522557
32118614.,83.000000,7.4052649
32118614.,84.000000,9.1109841
32118614.,85.000000,7.6898163
32118614.,86.000000,7.9608970
32118614.,87.000000,8.1648410
32118614.,88.000000,7.9947593
32118614.,89.000000,9.8172984
32118614.,90.000000,10.521250
32118614.,91.000000,13.309814
32118615.,81.000000,4.9940564
32118616.,81.000000,6.8637788
32118617.,81.000000,5.5016577
32118617.,82.000000,5.7891361
32118617.,83.000000,5.1713140
32118617.,84.000000,5.0953722
32118617.,85.000000,4.9699451
32118617.,86.000000,4.8784596
32118617.,87.000000,4.9024249
32118617.,88.000000,5.0895312
32118617.,89.000000,3.8511156
32118617.,90.000000,3.8850991
32118617.,91.000000,4.1080269
32118618.,81.000000,5.5296428
32118618.,82.000000,4.8331432
32118618.,83.000000,6.4162426
32118618.,84.000000,6.0572878
32118618.,85.000000,6.0409756
32118618.,86.000000,5.5967201
32118618.,87.000000,5.4676007
32118618.,88.000000,6.1678175
32118618.,89.000000,5.6613077
32118618.,90.000000,5.8378383
32118618.,91.000000,5.9704603
32118619.,81.000000,6.3367811
32118619.,82.000000,4.3765612
32118619.,83.000000,4.7030274
32118619.,84.000000,5.2546675
32118621.,81.000000,8.5257009
32118621.,82.000000,5.6539145
32118621.,83.000000,6.8515093
32118621.,84.000000,7.5043237
32118621.,85.000000,6.3883487
32118621.,86.000000,4.9366762
32118621.,87.000000,4.5591791
32118621.,88.000000,4.2201211
32118621.,89.000000,4.2630756
32118621.,90.000000,3.5538681
32118621.,91.000000,4.2327961
32118622.,81.000000,2.9934092
32118622.,82.000000,4.1752788
32118624.,81.000000,4.8829414
32118627.,84.000000,6.0946647
32118627.,85.000000,6.4355581
32118627.,86.000000,8.5089832
32118627.,87.000000,7.0836671
32118627.,88.000000,6.1450918
32118627.,89.000000,6.6330963
32118627.,90.000000,7.0481620
32118627.,91.000000,6.7230904
32118628.,81.000000,4.8033221
32118628.,82.000000,5.6189391
32118629.,81.000000,5.6676082
32118629.,82.000000,8.4005221
32118629.,83.000000,7.6147485
32118629.,84.000000,8.2190481
32118629.,85.000000,8.2282329
32118629.,86.000000,7.7313686
32118629.,87.000000,8.0291350
32118629.,88.000000,8.0035019
32118629.,89.000000,6.6352631
32118629.,90.000000,7.1569090
32118629.,91.000000,5.6143402
32118632.,81.000000,10.337902
32118632.,82.000000,9.4486747
32118633.,81.000000,5.1310357
32118633.,82.000000,5.7385333
32118633.,83.000000,6.0776504
32118633.,84.000000,6.5839802
32118633.,85.000000,5.5902584
32118633.,86.000000,4.7938539
32118633.,87.000000,5.1234849
32118634.,81.000000,5.5712696
32118634.,82.000000,5.9684636
32118635.,81.000000,7.6924149
32118635.,82.000000,9.2353783
32118635.,83.000000,9.2092449
32118635.,84.000000,7.3752018
32118635.,85.000000,11.932352
32118635.,86.000000,9.5041926
32118635.,87.000000,7.7350959
32118635.,88.000000,8.1949798
32118635.,89.000000,7.3286085
32118635.,90.000000,7.9048092
32118635.,91.000000,9.7571826
32118637.,81.000000,7.8180130
32118637.,82.000000,8.1071029
32118637.,83.000000,5.3471428
32118637.,84.000000,5.2533288
32118637.,85.000000,5.5065759
32118637.,86.000000,5.3499275
32118638.,81.000000,5.5024474
32118638.,82.000000,17.347381
32118639.,81.000000,5.3148060
32118639.,82.000000,5.9505138
32118640.,81.000000,14.726734
32118640.,82.000000,8.1485224
32118641.,81.000000,7.9439121
32118641.,82.000000,7.9837552
32118641.,83.000000,6.5995016
32118641.,84.000000,7.6540845
32118641.,85.000000,10.554895
32118641.,86.000000,9.0177374
32118641.,87.000000,9.5708736
32118641.,88.000000,9.5607270
32118641.,89.000000,9.2847535
32118641.,90.000000,10.485686
32118641.,91.000000,11.967027
32118642.,81.000000,8.0898887
32118642.,82.000000,9.2662956
32118643.,81.000000,3.7823213
32118643.,82.000000,3.7720028
32118643.,83.000000,4.7085401
32118643.,84.000000,5.7774589
32118643.,85.000000,5.5437067
32118643.,86.000000,5.1514237
32118643.,87.000000,5.7002975
32118643.,88.000000,6.7483510
32118643.,89.000000,6.4186205
32118644.,81.000000,11.062377
32118644.,82.000000,13.081531
32118644.,83.000000,10.193243
32118644.,84.000000,8.2025913
32118644.,85.000000,8.1528539
32118644.,86.000000,7.6152085
32118644.,87.000000,8.4361868
32118644.,88.000000,7.5341849
32118644.,89.000000,7.2634738
32118644.,90.000000,8.6903915
32118644.,91.000000,8.9011430
32118645.,81.000000,9.1410398
32118645.,82.000000,9.6096796
32118645.,83.000000,9.9390478
32118645.,84.000000,8.5676831
32118646.,81.000000,5.8812947
32118646.,82.000000,5.5609595
32118646.,83.000000,5.7890225
32118646.,84.000000,6.8957682
32118646.,85.000000,6.5245443
32118646.,86.000000,6.3533189
32118646.,87.000000,6.4884180
32118646.,88.000000,6.2609483
32118646.,89.000000,5.9224063
32118646.,90.000000,6.3533159
32118646.,91.000000,6.7824181
32118680.,81.000000,5.9235129
32118680.,82.000000,4.0899325
32118680.,84.000000,4.6633900
32118680.,85.000000,4.5984250
32118680.,86.000000,4.9560209
32118680.,87.000000,4.7081477
32118680.,88.000000,4.8930909
32118680.,89.000000,4.6279286
32118680.,90.000000,5.0603296
32118680.,91.000000,4.3142199
32118682.,82.000000,5.4736787
32118694.,81.000000,4.4427824
32118721.,81.000000,7.9952647
32118744.,85.000000,8.0927304
32118754.,86.000000,6.4475776
32118771.,81.000000,4.6539080
32118771.,82.000000,5.6248643
32118771.,83.000000,5.8652838
32118771.,84.000000,6.6370441
32118807.,81.000000,5.4815354
32118809.,81.000000,5.8649798
32118852.,82.000000,5.8888119
32119077.,82.000000,8.5435620
32119077.,83.000000,8.4142769
32119077.,84.000000,7.4865556
32119077.,86.000000,7.7104780
32119077.,88.000000,8.3724353
32119077.,89.000000,8.1726621
32119077.,90.000000,7.5848921
32119077.,91.000000,6.8306801
