plant          ,year           ,CD-productivity
10033.000,86.000000,55.252366
10033.000,87.000000,51.936179
10063.000,91.000000,69.064229
10313.000,88.000000,12.241249
10313.000,89.000000,14.370943
10565.000,87.000000,13.252876
10971.000,82.000000,40.735440
10971.000,83.000000,40.548629
10971.000,87.000000,39.692680
10971.000,88.000000,31.940868
10971.000,89.000000,31.261410
10971.000,90.000000,36.781026
10971.000,91.000000,35.774864
10992.000,81.000000,49.405397
10992.000,86.000000,60.552915
10995.000,81.000000,31.617131
10995.000,82.000000,20.050247
11008.000,81.000000,234.66281
11008.000,82.000000,231.94164
11008.000,83.000000,234.38482
11008.000,84.000000,226.27783
11008.000,85.000000,225.77510
11008.000,86.000000,218.14483
11008.000,87.000000,215.32178
11008.000,88.000000,176.38865
11008.000,89.000000,179.29334
11008.000,90.000000,162.76220
11008.000,91.000000,149.51390
11009.000,81.000000,112.33628
11009.000,82.000000,97.138248
11009.000,83.000000,148.27955
11009.000,84.000000,103.92635
11009.000,85.000000,135.27942
11009.000,86.000000,136.35835
11009.000,87.000000,119.71437
11009.000,88.000000,118.30432
11009.000,89.000000,112.15936
11009.000,90.000000,91.651801
11009.000,91.000000,90.830366
11010.000,81.000000,483.06642
11010.000,82.000000,281.31952
11010.000,83.000000,191.84112
11010.000,84.000000,158.55961
11010.000,85.000000,164.33166
11010.000,86.000000,132.84398
11010.000,87.000000,139.23805
11010.000,88.000000,89.073368
11010.000,90.000000,57.462935
11010.000,91.000000,60.933504
11011.000,81.000000,163.68517
11011.000,82.000000,138.44251
11011.000,83.000000,128.54598
11011.000,84.000000,139.06928
11011.000,85.000000,186.21441
11011.000,86.000000,132.00644
11011.000,87.000000,134.93884
11011.000,88.000000,126.48463
11011.000,89.000000,160.05291
11011.000,90.000000,153.30767
11011.000,91.000000,153.98041
11012.000,81.000000,123.91233
11012.000,82.000000,130.20700
11012.000,83.000000,166.64328
11012.000,84.000000,150.66983
11012.000,85.000000,150.24871
11012.000,86.000000,153.45419
11012.000,87.000000,93.487325
11012.000,88.000000,102.09234
11012.000,89.000000,79.642140
11012.000,90.000000,83.572060
11012.000,91.000000,325.64352
11013.000,81.000000,24.761768
11013.000,82.000000,34.188132
11013.000,83.000000,33.910801
11013.000,84.000000,41.676760
11013.000,85.000000,40.200085
11013.000,86.000000,42.513052
11013.000,87.000000,43.605228
11013.000,88.000000,54.261209
11013.000,89.000000,48.125542
11013.000,90.000000,43.601015
11013.000,91.000000,39.266780
11014.000,81.000000,67.256648
11014.000,82.000000,56.674914
11014.000,83.000000,65.773741
11014.000,84.000000,88.626881
11014.000,85.000000,85.066052
11014.000,86.000000,112.78649
11014.000,87.000000,104.34842
11014.000,88.000000,114.88238
11014.000,89.000000,105.98193
11014.000,90.000000,89.556190
11014.000,91.000000,76.695460
11016.000,81.000000,112.74389
11016.000,82.000000,130.00877
11016.000,83.000000,135.57543
11016.000,84.000000,110.88788
11016.000,85.000000,101.58592
11016.000,86.000000,142.58855
11016.000,87.000000,134.92281
11016.000,88.000000,107.38288
11016.000,89.000000,108.26136
11016.000,90.000000,131.86814
11016.000,91.000000,54.278823
11017.000,81.000000,200.06481
11017.000,82.000000,102.63778
11017.000,83.000000,109.37404
11017.000,84.000000,68.654357
11017.000,85.000000,84.060392
11017.000,86.000000,73.142573
11017.000,87.000000,76.053719
11017.000,88.000000,88.327616
11017.000,89.000000,87.984818
11017.000,90.000000,103.45234
11017.000,91.000000,86.759568
11018.000,81.000000,23.027173
11018.000,82.000000,23.530809
11018.000,83.000000,26.620485
11018.000,84.000000,25.464152
11018.000,86.000000,15.464894
11018.000,87.000000,22.703807
11019.000,81.000000,31.665583
11019.000,82.000000,44.368303
11019.000,83.000000,20.233734
11019.000,84.000000,26.086120
11019.000,85.000000,17.751679
11019.000,86.000000,19.594066
11019.000,87.000000,30.871422
11020.000,81.000000,328.56990
11020.000,82.000000,294.00823
11020.000,83.000000,37.333593
11020.000,84.000000,42.201603
11020.000,85.000000,42.183177
11020.000,86.000000,41.462486
11020.000,87.000000,54.265749
11020.000,88.000000,48.383780
11020.000,89.000000,46.785913
11020.000,90.000000,54.199231
11020.000,91.000000,51.837839
11021.000,81.000000,43.627699
11021.000,83.000000,65.118395
11021.000,84.000000,65.349680
11021.000,85.000000,61.049028
11021.000,86.000000,65.994176
11021.000,87.000000,62.807782
11021.000,88.000000,80.135688
11021.000,89.000000,83.261953
11021.000,90.000000,96.551922
11021.000,91.000000,96.022523
11022.000,81.000000,59.043008
11022.000,82.000000,59.840824
11022.000,83.000000,52.034220
11022.000,84.000000,56.186035
11022.000,85.000000,55.005391
11022.000,86.000000,66.050715
11022.000,87.000000,51.889272
11022.000,88.000000,42.494629
11022.000,89.000000,89.357875
11022.000,90.000000,53.317270
11022.000,91.000000,49.073841
11023.000,81.000000,67.986861
11023.000,82.000000,78.986195
11023.000,83.000000,46.919143
11023.000,84.000000,49.681476
11023.000,85.000000,46.735367
11023.000,86.000000,46.735499
11023.000,87.000000,52.105894
11023.000,88.000000,45.774931
11023.000,89.000000,46.692707
11023.000,90.000000,46.088587
11023.000,91.000000,49.877419
11024.000,81.000000,35.451517
11024.000,82.000000,36.495266
11024.000,83.000000,33.396294
11024.000,84.000000,54.337434
11024.000,85.000000,45.594923
11024.000,87.000000,29.530277
11024.000,88.000000,30.857446
11024.000,89.000000,32.861059
11024.000,90.000000,36.463984
11024.000,91.000000,46.976747
11025.000,81.000000,51.884455
11025.000,82.000000,19.640542
11025.000,83.000000,25.013968
11025.000,84.000000,20.551031
11025.000,85.000000,21.124092
11025.000,86.000000,27.015403
11025.000,87.000000,25.505119
11025.000,88.000000,25.514807
11025.000,89.000000,27.592364
11025.000,90.000000,32.117008
11025.000,91.000000,31.194096
11026.000,81.000000,52.766071
11026.000,82.000000,43.294340
11026.000,83.000000,39.357763
11026.000,84.000000,44.570178
11026.000,85.000000,51.299860
11026.000,86.000000,52.345313
11026.000,87.000000,59.450342
11026.000,88.000000,55.125106
11026.000,89.000000,54.237252
11026.000,90.000000,58.384741
11026.000,91.000000,49.746298
11027.000,81.000000,121.63122
11027.000,82.000000,122.11725
11027.000,83.000000,144.60063
11027.000,84.000000,85.950376
11027.000,85.000000,54.420728
11027.000,86.000000,70.395178
11027.000,87.000000,71.430034
11027.000,88.000000,63.499795
11027.000,89.000000,67.454633
11027.000,90.000000,61.394545
11027.000,91.000000,47.504243
11028.000,81.000000,35.291970
11028.000,82.000000,35.429226
11028.000,83.000000,36.224518
11028.000,84.000000,35.789734
11028.000,85.000000,43.961507
11028.000,86.000000,22.577716
11028.000,87.000000,24.253946
11028.000,88.000000,28.635560
11028.000,89.000000,29.532252
11028.000,90.000000,25.800684
11028.000,91.000000,27.236505
11029.000,81.000000,20.975331
11029.000,82.000000,23.369146
11029.000,83.000000,16.981151
11029.000,84.000000,21.452490
11029.000,85.000000,14.310748
11029.000,86.000000,11.817077
11030.000,81.000000,27.802676
11030.000,82.000000,32.890887
11030.000,83.000000,31.015341
11030.000,84.000000,36.002585
11030.000,85.000000,38.142843
11030.000,86.000000,34.235989
11030.000,87.000000,32.730831
11030.000,88.000000,29.719968
11030.000,89.000000,30.815105
11030.000,90.000000,34.919799
11030.000,91.000000,35.604821
11031.000,81.000000,43.600505
11031.000,82.000000,48.370467
11031.000,83.000000,49.091668
11031.000,84.000000,44.219331
11031.000,85.000000,48.339302
11031.000,86.000000,46.681197
11031.000,87.000000,50.334159
11031.000,88.000000,56.647645
11031.000,89.000000,62.169711
11031.000,90.000000,73.556620
11031.000,91.000000,81.486358
11032.000,81.000000,63.548017
11032.000,82.000000,77.327370
11032.000,83.000000,52.884840
11032.000,84.000000,51.132424
11032.000,85.000000,37.849529
11032.000,86.000000,35.813336
11032.000,87.000000,38.354821
11032.000,88.000000,31.554383
11032.000,89.000000,38.894363
11032.000,90.000000,43.880069
11032.000,91.000000,33.386663
11033.000,81.000000,36.706317
11033.000,82.000000,38.300430
11033.000,83.000000,46.002956
11033.000,84.000000,39.418282
11033.000,85.000000,37.782662
11033.000,86.000000,36.717810
11033.000,87.000000,39.893208
11033.000,88.000000,42.387115
11033.000,89.000000,40.294754
11033.000,90.000000,20.377999
11033.000,91.000000,73.317212
11034.000,81.000000,17.260316
11034.000,82.000000,15.306786
11034.000,83.000000,16.570800
11034.000,84.000000,12.951186
11034.000,85.000000,14.492761
11034.000,86.000000,22.579922
11035.000,81.000000,44.805907
11035.000,82.000000,43.561641
11035.000,83.000000,43.257457
11035.000,84.000000,50.404670
11035.000,85.000000,51.075096
11035.000,86.000000,54.394839
11035.000,87.000000,76.977059
11035.000,88.000000,49.627752
11035.000,89.000000,54.142115
11035.000,90.000000,67.471653
11035.000,91.000000,50.879184
11036.000,81.000000,69.248961
11036.000,82.000000,53.065077
11036.000,83.000000,38.178098
11036.000,84.000000,33.806507
11036.000,85.000000,32.151306
11036.000,86.000000,33.311082
11036.000,87.000000,44.340611
11036.000,88.000000,43.606016
11036.000,89.000000,34.780532
11036.000,90.000000,32.889963
11036.000,91.000000,31.555592
11037.000,81.000000,46.465082
11037.000,82.000000,40.387824
11037.000,83.000000,50.816094
11037.000,84.000000,50.465475
11037.000,85.000000,44.841195
11037.000,86.000000,30.542919
11037.000,87.000000,29.777709
11037.000,88.000000,24.453635
11037.000,89.000000,21.578304
11037.000,90.000000,25.976269
11037.000,91.000000,36.031932
11038.000,81.000000,26.407240
11038.000,82.000000,25.711158
11038.000,83.000000,26.101069
11038.000,84.000000,18.129903
11038.000,85.000000,26.846379
11038.000,86.000000,26.561796
11038.000,87.000000,35.772365
11038.000,88.000000,32.750446
11038.000,89.000000,31.455861
11038.000,90.000000,35.014209
11038.000,91.000000,42.342913
11039.000,81.000000,37.793972
11039.000,82.000000,28.318415
11039.000,83.000000,26.131818
11039.000,84.000000,24.823938
11039.000,85.000000,36.481437
11039.000,86.000000,41.597801
11039.000,87.000000,46.900737
11039.000,88.000000,53.920743
11039.000,89.000000,57.568958
11039.000,90.000000,50.041526
11039.000,91.000000,48.343729
11040.000,81.000000,33.948939
11040.000,82.000000,32.121713
11040.000,83.000000,35.118703
11040.000,84.000000,33.925330
11040.000,85.000000,33.537668
11040.000,86.000000,32.964530
11040.000,87.000000,51.363383
11040.000,88.000000,30.206854
11040.000,89.000000,41.209102
11040.000,90.000000,36.561848
11040.000,91.000000,39.524106
11041.000,81.000000,38.072161
11041.000,82.000000,18.308754
11041.000,83.000000,22.563776
11041.000,84.000000,16.829452
11041.000,85.000000,15.903429
11041.000,86.000000,13.461217
11041.000,87.000000,7.4876246
11041.000,88.000000,8.2462326
11041.000,89.000000,11.408917
11041.000,90.000000,8.7172983
11041.000,91.000000,7.1500630
11042.000,81.000000,199.22512
11042.000,82.000000,213.87380
11042.000,83.000000,54.161982
11042.000,84.000000,64.423141
11042.000,85.000000,53.099850
11042.000,86.000000,47.342977
11042.000,87.000000,27.086719
11042.000,88.000000,32.201099
11042.000,89.000000,26.295276
11042.000,90.000000,24.806193
11042.000,91.000000,33.001137
11043.000,81.000000,67.200516
11043.000,82.000000,76.007305
11043.000,83.000000,74.425029
11043.000,84.000000,72.102699
11043.000,85.000000,72.995524
11043.000,86.000000,81.413639
11043.000,87.000000,83.126895
11043.000,88.000000,92.230663
11043.000,89.000000,94.215715
11043.000,90.000000,63.413470
11043.000,91.000000,63.776595
11044.000,81.000000,75.375828
11044.000,82.000000,88.326279
11044.000,83.000000,89.097671
11044.000,84.000000,88.294705
11044.000,85.000000,80.862566
11044.000,86.000000,90.995075
11044.000,87.000000,62.205298
11044.000,88.000000,69.468339
11044.000,89.000000,80.752909
11044.000,90.000000,82.783228
11044.000,91.000000,76.951851
11045.000,81.000000,52.412290
11045.000,82.000000,44.079583
11045.000,83.000000,80.548416
11045.000,84.000000,75.086772
11045.000,85.000000,72.116277
11045.000,86.000000,52.042365
11045.000,87.000000,50.652448
11045.000,88.000000,50.457818
11045.000,89.000000,57.057418
11045.000,90.000000,51.970058
11045.000,91.000000,43.585193
11046.000,81.000000,17.044750
11046.000,82.000000,13.686632
11046.000,83.000000,10.981987
11046.000,84.000000,9.5234001
11046.000,85.000000,11.434303
11046.000,86.000000,12.605582
11046.000,87.000000,14.895596
11046.000,88.000000,19.717320
11046.000,89.000000,19.738806
11046.000,90.000000,17.550789
11046.000,91.000000,20.534006
11047.000,81.000000,65.444527
11047.000,82.000000,71.402774
11047.000,83.000000,72.874184
11047.000,84.000000,95.137288
11047.000,85.000000,101.67047
11047.000,86.000000,198.07733
11047.000,87.000000,158.72708
11047.000,88.000000,128.11519
11047.000,89.000000,99.905986
11047.000,91.000000,56.670338
11048.000,81.000000,30.364976
11048.000,82.000000,37.551508
11048.000,83.000000,36.130515
11048.000,84.000000,45.019517
11048.000,85.000000,39.927579
11048.000,86.000000,49.141927
11048.000,87.000000,57.035645
11049.000,81.000000,30.435203
11049.000,82.000000,23.530743
11049.000,83.000000,21.111514
11049.000,84.000000,23.622706
11049.000,85.000000,39.891928
11049.000,86.000000,34.005049
11049.000,87.000000,36.849068
11049.000,88.000000,43.827037
11049.000,89.000000,41.755343
11049.000,90.000000,34.546342
11049.000,91.000000,33.873513
11050.000,81.000000,50.539782
11050.000,82.000000,51.175711
11050.000,83.000000,50.531477
11050.000,84.000000,44.785396
11050.000,85.000000,41.116788
11050.000,86.000000,40.564934
11050.000,87.000000,45.799798
11050.000,88.000000,26.247390
11052.000,81.000000,75.215871
11052.000,82.000000,70.265945
11052.000,83.000000,55.463006
11052.000,84.000000,53.587718
11052.000,85.000000,50.837364
11052.000,86.000000,34.640062
11052.000,87.000000,43.896278
11052.000,88.000000,40.291358
11052.000,89.000000,49.646446
11052.000,90.000000,46.687473
11052.000,91.000000,34.250656
11053.000,81.000000,105.73911
11053.000,82.000000,80.702210
11053.000,83.000000,78.773607
11053.000,84.000000,79.139916
11053.000,85.000000,85.195188
11053.000,86.000000,44.173330
11053.000,87.000000,86.805330
11053.000,88.000000,71.558007
11053.000,89.000000,70.181595
11053.000,90.000000,67.547659
11053.000,91.000000,68.039642
11054.000,81.000000,27.924525
11054.000,82.000000,35.345809
11054.000,83.000000,34.751716
11054.000,84.000000,24.725786
11054.000,85.000000,24.097830
11054.000,86.000000,20.777573
11054.000,87.000000,24.643023
11054.000,88.000000,23.991974
11054.000,89.000000,21.409379
11054.000,90.000000,20.252068
11054.000,91.000000,16.896225
11055.000,81.000000,58.532348
11055.000,82.000000,20.459796
11055.000,83.000000,17.428450
11055.000,84.000000,16.424659
11055.000,85.000000,15.365272
11055.000,86.000000,26.815616
11055.000,87.000000,19.656318
11055.000,88.000000,16.820947
11055.000,89.000000,18.367991
11055.000,90.000000,25.526729
11055.000,91.000000,32.930729
11056.000,81.000000,103.59913
11056.000,82.000000,118.94710
11056.000,83.000000,108.06450
11056.000,84.000000,112.07889
11056.000,85.000000,113.34273
11056.000,86.000000,123.98338
11056.000,87.000000,116.32369
11056.000,88.000000,115.48148
11056.000,89.000000,130.63224
11056.000,90.000000,131.25633
11056.000,91.000000,129.81663
11057.000,81.000000,27.040782
11057.000,82.000000,29.087331
11057.000,83.000000,25.150966
11057.000,84.000000,35.197610
11057.000,85.000000,31.563445
11058.000,81.000000,64.242589
11058.000,82.000000,62.636769
11058.000,83.000000,67.569748
11058.000,84.000000,37.518691
11058.000,85.000000,39.742268
11058.000,86.000000,28.290649
11058.000,87.000000,28.768983
11058.000,88.000000,30.636329
11058.000,89.000000,26.934598
11058.000,90.000000,26.657625
11058.000,91.000000,27.577541
11059.000,81.000000,23.803132
11059.000,82.000000,31.523704
11059.000,83.000000,22.651602
11059.000,84.000000,19.567457
11059.000,85.000000,21.446845
11059.000,86.000000,28.314792
11059.000,87.000000,14.924259
11059.000,88.000000,22.787471
11059.000,89.000000,27.921035
11059.000,90.000000,31.923996
11059.000,91.000000,39.128020
11060.000,81.000000,77.469639
11060.000,82.000000,52.926612
11060.000,83.000000,37.312244
11060.000,84.000000,37.866189
11060.000,85.000000,30.877431
11060.000,86.000000,36.068190
11060.000,87.000000,30.510091
11060.000,88.000000,25.996855
11060.000,89.000000,24.997369
11060.000,90.000000,26.219019
11060.000,91.000000,25.667522
11061.000,81.000000,42.841249
11061.000,82.000000,39.591706
11061.000,83.000000,44.160957
11061.000,84.000000,32.913912
11061.000,85.000000,26.197434
11061.000,86.000000,28.532727
11061.000,87.000000,25.913314
11061.000,88.000000,24.631261
11062.000,81.000000,169.43110
11062.000,82.000000,218.15738
11062.000,83.000000,97.400130
11062.000,84.000000,129.62877
11062.000,85.000000,121.44316
11062.000,86.000000,116.61412
11062.000,87.000000,93.825183
11062.000,88.000000,62.199471
11062.000,89.000000,41.273070
11062.000,90.000000,39.036798
11062.000,91.000000,35.166339
11063.000,81.000000,56.299568
11063.000,82.000000,49.626504
11063.000,83.000000,43.616229
11063.000,84.000000,30.470189
11063.000,85.000000,41.814364
11063.000,86.000000,31.099194
11063.000,87.000000,37.578906
11063.000,88.000000,21.077024
11063.000,89.000000,57.122836
11063.000,90.000000,50.840063
11063.000,91.000000,52.574281
11064.000,81.000000,40.341675
11064.000,82.000000,15.466982
11064.000,83.000000,18.290618
11064.000,84.000000,17.673500
11064.000,85.000000,19.689793
11064.000,86.000000,26.557049
11064.000,87.000000,28.818596
11064.000,88.000000,34.021633
11064.000,89.000000,36.204077
11064.000,90.000000,22.954435
11064.000,91.000000,29.088242
11065.000,81.000000,45.810701
11065.000,82.000000,50.626797
11065.000,83.000000,44.176370
11065.000,84.000000,52.414330
11065.000,85.000000,50.749902
11065.000,86.000000,38.045407
11065.000,87.000000,35.970447
11065.000,88.000000,49.349765
11065.000,89.000000,47.985682
11065.000,90.000000,52.498038
11065.000,91.000000,50.425056
11066.000,81.000000,108.58287
11066.000,82.000000,160.39120
11066.000,83.000000,84.641757
11066.000,84.000000,48.350100
11066.000,85.000000,53.310949
11066.000,86.000000,53.317096
11066.000,87.000000,50.759687
11066.000,88.000000,38.762268
11067.000,81.000000,26.617291
11067.000,82.000000,23.362699
11067.000,83.000000,24.029336
11067.000,84.000000,29.691310
11067.000,85.000000,23.549697
11067.000,86.000000,33.657533
11067.000,87.000000,32.084910
11067.000,88.000000,26.254214
11067.000,89.000000,37.266976
11067.000,90.000000,24.937573
11067.000,91.000000,24.179281
11068.000,81.000000,201.47047
11068.000,82.000000,120.76737
11068.000,83.000000,151.14756
11068.000,84.000000,207.85137
11068.000,85.000000,147.26110
11068.000,86.000000,500.31325
11069.000,81.000000,21.963762
11069.000,82.000000,14.384940
11069.000,83.000000,26.078537
11069.000,84.000000,34.093726
11069.000,85.000000,24.160555
11069.000,86.000000,27.162484
11069.000,87.000000,24.421720
11069.000,88.000000,21.412198
11069.000,89.000000,19.954479
11069.000,90.000000,20.794787
11069.000,91.000000,20.222799
11070.000,81.000000,65.632633
11070.000,82.000000,61.526471
11070.000,83.000000,49.091259
11070.000,84.000000,46.076986
11070.000,85.000000,58.128263
11070.000,86.000000,34.165514
11070.000,87.000000,47.156599
11070.000,88.000000,43.981254
11070.000,89.000000,34.714227
11070.000,90.000000,43.881080
11070.000,91.000000,40.523210
11071.000,81.000000,74.440237
11072.000,81.000000,70.214438
11072.000,82.000000,61.165435
11072.000,83.000000,36.335638
11072.000,84.000000,40.908424
11072.000,85.000000,43.788364
11072.000,86.000000,45.153888
11072.000,87.000000,37.033485
11072.000,88.000000,41.595638
11072.000,89.000000,48.366126
11072.000,90.000000,33.732334
11072.000,91.000000,49.083327
11073.000,81.000000,85.057912
11073.000,82.000000,67.547765
11073.000,83.000000,62.511233
11073.000,84.000000,73.552761
11073.000,85.000000,85.267645
11073.000,86.000000,91.239390
11073.000,87.000000,44.644267
11073.000,88.000000,32.232674
11073.000,89.000000,59.809541
11073.000,90.000000,36.655895
11073.000,91.000000,16.416429
11074.000,83.000000,45.813109
11074.000,84.000000,28.410213
11074.000,85.000000,25.242784
11074.000,86.000000,35.250531
11074.000,87.000000,35.109619
11074.000,88.000000,38.293658
11074.000,89.000000,33.481638
11074.000,90.000000,37.347350
11074.000,91.000000,58.843089
11075.000,81.000000,103.16131
11075.000,82.000000,92.659692
11075.000,83.000000,104.51890
11075.000,84.000000,115.19354
11075.000,85.000000,125.46626
11075.000,86.000000,100.49356
11075.000,87.000000,94.345755
11075.000,88.000000,101.00429
11075.000,89.000000,98.312904
11075.000,90.000000,95.123770
11075.000,91.000000,80.149300
11076.000,81.000000,73.801444
11076.000,82.000000,89.743076
11076.000,83.000000,62.792911
11076.000,84.000000,63.041807
11076.000,85.000000,41.959053
11076.000,86.000000,107.15668
11076.000,87.000000,52.841913
11076.000,88.000000,45.735248
11076.000,89.000000,45.131911
11076.000,90.000000,50.547363
11076.000,91.000000,21.179921
11077.000,81.000000,36.274187
11077.000,82.000000,42.804993
11077.000,83.000000,33.234030
11077.000,84.000000,19.372447
11077.000,85.000000,19.999087
11077.000,86.000000,18.123141
11077.000,87.000000,17.845529
11077.000,88.000000,15.474212
11077.000,89.000000,21.936286
11077.000,90.000000,52.677130
11077.000,91.000000,54.342249
11078.000,81.000000,140.19822
11078.000,82.000000,179.14746
11078.000,83.000000,148.93524
11078.000,84.000000,139.11086
11078.000,85.000000,127.31744
11078.000,86.000000,100.74947
11078.000,87.000000,104.99772
11078.000,88.000000,88.686266
11078.000,89.000000,91.797358
11078.000,90.000000,77.905856
11078.000,91.000000,65.703444
11079.000,81.000000,62.910257
11079.000,82.000000,81.894482
11079.000,83.000000,82.015797
11079.000,84.000000,53.947345
11079.000,85.000000,35.487393
11079.000,86.000000,27.113686
11079.000,87.000000,35.904714
11079.000,88.000000,30.954680
11079.000,89.000000,20.774892
11079.000,90.000000,18.601959
11079.000,91.000000,13.481405
11080.000,81.000000,121.68993
11080.000,82.000000,152.42064
11080.000,83.000000,87.153476
11080.000,84.000000,96.528000
11080.000,85.000000,111.33591
11080.000,86.000000,68.069714
11080.000,87.000000,71.982986
11080.000,88.000000,62.828318
11080.000,89.000000,79.827352
11080.000,90.000000,78.713981
11080.000,91.000000,78.299234
11081.000,81.000000,82.602244
11081.000,82.000000,38.807194
11081.000,83.000000,45.856649
11081.000,84.000000,45.261025
11081.000,85.000000,52.067881
11081.000,86.000000,43.949997
11081.000,87.000000,38.404743
11082.000,81.000000,79.940148
11082.000,82.000000,89.907964
11082.000,83.000000,39.924135
11082.000,84.000000,51.271642
11082.000,85.000000,25.724732
11082.000,86.000000,39.624676
11083.000,81.000000,78.796231
11083.000,82.000000,35.436854
11083.000,83.000000,29.015945
11083.000,84.000000,30.449131
11083.000,85.000000,41.660803
11083.000,86.000000,35.780543
11083.000,87.000000,23.357246
11083.000,88.000000,37.553534
11083.000,89.000000,44.195361
11083.000,90.000000,35.550528
11083.000,91.000000,30.129645
11084.000,81.000000,66.757773
11084.000,82.000000,56.194689
11084.000,83.000000,39.258224
11084.000,84.000000,56.768174
11084.000,85.000000,73.081391
11084.000,86.000000,47.953416
11084.000,87.000000,36.249262
11084.000,88.000000,35.567866
11084.000,89.000000,37.861230
11084.000,90.000000,39.941770
11084.000,91.000000,44.495747
11085.000,81.000000,52.961693
11085.000,82.000000,22.067338
11085.000,83.000000,26.099437
11085.000,84.000000,35.534400
11085.000,85.000000,42.229727
11085.000,86.000000,36.940249
11086.000,81.000000,25.175442
11086.000,82.000000,23.087825
11086.000,83.000000,25.041722
11086.000,84.000000,24.661034
11086.000,85.000000,33.374153
11087.000,81.000000,54.418690
11087.000,82.000000,57.900115
11087.000,83.000000,57.617724
11087.000,84.000000,61.135494
11087.000,85.000000,205.77649
11087.000,86.000000,48.003292
11087.000,87.000000,66.477397
11087.000,88.000000,70.596150
11087.000,89.000000,137.52167
11087.000,90.000000,124.98680
11087.000,91.000000,118.15607
11088.000,81.000000,34.682789
11088.000,82.000000,12.335251
11088.000,83.000000,28.717831
11088.000,84.000000,35.081033
11088.000,85.000000,42.856345
11088.000,86.000000,46.384004
11088.000,87.000000,42.242967
11088.000,88.000000,51.257939
11088.000,89.000000,65.307821
11088.000,90.000000,51.329714
11088.000,91.000000,50.893254
11089.000,81.000000,47.468746
11089.000,82.000000,36.203310
11089.000,83.000000,15.222299
11089.000,84.000000,26.539031
11089.000,85.000000,26.094689
11089.000,86.000000,36.226806
11089.000,87.000000,31.800872
11089.000,88.000000,30.800319
11089.000,89.000000,37.248185
11089.000,90.000000,30.538546
11089.000,91.000000,29.174772
11090.000,81.000000,80.096391
11090.000,82.000000,80.671220
11090.000,83.000000,84.968588
11090.000,84.000000,98.509912
11090.000,85.000000,111.38484
11090.000,86.000000,69.490793
11090.000,87.000000,62.448219
11090.000,88.000000,66.816083
11090.000,89.000000,71.550490
11090.000,90.000000,67.017928
11090.000,91.000000,62.538154
11091.000,81.000000,98.488489
11091.000,82.000000,89.906220
11091.000,83.000000,80.541953
11091.000,84.000000,87.607135
11091.000,85.000000,101.78883
11091.000,86.000000,82.767779
11091.000,87.000000,83.185753
11091.000,88.000000,108.38057
11091.000,89.000000,114.07717
11091.000,90.000000,102.86123
11091.000,91.000000,113.36103
11092.000,81.000000,141.05240
11092.000,82.000000,133.90105
11092.000,83.000000,110.60871
11092.000,84.000000,120.12029
11092.000,85.000000,107.00694
11092.000,86.000000,92.782258
11092.000,87.000000,77.641954
11092.000,88.000000,86.546922
11092.000,89.000000,73.692693
11092.000,90.000000,75.984765
11092.000,91.000000,107.46458
11093.000,81.000000,16.561886
11093.000,82.000000,16.068141
11093.000,83.000000,14.208579
11093.000,84.000000,16.658907
11093.000,85.000000,12.800710
11093.000,86.000000,17.239331
11093.000,87.000000,13.199292
11093.000,88.000000,17.852931
11093.000,89.000000,26.463889
11093.000,90.000000,25.824815
11093.000,91.000000,33.980673
11094.000,81.000000,39.128087
11094.000,82.000000,40.773063
11094.000,83.000000,50.342428
11094.000,84.000000,21.025762
11094.000,85.000000,36.211935
11094.000,86.000000,34.752685
11094.000,87.000000,37.089230
11094.000,88.000000,27.944559
11094.000,89.000000,26.886595
11094.000,90.000000,26.475555
11094.000,91.000000,27.615610
11095.000,81.000000,123.98643
11095.000,82.000000,123.85829
11095.000,83.000000,169.30712
11095.000,84.000000,197.70175
11095.000,85.000000,112.72079
11095.000,86.000000,114.91996
11095.000,87.000000,118.49608
11095.000,88.000000,112.48971
11095.000,89.000000,124.37312
11095.000,90.000000,115.67293
11095.000,91.000000,117.41377
11096.000,81.000000,45.291680
11096.000,82.000000,46.001153
11096.000,83.000000,47.480381
11096.000,84.000000,33.559523
11096.000,85.000000,33.438543
11096.000,86.000000,20.439318
11096.000,87.000000,22.404531
11096.000,88.000000,23.161484
11096.000,89.000000,22.042382
11096.000,90.000000,23.507910
11096.000,91.000000,25.309735
11097.000,81.000000,141.79237
11097.000,82.000000,114.55535
11097.000,83.000000,23.383353
11097.000,84.000000,33.529093
11097.000,85.000000,94.781931
11097.000,86.000000,48.954247
11097.000,87.000000,79.140064
11097.000,88.000000,108.16552
11097.000,89.000000,51.486188
11097.000,90.000000,104.35737
11097.000,91.000000,68.185345
11098.000,81.000000,68.865024
11098.000,82.000000,65.984407
11098.000,83.000000,95.748593
11098.000,84.000000,107.16302
11098.000,85.000000,133.97076
11099.000,81.000000,27.537272
11099.000,82.000000,23.645678
11099.000,83.000000,21.922374
11099.000,84.000000,20.005087
11099.000,85.000000,27.156110
11099.000,86.000000,40.848689
11099.000,87.000000,37.726291
11099.000,88.000000,49.852612
11099.000,89.000000,32.069108
11099.000,90.000000,32.869058
11099.000,91.000000,42.620475
11100.000,81.000000,60.929562
11100.000,82.000000,59.607299
11100.000,83.000000,72.668825
11100.000,84.000000,88.637050
11100.000,85.000000,67.275804
11100.000,86.000000,60.589393
11100.000,87.000000,63.096918
11101.000,81.000000,34.342068
11101.000,82.000000,38.464897
11101.000,83.000000,43.076573
11101.000,84.000000,38.451510
11101.000,85.000000,32.895626
11101.000,86.000000,19.740383
11101.000,87.000000,16.004127
11101.000,88.000000,14.190049
11101.000,89.000000,15.375892
11101.000,90.000000,17.125318
11102.000,81.000000,109.14709
11102.000,82.000000,105.36721
11102.000,83.000000,89.484976
11102.000,84.000000,93.283625
11102.000,85.000000,92.700061
11102.000,86.000000,103.10783
11102.000,87.000000,79.743452
11102.000,88.000000,80.427004
11102.000,89.000000,75.373980
11102.000,90.000000,78.709849
11102.000,91.000000,85.569137
11104.000,81.000000,175.37382
11104.000,82.000000,132.18168
11104.000,83.000000,76.026049
11104.000,84.000000,65.662123
11104.000,85.000000,64.226097
11104.000,86.000000,70.416427
11104.000,87.000000,64.064224
11104.000,88.000000,71.942694
11104.000,89.000000,80.655418
11104.000,90.000000,69.688458
11104.000,91.000000,68.046095
11105.000,81.000000,70.677205
11105.000,82.000000,36.892160
11105.000,83.000000,36.261955
11105.000,84.000000,32.244269
11105.000,85.000000,16.824025
11106.000,81.000000,50.248671
11106.000,82.000000,30.079171
11106.000,83.000000,31.917159
11106.000,84.000000,34.960327
11106.000,85.000000,27.051711
11106.000,86.000000,22.370141
11106.000,87.000000,23.747546
11106.000,88.000000,23.856589
11106.000,89.000000,33.731871
11106.000,90.000000,32.720935
11106.000,91.000000,24.523433
11107.000,81.000000,263.86459
11107.000,82.000000,39.116546
11107.000,83.000000,20.505731
11107.000,84.000000,42.237440
11107.000,85.000000,11.333576
11108.000,81.000000,115.32421
11108.000,82.000000,38.049417
11108.000,83.000000,38.310015
11108.000,84.000000,50.433785
11108.000,85.000000,44.967021
11108.000,86.000000,44.553629
11108.000,87.000000,51.864287
11108.000,88.000000,48.741993
11108.000,89.000000,45.631487
11108.000,90.000000,38.503706
11108.000,91.000000,49.678383
11109.000,81.000000,49.422538
11109.000,82.000000,30.986719
11109.000,83.000000,28.864116
11109.000,84.000000,28.544007
11109.000,85.000000,29.882489
11109.000,86.000000,26.434571
11109.000,87.000000,35.886864
11110.000,81.000000,42.227958
11110.000,82.000000,32.828116
11110.000,83.000000,23.847166
11110.000,84.000000,27.150541
11110.000,85.000000,24.453455
11110.000,86.000000,18.559393
11110.000,87.000000,20.047379
11110.000,88.000000,17.013391
11110.000,89.000000,7.4253197
11110.000,90.000000,7.2777267
11110.000,91.000000,9.3205100
11111.000,84.000000,39.871055
11111.000,85.000000,26.975449
11111.000,86.000000,27.385652
11111.000,87.000000,30.318367
11111.000,88.000000,42.219661
11111.000,89.000000,41.321047
11111.000,90.000000,39.894110
11111.000,91.000000,33.614540
11112.000,81.000000,311.84692
11112.000,82.000000,236.54268
11112.000,83.000000,197.88647
11112.000,84.000000,213.28736
11112.000,85.000000,179.90228
11112.000,86.000000,207.99075
11112.000,87.000000,215.55961
11112.000,88.000000,138.02598
11112.000,89.000000,125.01538
11112.000,90.000000,241.56513
11112.000,91.000000,175.09962
11114.000,81.000000,91.245269
11114.000,82.000000,133.27857
11114.000,83.000000,116.26872
11114.000,84.000000,76.692419
11114.000,85.000000,107.96489
11114.000,86.000000,66.697366
11114.000,87.000000,94.985287
11114.000,88.000000,75.154097
11114.000,89.000000,86.995167
11114.000,90.000000,60.519765
11114.000,91.000000,66.749274
11115.000,86.000000,26.781331
11115.000,87.000000,28.624810
11116.000,81.000000,52.286752
11116.000,82.000000,50.543576
11116.000,83.000000,50.722997
11116.000,84.000000,44.007992
11116.000,85.000000,36.998368
11116.000,86.000000,44.433759
11116.000,87.000000,42.417511
11116.000,88.000000,47.195718
11116.000,89.000000,95.250145
11116.000,90.000000,45.802621
11116.000,91.000000,52.619580
11117.000,81.000000,32.986780
11117.000,82.000000,31.615865
11117.000,83.000000,48.872721
11117.000,84.000000,78.070284
11117.000,85.000000,73.347076
11117.000,86.000000,61.623169
11117.000,87.000000,71.709441
11117.000,88.000000,69.220730
11117.000,89.000000,54.357192
11117.000,90.000000,53.140251
11117.000,91.000000,48.374047
11118.000,81.000000,57.068823
11118.000,82.000000,51.139660
11118.000,83.000000,42.884054
11118.000,84.000000,39.173217
11118.000,85.000000,35.329632
11118.000,86.000000,34.607707
11118.000,87.000000,34.842964
11118.000,88.000000,44.237192
11118.000,89.000000,46.411576
11118.000,90.000000,41.292319
11118.000,91.000000,41.175713
11119.000,81.000000,64.764490
11119.000,82.000000,67.179692
11119.000,83.000000,92.442881
11119.000,84.000000,122.93761
11119.000,85.000000,278.89320
11119.000,86.000000,172.60523
11119.000,87.000000,263.91095
11119.000,88.000000,133.81210
11119.000,89.000000,101.46424
11119.000,90.000000,147.96996
11119.000,91.000000,85.356453
11120.000,81.000000,74.524970
11120.000,83.000000,41.895018
11120.000,84.000000,45.402723
11120.000,85.000000,53.363509
11120.000,86.000000,48.201609
11120.000,87.000000,35.536917
11120.000,88.000000,42.245149
11120.000,89.000000,38.359248
11120.000,90.000000,37.754600
11120.000,91.000000,40.086548
11121.000,81.000000,167.73461
11121.000,82.000000,100.47030
11121.000,83.000000,83.462924
11121.000,84.000000,79.701705
11121.000,85.000000,78.621108
11121.000,86.000000,86.827285
11121.000,87.000000,76.841975
11121.000,88.000000,64.501402
11121.000,89.000000,74.890118
11121.000,90.000000,76.988439
11121.000,91.000000,77.698723
11122.000,81.000000,34.055810
11122.000,82.000000,30.612909
11122.000,83.000000,29.687771
11122.000,84.000000,26.082934
11122.000,85.000000,13.411442
11122.000,86.000000,14.261901
11122.000,87.000000,18.766604
11122.000,88.000000,16.807490
11122.000,89.000000,21.833622
11122.000,90.000000,22.202247
11122.000,91.000000,26.809327
11123.000,81.000000,65.026880
11123.000,82.000000,44.355486
11123.000,83.000000,37.741115
11123.000,84.000000,45.610493
11123.000,85.000000,34.751549
11123.000,86.000000,30.961885
11123.000,87.000000,27.722659
11123.000,88.000000,25.886293
11123.000,89.000000,27.936667
11123.000,90.000000,24.191698
11123.000,91.000000,22.939602
11124.000,81.000000,52.894752
11124.000,82.000000,25.454717
11124.000,83.000000,23.517678
11124.000,84.000000,21.282145
11124.000,85.000000,27.990297
11124.000,86.000000,25.983929
11124.000,87.000000,31.412899
11124.000,88.000000,32.858575
11124.000,89.000000,18.720611
11124.000,90.000000,25.004815
11124.000,91.000000,23.642658
11125.000,81.000000,41.687641
11125.000,82.000000,38.298929
11125.000,83.000000,40.181076
11125.000,84.000000,51.947811
11125.000,85.000000,54.233657
11125.000,86.000000,51.528532
11125.000,87.000000,56.707330
11125.000,88.000000,54.890761
11125.000,89.000000,60.027177
11125.000,90.000000,69.008645
11125.000,91.000000,73.408827
11126.000,81.000000,144.93707
11126.000,82.000000,152.46962
11126.000,83.000000,117.00832
11126.000,84.000000,99.673550
11126.000,85.000000,105.50241
11126.000,86.000000,117.35546
11126.000,87.000000,94.738007
11126.000,88.000000,99.930618
11126.000,89.000000,105.00264
11126.000,90.000000,119.27698
11126.000,91.000000,123.30040
11127.000,81.000000,16.833049
11127.000,82.000000,11.980945
11127.000,83.000000,14.126349
11127.000,84.000000,26.944677
11127.000,85.000000,19.557041
11127.000,86.000000,23.461016
11127.000,87.000000,22.630228
11127.000,88.000000,22.789979
11127.000,89.000000,82.746437
11128.000,81.000000,116.59637
11128.000,82.000000,128.47377
11128.000,83.000000,79.982269
11128.000,84.000000,72.911323
11128.000,85.000000,76.351578
11128.000,86.000000,76.903465
11128.000,87.000000,75.224642
11128.000,88.000000,57.501480
11128.000,89.000000,72.787218
11128.000,90.000000,73.092773
11128.000,91.000000,64.303398
11129.000,81.000000,123.96669
11129.000,82.000000,86.129175
11129.000,83.000000,65.415497
11129.000,84.000000,85.885526
11129.000,85.000000,82.305124
11129.000,86.000000,91.622826
11129.000,87.000000,94.272819
11129.000,88.000000,67.380443
11129.000,89.000000,74.643217
11129.000,90.000000,83.613445
11129.000,91.000000,73.385507
11130.000,81.000000,253.99596
11130.000,82.000000,92.156704
11130.000,83.000000,78.465613
11130.000,84.000000,84.609419
11130.000,85.000000,42.256095
11130.000,86.000000,68.412055
11130.000,87.000000,58.312902
11130.000,88.000000,59.622891
11130.000,89.000000,71.269009
11130.000,90.000000,33.238743
11131.000,81.000000,31.534220
11131.000,82.000000,22.427301
11131.000,83.000000,21.689376
11131.000,84.000000,24.218774
11131.000,85.000000,21.041255
11131.000,86.000000,17.601466
11131.000,87.000000,22.692155
11131.000,88.000000,22.304584
11131.000,89.000000,23.539942
11131.000,90.000000,26.059903
11131.000,91.000000,30.161480
11132.000,81.000000,45.264458
11132.000,82.000000,21.341446
11132.000,83.000000,24.773352
11132.000,84.000000,21.578749
11132.000,85.000000,18.262354
11132.000,86.000000,16.561295
11132.000,87.000000,13.481333
11132.000,88.000000,14.979790
11132.000,89.000000,16.535356
11132.000,90.000000,13.611658
11132.000,91.000000,15.057423
11137.000,81.000000,63.638730
11137.000,82.000000,60.753792
11137.000,83.000000,53.897548
11185.000,90.000000,51.218409
11185.000,91.000000,33.494358
11350.000,87.000000,28.081453
11350.000,88.000000,29.394117
11350.000,89.000000,27.572230
11350.000,90.000000,28.385539
11350.000,91.000000,31.195714
11799.000,82.000000,57.571657
11834.000,81.000000,38.814137
11834.000,82.000000,39.930287
11834.000,83.000000,42.340651
11993.000,81.000000,88.694903
11993.000,87.000000,61.512229
11993.000,89.000000,59.955158
11993.000,90.000000,32.680197
12170.000,89.000000,43.291057
12272.000,81.000000,184.37231
12272.000,82.000000,144.19714
12272.000,83.000000,150.18897
12272.000,84.000000,126.95899
12272.000,85.000000,148.00528
12272.000,86.000000,140.88918
12272.000,87.000000,155.61234
12272.000,88.000000,140.07662
12272.000,89.000000,176.29973
12272.000,90.000000,141.50521
12272.000,91.000000,50.777789
12273.000,81.000000,57.917484
12273.000,82.000000,54.111901
12273.000,83.000000,60.069352
12273.000,84.000000,67.322306
12273.000,85.000000,51.357019
12273.000,86.000000,52.401633
12273.000,87.000000,66.537609
12273.000,88.000000,59.203334
12273.000,89.000000,59.756909
12273.000,90.000000,65.542720
12273.000,91.000000,85.941636
12274.000,81.000000,25.393475
12274.000,82.000000,48.720747
12274.000,83.000000,23.797755
12274.000,84.000000,22.048180
12274.000,85.000000,20.089859
12274.000,86.000000,27.015477
12274.000,87.000000,25.109931
12274.000,88.000000,21.160636
12274.000,89.000000,26.022976
12274.000,90.000000,33.902246
12274.000,91.000000,13.092365
12275.000,81.000000,124.21197
12275.000,82.000000,122.03961
12275.000,83.000000,124.47876
12275.000,84.000000,64.080611
12275.000,85.000000,60.724505
12276.000,81.000000,197.09275
12276.000,82.000000,184.82431
12276.000,83.000000,134.32159
12276.000,84.000000,99.560137
12276.000,85.000000,80.380988
12276.000,86.000000,97.772475
12276.000,87.000000,93.470024
12276.000,88.000000,92.669411
12276.000,89.000000,103.81148
12276.000,90.000000,117.92781
12276.000,91.000000,97.097464
12277.000,81.000000,119.99203
12277.000,82.000000,91.561960
12277.000,83.000000,82.630860
12277.000,84.000000,53.675358
12277.000,85.000000,54.665926
12277.000,86.000000,66.289476
12277.000,87.000000,54.106229
12277.000,88.000000,87.943150
12277.000,89.000000,119.45582
12277.000,90.000000,117.11935
12277.000,91.000000,138.46260
12278.000,81.000000,27.815904
12278.000,82.000000,29.102580
12278.000,83.000000,33.679308
12278.000,84.000000,35.012538
12278.000,85.000000,41.173036
12278.000,86.000000,26.064472
12278.000,87.000000,25.225524
12278.000,88.000000,34.816599
12278.000,89.000000,29.855563
12278.000,90.000000,28.795635
12278.000,91.000000,20.258835
12279.000,81.000000,25.988337
12279.000,82.000000,31.825735
12279.000,83.000000,34.332248
12279.000,84.000000,36.265969
12279.000,85.000000,35.051691
12279.000,86.000000,20.094332
12279.000,87.000000,20.621982
12279.000,88.000000,26.992916
12279.000,89.000000,41.802800
12279.000,90.000000,45.888103
12279.000,91.000000,40.283154
12280.000,81.000000,91.942496
12280.000,82.000000,86.090800
12280.000,83.000000,75.630431
12280.000,84.000000,77.391095
12280.000,85.000000,64.680361
12280.000,86.000000,61.035106
12280.000,87.000000,85.191934
12280.000,88.000000,58.783907
12280.000,89.000000,68.097223
12280.000,90.000000,66.542117
12280.000,91.000000,65.355489
12281.000,81.000000,69.436053
12281.000,82.000000,64.920636
12281.000,83.000000,50.792821
12281.000,84.000000,50.175017
12281.000,85.000000,63.056667
12281.000,86.000000,62.417308
12281.000,87.000000,58.727769
12281.000,88.000000,62.311247
12281.000,89.000000,66.272964
12281.000,90.000000,66.875390
12281.000,91.000000,70.458247
12282.000,81.000000,68.486544
12282.000,82.000000,51.097857
12282.000,83.000000,39.760580
12282.000,84.000000,41.126756
12282.000,85.000000,45.265820
12282.000,86.000000,51.915292
12282.000,87.000000,68.473719
12282.000,88.000000,53.235135
12282.000,89.000000,54.695752
12282.000,90.000000,60.760598
12282.000,91.000000,54.953993
12283.000,81.000000,407.40798
12283.000,82.000000,154.47657
12283.000,83.000000,143.18498
12283.000,84.000000,91.486977
12283.000,85.000000,55.217880
12283.000,86.000000,58.106861
12283.000,87.000000,59.683445
12283.000,88.000000,42.466145
12283.000,89.000000,50.390163
12283.000,90.000000,48.605191
12283.000,91.000000,58.392901
12284.000,81.000000,44.961142
12284.000,82.000000,30.727339
12284.000,83.000000,27.921300
12284.000,84.000000,24.590779
12284.000,85.000000,51.047138
12284.000,86.000000,49.115111
12284.000,87.000000,44.626233
12284.000,88.000000,45.697375
12284.000,89.000000,58.101405
12284.000,90.000000,48.978981
12284.000,91.000000,50.922654
12285.000,81.000000,42.531085
12285.000,82.000000,50.394916
12285.000,83.000000,68.041518
12285.000,84.000000,72.927387
12285.000,85.000000,49.813324
12285.000,86.000000,42.748604
12285.000,87.000000,55.316293
12285.000,88.000000,41.183456
12285.000,89.000000,46.612870
12285.000,90.000000,47.521414
12286.000,81.000000,37.997651
12286.000,82.000000,33.525047
12286.000,83.000000,23.044785
12286.000,84.000000,26.749864
12286.000,85.000000,29.557087
12286.000,86.000000,22.142628
12286.000,87.000000,18.841000
12286.000,88.000000,18.671207
12286.000,89.000000,20.952120
12286.000,90.000000,25.702641
12286.000,91.000000,22.138036
12287.000,81.000000,40.881369
12287.000,82.000000,60.706292
12287.000,83.000000,41.870230
12287.000,84.000000,55.427074
12287.000,85.000000,71.175218
12287.000,86.000000,56.283151
12287.000,87.000000,54.672352
12287.000,88.000000,66.890252
12287.000,89.000000,83.328521
12287.000,90.000000,87.094969
12287.000,91.000000,86.697795
12288.000,83.000000,107.00099
12288.000,84.000000,132.41851
12288.000,85.000000,148.21245
12288.000,86.000000,28.136341
12288.000,87.000000,23.960763
12289.000,81.000000,45.169249
12289.000,82.000000,28.403210
12289.000,83.000000,41.317326
12289.000,84.000000,35.180609
12289.000,85.000000,32.293999
12289.000,86.000000,30.568583
12290.000,81.000000,39.265494
12290.000,82.000000,42.691692
12290.000,83.000000,40.911345
12290.000,84.000000,35.981769
12290.000,85.000000,29.797832
12290.000,86.000000,35.931108
12290.000,87.000000,39.853799
12290.000,88.000000,41.823023
12290.000,89.000000,41.326174
12290.000,90.000000,61.806782
12290.000,91.000000,58.437167
12291.000,81.000000,46.257441
12291.000,82.000000,25.487550
12291.000,83.000000,28.655223
12291.000,84.000000,32.540144
12291.000,85.000000,26.991930
12291.000,86.000000,28.864113
12291.000,87.000000,31.830213
12291.000,88.000000,25.242245
12291.000,89.000000,28.303326
12291.000,90.000000,26.215962
12291.000,91.000000,17.959518
12533.000,81.000000,27.111154
12533.000,82.000000,29.425963
12533.000,83.000000,33.860211
12533.000,84.000000,35.199026
12533.000,85.000000,21.869249
12533.000,86.000000,23.697061
12533.000,87.000000,27.176120
12533.000,88.000000,19.934746
12533.000,89.000000,17.155348
12533.000,90.000000,24.803337
12533.000,91.000000,27.499363
12534.000,81.000000,70.441672
12534.000,82.000000,36.901583
12534.000,83.000000,32.726247
12534.000,84.000000,38.692860
12534.000,85.000000,16.370451
12534.000,86.000000,13.881876
12534.000,87.000000,9.3108190
12580.000,81.000000,121.01920
12580.000,82.000000,157.79861
12580.000,83.000000,271.95051
12580.000,84.000000,269.18762
12580.000,85.000000,215.84484
12580.000,86.000000,173.32638
12580.000,87.000000,143.35363
12580.000,88.000000,125.49754
12580.000,89.000000,112.60556
12580.000,90.000000,150.17065
12580.000,91.000000,200.07087
12581.000,81.000000,287.90439
12581.000,82.000000,82.932041
12581.000,83.000000,104.33854
12581.000,84.000000,46.454535
12581.000,85.000000,56.186081
12581.000,86.000000,67.356373
12581.000,87.000000,73.667625
12581.000,88.000000,66.193013
12581.000,89.000000,63.734726
12581.000,90.000000,60.376181
12581.000,91.000000,77.506450
12674.000,81.000000,19.172645
12674.000,82.000000,20.267389
12674.000,83.000000,13.491306
12674.000,84.000000,11.304779
12674.000,85.000000,13.744464
12674.000,86.000000,15.623027
12674.000,87.000000,14.370991
12674.000,88.000000,16.584286
12674.000,89.000000,17.412713
12674.000,90.000000,32.420727
12674.000,91.000000,27.987131
12676.000,81.000000,21.702819
12676.000,82.000000,22.175177
12676.000,83.000000,21.501228
12676.000,84.000000,24.964037
12676.000,85.000000,22.055057
12676.000,86.000000,24.458209
12676.000,87.000000,21.122525
12676.000,88.000000,27.011242
12676.000,89.000000,28.862054
12678.000,81.000000,34.255350
12678.000,82.000000,42.766553
12678.000,83.000000,41.707141
12678.000,84.000000,38.487446
12678.000,85.000000,42.316639
12678.000,86.000000,39.263111
12678.000,87.000000,35.741869
12678.000,88.000000,34.853776
12678.000,89.000000,33.914776
12678.000,90.000000,24.775833
12678.000,91.000000,24.190375
12685.000,85.000000,50.988472
12690.000,81.000000,148.33245
12690.000,82.000000,37.189633
12690.000,83.000000,66.847992
12690.000,84.000000,62.924219
12690.000,85.000000,35.041309
12690.000,86.000000,60.614457
12690.000,87.000000,49.117804
12693.000,82.000000,94.317256
12693.000,83.000000,72.660849
12693.000,84.000000,56.051342
12693.000,86.000000,64.389930
12693.000,87.000000,64.658873
12693.000,88.000000,59.893547
12693.000,90.000000,63.682834
12693.000,91.000000,45.545558
12696.000,81.000000,35.153340
12696.000,82.000000,24.073857
12696.000,83.000000,23.924348
12696.000,84.000000,22.888031
12696.000,85.000000,20.583887
12696.000,86.000000,21.412663
12696.000,87.000000,17.196312
12696.000,88.000000,15.296207
12696.000,89.000000,19.280732
12696.000,90.000000,15.944566
12696.000,91.000000,13.506375
12709.000,81.000000,64.041554
12709.000,82.000000,52.236027
12709.000,83.000000,64.753806
12709.000,85.000000,63.566629
12709.000,86.000000,53.505756
12709.000,87.000000,40.520777
12709.000,88.000000,45.143704
12709.000,89.000000,44.901938
12709.000,90.000000,29.358754
12709.000,91.000000,19.681708
12714.000,81.000000,103.20586
12714.000,82.000000,136.89314
12714.000,83.000000,93.598270
12714.000,84.000000,55.852139
12714.000,85.000000,63.686422
12714.000,86.000000,45.065036
12714.000,87.000000,40.117224
12714.000,88.000000,60.349668
12714.000,89.000000,75.798549
12714.000,90.000000,57.280646
12714.000,91.000000,93.804872
12720.000,81.000000,477.58770
12721.000,81.000000,107.47659
12721.000,82.000000,92.901381
12721.000,83.000000,46.916019
12721.000,84.000000,30.577261
12721.000,85.000000,31.093890
12721.000,86.000000,30.410184
12721.000,87.000000,25.664971
12721.000,88.000000,24.226822
12721.000,89.000000,16.409308
12721.000,90.000000,14.204748
12734.000,82.000000,13.962294
12734.000,83.000000,24.449617
12734.000,84.000000,17.827585
12734.000,85.000000,26.511866
12734.000,90.000000,21.227174
12737.000,82.000000,71.444497
12737.000,83.000000,32.582995
12737.000,85.000000,26.584071
12737.000,86.000000,27.837030
12737.000,91.000000,17.694495
12755.000,85.000000,62.605373
12795.000,81.000000,41.368981
12795.000,82.000000,27.471899
12795.000,83.000000,24.624190
12795.000,84.000000,22.526531
12819.000,81.000000,44.784994
12819.000,82.000000,37.911264
12819.000,83.000000,41.468925
12819.000,84.000000,52.391761
12838.000,81.000000,35.935915
12838.000,82.000000,28.839026
12838.000,83.000000,29.319874
12838.000,84.000000,25.968154
12838.000,85.000000,27.619275
12838.000,86.000000,25.291703
12838.000,87.000000,27.749779
12838.000,88.000000,40.855792
12838.000,89.000000,26.406611
12838.000,90.000000,44.104578
12838.000,91.000000,16.873277
12858.000,81.000000,106.90555
12858.000,82.000000,102.41424
12858.000,83.000000,99.535114
12858.000,84.000000,117.91811
12858.000,85.000000,126.46502
12858.000,86.000000,121.70822
12858.000,87.000000,146.09009
12858.000,88.000000,171.20705
12858.000,89.000000,177.33728
12858.000,90.000000,182.83798
12858.000,91.000000,192.67316
12862.000,81.000000,19.659047
12862.000,82.000000,15.826748
12862.000,83.000000,14.483042
12862.000,84.000000,13.103401
12863.000,81.000000,34.346771
12863.000,82.000000,45.068912
12863.000,83.000000,31.412460
12863.000,84.000000,25.607157
12890.000,81.000000,17.405562
12890.000,82.000000,9.2655907
12890.000,83.000000,7.1932507
12890.000,84.000000,5.5407167
12894.000,81.000000,37.587531
12894.000,82.000000,38.980890
12894.000,83.000000,26.852355
12894.000,84.000000,20.443357
12894.000,85.000000,19.830811
12894.000,86.000000,18.510709
12894.000,87.000000,28.918662
12894.000,88.000000,29.080575
12894.000,89.000000,35.596545
12894.000,90.000000,35.794708
12894.000,91.000000,37.419645
12942.000,81.000000,37.119588
12942.000,82.000000,30.804187
12942.000,83.000000,29.225408
12942.000,84.000000,25.225905
12942.000,85.000000,22.198001
12942.000,86.000000,24.364463
12942.000,87.000000,28.016801
12942.000,88.000000,25.719462
12942.000,89.000000,27.016151
12942.000,90.000000,25.204142
12957.000,81.000000,28.692081
12957.000,82.000000,27.404724
12957.000,83.000000,27.116872
12957.000,84.000000,23.471928
13041.000,81.000000,106.49072
13041.000,82.000000,48.259539
13041.000,83.000000,62.140939
13046.000,81.000000,50.950308
13046.000,82.000000,51.744492
13046.000,83.000000,28.855881
13046.000,84.000000,21.592340
13046.000,85.000000,25.143433
13046.000,86.000000,24.362075
13046.000,87.000000,21.751487
13046.000,88.000000,29.264901
13046.000,89.000000,34.863501
13046.000,90.000000,40.656427
13046.000,91.000000,47.848665
13048.000,81.000000,11.496128
13048.000,82.000000,12.318733
13048.000,83.000000,10.929008
13062.000,81.000000,78.704388
13062.000,82.000000,52.573673
13062.000,83.000000,53.999786
13082.000,81.000000,18.781570
13082.000,82.000000,17.898451
13082.000,83.000000,34.459263
13103.000,81.000000,54.238482
13103.000,82.000000,38.252694
13103.000,83.000000,59.089027
13109.000,81.000000,44.946086
13109.000,82.000000,42.072546
13109.000,83.000000,53.577446
13145.000,83.000000,31.175109
13162.000,81.000000,31.950385
13162.000,82.000000,21.688592
13162.000,83.000000,18.388428
13177.000,81.000000,12.743144
13177.000,82.000000,23.897937
13177.000,83.000000,38.010376
13193.000,81.000000,45.468131
13193.000,82.000000,42.866046
13193.000,83.000000,26.626868
13197.000,81.000000,56.510953
13197.000,82.000000,40.554590
13197.000,83.000000,45.170713
13236.000,81.000000,50.805798
13236.000,82.000000,42.296348
13236.000,83.000000,50.667020
13330.000,81.000000,58.697495
13330.000,82.000000,50.941123
13332.000,81.000000,43.147536
13332.000,82.000000,42.952592
13339.000,81.000000,126.89011
13339.000,82.000000,136.55734
13343.000,81.000000,68.391381
13343.000,82.000000,45.807068
13346.000,81.000000,39.425679
13346.000,82.000000,35.411415
13352.000,81.000000,11.782582
13352.000,82.000000,9.2305413
13353.000,81.000000,23.843993
13353.000,82.000000,14.490054
13363.000,81.000000,23.698547
13363.000,82.000000,25.061560
13368.000,81.000000,85.828430
13368.000,82.000000,57.936826
13368.000,83.000000,45.480687
13368.000,84.000000,45.376333
13368.000,85.000000,40.146823
13368.000,86.000000,39.237849
13368.000,87.000000,41.163422
13368.000,88.000000,38.304221
13368.000,89.000000,47.762058
13368.000,90.000000,40.541734
13368.000,91.000000,43.858519
13394.000,81.000000,39.254775
13394.000,82.000000,44.823380
13409.000,82.000000,26.665841
13415.000,82.000000,15.412324
13470.000,81.000000,33.744222
13470.000,82.000000,19.077685
13475.000,81.000000,15.089656
13475.000,82.000000,17.191083
13481.000,81.000000,74.514901
13481.000,82.000000,60.769252
13536.000,81.000000,29.694066
13536.000,82.000000,29.664182
13549.000,81.000000,106.98785
13549.000,82.000000,74.168658
13683.000,81.000000,88.625430
13683.000,82.000000,72.596263
13692.000,81.000000,214.76001
13692.000,82.000000,68.936836
13725.000,81.000000,6.4834462
13725.000,82.000000,7.6842750
13775.000,81.000000,84.598421
13775.000,82.000000,83.764495
13793.000,81.000000,14.870302
13793.000,82.000000,32.783520
13831.000,81.000000,194.82993
13831.000,82.000000,92.884836
13843.000,81.000000,26.067972
13843.000,82.000000,21.707687
13844.000,81.000000,16.573582
13844.000,82.000000,12.455835
13860.000,81.000000,333.52544
13860.000,82.000000,240.44684
14023.000,81.000000,30.449750
14023.000,82.000000,28.532834
14075.000,81.000000,51.350267
14075.000,82.000000,48.930400
14087.000,82.000000,3.0040607
14120.000,81.000000,98.170584
14120.000,82.000000,51.786572
14138.000,81.000000,138.70465
14142.000,81.000000,56.667868
14142.000,82.000000,49.407995
14142.000,83.000000,39.285303
14142.000,84.000000,37.209638
14142.000,85.000000,29.545287
14142.000,86.000000,28.217221
14142.000,87.000000,24.872211
14142.000,88.000000,30.969234
14142.000,89.000000,29.382025
14142.000,90.000000,30.315756
14142.000,91.000000,31.563719
14147.000,81.000000,107.85122
14147.000,82.000000,69.600707
14147.000,83.000000,143.63743
14147.000,84.000000,136.46889
14147.000,85.000000,121.27083
14147.000,86.000000,66.729450
14147.000,87.000000,76.478122
14147.000,88.000000,94.069737
14147.000,89.000000,76.909122
14147.000,90.000000,89.192579
14147.000,91.000000,82.216122
14173.000,81.000000,32.853732
14180.000,81.000000,48.822070
14180.000,82.000000,69.337431
14180.000,83.000000,76.830782
14180.000,84.000000,54.188123
14180.000,85.000000,43.087290
14180.000,86.000000,44.484541
14180.000,87.000000,50.558010
14180.000,88.000000,43.591708
14180.000,89.000000,51.062337
14180.000,90.000000,71.986730
14180.000,91.000000,78.320803
14221.000,81.000000,5.4472698
14241.000,81.000000,22.500619
14257.000,81.000000,96.480024
14257.000,82.000000,137.27980
14257.000,83.000000,133.54411
14257.000,84.000000,112.73131
14257.000,85.000000,67.832584
14257.000,86.000000,58.533223
14257.000,87.000000,46.927739
14338.000,81.000000,70.035452
14422.000,81.000000,1472.1441
14461.000,81.000000,58.251206
14461.000,82.000000,26.843688
14461.000,83.000000,25.044576
14461.000,84.000000,16.630211
14461.000,85.000000,17.557993
14461.000,86.000000,20.920391
14461.000,87.000000,22.598903
14461.000,88.000000,18.369960
14461.000,89.000000,24.236677
14461.000,90.000000,25.283027
14461.000,91.000000,34.652665
14658.000,81.000000,104.79189
14658.000,82.000000,55.655853
14828.000,81.000000,64.575839
14828.000,82.000000,72.048452
14828.000,83.000000,86.228712
14828.000,84.000000,108.46242
14828.000,85.000000,119.53386
14828.000,86.000000,123.13264
14828.000,87.000000,90.722363
14828.000,88.000000,67.840056
14828.000,89.000000,73.437485
14828.000,90.000000,95.882708
14828.000,91.000000,68.762538
14920.000,81.000000,29.628305
14920.000,82.000000,23.196498
14920.000,83.000000,28.862541
14920.000,84.000000,17.771054
14920.000,85.000000,19.907462
14920.000,86.000000,17.477438
14920.000,87.000000,17.805421
14920.000,88.000000,21.378836
14920.000,89.000000,24.527852
14920.000,90.000000,18.320795
14920.000,91.000000,17.337490
14938.000,81.000000,30.664917
14938.000,82.000000,28.395910
14938.000,83.000000,24.523839
14938.000,84.000000,19.147270
14938.000,86.000000,25.350898
14938.000,87.000000,26.697306
14938.000,89.000000,27.124267
15313.000,81.000000,161.70169
15313.000,82.000000,283.73248
15393.000,81.000000,23.559993
15393.000,82.000000,26.945993
15393.000,83.000000,23.297090
15393.000,84.000000,25.878268
15393.000,85.000000,24.143440
15393.000,86.000000,23.896220
15393.000,87.000000,25.152745
15393.000,88.000000,22.632023
15400.000,81.000000,86.790306
15400.000,82.000000,63.095729
15400.000,83.000000,82.920076
15400.000,84.000000,93.959393
15400.000,85.000000,71.308900
15400.000,86.000000,58.712209
15400.000,87.000000,70.217747
15400.000,88.000000,79.740357
15400.000,89.000000,71.348022
15400.000,90.000000,79.370196
15400.000,91.000000,31.076726
15497.000,81.000000,99.157863
15497.000,82.000000,95.126161
15497.000,83.000000,100.89536
15497.000,84.000000,109.75427
15497.000,85.000000,90.581238
15497.000,86.000000,80.177626
15497.000,87.000000,101.11466
15497.000,88.000000,78.158753
15497.000,89.000000,121.69718
15497.000,90.000000,71.677517
15497.000,91.000000,55.253139
15661.000,81.000000,33.670153
15661.000,82.000000,52.201103
15661.000,83.000000,24.645578
15661.000,84.000000,27.268176
15661.000,85.000000,40.747489
15661.000,86.000000,51.455018
15661.000,87.000000,57.925097
15661.000,88.000000,49.525508
15661.000,89.000000,53.687130
15661.000,90.000000,69.851673
15661.000,91.000000,60.080872
15935.000,81.000000,10.830535
15935.000,82.000000,16.993198
15947.000,81.000000,55.263047
15947.000,82.000000,56.070411
16118.000,81.000000,27.296572
16118.000,82.000000,23.590630
16118.000,83.000000,29.133362
16118.000,84.000000,74.311517
16118.000,85.000000,26.400611
16118.000,86.000000,41.239206
16118.000,87.000000,59.631085
16118.000,88.000000,66.752539
16118.000,89.000000,64.118224
16118.000,90.000000,51.402786
16118.000,91.000000,30.453472
16835.000,86.000000,41.181155
16846.000,81.000000,1315.3965
16846.000,82.000000,1221.3555
16846.000,83.000000,1364.1220
16846.000,84.000000,1814.4356
16846.000,85.000000,2048.1133
16846.000,86.000000,1745.5007
16846.000,87.000000,2153.7508
16846.000,88.000000,2125.6287
16846.000,89.000000,2209.1491
16846.000,90.000000,2212.8952
16846.000,91.000000,2383.9969
17234.000,81.000000,18.787773
17239.000,81.000000,515.88308
17239.000,82.000000,684.88302
17239.000,83.000000,564.41563
17239.000,84.000000,242.72455
17239.000,85.000000,236.02327
17239.000,86.000000,218.90787
17239.000,87.000000,172.15353
17239.000,88.000000,157.42249
17239.000,89.000000,141.78537
17239.000,90.000000,144.70505
17239.000,91.000000,144.38262
17240.000,81.000000,110.30303
17241.000,81.000000,19.546581
17241.000,82.000000,25.570110
17241.000,83.000000,25.593890
17241.000,84.000000,20.153953
17241.000,85.000000,18.796038
17241.000,86.000000,11.364471
17242.000,81.000000,61.638230
17242.000,82.000000,47.831113
17242.000,83.000000,47.156945
17242.000,84.000000,55.645865
17242.000,85.000000,68.586777
17242.000,86.000000,102.51059
17242.000,87.000000,63.405389
17242.000,88.000000,141.49178
17242.000,89.000000,177.13987
17242.000,90.000000,154.58654
17242.000,91.000000,142.84846
17243.000,81.000000,193.69158
17243.000,82.000000,138.76975
17244.000,81.000000,59.819751
17244.000,82.000000,51.020660
17244.000,83.000000,47.367884
17244.000,84.000000,38.599457
17244.000,85.000000,29.501718
17244.000,86.000000,20.908809
17244.000,87.000000,22.177263
17244.000,88.000000,23.142197
17244.000,89.000000,26.430366
17244.000,90.000000,26.537277
17244.000,91.000000,28.895123
17246.000,81.000000,26.004467
17246.000,82.000000,17.376600
17246.000,83.000000,19.033784
17246.000,84.000000,16.586188
17246.000,85.000000,26.456126
17246.000,86.000000,27.019333
17246.000,87.000000,23.210158
17246.000,88.000000,21.969806
17246.000,89.000000,18.873615
17246.000,90.000000,26.556677
17246.000,91.000000,28.679752
17247.000,81.000000,49.351158
17247.000,82.000000,46.077123
17247.000,83.000000,45.909287
17247.000,84.000000,41.353777
17247.000,85.000000,37.171489
17247.000,86.000000,37.230016
17247.000,87.000000,45.230031
17247.000,88.000000,42.995519
17247.000,89.000000,48.996811
17247.000,90.000000,58.349310
17247.000,91.000000,67.782361
17250.000,81.000000,21.609850
17252.000,81.000000,29.377533
17252.000,82.000000,39.969371
17252.000,83.000000,51.047116
17252.000,84.000000,41.284914
17252.000,85.000000,35.683352
17252.000,86.000000,32.156670
17252.000,87.000000,27.075636
17252.000,88.000000,39.400808
17252.000,89.000000,34.106299
17252.000,90.000000,37.257851
17252.000,91.000000,27.367674
17255.000,81.000000,51.095427
17255.000,82.000000,54.957910
17255.000,83.000000,40.189760
17255.000,84.000000,37.747172
17255.000,85.000000,34.693977
17255.000,86.000000,30.714479
17255.000,87.000000,34.733325
17255.000,88.000000,30.040398
17255.000,89.000000,25.358666
17255.000,90.000000,27.325662
17255.000,91.000000,26.491117
17256.000,81.000000,12.675818
17256.000,82.000000,15.674628
17256.000,83.000000,17.614837
17256.000,84.000000,13.938182
17256.000,85.000000,14.445519
17256.000,86.000000,22.226157
17256.000,88.000000,20.287429
17258.000,81.000000,81.912806
17258.000,82.000000,60.740056
17258.000,83.000000,66.373738
17258.000,84.000000,72.600882
17258.000,85.000000,69.802060
17258.000,86.000000,55.179254
17258.000,87.000000,56.655918
17258.000,88.000000,45.461516
17258.000,89.000000,43.804738
17258.000,90.000000,55.890541
17258.000,91.000000,59.882249
17259.000,81.000000,56.150258
17259.000,82.000000,50.364039
17259.000,83.000000,52.540654
17259.000,84.000000,69.013488
17259.000,85.000000,59.026955
17259.000,86.000000,51.562347
17259.000,87.000000,41.148769
17260.000,81.000000,43.548001
17260.000,82.000000,35.820282
17260.000,83.000000,22.168113
17260.000,84.000000,37.630828
17260.000,85.000000,37.190677
17260.000,86.000000,36.125982
17260.000,87.000000,43.180593
17260.000,88.000000,41.042749
17260.000,89.000000,41.166399
17260.000,90.000000,39.873582
17260.000,91.000000,42.751608
17263.000,81.000000,44.573254
17263.000,82.000000,44.850833
17263.000,83.000000,28.353580
17263.000,84.000000,27.211690
17263.000,85.000000,30.548474
17263.000,86.000000,30.214867
17263.000,87.000000,39.874543
17263.000,88.000000,43.849793
17263.000,89.000000,38.750091
17263.000,90.000000,30.721643
17263.000,91.000000,24.923199
17265.000,86.000000,51.286154
17538.000,82.000000,96.607115
18114.000,81.000000,92.763454
18119.000,82.000000,43.458018
18121.000,81.000000,28.387207
18121.000,82.000000,22.390383
18121.000,83.000000,28.502746
18121.000,84.000000,17.027519
18121.000,85.000000,16.635993
18121.000,86.000000,24.492307
18121.000,87.000000,20.396667
18121.000,88.000000,15.767745
18121.000,89.000000,12.921519
18121.000,90.000000,16.474209
18121.000,91.000000,16.862692
18122.000,81.000000,99.187452
18123.000,81.000000,39.113218
18123.000,82.000000,43.650862
18124.000,81.000000,29.847119
18124.000,82.000000,25.371656
18124.000,83.000000,28.240734
18124.000,84.000000,33.092475
18124.000,85.000000,40.428288
18124.000,86.000000,31.352404
18124.000,87.000000,48.865487
18124.000,88.000000,49.786773
18124.000,89.000000,44.431079
18124.000,90.000000,52.341203
18124.000,91.000000,51.541950
18125.000,82.000000,17.705159
18125.000,83.000000,13.635344
18126.000,81.000000,68.738279
18126.000,82.000000,22.245395
18126.000,83.000000,27.973586
18127.000,81.000000,12.063605
18127.000,82.000000,10.529579
18128.000,81.000000,17.459224
18128.000,82.000000,16.100218
18128.000,83.000000,15.574000
18128.000,84.000000,15.601687
18128.000,85.000000,13.034488
18128.000,86.000000,15.553566
18128.000,87.000000,17.171961
18128.000,88.000000,16.319355
18128.000,89.000000,14.342200
18128.000,90.000000,15.524340
18128.000,91.000000,13.564667
18129.000,81.000000,117.40384
18129.000,82.000000,87.383544
18129.000,83.000000,79.500390
18129.000,84.000000,78.486536
18129.000,85.000000,71.733152
18129.000,86.000000,57.152359
18129.000,87.000000,74.314455
18129.000,88.000000,65.750582
18129.000,89.000000,33.884335
18129.000,90.000000,41.359086
18129.000,91.000000,44.805242
18130.000,81.000000,95.495296
18130.000,82.000000,58.679583
18131.000,81.000000,11.010174
18131.000,82.000000,9.7492135
18131.000,83.000000,13.166456
18131.000,84.000000,23.404347
18131.000,85.000000,17.421870
18131.000,86.000000,18.804223
18131.000,87.000000,26.274906
18131.000,88.000000,25.695628
18131.000,89.000000,28.473217
18131.000,90.000000,44.899481
18131.000,91.000000,39.694433
18132.000,81.000000,32.309823
18132.000,82.000000,43.075228
18132.000,83.000000,54.318343
18132.000,84.000000,57.872433
18132.000,85.000000,71.536606
18132.000,86.000000,69.506645
18132.000,87.000000,69.349833
18132.000,88.000000,69.262830
18132.000,89.000000,89.156866
18132.000,90.000000,59.826227
18132.000,91.000000,72.754873
18135.000,81.000000,80.586269
18135.000,82.000000,83.734043
18135.000,83.000000,124.97590
18135.000,84.000000,214.42126
18135.000,85.000000,179.92517
18135.000,86.000000,103.36730
18135.000,87.000000,90.535011
18135.000,88.000000,35.684069
18135.000,90.000000,41.824928
18136.000,81.000000,107.13460
18136.000,82.000000,115.04389
18193.000,81.000000,73.766823
19053.000,91.000000,30.356054
19056.000,81.000000,162.20351
19056.000,82.000000,139.84206
19056.000,83.000000,179.67817
19056.000,84.000000,138.92292
19056.000,85.000000,154.58923
19056.000,86.000000,81.182747
19056.000,87.000000,73.680037
19056.000,88.000000,52.727156
19056.000,89.000000,50.401909
19056.000,90.000000,68.844465
19056.000,91.000000,57.055564
19057.000,81.000000,119.79119
19057.000,82.000000,116.84639
19057.000,83.000000,147.93215
19057.000,84.000000,213.08532
19057.000,85.000000,271.66312
19057.000,86.000000,158.69500
19057.000,87.000000,163.23543
19057.000,88.000000,151.52519
19057.000,89.000000,119.58786
19057.000,90.000000,119.30891
19057.000,91.000000,133.73574
19058.000,81.000000,79.467279
19059.000,81.000000,47.162870
19059.000,82.000000,30.811258
19059.000,83.000000,33.358479
19059.000,84.000000,34.251655
19059.000,85.000000,30.477574
19059.000,86.000000,36.682534
19059.000,87.000000,40.843270
19059.000,88.000000,74.792598
19059.000,89.000000,89.604744
19059.000,90.000000,34.447115
19059.000,91.000000,37.140293
19060.000,81.000000,64.167024
19060.000,82.000000,83.866559
19060.000,83.000000,71.227652
19060.000,84.000000,46.853757
19061.000,81.000000,51.366802
19061.000,82.000000,37.681280
19061.000,83.000000,24.295714
19062.000,81.000000,46.764958
19062.000,82.000000,33.016652
19062.000,83.000000,41.790178
19062.000,84.000000,44.108970
19062.000,85.000000,34.104556
19062.000,86.000000,26.485229
19062.000,87.000000,51.310078
19062.000,88.000000,49.655470
19062.000,89.000000,44.729976
19062.000,90.000000,41.900668
19062.000,91.000000,45.834659
19063.000,81.000000,16.653076
19063.000,82.000000,12.564532
19064.000,81.000000,15.152809
19064.000,82.000000,8.7749747
19065.000,81.000000,29.575826
19067.000,81.000000,28.840637
19067.000,82.000000,26.595897
19067.000,83.000000,23.707635
19067.000,84.000000,22.808374
19067.000,85.000000,23.573510
19067.000,86.000000,12.765045
19067.000,87.000000,18.023648
19067.000,88.000000,15.693720
19067.000,89.000000,15.108976
19067.000,90.000000,15.928032
19067.000,91.000000,11.362553
19068.000,81.000000,94.291783
19068.000,82.000000,135.74669
19068.000,83.000000,66.020294
19068.000,84.000000,69.147153
19068.000,85.000000,83.447622
19068.000,86.000000,82.938402
19068.000,87.000000,82.292726
19068.000,88.000000,108.18712
19068.000,89.000000,109.29875
19068.000,90.000000,115.07784
19068.000,91.000000,88.041444
19069.000,81.000000,49.273857
19069.000,82.000000,40.047230
19069.000,84.000000,37.809609
19069.000,87.000000,43.720371
19070.000,81.000000,9.1401621
19070.000,82.000000,7.9207026
19337.000,82.000000,33.212919
19337.000,83.000000,19.066155
19337.000,84.000000,16.029166
19337.000,85.000000,28.109710
19337.000,86.000000,16.682274
19337.000,87.000000,16.856463
19337.000,88.000000,13.978420
19337.000,89.000000,15.034624
19337.000,90.000000,13.143359
19337.000,91.000000,15.390879
