plant          ,year           ,CD-productivity
10258.000,89.000000,3367.7398
10965.000,81.000000,3384.5758
10965.000,82.000000,2534.9215
10965.000,83.000000,4091.0387
10965.000,84.000000,3330.8926
10965.000,85.000000,4576.4313
10966.000,81.000000,4651.2909
10966.000,82.000000,3630.4098
10966.000,83.000000,3638.9991
10966.000,84.000000,4812.1268
10966.000,85.000000,4805.4374
10967.000,81.000000,2855.1694
10967.000,82.000000,7860.2338
10967.000,83.000000,5235.9175
10967.000,84.000000,5301.6282
10967.000,85.000000,5941.1350
10968.000,81.000000,1331.6120
10968.000,82.000000,2260.1094
10968.000,83.000000,1682.4677
10968.000,84.000000,1826.2940
10968.000,85.000000,1555.3710
10968.000,86.000000,1604.5482
10968.000,87.000000,2366.0220
10968.000,88.000000,1715.5812
10968.000,89.000000,1993.1741
10968.000,90.000000,2043.9794
10968.000,91.000000,2107.4219
10969.000,81.000000,2153.8443
10969.000,82.000000,2133.3867
10969.000,83.000000,2233.5295
10969.000,84.000000,2097.1966
10969.000,85.000000,2355.9371
10971.000,81.000000,2686.5843
10971.000,84.000000,3082.8676
10971.000,85.000000,3044.7599
10971.000,86.000000,2972.4268
10972.000,81.000000,1470.8709
10972.000,82.000000,1569.9264
10972.000,83.000000,529.56707
10972.000,84.000000,1558.2002
10972.000,85.000000,2734.8790
10973.000,81.000000,9457.8090
10973.000,82.000000,10705.585
10973.000,83.000000,9157.8914
10973.000,84.000000,7930.7326
10973.000,85.000000,7762.7459
10973.000,86.000000,9360.0517
10973.000,87.000000,10954.776
10973.000,88.000000,11210.621
10973.000,89.000000,11406.888
10973.000,90.000000,10999.086
10973.000,91.000000,13020.598
10974.000,81.000000,781.35475
10974.000,82.000000,1009.8702
10974.000,83.000000,1235.8439
10974.000,84.000000,1215.1362
10974.000,85.000000,1184.7556
10974.000,86.000000,944.98198
10974.000,87.000000,917.78161
10974.000,88.000000,1054.4024
10974.000,89.000000,1107.2620
10974.000,90.000000,1073.7630
10974.000,91.000000,1543.4212
10975.000,81.000000,1077.9476
10975.000,82.000000,1141.5611
10975.000,83.000000,932.91644
10975.000,84.000000,1232.6220
10975.000,85.000000,1140.8356
10975.000,86.000000,948.86499
10975.000,87.000000,1254.7849
10975.000,88.000000,1217.3372
10975.000,89.000000,1111.7362
10975.000,90.000000,924.97312
10975.000,91.000000,820.05426
10976.000,81.000000,2482.0418
10976.000,82.000000,2581.3618
10976.000,83.000000,2536.9453
10976.000,84.000000,2051.3830
10976.000,85.000000,3570.5518
10976.000,86.000000,3213.4943
10976.000,87.000000,3196.9769
10976.000,88.000000,3543.4558
10976.000,89.000000,2482.0200
10976.000,90.000000,2857.5227
10976.000,91.000000,1509.6602
10977.000,81.000000,1058.7729
10977.000,82.000000,1257.8911
10977.000,83.000000,1195.5836
10977.000,84.000000,1263.6359
10977.000,85.000000,1282.1272
10977.000,86.000000,1743.2851
10977.000,87.000000,1575.4501
10977.000,88.000000,1739.3900
10977.000,89.000000,1341.7485
10977.000,90.000000,1546.7368
10977.000,91.000000,1520.4513
10978.000,81.000000,4946.4723
10978.000,82.000000,4899.7220
10978.000,83.000000,4566.9680
10978.000,84.000000,4741.9662
10978.000,85.000000,4551.3151
10978.000,86.000000,5340.8473
10978.000,87.000000,6267.0220
10978.000,88.000000,5370.3037
10978.000,89.000000,4294.0611
10978.000,90.000000,5278.6871
10978.000,91.000000,6673.2497
10979.000,81.000000,4732.9763
10979.000,82.000000,3716.0937
10979.000,83.000000,2991.6243
10979.000,84.000000,2428.2504
10979.000,85.000000,3695.9810
10979.000,86.000000,4078.1556
10979.000,87.000000,4439.9998
10979.000,88.000000,4255.5924
10979.000,89.000000,4220.7092
10980.000,81.000000,7820.6818
10980.000,82.000000,6435.2981
10980.000,83.000000,4363.6437
10980.000,84.000000,5481.6380
10980.000,85.000000,4798.9154
10980.000,86.000000,5880.5415
10980.000,87.000000,5794.1668
10980.000,88.000000,4871.3567
10980.000,89.000000,5572.6533
10980.000,90.000000,5059.4760
10980.000,91.000000,5630.1190
10981.000,81.000000,2114.5481
10981.000,82.000000,2877.2909
10981.000,83.000000,2822.3446
10981.000,84.000000,3336.7174
10981.000,85.000000,2954.5145
10981.000,86.000000,3394.8100
10981.000,87.000000,3331.9117
10981.000,88.000000,3410.2751
10981.000,89.000000,3656.6474
10981.000,90.000000,3978.7352
10981.000,91.000000,4322.2039
10982.000,81.000000,1127.8053
10982.000,82.000000,1391.9526
10982.000,83.000000,1290.3754
10982.000,84.000000,1338.2501
10982.000,85.000000,1527.9194
10982.000,86.000000,1209.9777
10982.000,87.000000,1327.5719
10982.000,88.000000,1276.1375
10982.000,89.000000,1377.7210
10982.000,90.000000,1150.5415
10982.000,91.000000,2219.7205
10983.000,81.000000,12458.632
10983.000,82.000000,11433.277
10983.000,83.000000,10810.877
10983.000,84.000000,11662.961
10983.000,85.000000,11616.645
10983.000,86.000000,13033.930
10983.000,87.000000,17713.162
10983.000,88.000000,18263.077
10983.000,89.000000,15723.982
10983.000,90.000000,15128.838
10983.000,91.000000,12927.033
10984.000,81.000000,1461.9450
10984.000,82.000000,1748.1006
10984.000,83.000000,1773.2851
10984.000,84.000000,1678.8574
10984.000,85.000000,1723.9242
10984.000,86.000000,1590.0383
10984.000,87.000000,1741.6939
10984.000,88.000000,1539.2659
10984.000,89.000000,1788.7843
10984.000,90.000000,1978.1022
10984.000,91.000000,1948.1581
10985.000,81.000000,496.21444
10985.000,82.000000,661.11053
10985.000,83.000000,643.93634
10985.000,84.000000,567.50135
10985.000,85.000000,596.14294
10985.000,86.000000,540.23113
10985.000,87.000000,580.39411
10985.000,88.000000,543.97237
10985.000,89.000000,586.99999
10985.000,90.000000,509.16438
10985.000,91.000000,498.33321
10986.000,81.000000,2522.6658
10986.000,82.000000,2548.7919
10986.000,83.000000,2392.7511
10986.000,84.000000,2861.2717
10986.000,85.000000,3021.3417
10986.000,86.000000,3335.2713
10986.000,87.000000,4041.5166
10986.000,88.000000,4264.9956
10986.000,89.000000,4379.0922
10986.000,90.000000,5052.9339
10986.000,91.000000,5427.4889
10987.000,81.000000,3986.0045
10987.000,82.000000,4444.5372
10987.000,83.000000,3569.6753
10987.000,84.000000,3528.7548
10987.000,85.000000,3663.6332
10987.000,86.000000,4425.5227
10987.000,87.000000,4703.1998
10987.000,88.000000,5253.7596
10987.000,89.000000,6185.8313
10987.000,90.000000,6237.1030
10987.000,91.000000,4329.3120
10988.000,81.000000,1401.7683
10988.000,82.000000,2070.7050
10988.000,83.000000,2186.8012
10988.000,84.000000,1545.3984
10988.000,85.000000,2144.1033
10988.000,86.000000,2125.8629
10988.000,87.000000,2430.8419
10988.000,88.000000,2376.0053
10988.000,89.000000,2410.3006
10988.000,90.000000,2829.6957
10988.000,91.000000,2589.6796
10989.000,81.000000,2591.6992
10989.000,82.000000,3501.5049
10989.000,83.000000,3082.1858
10989.000,84.000000,2610.2321
10989.000,85.000000,2799.5007
10989.000,86.000000,1994.3892
10989.000,87.000000,2556.9684
10989.000,88.000000,2408.0066
10989.000,89.000000,3118.5664
10989.000,90.000000,2611.0420
10989.000,91.000000,2476.3851
10991.000,81.000000,3606.7761
10991.000,82.000000,3595.7545
10991.000,83.000000,4124.7133
10991.000,84.000000,4652.5698
10991.000,85.000000,4425.7570
10991.000,86.000000,4515.6252
10991.000,87.000000,4678.4447
10991.000,88.000000,3819.3280
10991.000,89.000000,4095.3118
10992.000,82.000000,1397.3916
10992.000,83.000000,1782.9382
10992.000,84.000000,2034.3950
10992.000,85.000000,2221.3456
10992.000,87.000000,2526.6964
10992.000,88.000000,2980.3895
10992.000,89.000000,2907.3375
10992.000,90.000000,3441.2941
10992.000,91.000000,2973.6048
10993.000,81.000000,4496.6437
10993.000,82.000000,4389.0273
10993.000,83.000000,4725.0394
10993.000,84.000000,5749.4690
10993.000,85.000000,6494.8559
10993.000,86.000000,6826.7612
10993.000,87.000000,8120.9220
10993.000,88.000000,8147.9187
10993.000,89.000000,9777.8404
10993.000,90.000000,10413.249
10993.000,91.000000,9924.5299
10995.000,83.000000,586.26398
10995.000,84.000000,580.00657
10995.000,85.000000,639.52241
10995.000,86.000000,781.95852
10995.000,87.000000,1026.9025
10995.000,88.000000,882.52080
10995.000,89.000000,898.55697
10995.000,90.000000,1008.3852
10995.000,91.000000,763.88083
10996.000,81.000000,7212.1300
10996.000,82.000000,7774.3888
10996.000,83.000000,9267.5814
10996.000,84.000000,9635.8594
10996.000,85.000000,10386.169
10996.000,86.000000,8882.7043
10996.000,87.000000,9644.8165
10996.000,88.000000,11634.457
10996.000,89.000000,9744.0023
10996.000,90.000000,14013.167
10996.000,91.000000,18213.736
10997.000,81.000000,8353.8370
10997.000,82.000000,8989.4892
10997.000,83.000000,8620.2493
10997.000,84.000000,9719.6252
10997.000,85.000000,9142.9608
10997.000,86.000000,9210.8310
10997.000,87.000000,8701.6563
10997.000,88.000000,9804.9281
10997.000,89.000000,11082.999
10997.000,90.000000,11146.763
10997.000,91.000000,11528.452
10998.000,81.000000,1272.5611
10998.000,82.000000,1223.5682
10998.000,83.000000,1152.0442
10998.000,84.000000,1505.5846
10998.000,85.000000,1732.8192
10998.000,86.000000,1751.2078
10998.000,87.000000,1636.5418
10998.000,88.000000,1647.8773
10998.000,89.000000,1611.4049
10998.000,90.000000,1762.9642
10998.000,91.000000,1996.1826
10999.000,82.000000,8161.9694
10999.000,83.000000,8474.0475
10999.000,84.000000,9604.4208
10999.000,85.000000,9909.4261
10999.000,86.000000,9860.4529
10999.000,87.000000,11080.223
10999.000,88.000000,10347.604
10999.000,89.000000,12107.900
10999.000,90.000000,12637.292
10999.000,91.000000,13203.082
11000.000,81.000000,8306.8239
11000.000,82.000000,6794.6485
11000.000,83.000000,8199.8875
11000.000,84.000000,8170.0776
11000.000,85.000000,8763.3145
11000.000,86.000000,9239.8795
11000.000,87.000000,12011.431
11000.000,88.000000,9528.6292
11000.000,89.000000,9274.4084
11000.000,90.000000,8246.8694
11000.000,91.000000,8979.6825
11001.000,81.000000,2268.8809
11001.000,82.000000,2804.8290
11001.000,83.000000,2112.7091
11001.000,84.000000,2044.7505
11001.000,85.000000,2290.2898
11001.000,86.000000,2105.8079
11001.000,87.000000,2181.1272
11001.000,88.000000,2190.8422
11001.000,89.000000,2351.2104
11001.000,90.000000,2117.2916
11001.000,91.000000,2076.7917
11002.000,81.000000,870.00596
11002.000,82.000000,889.53554
11002.000,83.000000,1029.3954
11002.000,84.000000,1140.0282
11002.000,85.000000,1132.5910
11003.000,81.000000,15180.745
11003.000,82.000000,12415.299
11003.000,83.000000,15182.467
11003.000,84.000000,19936.800
11003.000,85.000000,18741.268
11004.000,81.000000,7019.0110
11004.000,82.000000,7353.6249
11004.000,83.000000,6289.0217
11004.000,84.000000,7042.8276
11004.000,85.000000,6889.2016
11004.000,86.000000,6443.9919
11004.000,87.000000,8976.8897
11004.000,88.000000,8150.2826
11004.000,89.000000,8575.2891
11004.000,90.000000,8576.2624
11004.000,91.000000,9852.9440
11005.000,81.000000,4344.9682
11005.000,82.000000,4183.4104
11005.000,83.000000,4817.1131
11005.000,84.000000,5573.2461
11005.000,85.000000,6281.1685
11005.000,86.000000,6664.6667
11005.000,87.000000,6592.7831
11005.000,88.000000,8114.8782
11005.000,89.000000,7961.4370
11005.000,90.000000,8228.9817
11005.000,91.000000,8558.7227
11006.000,81.000000,3928.2531
11006.000,82.000000,4243.4092
11006.000,83.000000,3852.4947
11006.000,84.000000,4631.6306
11006.000,85.000000,5794.0270
11006.000,86.000000,6475.5768
11006.000,87.000000,7109.7571
11006.000,88.000000,7620.4153
11006.000,89.000000,7671.7532
11006.000,90.000000,7689.3719
11006.000,91.000000,5294.7447
11007.000,81.000000,8551.8634
11007.000,82.000000,8309.0504
11007.000,83.000000,8415.4606
11007.000,84.000000,9089.5261
11007.000,85.000000,10235.742
11007.000,86.000000,8864.1882
11007.000,87.000000,11054.282
11007.000,88.000000,11681.700
11007.000,89.000000,11093.584
11007.000,90.000000,11443.509
11007.000,91.000000,10283.319
11010.000,89.000000,2982.6696
11047.000,90.000000,9827.9896
11074.000,81.000000,3793.3164
11074.000,82.000000,3199.9673
11111.000,81.000000,3545.6326
11111.000,82.000000,4028.8459
11111.000,83.000000,4227.7446
11231.000,81.000000,659.39863
11231.000,82.000000,611.59450
11351.000,81.000000,1346.7647
11351.000,82.000000,1453.1155
11351.000,88.000000,1477.5255
11351.000,89.000000,1314.9165
11351.000,90.000000,1314.7987
11354.000,88.000000,538.58893
11354.000,89.000000,595.32367
11354.000,90.000000,516.31634
11354.000,91.000000,542.40033
11375.000,90.000000,1889.9689
11375.000,91.000000,1790.0454
11631.000,89.000000,1558.9231
11631.000,90.000000,1995.2510
11631.000,91.000000,2127.1672
12263.000,81.000000,3252.4025
12263.000,82.000000,3580.2535
12263.000,83.000000,3179.1518
12263.000,84.000000,3174.5299
12263.000,85.000000,2873.2072
12263.000,86.000000,3346.1830
12263.000,87.000000,3968.7970
12263.000,88.000000,2806.3521
12263.000,89.000000,2349.7439
12263.000,90.000000,3555.1229
12263.000,91.000000,3587.7222
12264.000,81.000000,1551.4452
12264.000,82.000000,2060.9175
12264.000,83.000000,1850.2486
12264.000,84.000000,1721.2214
12264.000,85.000000,1726.9820
12264.000,86.000000,1750.9360
12264.000,87.000000,2186.0120
12264.000,88.000000,3026.6953
12264.000,89.000000,1872.3572
12264.000,90.000000,1906.0320
12264.000,91.000000,1934.9539
12265.000,81.000000,2412.4617
12265.000,82.000000,2868.8372
12265.000,83.000000,2362.7341
12265.000,84.000000,2066.4434
12265.000,85.000000,2496.9526
12265.000,86.000000,2671.0786
12265.000,87.000000,3182.0579
12265.000,88.000000,3207.7498
12265.000,89.000000,691.10954
12265.000,90.000000,4130.8607
12265.000,91.000000,3361.2013
12266.000,81.000000,1609.3617
12266.000,82.000000,1790.0449
12266.000,83.000000,2288.5319
12266.000,84.000000,2375.3624
12266.000,85.000000,2583.1206
12266.000,86.000000,3161.2900
12266.000,87.000000,2872.4438
12266.000,88.000000,3857.4950
12266.000,89.000000,2657.1963
12266.000,90.000000,3975.1598
12266.000,91.000000,2829.1540
12267.000,81.000000,2671.7796
12267.000,82.000000,2829.4894
12267.000,83.000000,3023.5325
12267.000,84.000000,4512.3606
12267.000,85.000000,4313.0676
12267.000,86.000000,4561.8580
12267.000,87.000000,4195.1179
12267.000,88.000000,4836.6008
12267.000,89.000000,4307.4874
12267.000,90.000000,3642.2393
12267.000,91.000000,4099.5989
12268.000,81.000000,942.85871
12268.000,82.000000,857.97182
12268.000,83.000000,1092.8133
12268.000,84.000000,1070.2574
12268.000,85.000000,828.26294
12268.000,86.000000,985.24475
12268.000,87.000000,1205.4505
12268.000,88.000000,1159.1816
12268.000,89.000000,1104.3850
12268.000,90.000000,1112.7805
12268.000,91.000000,1350.2035
12269.000,81.000000,1052.0922
12269.000,82.000000,1351.5959
12269.000,83.000000,1151.3365
12269.000,84.000000,1254.7165
12269.000,85.000000,1753.0120
12269.000,86.000000,951.93181
12269.000,87.000000,1216.2591
12269.000,88.000000,1220.2421
12269.000,89.000000,1192.6337
12269.000,90.000000,1169.7242
12269.000,91.000000,1359.9884
12270.000,81.000000,1822.8710
12270.000,82.000000,1944.8371
12270.000,83.000000,2101.1770
12270.000,84.000000,2145.7960
12270.000,85.000000,2159.1112
12270.000,86.000000,1985.8910
12270.000,87.000000,1133.2815
12270.000,88.000000,1891.0778
12270.000,89.000000,1547.2264
12270.000,90.000000,1341.6540
12270.000,91.000000,1256.8044
12271.000,81.000000,12691.272
12271.000,82.000000,13309.225
12271.000,83.000000,12419.029
12271.000,84.000000,14040.642
12271.000,85.000000,14279.877
12271.000,86.000000,14382.515
12271.000,87.000000,17851.520
12271.000,88.000000,18195.956
12271.000,89.000000,20340.035
12271.000,90.000000,19430.132
12271.000,91.000000,22532.372
12296.000,87.000000,2096.2306
12296.000,88.000000,1854.7644
12296.000,89.000000,1790.5231
12296.000,90.000000,1523.7433
12296.000,91.000000,1768.3189
12671.000,84.000000,2646.6797
12671.000,87.000000,3477.5143
12671.000,88.000000,3905.5766
12671.000,89.000000,2662.6417
12671.000,90.000000,2521.0107
12671.000,91.000000,3136.1297
12676.000,90.000000,1610.3270
12676.000,91.000000,1912.7425
12685.000,90.000000,5238.3471
12693.000,81.000000,4796.9463
12693.000,85.000000,5977.7830
12693.000,89.000000,6594.1509
12699.000,81.000000,1555.8394
12710.000,83.000000,5385.0728
12710.000,86.000000,5276.8745
12720.000,82.000000,536.26353
12720.000,83.000000,490.62136
12720.000,84.000000,792.37135
12737.000,81.000000,1192.8584
12737.000,88.000000,948.30335
12737.000,89.000000,863.68625
12737.000,90.000000,800.28472
12746.000,81.000000,2657.1719
12746.000,82.000000,2644.7562
12746.000,83.000000,2546.9807
12746.000,84.000000,2602.9862
12746.000,85.000000,3102.8632
12746.000,86.000000,2937.2749
12746.000,87.000000,3513.6592
12746.000,88.000000,4715.8949
12746.000,89.000000,5209.0300
12746.000,90.000000,4303.5939
12746.000,91.000000,4875.1854
12889.000,81.000000,24730.635
12889.000,82.000000,20194.579
12889.000,83.000000,20712.363
12889.000,84.000000,21517.531
12889.000,85.000000,23947.741
12889.000,86.000000,17288.376
12889.000,87.000000,26508.835
12889.000,88.000000,28774.767
12889.000,89.000000,32219.857
12889.000,90.000000,25105.607
12889.000,91.000000,24693.883
12952.000,81.000000,3871.9965
12952.000,82.000000,3832.9582
12952.000,83.000000,3690.3419
12952.000,84.000000,3633.3605
13047.000,81.000000,1754.0446
13047.000,82.000000,1401.8310
13047.000,83.000000,1439.7099
13073.000,81.000000,783.02867
13073.000,82.000000,737.71165
13073.000,83.000000,754.47085
13073.000,84.000000,755.99796
13073.000,85.000000,1006.8928
13073.000,86.000000,956.67166
13073.000,87.000000,1094.0054
13079.000,81.000000,10423.674
13079.000,82.000000,10039.508
13079.000,83.000000,10246.111
13092.000,81.000000,3284.1783
13092.000,82.000000,1974.5918
13265.000,81.000000,1295.6142
13265.000,82.000000,1294.9032
13265.000,83.000000,1070.8622
13265.000,84.000000,1237.1917
13265.000,85.000000,1273.4402
13265.000,86.000000,2103.7242
13265.000,87.000000,2018.8810
13265.000,88.000000,2229.8876
13265.000,89.000000,1788.5587
13265.000,90.000000,1571.7574
13265.000,91.000000,1613.8815
13270.000,81.000000,1263.4470
13270.000,82.000000,943.36066
13270.000,83.000000,859.16758
13439.000,81.000000,703.90734
13439.000,82.000000,565.82977
13583.000,81.000000,3572.5953
13583.000,82.000000,4161.4915
13634.000,81.000000,930.20803
13634.000,82.000000,717.57723
13823.000,81.000000,538.01301
13823.000,82.000000,434.57479
14048.000,81.000000,488.32587
14048.000,82.000000,377.40140
14234.000,81.000000,453.73494
14368.000,81.000000,1924.5005
14392.000,81.000000,2201.9990
14393.000,81.000000,1437.6184
14866.000,81.000000,2527.3921
14866.000,82.000000,2473.2434
14866.000,83.000000,1645.2250
14938.000,85.000000,406.72326
14938.000,88.000000,461.93551
14938.000,90.000000,580.67770
14938.000,91.000000,579.49804
15027.000,81.000000,4292.9379
15027.000,82.000000,2553.4654
15027.000,83.000000,2663.6124
15027.000,84.000000,3014.0506
15027.000,85.000000,4579.1516
15027.000,86.000000,4941.7003
15027.000,87.000000,4623.9371
15027.000,88.000000,4588.9398
15027.000,89.000000,4472.5937
15027.000,90.000000,4861.9278
15027.000,91.000000,3454.6047
15086.000,81.000000,525.86646
15086.000,82.000000,475.27563
15086.000,83.000000,502.99531
15086.000,84.000000,533.06420
15164.000,81.000000,1928.5844
15244.000,81.000000,5537.8065
15244.000,82.000000,6414.6921
15244.000,83.000000,6161.1359
15244.000,84.000000,7037.1021
15244.000,85.000000,8052.3864
15244.000,86.000000,9186.3146
15244.000,87.000000,10014.183
15244.000,88.000000,11116.913
15244.000,89.000000,13354.047
15244.000,90.000000,10453.376
15244.000,91.000000,11593.126
15398.000,81.000000,663.07415
15398.000,82.000000,748.98706
15398.000,83.000000,714.40184
15398.000,84.000000,949.75261
15398.000,85.000000,1173.2031
15398.000,86.000000,919.82657
15398.000,87.000000,1316.5805
15398.000,88.000000,1176.8619
15398.000,89.000000,1230.4986
15398.000,90.000000,1363.3655
15398.000,91.000000,1430.0365
15934.000,81.000000,2524.9598
15934.000,82.000000,2390.6741
15934.000,83.000000,2684.0788
15934.000,84.000000,2837.8895
15934.000,85.000000,2733.8537
15934.000,86.000000,2061.9850
16126.000,81.000000,3791.9784
16126.000,82.000000,4391.8123
16126.000,83.000000,5013.5841
16126.000,84.000000,5916.1028
16126.000,85.000000,6664.5223
16126.000,86.000000,6362.4193
16126.000,87.000000,6509.1725
16126.000,88.000000,5283.8992
16126.000,89.000000,5240.6017
16126.000,90.000000,5530.2031
16126.000,91.000000,4996.1379
17233.000,81.000000,1905.9233
17233.000,82.000000,2378.5000
17233.000,83.000000,1865.0910
17233.000,84.000000,2151.8408
17233.000,85.000000,2077.7323
17233.000,86.000000,2487.0568
17233.000,87.000000,2934.1336
17233.000,88.000000,3462.7434
17233.000,89.000000,3094.6288
17233.000,90.000000,3074.4153
17233.000,91.000000,2735.0322
17235.000,81.000000,2209.0043
17235.000,82.000000,2230.8385
17235.000,83.000000,2003.9635
17235.000,84.000000,2087.6063
17235.000,85.000000,2607.8310
17235.000,86.000000,3385.5364
17235.000,87.000000,2832.9970
17235.000,88.000000,2771.1244
17235.000,89.000000,2897.3427
17235.000,90.000000,2522.9761
17235.000,91.000000,3599.5639
17236.000,81.000000,12577.261
17236.000,82.000000,9757.3796
17256.000,87.000000,1232.3186
17256.000,89.000000,1020.2642
17256.000,90.000000,1068.0040
17256.000,91.000000,813.23623
17715.000,81.000000,4097.9541
17715.000,82.000000,4392.6738
17715.000,83.000000,5716.2721
17715.000,84.000000,6153.7184
17715.000,85.000000,5803.2094
17715.000,86.000000,5269.1535
17715.000,87.000000,6106.8863
17715.000,88.000000,5785.5231
17715.000,89.000000,5259.3001
17715.000,90.000000,5987.0293
17715.000,91.000000,6430.3192
18109.000,81.000000,3526.5944
18109.000,82.000000,5124.4315
18109.000,83.000000,3704.0339
18109.000,84.000000,3624.3652
18109.000,85.000000,4352.3048
18109.000,86.000000,3767.3219
18109.000,87.000000,3628.2471
18109.000,88.000000,3731.4792
18109.000,89.000000,3523.5936
18109.000,90.000000,3760.6150
18109.000,91.000000,4863.4477
18110.000,81.000000,715.23926
18110.000,82.000000,618.46172
18110.000,83.000000,820.36971
18110.000,84.000000,758.65691
18110.000,85.000000,700.91985
18110.000,86.000000,739.21361
18110.000,87.000000,681.27279
18110.000,88.000000,681.43290
18110.000,89.000000,759.97328
18110.000,90.000000,780.01615
18110.000,91.000000,598.41128
18111.000,81.000000,1728.1188
18111.000,82.000000,1731.3161
18111.000,83.000000,1627.7901
18111.000,84.000000,1662.6626
18111.000,85.000000,1527.3509
18111.000,86.000000,1514.0052
18111.000,87.000000,1647.3543
18111.000,88.000000,1949.7822
18111.000,89.000000,1959.8164
18111.000,90.000000,1877.0657
18111.000,91.000000,1761.3753
18112.000,81.000000,2122.8143
18112.000,82.000000,2031.2898
18112.000,83.000000,2648.5778
18112.000,84.000000,2699.7033
18112.000,85.000000,2995.9295
18112.000,86.000000,2956.5864
18112.000,87.000000,2783.1110
18112.000,88.000000,3526.8856
18112.000,89.000000,3495.3400
18112.000,90.000000,3449.6539
18112.000,91.000000,1238.4829
18114.000,82.000000,7844.9318
18114.000,83.000000,12054.768
18114.000,85.000000,13419.114
18114.000,86.000000,13677.602
18114.000,87.000000,15436.254
18114.000,88.000000,18426.728
18114.000,89.000000,20285.095
18114.000,90.000000,30421.092
18114.000,91.000000,31105.584
18117.000,81.000000,1417.8508
18117.000,82.000000,536.68242
18135.000,89.000000,2164.0183
18135.000,91.000000,2077.3910
18154.000,88.000000,1860.6122
18154.000,90.000000,1687.8996
18154.000,91.000000,1720.2377
18202.000,81.000000,712.65650
18202.000,83.000000,695.44989
19045.000,81.000000,2290.6852
19045.000,82.000000,2864.5109
19045.000,83.000000,3194.7769
19045.000,84.000000,3524.2758
19045.000,85.000000,3546.1902
19045.000,86.000000,3376.2954
19045.000,87.000000,3518.4021
19045.000,88.000000,3773.8033
19045.000,89.000000,3409.8836
19045.000,90.000000,3211.2176
19045.000,91.000000,9316.8828
19046.000,81.000000,672.10320
19046.000,82.000000,859.97347
19047.000,81.000000,249.89730
19047.000,82.000000,347.49928
19047.000,83.000000,307.23902
19047.000,84.000000,331.69073
19049.000,81.000000,14731.526
19049.000,82.000000,10752.748
19049.000,83.000000,10801.999
19049.000,84.000000,12068.829
19049.000,85.000000,13297.548
19049.000,86.000000,11480.959
19049.000,87.000000,12691.624
19049.000,88.000000,13585.500
19049.000,89.000000,12781.772
19049.000,90.000000,15521.628
19049.000,91.000000,14228.080
19051.000,81.000000,501.02112
19051.000,82.000000,480.78214
19051.000,83.000000,530.09251
19051.000,84.000000,559.27634
19051.000,85.000000,461.11169
19051.000,86.000000,389.19106
19053.000,81.000000,10252.595
19053.000,82.000000,10693.919
19053.000,83.000000,10525.127
19053.000,84.000000,12357.051
19053.000,85.000000,12174.904
19053.000,86.000000,11196.269
19053.000,87.000000,13470.560
19053.000,88.000000,11508.256
19053.000,89.000000,13481.898
19053.000,90.000000,12194.140
19069.000,83.000000,1034.9636
19069.000,85.000000,1177.8899
19069.000,86.000000,1133.3042
19136.000,81.000000,816.98244
19136.000,82.000000,736.30992
19136.000,83.000000,642.73705
19136.000,84.000000,450.33435
19136.000,85.000000,498.13044
19136.000,86.000000,520.91097
