plant          ,year           ,CD-productivity
33110313.,87.000000,5.8956499
33110808.,81.000000,6.1673911
33110808.,82.000000,9.1651542
33110808.,83.000000,7.8950961
33110808.,84.000000,8.0364617
33110808.,85.000000,6.2594844
33110808.,86.000000,6.2510293
33110808.,87.000000,6.7381527
33110808.,88.000000,7.8176603
33110808.,89.000000,6.9483304
33110808.,90.000000,5.5980024
33110808.,91.000000,7.0054325
33110809.,81.000000,11.936462
33110809.,82.000000,11.486026
33110809.,83.000000,10.581479
33110809.,84.000000,10.446353
33110809.,85.000000,9.9535305
33110809.,86.000000,9.1840803
33110810.,81.000000,6.9109572
33110810.,82.000000,7.6428313
33110810.,83.000000,7.5581913
33110810.,84.000000,7.1968146
33110810.,85.000000,7.5938760
33110810.,86.000000,8.2694043
33110810.,87.000000,8.2893959
33110810.,88.000000,12.382385
33110810.,89.000000,7.5630544
33110810.,90.000000,7.1540553
33110810.,91.000000,6.6484542
33110811.,81.000000,9.0354351
33110811.,82.000000,8.4228475
33110811.,83.000000,9.6131934
33110811.,84.000000,10.017476
33110811.,85.000000,8.6229799
33110811.,86.000000,11.280380
33110811.,87.000000,8.9130544
33110812.,83.000000,8.8935779
33110812.,84.000000,9.0895324
33110812.,85.000000,7.6166997
33110812.,86.000000,7.1913983
33110812.,87.000000,7.7190237
33110812.,88.000000,8.1607277
33110813.,81.000000,12.213739
33110813.,82.000000,12.167642
33110813.,83.000000,11.895316
33110813.,84.000000,12.595056
33110813.,85.000000,12.964712
33110813.,86.000000,13.749133
33110813.,87.000000,12.478649
33110813.,88.000000,13.604387
33110813.,89.000000,14.856063
33110813.,90.000000,13.677618
33110813.,91.000000,13.755244
33110814.,81.000000,11.918111
33110814.,82.000000,10.527473
33110814.,83.000000,9.7327559
33110814.,84.000000,10.508943
33110814.,85.000000,11.577997
33110814.,86.000000,11.406496
33110814.,87.000000,8.8970782
33110815.,81.000000,11.543432
33110815.,82.000000,11.650320
33110815.,83.000000,10.420274
33110815.,84.000000,9.5198048
33110815.,85.000000,8.7761448
33110815.,86.000000,8.6584411
33110815.,87.000000,8.7513860
33110815.,88.000000,9.1340456
33110815.,89.000000,8.6203397
33110815.,90.000000,9.3219488
33110815.,91.000000,10.107548
33110816.,81.000000,22.344274
33110816.,82.000000,8.1432311
33110816.,83.000000,11.351276
33110816.,84.000000,11.123843
33110816.,85.000000,8.9683763
33110816.,86.000000,8.9695415
33110816.,87.000000,6.8019661
33110816.,88.000000,7.0218700
33110816.,89.000000,13.773378
33110816.,90.000000,12.943580
33110816.,91.000000,11.780318
33110818.,81.000000,12.329790
33110818.,82.000000,12.930114
33110818.,83.000000,13.297406
33110818.,84.000000,11.656688
33110818.,85.000000,9.7285584
33110818.,86.000000,9.7054962
33110818.,87.000000,9.8919748
33110818.,88.000000,10.617881
33110818.,89.000000,8.2789500
33110818.,90.000000,9.2653497
33110818.,91.000000,8.0572531
33110819.,81.000000,13.147697
33110819.,82.000000,12.399916
33110819.,83.000000,11.549548
33110819.,84.000000,10.964181
33110819.,85.000000,8.2331339
33110819.,86.000000,10.651284
33110819.,87.000000,10.786328
33110819.,88.000000,9.2758933
33110819.,89.000000,10.675019
33110819.,90.000000,9.7843243
33110819.,91.000000,12.066219
33110820.,81.000000,18.275427
33110820.,82.000000,15.944806
33110820.,83.000000,12.155876
33110820.,84.000000,9.9458271
33110820.,85.000000,9.9682439
33110820.,86.000000,8.3601299
33110820.,87.000000,7.7990085
33110820.,88.000000,7.1479026
33110820.,89.000000,8.5024992
33110820.,90.000000,10.053365
33110820.,91.000000,10.254509
33110821.,81.000000,7.9075172
33110821.,82.000000,9.1222890
33110821.,83.000000,6.1731072
33110821.,84.000000,6.5545409
33110821.,85.000000,7.6270216
33110821.,86.000000,6.8265301
33110821.,87.000000,6.5458081
33110821.,88.000000,6.9556723
33110821.,89.000000,6.7057559
33110821.,90.000000,6.7875028
33110821.,91.000000,6.5573114
33110822.,81.000000,6.4914039
33110823.,81.000000,8.1528516
33110823.,82.000000,9.8997681
33110823.,83.000000,5.7720102
33110823.,84.000000,8.1628592
33110823.,85.000000,6.3876047
33110823.,86.000000,8.0977984
33110823.,87.000000,7.2772782
33110823.,88.000000,6.0232230
33110824.,81.000000,8.4262975
33110824.,82.000000,9.8412267
33110824.,83.000000,12.631042
33110824.,84.000000,8.1824110
33110824.,85.000000,6.7179368
33110824.,86.000000,6.9620459
33110824.,87.000000,7.4556188
33110824.,88.000000,7.1549824
33110824.,89.000000,6.8845466
33110824.,90.000000,6.8468097
33110824.,91.000000,9.4511269
33110825.,81.000000,10.825378
33110825.,82.000000,7.8682328
33110825.,83.000000,7.4740084
33110825.,84.000000,8.7611459
33110825.,85.000000,8.6206378
33110825.,86.000000,7.5882708
33110825.,87.000000,8.2231399
33110825.,88.000000,7.2846210
33110825.,89.000000,6.4864198
33110825.,90.000000,5.9620350
33110825.,91.000000,8.7222619
33110826.,81.000000,11.013424
33110826.,82.000000,10.562575
33110826.,83.000000,13.282476
33110826.,84.000000,8.3403488
33110826.,85.000000,8.4204899
33110826.,86.000000,8.7792151
33110826.,87.000000,7.2600276
33110826.,88.000000,7.0103874
33110826.,89.000000,4.4276399
33110827.,81.000000,9.9746657
33110827.,82.000000,12.733530
33110827.,83.000000,15.434335
33110827.,84.000000,13.910662
33110827.,85.000000,10.926183
33110827.,86.000000,12.971488
33110827.,87.000000,8.9421708
33110827.,88.000000,11.616910
33110827.,89.000000,10.055436
33110827.,90.000000,8.9012938
33110827.,91.000000,10.161906
33110828.,81.000000,14.074810
33110828.,82.000000,10.915082
33110828.,83.000000,10.314954
33110828.,84.000000,9.6060302
33110828.,85.000000,9.4111848
33110828.,86.000000,7.8425195
33110828.,87.000000,8.0931967
33110828.,88.000000,8.1145862
33110828.,89.000000,7.0339943
33110828.,90.000000,6.9978952
33110828.,91.000000,7.0422013
33110830.,83.000000,7.9841216
33110830.,84.000000,7.2604786
33110830.,85.000000,7.5338423
33110831.,81.000000,13.760089
33110831.,82.000000,11.017839
33110831.,83.000000,10.654098
33110831.,84.000000,9.9928760
33110831.,85.000000,10.091393
33110831.,86.000000,9.1844591
33110831.,87.000000,8.3561689
33110831.,88.000000,7.6462606
33110831.,89.000000,6.8398087
33110831.,90.000000,8.5729319
33110831.,91.000000,9.6794786
33110832.,81.000000,7.8971648
33110832.,82.000000,8.8604420
33110832.,83.000000,9.2838252
33110832.,84.000000,7.3641278
33110832.,85.000000,7.3262021
33110832.,86.000000,10.071578
33110832.,87.000000,8.5248175
33110832.,88.000000,8.3325459
33110833.,81.000000,9.7904273
33110833.,82.000000,8.6496469
33110833.,83.000000,9.1653949
33110833.,84.000000,8.5112401
33110833.,85.000000,5.7243053
33110834.,82.000000,6.7952049
33110834.,83.000000,7.5459752
33110834.,84.000000,8.0335875
33110834.,85.000000,11.200897
33110834.,86.000000,4.1598008
33110835.,81.000000,7.9612280
33110835.,82.000000,5.3087025
33110835.,83.000000,7.3326096
33110835.,84.000000,6.7225002
33110835.,85.000000,6.7532614
33110835.,86.000000,5.7875203
33110836.,81.000000,12.525696
33110836.,82.000000,11.473663
33110836.,83.000000,10.492145
33110836.,84.000000,7.9051357
33110836.,85.000000,7.7976493
33110836.,86.000000,7.0058631
33110836.,87.000000,6.3689303
33110836.,88.000000,6.3448123
33110836.,89.000000,6.4432814
33110836.,90.000000,6.4583415
33110836.,91.000000,6.7051372
33110837.,81.000000,5.7958499
33110837.,82.000000,6.2835760
33110837.,83.000000,6.8701592
33110837.,84.000000,6.5622177
33110837.,85.000000,6.4885317
33110838.,81.000000,7.8992988
33110838.,82.000000,9.2932745
33110838.,83.000000,8.9096689
33110838.,84.000000,8.8529427
33110838.,85.000000,8.6221502
33110839.,81.000000,8.3381165
33110839.,82.000000,8.3361104
33110839.,83.000000,8.2109028
33110839.,84.000000,8.9029526
33110839.,85.000000,9.4417699
33110839.,86.000000,9.8010740
33110839.,87.000000,9.0838599
33110839.,88.000000,10.125511
33110839.,89.000000,8.7393572
33110839.,90.000000,8.0045580
33110839.,91.000000,6.9049027
33110840.,81.000000,7.3563181
33110840.,82.000000,9.7985930
33110840.,83.000000,7.3217709
33110840.,84.000000,7.8124241
33110840.,85.000000,8.9566766
33110841.,81.000000,11.257359
33110841.,82.000000,10.523728
33110841.,83.000000,8.9627425
33110841.,84.000000,8.4803832
33110841.,85.000000,10.402409
33110841.,86.000000,9.4836836
33110841.,87.000000,9.3565128
33110841.,88.000000,9.5403659
33110841.,89.000000,10.170770
33110841.,90.000000,10.519887
33110841.,91.000000,9.4789118
33110842.,81.000000,8.1417382
33110842.,82.000000,6.8009389
33110842.,83.000000,5.3380841
33110842.,84.000000,5.9015238
33110842.,85.000000,5.7031691
33110842.,86.000000,5.6998683
33110842.,87.000000,4.9290607
33110842.,88.000000,5.2450152
33110842.,89.000000,5.8770953
33110842.,90.000000,4.7191731
33110842.,91.000000,5.2833307
33110843.,81.000000,10.572270
33110843.,82.000000,8.2052162
33110843.,83.000000,8.3441672
33110843.,84.000000,6.7683042
33110843.,85.000000,6.5104755
33110843.,86.000000,10.465202
33110843.,87.000000,9.1545342
33110843.,88.000000,9.2249507
33110843.,89.000000,10.290659
33110843.,90.000000,9.0474240
33110843.,91.000000,7.1960187
33110844.,81.000000,6.7276246
33110844.,82.000000,5.2065017
33110844.,83.000000,5.6809136
33110844.,84.000000,6.1937419
33110844.,85.000000,6.2046794
33110844.,86.000000,3.5736223
33110845.,81.000000,8.8864718
33110845.,82.000000,8.4732623
33110845.,83.000000,8.9143484
33110845.,84.000000,8.4369008
33110845.,85.000000,7.8858539
33110845.,86.000000,7.2945816
33110845.,87.000000,8.5558932
33110845.,89.000000,10.127800
33110845.,90.000000,9.0783816
33110845.,91.000000,8.7905281
33110846.,81.000000,8.9702966
33110846.,82.000000,9.8578886
33110846.,83.000000,9.3489771
33110846.,84.000000,9.3532864
33110846.,85.000000,8.9654779
33110846.,86.000000,9.9710064
33110846.,87.000000,8.4435010
33110846.,88.000000,9.9368129
33110846.,89.000000,9.4266716
33110846.,90.000000,9.4831467
33110846.,91.000000,8.6983885
33110851.,91.000000,11.056561
33110861.,81.000000,7.1600178
33110861.,82.000000,6.6718516
33110861.,83.000000,6.9396330
33110861.,86.000000,6.0935169
33110861.,87.000000,4.4770994
33110861.,88.000000,3.9358505
33110861.,89.000000,3.9576868
33110861.,90.000000,4.4728302
33110861.,91.000000,4.5287223
33111355.,83.000000,6.5925102
33111355.,86.000000,10.411434
33111355.,87.000000,9.3157658
33111439.,88.000000,10.706578
33111439.,89.000000,9.6506707
33112101.,81.000000,8.1857545
33112101.,82.000000,6.8857103
33112101.,83.000000,7.2964140
33112101.,84.000000,6.1075473
33112101.,85.000000,5.7478228
33112101.,86.000000,5.7704014
33112101.,87.000000,5.8921736
33112101.,88.000000,7.2865874
33112101.,89.000000,7.6761367
33112101.,90.000000,8.0913130
33112101.,91.000000,8.1294379
33112102.,81.000000,17.237093
33112102.,82.000000,24.779408
33112102.,83.000000,18.036129
33112102.,84.000000,16.195176
33112102.,85.000000,11.285066
33112102.,86.000000,10.234991
33112102.,87.000000,10.087899
33112102.,88.000000,9.3657801
33112102.,89.000000,9.3191186
33112102.,90.000000,9.5557839
33112102.,91.000000,9.4437691
33112103.,81.000000,9.0038410
33112103.,82.000000,9.8645248
33112103.,83.000000,9.6202545
33112103.,84.000000,11.990038
33112103.,85.000000,9.8247674
33112103.,86.000000,9.1535995
33112103.,87.000000,8.6885693
33112103.,88.000000,8.2773797
33112103.,89.000000,8.3914437
33112105.,81.000000,13.766101
33112105.,82.000000,10.930577
33112105.,83.000000,12.815340
33112105.,84.000000,11.916562
33112105.,85.000000,11.733930
33112105.,86.000000,12.263910
33112105.,87.000000,12.061948
33112105.,88.000000,11.952191
33112105.,89.000000,11.776507
33112105.,90.000000,10.077096
33112105.,91.000000,10.920457
33112106.,81.000000,17.807072
33112106.,82.000000,8.9203862
33112106.,83.000000,9.7452369
33112106.,84.000000,9.5450223
33112106.,85.000000,13.590448
33112106.,86.000000,9.6237058
33112106.,87.000000,10.600892
33112106.,88.000000,10.016070
33112106.,89.000000,11.935190
33112106.,90.000000,12.120928
33112106.,91.000000,10.860199
33112107.,81.000000,8.3657717
33112107.,82.000000,11.951197
33112107.,83.000000,9.1192436
33112107.,84.000000,3.2050022
33112107.,85.000000,6.2287411
33112107.,86.000000,3.0736054
33112108.,81.000000,14.805845
33112108.,82.000000,17.761299
33112108.,83.000000,16.847458
33112108.,84.000000,17.884988
33112108.,85.000000,12.624693
33112108.,86.000000,12.299957
33112108.,87.000000,11.557568
33112108.,88.000000,13.353914
33112108.,89.000000,15.350713
33112108.,90.000000,14.416422
33112108.,91.000000,15.437621
33112109.,81.000000,9.4390744
33112109.,82.000000,9.8519781
33112109.,83.000000,9.9287636
33112109.,84.000000,9.0691572
33112109.,85.000000,7.9277458
33112109.,86.000000,8.3984061
33112109.,87.000000,8.4333292
33112109.,88.000000,9.1841710
33112110.,81.000000,9.5132511
33112110.,82.000000,8.4512604
33112110.,83.000000,8.8961633
33112110.,84.000000,8.6821388
33112110.,85.000000,8.7321588
33112110.,86.000000,7.8964812
33112110.,87.000000,7.8647039
33112110.,88.000000,8.5589925
33112110.,89.000000,8.8047923
33112110.,90.000000,6.3064593
33112110.,91.000000,7.2440385
33112111.,81.000000,8.5625442
33112111.,82.000000,8.8179358
33112111.,83.000000,10.299961
33112111.,84.000000,9.6706630
33112111.,85.000000,9.3375212
33112111.,86.000000,9.3309392
33112111.,87.000000,9.5014491
33112111.,88.000000,8.0164813
33112111.,89.000000,10.428327
33112111.,90.000000,8.3648302
33112111.,91.000000,9.2010146
33112112.,81.000000,8.5750577
33112112.,82.000000,9.9811048
33112112.,83.000000,8.2102066
33112112.,84.000000,8.4999545
33112112.,85.000000,8.5614246
33112112.,86.000000,6.7554375
33112112.,87.000000,6.2763047
33112113.,81.000000,8.5777171
33112113.,82.000000,7.4651635
33112113.,83.000000,7.4996946
33112113.,84.000000,7.2525924
33112113.,85.000000,6.5405617
33112113.,86.000000,6.7069102
33112113.,87.000000,8.7435314
33112113.,88.000000,8.8087276
33112113.,89.000000,8.2438352
33112113.,90.000000,8.1358187
33112113.,91.000000,7.9060946
33112114.,81.000000,7.3265256
33112114.,82.000000,8.2580375
33112114.,83.000000,9.1122302
33112114.,84.000000,9.5964001
33112114.,85.000000,8.2352218
33112114.,86.000000,7.7607588
33112114.,87.000000,9.0744683
33112114.,88.000000,8.6074169
33112114.,89.000000,7.9023836
33112114.,90.000000,7.8607934
33112114.,91.000000,8.1472666
33112115.,81.000000,9.9639918
33112115.,82.000000,10.154069
33112115.,83.000000,10.628996
33112115.,84.000000,9.7363614
33112115.,85.000000,8.7359336
33112115.,86.000000,8.6611502
33112115.,87.000000,9.1386475
33112115.,88.000000,9.6091145
33112115.,89.000000,9.2872540
33112115.,90.000000,9.0297549
33112115.,91.000000,9.8512958
33112116.,81.000000,8.0450126
33112116.,82.000000,7.3075116
33112116.,83.000000,7.5319024
33112116.,84.000000,7.5544873
33112116.,85.000000,7.7039143
33112116.,88.000000,8.2557331
33112116.,91.000000,8.4316943
33112117.,81.000000,8.6942885
33112117.,82.000000,11.612920
33112117.,83.000000,10.057269
33112117.,84.000000,6.8160487
33112117.,85.000000,6.6931314
33112117.,86.000000,7.2752635
33112117.,87.000000,8.0104188
33112117.,88.000000,6.6414198
33112117.,89.000000,3.8681154
33112117.,90.000000,3.0121240
33112118.,81.000000,13.459013
33112118.,82.000000,13.589137
33112118.,83.000000,12.503235
33112118.,84.000000,13.054245
33112118.,85.000000,10.951202
33112118.,86.000000,11.863524
33112118.,87.000000,10.687883
33112118.,88.000000,10.088375
33112118.,89.000000,8.8243863
33112118.,90.000000,9.9786947
33112118.,91.000000,9.9163842
33112119.,81.000000,10.735957
33112119.,82.000000,11.263197
33112119.,83.000000,9.2178439
33112119.,84.000000,8.5273145
33112119.,85.000000,10.482113
33112119.,86.000000,10.033575
33112119.,87.000000,10.923947
33112119.,88.000000,8.6029005
33112119.,89.000000,8.7424402
33112119.,90.000000,7.6207765
33112119.,91.000000,7.7235583
33112120.,81.000000,7.7315635
33112120.,82.000000,8.4195036
33112120.,83.000000,7.5798329
33112120.,84.000000,8.2443070
33112120.,85.000000,6.4056278
33112120.,86.000000,6.4223362
33112120.,87.000000,6.4608647
33112120.,88.000000,7.6997433
33112120.,89.000000,6.9853416
33112120.,90.000000,6.2309142
33112121.,81.000000,9.1079950
33112121.,82.000000,10.013435
33112121.,83.000000,10.326403
33112121.,84.000000,9.3146256
33112121.,85.000000,14.366721
33112121.,86.000000,13.712193
33112122.,81.000000,17.331375
33112122.,82.000000,22.254214
33112122.,83.000000,24.597743
33112122.,84.000000,10.456110
33112122.,85.000000,9.2972899
33112123.,81.000000,7.3528624
33112123.,82.000000,7.5331119
33112123.,83.000000,9.7557519
33112123.,84.000000,10.934956
33112123.,85.000000,9.9418750
33112123.,86.000000,8.2838270
33112124.,81.000000,8.8171320
33112124.,82.000000,8.5218814
33112124.,83.000000,8.7632325
33112124.,84.000000,8.1639430
33112124.,85.000000,10.132433
33112124.,86.000000,11.703219
33112124.,87.000000,11.193713
33112124.,88.000000,13.246231
33112124.,89.000000,11.376502
33112124.,90.000000,12.524519
33112124.,91.000000,13.107615
33112125.,81.000000,8.4240019
33112125.,82.000000,9.5726109
33112125.,83.000000,9.1405955
33112125.,84.000000,8.6481095
33112125.,85.000000,8.0262763
33112125.,86.000000,7.6246105
33112125.,87.000000,5.9931593
33112125.,88.000000,8.5671497
33112125.,89.000000,9.1880011
33112125.,90.000000,9.7904094
33112125.,91.000000,8.8208141
33112126.,82.000000,6.9170891
33112126.,83.000000,8.2833680
33112126.,84.000000,9.4852526
33112126.,85.000000,9.0592523
33112126.,86.000000,6.3396766
33112126.,87.000000,8.0714116
33112126.,88.000000,7.8997293
33112138.,81.000000,9.5807793
33112142.,81.000000,10.007636
33112142.,82.000000,9.7388330
33112509.,81.000000,9.8475342
33112509.,82.000000,8.3415155
33112509.,83.000000,11.446798
33112509.,84.000000,11.967736
33112509.,85.000000,7.3132934
33112509.,86.000000,7.7482534
33112509.,87.000000,7.6095263
33112509.,88.000000,7.2618878
33112509.,89.000000,6.9519921
33112509.,90.000000,6.7153428
33112531.,81.000000,12.058167
33112531.,82.000000,18.361788
33112531.,83.000000,16.183963
33112531.,84.000000,15.250211
33112531.,85.000000,15.928972
33112531.,86.000000,18.038822
33112531.,87.000000,11.551026
33112531.,88.000000,14.459829
33112531.,89.000000,13.307472
33112531.,90.000000,12.403669
33112531.,91.000000,13.405065
33112574.,81.000000,11.799965
33112574.,82.000000,6.3167978
33112574.,83.000000,7.1506726
33112574.,84.000000,8.8181068
33112574.,85.000000,7.6341267
33112574.,87.000000,6.1587910
33112574.,88.000000,6.4894317
33112574.,89.000000,6.3722175
33112574.,90.000000,6.2822817
33112574.,91.000000,5.2817425
33112575.,81.000000,10.745507
33112575.,82.000000,7.7165414
33112575.,83.000000,6.7296221
33112575.,84.000000,6.0885717
33112575.,85.000000,6.7820159
33112576.,81.000000,8.2569656
33112576.,82.000000,8.1723641
33112768.,85.000000,8.7189095
33112768.,86.000000,8.7496128
33112768.,87.000000,7.4839067
33112768.,88.000000,7.4882719
33112768.,89.000000,8.4468905
33112768.,90.000000,6.5291413
33112768.,91.000000,7.0771974
33112818.,81.000000,8.5408336
33112818.,82.000000,9.3800973
33112818.,83.000000,11.720409
33112818.,84.000000,8.9505316
33112824.,81.000000,10.755821
33112824.,82.000000,11.392355
33112824.,83.000000,9.6068895
33112824.,84.000000,8.8543501
33112831.,81.000000,15.363110
33112831.,82.000000,11.030211
33112831.,83.000000,10.061434
33112843.,81.000000,8.8974859
33112843.,82.000000,10.766239
33112843.,83.000000,10.834864
33112843.,84.000000,11.289751
33112879.,81.000000,13.765171
33112879.,82.000000,15.614392
33112879.,83.000000,14.095653
33112879.,84.000000,12.144343
33112895.,81.000000,56.942293
33112895.,82.000000,25.391376
33112895.,83.000000,21.969418
33112895.,84.000000,14.846687
33112928.,81.000000,9.0425880
33112928.,82.000000,8.3948533
33112928.,83.000000,9.6102176
33112928.,84.000000,7.7210729
33112945.,81.000000,17.285340
33112945.,82.000000,16.119183
33112945.,83.000000,13.626607
33112945.,84.000000,9.2251202
33112954.,81.000000,8.1727227
33112954.,82.000000,7.0147923
33112954.,83.000000,6.8320600
33112954.,84.000000,7.0556532
33112958.,81.000000,5.8351440
33112958.,82.000000,3.6458723
33112958.,83.000000,7.1382360
33112958.,84.000000,6.7889893
33112985.,81.000000,6.1934055
33112985.,82.000000,11.350703
33112985.,83.000000,10.606015
33112985.,84.000000,9.6819810
33113055.,81.000000,10.090456
33113055.,82.000000,8.9525531
33113055.,83.000000,6.1431037
33113080.,81.000000,9.4020951
33113080.,82.000000,7.3557635
33113080.,83.000000,7.8153003
33113094.,81.000000,9.1552387
33113094.,82.000000,7.6576427
33113094.,83.000000,8.6249712
33113094.,84.000000,8.0214973
33113094.,85.000000,5.8554914
33113094.,86.000000,6.7061986
33113094.,87.000000,6.2786443
33113116.,81.000000,11.910293
33113116.,82.000000,10.023617
33113116.,83.000000,9.9094466
33113120.,81.000000,9.6000211
33113120.,82.000000,9.1803781
33113120.,83.000000,6.4534575
33113218.,81.000000,12.526086
33113218.,82.000000,11.679389
33113218.,83.000000,10.848442
33113378.,81.000000,25.321218
33113378.,82.000000,39.261524
33113387.,81.000000,10.763742
33113387.,82.000000,9.1285474
33113425.,81.000000,8.4873461
33113425.,82.000000,7.9563858
33113426.,81.000000,7.8782638
33113426.,82.000000,7.6429441
33113464.,81.000000,10.236648
33113484.,81.000000,15.866888
33113484.,82.000000,13.763609
33113517.,81.000000,8.1050210
33113517.,82.000000,7.8035014
33113523.,81.000000,9.1460625
33113523.,82.000000,7.7883499
33113525.,81.000000,11.930556
33113525.,82.000000,11.160684
33113565.,81.000000,11.272905
33113565.,82.000000,13.310897
33113565.,83.000000,11.754738
33113596.,81.000000,12.097616
33113596.,82.000000,7.9449822
33113602.,81.000000,10.853642
33113602.,82.000000,11.529910
33113665.,81.000000,10.203076
33113665.,82.000000,14.293524
33113674.,81.000000,7.6595744
33113674.,82.000000,7.9615526
33113728.,81.000000,9.4831759
33113728.,82.000000,9.9515824
33113806.,81.000000,15.790825
33113806.,82.000000,16.169388
33113819.,81.000000,9.8696843
33113819.,82.000000,9.1937199
33113923.,81.000000,6.0050788
33113924.,81.000000,7.6700154
33113924.,82.000000,6.5499493
33113931.,81.000000,5.0604276
33113931.,82.000000,4.3659789
33113936.,81.000000,13.666694
33113936.,82.000000,12.557929
33113954.,81.000000,10.785807
33113954.,82.000000,12.323385
33113992.,82.000000,8.0791641
33114040.,81.000000,10.846446
33114040.,82.000000,4.6929309
33114060.,81.000000,7.9382315
33114060.,82.000000,9.7979997
33114062.,81.000000,7.7551493
33114062.,82.000000,10.538241
33114065.,81.000000,8.2164145
33114065.,82.000000,8.1382329
33114214.,81.000000,7.9199326
33114247.,81.000000,9.8685296
33114295.,81.000000,21.260760
33114306.,81.000000,11.857640
33114312.,81.000000,5.2595323
33114373.,81.000000,9.1027689
33114373.,82.000000,12.951961
33114373.,83.000000,18.160453
33114373.,84.000000,9.1386109
33114373.,85.000000,8.2168077
33114373.,86.000000,9.6496239
33114373.,87.000000,10.890006
33114373.,88.000000,10.118143
33114373.,89.000000,8.5025460
33114373.,90.000000,11.500709
33114373.,91.000000,12.671644
33114421.,81.000000,7.6060143
33114973.,81.000000,8.7634889
33114973.,82.000000,11.425639
33115091.,81.000000,10.882449
33115091.,82.000000,10.840028
33115472.,81.000000,8.5562356
33115472.,82.000000,6.5287907
33115472.,83.000000,7.7857382
33115472.,84.000000,8.5197059
33115472.,85.000000,8.3736494
33115472.,86.000000,8.7302834
33115472.,87.000000,8.4577446
33115472.,88.000000,9.1377918
33115472.,89.000000,10.580915
33115472.,90.000000,9.6130436
33115472.,91.000000,9.1308115
33117119.,81.000000,10.307638
33117119.,82.000000,9.8935469
33117119.,83.000000,7.2127940
33117119.,84.000000,8.0719741
33117121.,81.000000,8.8185871
33117122.,81.000000,11.450106
33117125.,81.000000,5.9975536
33117125.,82.000000,8.7774098
33117125.,83.000000,10.378641
33117125.,84.000000,10.462805
33117125.,85.000000,9.6547549
33117125.,86.000000,10.383249
33117125.,87.000000,10.079466
33117125.,88.000000,10.269105
33117125.,89.000000,9.9321208
33117128.,81.000000,11.577542
33117128.,82.000000,10.234536
33117128.,83.000000,9.6004583
33117132.,81.000000,8.8350809
33117132.,82.000000,8.0532609
33117132.,83.000000,7.6498804
33117132.,84.000000,9.1963866
33117132.,86.000000,7.8241624
33117132.,87.000000,7.2673713
33117132.,88.000000,8.1823369
33117132.,89.000000,8.9929150
33117132.,90.000000,7.3373320
33117133.,81.000000,6.5467806
33117133.,82.000000,7.7398373
33117133.,83.000000,7.9825199
33117135.,81.000000,6.2166823
33117135.,82.000000,5.7009076
33117137.,81.000000,8.4648758
33117137.,82.000000,7.6453847
33117137.,83.000000,9.1225261
33117137.,84.000000,8.2777769
33117170.,81.000000,6.4690098
33117394.,81.000000,10.844940
33117973.,81.000000,11.435194
33117973.,82.000000,7.6408774
33117975.,81.000000,11.636728
33117975.,82.000000,9.0964370
33117977.,81.000000,3.2667618
33117977.,82.000000,3.9970499
33117977.,83.000000,9.4492371
33117979.,81.000000,13.630936
33117979.,82.000000,14.537073
33117979.,83.000000,11.886570
33117979.,84.000000,10.955711
33117979.,85.000000,12.437725
33117979.,86.000000,12.335221
33117979.,87.000000,10.061157
33117979.,88.000000,13.436799
33117979.,89.000000,11.194462
33117979.,90.000000,11.344807
33117984.,81.000000,16.945000
33117984.,82.000000,8.6960679
33117984.,83.000000,9.9087193
33117984.,84.000000,9.2766952
33117985.,81.000000,18.985733
33117985.,82.000000,15.857457
33117987.,81.000000,16.837279
33117988.,84.000000,9.4843760
33117988.,85.000000,8.3602006
33117988.,86.000000,8.6746904
33117988.,87.000000,8.7800124
33117988.,88.000000,12.095516
33117988.,89.000000,11.891440
33117988.,90.000000,9.1461883
33117988.,91.000000,6.9184095
33117990.,81.000000,6.7944451
33117990.,82.000000,7.5943960
33117990.,83.000000,3.5655375
33117991.,81.000000,14.430714
33117993.,81.000000,8.7654940
33117993.,82.000000,7.6310928
33117993.,83.000000,7.3091799
33117993.,84.000000,6.8412489
33117993.,85.000000,7.0412913
33117993.,86.000000,8.9676375
33117993.,87.000000,8.7964636
33117993.,88.000000,10.564761
33117993.,89.000000,11.285669
33117993.,90.000000,10.179647
33117993.,91.000000,10.766843
33117996.,81.000000,8.1662758
33117996.,82.000000,7.8454687
33117996.,83.000000,7.3688828
33117996.,84.000000,7.7129984
33117996.,85.000000,7.6083741
33117996.,86.000000,7.1079742
33117996.,87.000000,7.4954402
33117996.,88.000000,7.1160924
33117996.,89.000000,6.6994868
33117996.,90.000000,6.1958770
33117996.,91.000000,6.1322853
33117999.,81.000000,7.6235731
33118001.,81.000000,6.8813917
33118001.,82.000000,6.8992497
33118906.,81.000000,10.402436
33118906.,82.000000,9.4405920
33118906.,83.000000,12.380727
33118906.,84.000000,11.482246
33118906.,85.000000,8.5233325
33118909.,81.000000,22.088610
33118909.,82.000000,13.158289
33118910.,81.000000,9.3781680
33118910.,82.000000,8.1926695
33118910.,83.000000,8.4842189
33118910.,84.000000,9.5691665
33118910.,85.000000,9.5532129
33118910.,86.000000,9.1379249
33118910.,87.000000,9.1940054
33118910.,88.000000,6.8617824
33118910.,89.000000,7.4883046
33118910.,90.000000,6.7635760
33118910.,91.000000,6.7240770
33118912.,81.000000,11.458849
33118912.,82.000000,10.428567
33118913.,81.000000,14.526852
33118913.,82.000000,11.571661
33118913.,83.000000,10.867593
33118913.,84.000000,5.5574043
33118916.,81.000000,12.422569
33118916.,82.000000,8.1258105
33118916.,83.000000,8.2543451
33118916.,84.000000,7.5374652
33118916.,85.000000,8.3029192
33118916.,86.000000,6.6664915
33118916.,88.000000,7.7780427
33118916.,89.000000,7.4335110
33118916.,90.000000,7.0058453
33118916.,91.000000,8.1631946
33118918.,81.000000,8.2314853
33118920.,81.000000,20.789532
33118920.,82.000000,11.185357
33118922.,81.000000,10.093931
33118922.,82.000000,10.419791
33118922.,83.000000,10.927103
33118922.,84.000000,9.1631702
33118922.,85.000000,8.0017733
33118923.,81.000000,10.265860
33118923.,82.000000,11.783794
33118923.,83.000000,8.5509770
33118923.,84.000000,8.1748268
33118923.,85.000000,8.2928576
33118923.,86.000000,8.5973509
33118923.,87.000000,8.3081102
33118923.,88.000000,7.5635497
33118923.,89.000000,8.1263168
33118923.,90.000000,6.7608929
33118923.,91.000000,6.7936687
33118926.,81.000000,10.614497
33118926.,82.000000,10.405866
33118926.,83.000000,11.357216
33118926.,84.000000,10.879372
33118926.,85.000000,10.843429
33118926.,86.000000,9.6276165
33118926.,87.000000,10.283709
33118926.,88.000000,10.324152
33118926.,89.000000,9.8617959
33118928.,81.000000,7.5975284
33118928.,82.000000,9.3868233
33118928.,83.000000,9.1230698
33118928.,84.000000,5.4375738
33118928.,85.000000,3.9524497
33118928.,86.000000,6.2389261
33118928.,87.000000,6.9259127
33118928.,88.000000,6.4494986
33118928.,89.000000,6.0292729
33118928.,90.000000,5.8767540
33118928.,91.000000,6.1714619
33118929.,81.000000,7.2010099
33118929.,82.000000,7.1678185
33118931.,81.000000,10.663914
33118931.,82.000000,6.3099882
33118932.,81.000000,8.1165276
33118932.,82.000000,9.4002368
33118932.,83.000000,9.0750074
33118932.,84.000000,10.722450
33118932.,85.000000,9.9803572
33118932.,86.000000,10.192832
33118932.,87.000000,8.8391180
33118932.,88.000000,7.4903186
33118933.,81.000000,11.209905
33118933.,82.000000,12.496132
33118933.,83.000000,8.2309705
33118933.,84.000000,6.5096215
33118935.,81.000000,5.3154007
33118935.,82.000000,7.7277985
33118935.,83.000000,8.0699376
33118935.,84.000000,7.1401668
33118935.,85.000000,7.0991335
33118935.,87.000000,7.4237149
33118935.,88.000000,7.8691470
33118935.,89.000000,4.5083764
33118966.,83.000000,10.690532
33119142.,82.000000,7.8099725
