plant          ,year           ,CD-productivity
10423.000,81.000000,14.115477
10423.000,82.000000,12.160579
10423.000,83.000000,10.729291
10423.000,84.000000,10.269111
10423.000,85.000000,11.628851
10423.000,86.000000,11.693086
10423.000,87.000000,11.930677
10423.000,88.000000,12.373613
10423.000,89.000000,13.128487
10423.000,90.000000,12.512269
10423.000,91.000000,12.491700
10424.000,81.000000,12.348975
10424.000,82.000000,11.892223
10424.000,83.000000,10.604010
10424.000,84.000000,11.760292
10424.000,85.000000,11.417672
10424.000,86.000000,9.9223072
10424.000,87.000000,10.530464
10424.000,88.000000,10.161494
10424.000,89.000000,9.5476522
10424.000,90.000000,9.9359722
10424.000,91.000000,9.0314533
10425.000,81.000000,7.9890000
10425.000,82.000000,14.009118
10425.000,83.000000,10.999453
10425.000,84.000000,14.393084
10425.000,85.000000,9.9733652
10426.000,81.000000,7.4392512
10426.000,82.000000,8.3218958
10426.000,83.000000,8.9541932
10426.000,84.000000,11.166375
10426.000,85.000000,11.664523
10426.000,86.000000,10.953794
10426.000,87.000000,9.1477994
10426.000,88.000000,7.5141321
10426.000,89.000000,7.9639485
10426.000,90.000000,8.9515942
10426.000,91.000000,8.7604841
10427.000,81.000000,13.986632
10427.000,82.000000,11.894034
10427.000,83.000000,11.211235
10427.000,84.000000,11.125623
10427.000,85.000000,10.605603
10427.000,86.000000,10.778883
10427.000,87.000000,11.033267
10427.000,88.000000,11.418047
10427.000,89.000000,11.297197
10427.000,90.000000,12.442389
10427.000,91.000000,12.663203
10428.000,81.000000,17.251218
10428.000,82.000000,14.800808
10428.000,83.000000,12.294225
10428.000,84.000000,13.394339
10428.000,85.000000,13.402470
10428.000,86.000000,14.297448
10428.000,87.000000,12.497682
10428.000,88.000000,17.046256
10428.000,89.000000,16.884626
10428.000,90.000000,15.342311
10428.000,91.000000,14.705478
10429.000,81.000000,9.6947443
10429.000,82.000000,8.4903606
10429.000,83.000000,8.3909767
10429.000,84.000000,10.868834
10429.000,85.000000,9.9149485
10429.000,86.000000,9.4744277
10429.000,87.000000,10.035911
10429.000,88.000000,10.033375
10429.000,89.000000,9.6351654
10429.000,90.000000,12.178661
10429.000,91.000000,13.416168
10431.000,81.000000,13.473842
10431.000,82.000000,18.081133
10431.000,83.000000,15.438991
10431.000,84.000000,13.564260
10431.000,85.000000,14.516770
10431.000,86.000000,15.320678
10431.000,87.000000,14.808115
10431.000,88.000000,14.799130
10431.000,89.000000,11.949113
10431.000,90.000000,9.7324693
10431.000,91.000000,11.775191
10432.000,81.000000,10.630145
10432.000,82.000000,9.9202488
10432.000,83.000000,8.1670981
10432.000,84.000000,6.4163880
10432.000,85.000000,12.040441
10432.000,86.000000,10.361037
10432.000,87.000000,9.8986049
10432.000,88.000000,10.486877
10432.000,89.000000,8.8587880
10432.000,90.000000,11.206317
10432.000,91.000000,8.9028752
10433.000,81.000000,14.551318
10433.000,82.000000,15.708894
10433.000,83.000000,14.464264
10433.000,84.000000,15.383095
10433.000,85.000000,14.908386
10433.000,86.000000,12.927663
10433.000,87.000000,12.419526
10433.000,88.000000,14.340287
10433.000,89.000000,13.411514
10433.000,90.000000,12.299714
10433.000,91.000000,10.617069
10434.000,81.000000,10.925009
10434.000,82.000000,12.195613
10434.000,83.000000,11.860793
10434.000,84.000000,10.372765
10434.000,85.000000,16.270177
10434.000,86.000000,10.016481
10434.000,87.000000,10.540325
10434.000,88.000000,10.986134
10434.000,89.000000,11.234868
10434.000,90.000000,10.660041
10434.000,91.000000,10.554737
10435.000,81.000000,9.2911209
10435.000,82.000000,8.4653603
10435.000,83.000000,8.1683700
10435.000,84.000000,7.8153222
10435.000,85.000000,7.6851052
10435.000,86.000000,7.2275239
10435.000,87.000000,7.3874518
10435.000,88.000000,7.2943560
10435.000,89.000000,7.4983583
10435.000,90.000000,7.6720521
10435.000,91.000000,8.3478246
10436.000,81.000000,11.082844
10436.000,82.000000,10.981222
10436.000,83.000000,6.1928673
10436.000,84.000000,11.747728
10436.000,85.000000,10.362402
10436.000,86.000000,10.182449
10436.000,87.000000,11.425128
10436.000,88.000000,11.334220
10436.000,89.000000,12.154374
10436.000,90.000000,12.555787
10436.000,91.000000,10.875885
10437.000,81.000000,10.623042
10437.000,82.000000,10.041725
10437.000,83.000000,9.5288280
10437.000,84.000000,8.9743707
10437.000,85.000000,9.8094564
10437.000,86.000000,9.5191653
10437.000,87.000000,5.3795793
10437.000,88.000000,7.6320820
10438.000,81.000000,12.105151
10438.000,82.000000,11.191999
10438.000,83.000000,9.0674417
10438.000,84.000000,7.2798275
10438.000,85.000000,12.447102
10438.000,86.000000,13.674272
10438.000,87.000000,13.434454
10438.000,88.000000,4.3451076
10438.000,89.000000,3.4048306
10438.000,90.000000,5.3924111
10438.000,91.000000,7.8148814
10439.000,81.000000,8.9753811
10439.000,82.000000,10.227292
10439.000,83.000000,9.8040968
10439.000,84.000000,9.4635656
10439.000,85.000000,9.5587394
10439.000,86.000000,8.4738423
10439.000,87.000000,8.3940742
10439.000,88.000000,9.0080111
10439.000,89.000000,8.0603736
10439.000,90.000000,9.4697460
10439.000,91.000000,11.703649
10441.000,81.000000,9.0616277
10441.000,82.000000,9.2630787
10441.000,83.000000,11.200202
10441.000,84.000000,10.535412
10441.000,85.000000,9.4965023
10441.000,86.000000,7.9823126
10441.000,87.000000,8.7713481
10441.000,88.000000,7.7377617
10441.000,89.000000,9.1607175
10441.000,90.000000,7.6233117
10441.000,91.000000,7.2061692
10442.000,81.000000,9.2453766
10442.000,82.000000,10.850091
10442.000,83.000000,7.9794455
10442.000,84.000000,9.6666968
10442.000,85.000000,9.5639666
10442.000,86.000000,8.7617054
10442.000,87.000000,8.8326349
10442.000,88.000000,8.8867048
10442.000,89.000000,8.2941097
10442.000,90.000000,7.9693587
10442.000,91.000000,8.9013089
10443.000,81.000000,7.1917818
10443.000,82.000000,7.6556928
10443.000,83.000000,7.9918843
10443.000,84.000000,7.8787223
10443.000,85.000000,7.9511932
10443.000,86.000000,7.9040859
10443.000,87.000000,8.1717154
10443.000,88.000000,7.9245926
10443.000,89.000000,7.8005649
10443.000,90.000000,7.8354519
10443.000,91.000000,8.7676850
10444.000,81.000000,11.918550
10444.000,82.000000,10.980646
10444.000,83.000000,11.045977
10444.000,84.000000,12.736920
10444.000,85.000000,12.872542
10444.000,86.000000,13.445727
10444.000,87.000000,13.699743
10444.000,88.000000,14.262478
10444.000,89.000000,13.845169
10444.000,90.000000,13.991174
10444.000,91.000000,13.512064
10445.000,81.000000,8.1235224
10445.000,82.000000,9.0966705
10445.000,83.000000,9.2683351
10445.000,84.000000,9.8680529
10445.000,85.000000,10.418032
10445.000,86.000000,10.807144
10445.000,87.000000,10.885163
10445.000,88.000000,10.006710
10445.000,89.000000,9.1755925
10445.000,90.000000,10.574947
10445.000,91.000000,10.594553
10446.000,81.000000,8.0160313
10446.000,82.000000,8.1285433
10446.000,83.000000,9.0592179
10446.000,84.000000,9.3934108
10446.000,85.000000,8.3547408
10446.000,86.000000,8.4412903
10446.000,87.000000,7.5485589
10446.000,88.000000,7.9937455
10446.000,89.000000,7.4492826
10446.000,90.000000,8.5613108
10446.000,91.000000,8.8981418
10447.000,81.000000,8.7648358
10447.000,82.000000,9.3240212
10447.000,83.000000,9.5880618
10447.000,84.000000,11.816337
10447.000,85.000000,11.691124
10447.000,86.000000,12.632929
10447.000,87.000000,12.203115
10447.000,88.000000,12.710754
10447.000,89.000000,12.057750
10447.000,90.000000,12.421888
10447.000,91.000000,12.786144
10448.000,81.000000,24.199297
10448.000,82.000000,28.309461
10448.000,83.000000,31.884694
10448.000,84.000000,25.639295
10448.000,85.000000,21.539229
10448.000,86.000000,30.281424
10450.000,81.000000,16.861721
10450.000,82.000000,13.443416
10450.000,83.000000,14.814269
10450.000,84.000000,16.451501
10450.000,85.000000,13.754268
10450.000,86.000000,9.0621777
10450.000,87.000000,10.599597
10450.000,88.000000,12.517744
10450.000,89.000000,13.841566
10450.000,90.000000,13.101928
10450.000,91.000000,15.645249
10451.000,81.000000,9.4090684
10451.000,82.000000,10.360779
10451.000,83.000000,10.527621
10451.000,84.000000,10.537521
10451.000,85.000000,11.636813
10451.000,86.000000,10.644422
10451.000,87.000000,10.654997
10451.000,88.000000,11.169897
10451.000,89.000000,11.037460
10451.000,90.000000,11.763751
10451.000,91.000000,11.904080
10452.000,81.000000,9.5716993
10452.000,82.000000,9.4456218
10452.000,83.000000,8.7920326
10452.000,84.000000,9.9273046
10452.000,85.000000,11.434475
10452.000,86.000000,10.177623
10452.000,87.000000,10.861131
10452.000,88.000000,10.404828
10452.000,89.000000,10.718718
10452.000,90.000000,10.627913
10452.000,91.000000,11.163072
10453.000,81.000000,12.666765
10453.000,82.000000,14.956260
10453.000,83.000000,17.276074
10453.000,84.000000,16.908625
10453.000,85.000000,15.110536
10453.000,86.000000,8.7477302
10453.000,87.000000,10.512890
10453.000,88.000000,11.982755
10453.000,89.000000,11.765659
10453.000,90.000000,10.622056
10453.000,91.000000,9.7105280
10454.000,81.000000,11.393735
10454.000,82.000000,11.054699
10454.000,83.000000,9.6355782
10454.000,84.000000,10.675344
10454.000,85.000000,10.790372
10454.000,86.000000,11.395670
10454.000,87.000000,11.754438
10454.000,88.000000,12.002483
10454.000,89.000000,11.274197
10454.000,90.000000,11.466138
10454.000,91.000000,11.819183
10455.000,81.000000,13.707787
10455.000,82.000000,16.652485
10455.000,83.000000,14.901562
10455.000,84.000000,15.463095
10455.000,85.000000,17.192573
10455.000,86.000000,17.338877
10455.000,87.000000,18.105023
10455.000,88.000000,17.504327
10455.000,89.000000,17.462576
10455.000,90.000000,17.174546
10455.000,91.000000,19.745694
10456.000,81.000000,14.183045
10456.000,82.000000,12.228930
10456.000,83.000000,11.653870
10456.000,84.000000,12.108411
10456.000,85.000000,10.745346
10456.000,86.000000,10.549170
10456.000,87.000000,10.578467
10456.000,88.000000,11.088130
10456.000,89.000000,10.389861
10456.000,90.000000,10.562185
10456.000,91.000000,11.400475
10457.000,81.000000,10.821199
10457.000,82.000000,11.840553
10457.000,83.000000,10.373223
10457.000,84.000000,11.030331
10457.000,85.000000,10.789531
10457.000,86.000000,12.804211
10457.000,87.000000,10.135574
10457.000,88.000000,10.334112
10457.000,89.000000,9.8589119
10457.000,90.000000,11.870545
10457.000,91.000000,9.8474564
10458.000,81.000000,10.080933
10458.000,82.000000,10.907937
10458.000,83.000000,9.1221435
10458.000,84.000000,10.359903
10458.000,85.000000,10.658716
10458.000,86.000000,10.428630
10458.000,87.000000,9.9176015
10458.000,88.000000,9.9093182
10458.000,89.000000,9.9670301
10458.000,90.000000,9.1886136
10458.000,91.000000,8.6915372
10459.000,81.000000,10.385740
10459.000,82.000000,15.185483
10459.000,83.000000,7.9136316
10459.000,84.000000,8.7202639
10459.000,85.000000,8.4491055
10459.000,86.000000,9.2226257
10459.000,87.000000,9.0421759
10459.000,88.000000,8.7388226
10459.000,89.000000,8.2718980
10459.000,90.000000,8.6761625
10459.000,91.000000,12.516482
10460.000,81.000000,11.133820
10460.000,82.000000,11.208096
10460.000,83.000000,11.005519
10460.000,84.000000,11.612633
10460.000,85.000000,11.022455
10460.000,86.000000,11.276477
10460.000,87.000000,10.251433
10460.000,88.000000,9.8424115
10460.000,89.000000,10.301729
10460.000,90.000000,10.012893
10460.000,91.000000,11.086305
10461.000,84.000000,8.1499735
10461.000,85.000000,8.3066483
10461.000,86.000000,8.4720005
10461.000,87.000000,9.5581621
10461.000,88.000000,8.1776677
10461.000,89.000000,8.0552153
10461.000,90.000000,8.1769422
10461.000,91.000000,8.1711323
10462.000,81.000000,8.9389635
10462.000,82.000000,8.7792556
10462.000,83.000000,9.2446985
10462.000,84.000000,9.2083327
10462.000,85.000000,9.0608500
10462.000,86.000000,8.6053277
10462.000,87.000000,8.8478209
10462.000,88.000000,9.5301386
10462.000,89.000000,10.039987
10462.000,90.000000,8.9817951
10462.000,91.000000,7.8335478
10463.000,81.000000,15.432489
10463.000,82.000000,14.984038
10463.000,83.000000,14.934450
10463.000,84.000000,15.338074
10463.000,85.000000,16.696351
10463.000,86.000000,16.865494
10463.000,87.000000,16.833371
10463.000,88.000000,18.814954
10463.000,89.000000,18.040375
10463.000,90.000000,17.462915
10463.000,91.000000,18.797632
10464.000,82.000000,9.4716594
10464.000,83.000000,8.0075380
10464.000,84.000000,8.2952734
10464.000,85.000000,7.7531286
10464.000,86.000000,8.5287671
10464.000,87.000000,8.6561025
10464.000,88.000000,8.0481925
10464.000,89.000000,8.9416272
10464.000,90.000000,7.9886577
10465.000,81.000000,11.926129
10465.000,82.000000,12.363309
10465.000,83.000000,11.046157
10465.000,84.000000,13.299904
10465.000,85.000000,12.413117
10465.000,86.000000,12.645408
10466.000,81.000000,9.2980413
10466.000,82.000000,9.1871357
10466.000,83.000000,9.5943182
10466.000,84.000000,10.134917
10466.000,85.000000,9.6656841
10466.000,86.000000,9.6028671
10466.000,87.000000,8.4075519
10466.000,88.000000,9.7348002
10466.000,89.000000,11.215158
10466.000,90.000000,14.415377
10466.000,91.000000,15.458578
10467.000,81.000000,10.345155
10467.000,82.000000,8.9118674
10467.000,83.000000,9.4393436
10467.000,84.000000,10.305593
10467.000,85.000000,9.7950534
10467.000,86.000000,9.4312408
10467.000,87.000000,9.6699615
10467.000,88.000000,9.9605225
10467.000,89.000000,10.323162
10467.000,90.000000,9.7179708
10467.000,91.000000,9.9283252
10469.000,81.000000,11.941568
10469.000,82.000000,14.012098
10469.000,83.000000,12.507214
10469.000,84.000000,13.992293
10469.000,85.000000,12.792017
10469.000,86.000000,11.650001
10469.000,87.000000,12.982893
10469.000,88.000000,14.280155
10469.000,89.000000,16.073331
10469.000,90.000000,15.361420
10469.000,91.000000,13.885466
10470.000,81.000000,11.267511
10470.000,82.000000,9.2743536
10470.000,83.000000,9.3148356
10470.000,84.000000,11.337298
10470.000,85.000000,10.772042
10470.000,86.000000,10.808762
10470.000,87.000000,8.3467893
10470.000,88.000000,9.9913275
10470.000,89.000000,9.5527272
10470.000,90.000000,9.7103568
10470.000,91.000000,9.4038571
10471.000,81.000000,9.4269527
10471.000,82.000000,10.258716
10471.000,83.000000,11.523530
10471.000,84.000000,8.6464083
10471.000,85.000000,8.9909735
10471.000,86.000000,9.3265967
10471.000,87.000000,7.8451065
10471.000,88.000000,8.8209993
10471.000,89.000000,7.9206233
10471.000,90.000000,6.4624640
10471.000,91.000000,6.3070843
10472.000,81.000000,10.400953
10472.000,82.000000,11.591727
10472.000,83.000000,9.0335347
10472.000,84.000000,9.5392774
10472.000,85.000000,12.952834
10472.000,86.000000,18.958662
10472.000,87.000000,16.725509
10472.000,88.000000,21.161417
10472.000,89.000000,20.712355
10472.000,90.000000,17.547098
10472.000,91.000000,20.080505
10473.000,81.000000,7.4994572
10473.000,82.000000,8.5940697
10473.000,83.000000,6.9072690
10473.000,84.000000,7.9799711
10473.000,85.000000,8.3987514
10473.000,86.000000,8.3946664
10473.000,87.000000,9.4930118
10474.000,81.000000,11.282257
10474.000,82.000000,9.9857002
10474.000,83.000000,9.9170979
10474.000,84.000000,9.3564016
10474.000,85.000000,9.3243280
10474.000,86.000000,7.8292925
10474.000,87.000000,9.1320425
10474.000,88.000000,9.7327260
10475.000,82.000000,6.1659526
10475.000,83.000000,5.7748803
10475.000,84.000000,4.8642194
10475.000,85.000000,5.4630732
10476.000,81.000000,9.4045127
10476.000,82.000000,9.7807044
10476.000,83.000000,9.3370778
10476.000,84.000000,9.9612404
10476.000,85.000000,9.6488936
10476.000,86.000000,9.0017309
10476.000,87.000000,9.4519763
10476.000,88.000000,9.9290361
10476.000,89.000000,9.5568720
10476.000,90.000000,9.4652180
10476.000,91.000000,9.5359850
10477.000,83.000000,6.8427427
10477.000,84.000000,7.9282597
10477.000,85.000000,7.3769451
10477.000,90.000000,7.0658735
10477.000,91.000000,7.4204504
10478.000,81.000000,8.7693134
10478.000,82.000000,8.0447543
10478.000,83.000000,7.3290407
10478.000,84.000000,7.8328150
10478.000,85.000000,7.4528155
10478.000,86.000000,7.3723862
10479.000,81.000000,10.100648
10479.000,82.000000,9.0939076
10479.000,83.000000,8.8923866
10479.000,84.000000,11.373594
10479.000,85.000000,9.9643838
10479.000,86.000000,8.8198297
10479.000,87.000000,9.4998087
10479.000,88.000000,10.944769
10479.000,89.000000,12.570406
10479.000,90.000000,14.857726
10479.000,91.000000,12.945217
10480.000,81.000000,9.1761740
10480.000,82.000000,8.6112578
10480.000,83.000000,8.1767381
10480.000,84.000000,8.5553511
10480.000,85.000000,7.9703807
10480.000,86.000000,6.6429132
10480.000,87.000000,7.6822692
10480.000,88.000000,6.3226593
10480.000,89.000000,6.2277523
10480.000,90.000000,6.5789282
10480.000,91.000000,7.4641963
10481.000,81.000000,11.162805
10481.000,82.000000,10.289497
10481.000,83.000000,11.273042
10481.000,84.000000,11.049081
10481.000,85.000000,8.6110176
10481.000,86.000000,11.945845
10481.000,87.000000,11.214246
10481.000,88.000000,11.895419
10481.000,89.000000,13.707217
10481.000,90.000000,12.170049
10481.000,91.000000,11.315902
10482.000,81.000000,12.933978
10482.000,82.000000,14.367900
10482.000,83.000000,11.865366
10482.000,84.000000,12.573475
10482.000,85.000000,13.553247
10482.000,86.000000,13.079656
10482.000,87.000000,11.677122
10482.000,88.000000,11.522648
10482.000,89.000000,12.143699
10482.000,90.000000,12.341701
10482.000,91.000000,14.625818
10483.000,81.000000,11.894902
10483.000,82.000000,10.802238
10483.000,83.000000,11.049665
10483.000,84.000000,11.277765
10483.000,85.000000,11.273923
10483.000,86.000000,10.612735
10483.000,87.000000,11.264119
10483.000,88.000000,10.124739
10483.000,89.000000,10.490014
10483.000,90.000000,10.551441
10483.000,91.000000,10.442854
10484.000,81.000000,7.0366233
10484.000,82.000000,7.0384819
10484.000,83.000000,7.1724577
10484.000,84.000000,7.0218882
10484.000,85.000000,8.7562220
10484.000,86.000000,7.7636732
10484.000,87.000000,6.2742211
10484.000,88.000000,5.2399859
10484.000,89.000000,5.4202486
10484.000,90.000000,5.2547049
10484.000,91.000000,5.1032429
10485.000,81.000000,9.7865323
10485.000,82.000000,10.223549
10485.000,83.000000,12.986733
10485.000,84.000000,10.093332
10485.000,85.000000,11.553377
10485.000,86.000000,10.279447
10485.000,87.000000,9.1013377
10485.000,88.000000,9.0727098
10485.000,89.000000,9.3098537
10485.000,90.000000,8.2827759
10485.000,91.000000,9.9470220
10486.000,81.000000,3.0868693
10486.000,82.000000,3.3715917
10486.000,83.000000,2.9973536
10486.000,84.000000,3.3008103
10486.000,85.000000,3.2209104
10486.000,86.000000,3.1345288
10486.000,87.000000,3.2324319
10486.000,88.000000,3.2646069
10487.000,81.000000,11.670636
10487.000,82.000000,8.9657632
10487.000,83.000000,9.8709558
10487.000,84.000000,10.183299
10487.000,85.000000,9.4896551
10487.000,86.000000,9.8676858
10487.000,87.000000,10.475800
10487.000,88.000000,8.9460219
10488.000,81.000000,11.431061
10488.000,82.000000,11.408391
10488.000,83.000000,10.376953
10488.000,84.000000,12.788050
10488.000,85.000000,11.341225
10488.000,86.000000,12.350748
10488.000,87.000000,11.955212
10488.000,88.000000,15.126040
10488.000,89.000000,13.394074
10488.000,90.000000,11.601930
10488.000,91.000000,12.989877
10489.000,81.000000,11.210085
10489.000,82.000000,10.596397
10489.000,83.000000,10.852451
10489.000,84.000000,10.797856
10489.000,85.000000,11.178790
10489.000,86.000000,10.444751
10489.000,87.000000,10.527971
10489.000,88.000000,10.559910
10489.000,89.000000,10.750718
10489.000,90.000000,10.665245
10489.000,91.000000,11.598477
10490.000,81.000000,16.092255
10490.000,82.000000,15.332929
10490.000,83.000000,18.122881
10490.000,84.000000,15.317790
10490.000,85.000000,16.541113
10490.000,86.000000,15.955196
10490.000,87.000000,17.698608
10490.000,88.000000,17.910028
10490.000,89.000000,17.948611
10491.000,81.000000,8.2934301
10491.000,82.000000,8.5993169
10491.000,83.000000,7.7553764
10491.000,84.000000,9.0812999
10491.000,85.000000,8.0512404
10491.000,86.000000,7.8613809
10491.000,87.000000,8.7856047
10491.000,88.000000,10.203765
10491.000,89.000000,9.7037168
10491.000,90.000000,5.8323588
10492.000,81.000000,7.7849112
10492.000,82.000000,8.2502502
10492.000,83.000000,7.2214693
10492.000,84.000000,7.6115287
10492.000,85.000000,8.6633626
10492.000,86.000000,9.0342447
10492.000,87.000000,7.5940606
10492.000,88.000000,7.8112928
10492.000,89.000000,7.5051480
10492.000,90.000000,7.2679676
10492.000,91.000000,7.2392279
10493.000,81.000000,9.6536107
10493.000,82.000000,8.5567243
10493.000,83.000000,9.2567933
10493.000,84.000000,9.5375577
10493.000,85.000000,8.6296701
10493.000,86.000000,7.5987908
10493.000,87.000000,8.9756413
10493.000,88.000000,8.0829371
10493.000,89.000000,8.9739935
10493.000,90.000000,8.6962194
10493.000,91.000000,8.6504069
10494.000,81.000000,10.066709
10494.000,82.000000,9.1548220
10494.000,83.000000,8.8948910
10494.000,84.000000,6.8998994
10494.000,85.000000,6.0300298
10495.000,81.000000,11.839243
10495.000,82.000000,9.1109683
10495.000,83.000000,7.0175741
10495.000,84.000000,10.239635
10495.000,85.000000,7.9565978
10495.000,86.000000,10.431949
10495.000,87.000000,8.7928075
10495.000,88.000000,8.6357832
10495.000,89.000000,9.4464843
10495.000,90.000000,7.9994459
10495.000,91.000000,7.8804731
10496.000,81.000000,9.5852872
10496.000,82.000000,9.1673965
10496.000,83.000000,10.431693
10496.000,84.000000,9.8247934
10496.000,85.000000,10.477707
10496.000,86.000000,8.7208186
10496.000,87.000000,9.2321392
10496.000,88.000000,10.633706
10496.000,89.000000,10.621113
10496.000,90.000000,11.109555
10496.000,91.000000,10.732123
10497.000,81.000000,7.3603973
10497.000,82.000000,8.9077921
10497.000,83.000000,8.8351072
10497.000,84.000000,6.2318458
10497.000,85.000000,5.9481184
10497.000,86.000000,6.5120817
10497.000,87.000000,6.3033310
10497.000,88.000000,6.2104928
10497.000,89.000000,5.6642905
10497.000,90.000000,4.7969269
10497.000,91.000000,4.8291659
10499.000,81.000000,12.874570
10499.000,82.000000,11.452789
10499.000,83.000000,10.670000
10499.000,84.000000,10.396055
10499.000,85.000000,10.359073
10500.000,81.000000,9.0400674
10500.000,82.000000,8.6501703
10500.000,83.000000,6.6446812
10500.000,84.000000,7.9716690
10500.000,85.000000,7.6132630
10500.000,86.000000,7.9270259
10500.000,87.000000,8.1537022
10500.000,88.000000,7.9794226
10500.000,89.000000,7.3765190
10500.000,90.000000,7.1810937
10500.000,91.000000,5.2849366
10501.000,81.000000,8.3408550
10501.000,82.000000,14.378927
10501.000,83.000000,10.563355
10501.000,84.000000,9.6219878
10501.000,85.000000,7.3764825
10501.000,86.000000,7.5967334
10501.000,87.000000,5.9658550
10501.000,88.000000,6.5156544
10501.000,89.000000,3.8102686
10502.000,81.000000,8.6695405
10502.000,82.000000,8.0412267
10502.000,83.000000,8.2744211
10502.000,84.000000,10.223773
10502.000,85.000000,7.8128679
10502.000,86.000000,7.4720798
10502.000,87.000000,6.9307411
10502.000,88.000000,7.4234618
10502.000,89.000000,7.6702745
10502.000,90.000000,7.1139380
10502.000,91.000000,8.2750297
10503.000,81.000000,11.734976
10503.000,82.000000,10.228869
10503.000,83.000000,10.297889
10503.000,84.000000,10.598631
10503.000,85.000000,10.872086
10503.000,86.000000,8.4480493
10503.000,87.000000,8.4590154
10503.000,88.000000,9.6562185
10503.000,89.000000,9.2886177
10503.000,90.000000,9.4279222
10503.000,91.000000,8.3351227
10504.000,81.000000,9.5457855
10504.000,82.000000,9.4606450
10504.000,83.000000,8.3753968
10504.000,84.000000,6.0508637
10504.000,85.000000,6.9553225
10504.000,86.000000,6.3297864
10504.000,87.000000,8.4555639
10504.000,88.000000,11.557491
10504.000,89.000000,11.841997
10504.000,90.000000,13.609562
10504.000,91.000000,14.263879
10505.000,81.000000,6.0102994
10505.000,82.000000,5.1502906
10505.000,83.000000,2.9178387
10505.000,84.000000,4.6659464
10505.000,85.000000,4.9662474
10505.000,86.000000,4.5956696
10505.000,87.000000,4.7931063
10505.000,88.000000,6.4711578
10505.000,89.000000,6.3697135
10505.000,90.000000,5.4089896
10505.000,91.000000,5.8490643
10506.000,81.000000,12.129509
10506.000,82.000000,12.554767
10506.000,83.000000,13.211928
10506.000,84.000000,14.649613
10506.000,85.000000,14.547469
10506.000,86.000000,15.623221
10506.000,87.000000,13.359557
10506.000,88.000000,15.528727
10506.000,89.000000,12.459254
10506.000,90.000000,14.133167
10506.000,91.000000,18.009097
10507.000,81.000000,7.9096391
10507.000,82.000000,9.5126364
10507.000,83.000000,8.9772549
10507.000,84.000000,8.9743987
10507.000,85.000000,9.1798185
10508.000,81.000000,8.3523925
10508.000,82.000000,9.1492980
10508.000,83.000000,8.5789283
10508.000,84.000000,11.554507
10508.000,85.000000,12.544527
10508.000,86.000000,10.252820
10508.000,87.000000,9.8578300
10508.000,88.000000,9.1777736
10508.000,89.000000,9.7636152
10508.000,90.000000,9.3983876
10508.000,91.000000,6.2765501
10510.000,81.000000,11.056152
10510.000,83.000000,10.178400
10510.000,84.000000,11.559230
10510.000,85.000000,10.355953
10510.000,86.000000,8.4922501
10510.000,87.000000,8.6588728
10510.000,88.000000,8.3265852
10510.000,89.000000,8.1877307
10510.000,90.000000,8.4100133
10510.000,91.000000,8.9775641
10511.000,81.000000,10.777694
10511.000,82.000000,10.645344
10511.000,83.000000,10.456097
10511.000,84.000000,12.352452
10511.000,85.000000,10.587102
10511.000,86.000000,12.986361
10511.000,87.000000,12.411262
10511.000,88.000000,14.621693
10511.000,89.000000,14.776767
10511.000,90.000000,13.850672
10511.000,91.000000,12.834501
10512.000,81.000000,14.467126
10512.000,83.000000,10.781346
10512.000,84.000000,10.557050
10512.000,85.000000,11.503827
10512.000,86.000000,12.867376
10513.000,83.000000,7.9646648
10513.000,84.000000,7.8450786
10513.000,85.000000,8.4208068
10513.000,86.000000,11.289275
10513.000,87.000000,13.033285
10513.000,88.000000,13.930025
10513.000,89.000000,14.249035
10513.000,90.000000,13.280500
10513.000,91.000000,13.192458
10514.000,81.000000,10.696484
10514.000,82.000000,8.2995610
10514.000,83.000000,7.0768937
10514.000,84.000000,10.687085
10514.000,85.000000,7.5288524
10515.000,81.000000,11.312444
10515.000,82.000000,9.7663711
10515.000,83.000000,9.6981438
10515.000,84.000000,10.355470
10515.000,85.000000,10.934648
10515.000,86.000000,11.053866
10515.000,87.000000,10.187058
10515.000,88.000000,14.909462
10515.000,89.000000,16.745504
10515.000,90.000000,13.669868
10515.000,91.000000,12.426248
10516.000,81.000000,10.288629
10516.000,82.000000,11.378545
10516.000,83.000000,10.190011
10516.000,84.000000,11.327737
10516.000,85.000000,10.533863
10516.000,86.000000,10.614029
10516.000,87.000000,10.665503
10516.000,88.000000,10.247632
10516.000,89.000000,10.389524
10517.000,81.000000,11.498642
10517.000,82.000000,6.9364469
10517.000,83.000000,7.5013591
10517.000,84.000000,7.7238263
10517.000,85.000000,6.9743041
10517.000,86.000000,7.1050366
10518.000,81.000000,12.307051
10518.000,82.000000,15.374890
10518.000,83.000000,15.839666
10518.000,84.000000,15.606677
10518.000,85.000000,14.707182
10519.000,81.000000,14.391460
10519.000,82.000000,13.079034
10519.000,83.000000,8.6224608
10519.000,84.000000,8.5962693
10519.000,85.000000,8.8381692
10519.000,86.000000,9.6887495
10520.000,81.000000,8.9963716
10520.000,82.000000,9.3553266
10520.000,83.000000,9.6016704
10520.000,84.000000,10.533393
10520.000,85.000000,11.303518
10520.000,86.000000,10.062895
10520.000,87.000000,8.5697760
10520.000,88.000000,12.068940
10520.000,89.000000,9.8648104
10520.000,90.000000,10.307916
10520.000,91.000000,11.116925
10521.000,81.000000,10.616252
10521.000,82.000000,10.894058
10521.000,83.000000,9.3330521
10521.000,84.000000,8.9577448
10521.000,85.000000,9.3560744
10521.000,86.000000,9.2269120
10521.000,87.000000,9.9895292
10521.000,88.000000,8.1391207
10521.000,89.000000,8.4351729
10521.000,90.000000,8.4373130
10521.000,91.000000,8.2318683
10522.000,81.000000,10.721436
10522.000,82.000000,10.726397
10522.000,83.000000,10.340623
10522.000,84.000000,10.874814
10522.000,85.000000,9.6392287
10522.000,86.000000,11.006969
10522.000,87.000000,11.193390
10522.000,88.000000,11.384725
10522.000,89.000000,15.673232
10522.000,90.000000,19.664781
10522.000,91.000000,15.454463
10523.000,81.000000,21.220958
10523.000,82.000000,8.1099619
10523.000,83.000000,7.4691855
10523.000,84.000000,5.2122652
10523.000,85.000000,4.9469284
10523.000,86.000000,5.7074316
10524.000,81.000000,10.516946
10524.000,82.000000,10.230435
10524.000,83.000000,8.5516160
10524.000,84.000000,10.125272
10524.000,85.000000,10.004669
10524.000,86.000000,10.107786
10524.000,87.000000,10.935755
10524.000,88.000000,10.882604
10524.000,89.000000,10.992728
10524.000,90.000000,11.789061
10524.000,91.000000,10.476853
10525.000,81.000000,7.8505043
10525.000,82.000000,8.7540939
10525.000,83.000000,7.0019395
10525.000,84.000000,6.9187763
10525.000,85.000000,6.1988385
10525.000,86.000000,6.0595444
10525.000,87.000000,6.2171292
10525.000,88.000000,5.8996398
10525.000,89.000000,5.6516927
10525.000,90.000000,5.3241628
10525.000,91.000000,5.4090415
10526.000,81.000000,12.846856
10526.000,82.000000,11.816955
10526.000,83.000000,11.326005
10526.000,84.000000,10.000631
10526.000,85.000000,9.9559432
10526.000,86.000000,9.6753575
10526.000,87.000000,10.226611
10526.000,88.000000,10.524849
10526.000,89.000000,10.700337
10526.000,90.000000,10.381375
10526.000,91.000000,10.739993
10527.000,81.000000,9.7241253
10527.000,82.000000,8.5460317
10527.000,83.000000,6.3127448
10527.000,84.000000,8.2323088
10527.000,85.000000,8.2317786
10527.000,86.000000,8.5905596
10527.000,87.000000,8.9320782
10527.000,88.000000,8.1473591
10527.000,89.000000,7.8531100
10527.000,90.000000,7.8580401
10527.000,91.000000,7.3632828
10528.000,81.000000,9.1930176
10528.000,82.000000,6.5176835
10528.000,83.000000,6.9703390
10528.000,84.000000,7.3002382
10528.000,85.000000,6.4183076
10528.000,86.000000,5.6980765
10528.000,87.000000,6.2958407
10528.000,88.000000,6.2841499
10528.000,89.000000,6.1850657
10528.000,90.000000,6.2902554
10528.000,91.000000,5.2019594
10529.000,81.000000,8.3114382
10529.000,82.000000,8.4726289
10529.000,83.000000,8.2497682
10529.000,84.000000,9.4946592
10529.000,85.000000,8.4470844
10529.000,86.000000,8.0544282
10529.000,87.000000,9.0570538
10529.000,88.000000,9.5678814
10529.000,89.000000,9.7368014
10529.000,90.000000,10.135295
10529.000,91.000000,9.6134911
10530.000,81.000000,8.3482616
10530.000,82.000000,8.7052181
10530.000,83.000000,10.718139
10530.000,84.000000,8.5581256
10530.000,85.000000,7.4445795
10530.000,86.000000,8.2783404
10530.000,87.000000,8.7965112
10530.000,88.000000,7.7459548
10530.000,89.000000,8.2593418
10530.000,90.000000,7.8845668
10530.000,91.000000,8.7129264
10531.000,81.000000,7.0917450
10531.000,82.000000,7.1359526
10531.000,83.000000,6.8861208
10531.000,84.000000,7.7706358
10531.000,85.000000,7.5238150
10531.000,86.000000,7.9657636
10531.000,87.000000,7.3547201
10531.000,88.000000,7.6402345
10531.000,89.000000,8.4148540
10531.000,90.000000,11.615470
10531.000,91.000000,11.236412
10532.000,81.000000,9.5876920
10532.000,82.000000,8.8314930
10532.000,83.000000,8.9102677
10532.000,84.000000,9.3038983
10532.000,85.000000,9.2622145
10532.000,86.000000,9.0162663
10532.000,87.000000,7.6235251
10533.000,84.000000,16.951994
10533.000,85.000000,18.757506
10533.000,86.000000,13.178505
10533.000,87.000000,10.356715
10533.000,91.000000,12.205172
10534.000,81.000000,10.057810
10534.000,82.000000,10.229356
10534.000,83.000000,7.8255003
10534.000,84.000000,12.179176
10534.000,85.000000,4.9718697
10534.000,86.000000,8.8969077
10535.000,81.000000,6.6933584
10535.000,82.000000,8.0758889
10535.000,83.000000,7.0018808
10535.000,84.000000,7.0111334
10535.000,85.000000,6.8131967
10536.000,81.000000,8.6569033
10536.000,82.000000,8.3902210
10536.000,83.000000,7.5230151
10536.000,84.000000,8.0493888
10536.000,85.000000,8.6216938
10536.000,86.000000,8.0381545
10536.000,87.000000,7.8457518
10536.000,88.000000,7.7164127
10536.000,89.000000,7.4627344
10536.000,90.000000,7.2056660
10536.000,91.000000,7.0264299
10537.000,81.000000,16.880916
10537.000,82.000000,16.356454
10537.000,83.000000,13.399002
10537.000,84.000000,9.9498950
10537.000,85.000000,7.0725763
10537.000,86.000000,6.9343325
10537.000,87.000000,7.4531701
10537.000,88.000000,6.7157966
10537.000,89.000000,7.0975554
10537.000,90.000000,7.3036484
10537.000,91.000000,7.1028022
10538.000,81.000000,15.006384
10538.000,82.000000,15.087728
10538.000,83.000000,14.650788
10538.000,84.000000,10.763981
10538.000,85.000000,4.8109054
10539.000,81.000000,12.452395
10539.000,82.000000,11.588427
10539.000,83.000000,9.4809969
10539.000,84.000000,10.520376
10539.000,85.000000,10.388200
10539.000,86.000000,11.504248
10539.000,87.000000,11.264505
10539.000,88.000000,11.136584
10539.000,89.000000,11.173804
10539.000,90.000000,12.025721
10539.000,91.000000,11.314401
10540.000,81.000000,12.431283
10540.000,82.000000,11.974806
10540.000,83.000000,11.588839
10540.000,84.000000,12.269846
10540.000,85.000000,12.104927
10540.000,86.000000,11.882821
10540.000,87.000000,11.020476
10540.000,88.000000,10.019917
10540.000,89.000000,10.511569
10540.000,90.000000,9.0391845
10540.000,91.000000,11.779844
10541.000,81.000000,15.454238
10541.000,82.000000,15.765973
10541.000,83.000000,14.702414
10541.000,84.000000,12.959112
10541.000,85.000000,14.411526
10541.000,86.000000,13.580658
10541.000,87.000000,14.132095
10541.000,88.000000,8.8425533
10541.000,89.000000,9.5735418
10541.000,90.000000,9.2666427
10541.000,91.000000,9.5075137
10542.000,81.000000,7.5174197
10542.000,82.000000,6.9659082
10542.000,83.000000,6.9417679
10542.000,84.000000,6.8248441
10542.000,85.000000,6.3852615
10542.000,86.000000,6.5112215
10542.000,87.000000,6.5180671
10542.000,88.000000,7.5886717
10542.000,89.000000,8.1273606
10542.000,90.000000,7.8217454
10542.000,91.000000,7.8891117
10543.000,81.000000,9.8232519
10543.000,82.000000,9.6038631
10543.000,83.000000,9.3194061
10543.000,84.000000,9.4741135
10543.000,85.000000,8.4895933
10543.000,86.000000,10.008733
10543.000,87.000000,7.2757810
10543.000,88.000000,8.0782157
10543.000,89.000000,9.1165687
10544.000,81.000000,9.1748281
10544.000,82.000000,9.2439725
10544.000,83.000000,9.7463538
10544.000,84.000000,9.5913988
10544.000,85.000000,8.2370999
10544.000,86.000000,7.8010535
10544.000,87.000000,7.7869689
10544.000,88.000000,7.9897364
10544.000,89.000000,8.3057106
10544.000,90.000000,8.6886252
10544.000,91.000000,8.4064804
10545.000,81.000000,14.149853
10545.000,82.000000,13.049175
10545.000,83.000000,12.011420
10545.000,84.000000,13.622581
10545.000,85.000000,13.305859
10545.000,86.000000,13.319386
10545.000,87.000000,13.130327
10545.000,88.000000,13.329818
10545.000,89.000000,13.768063
10545.000,90.000000,13.703090
10545.000,91.000000,12.957589
10547.000,81.000000,17.733967
10547.000,82.000000,13.272280
10547.000,83.000000,13.279388
10547.000,84.000000,18.050559
10547.000,85.000000,14.086924
10547.000,86.000000,12.347024
10547.000,87.000000,8.7573557
10547.000,88.000000,11.152911
10547.000,89.000000,11.852465
10547.000,90.000000,9.3300788
10547.000,91.000000,12.991113
10548.000,81.000000,19.006812
10548.000,82.000000,17.561658
10548.000,83.000000,17.949839
10548.000,84.000000,18.007699
10548.000,85.000000,16.447442
10548.000,86.000000,19.112477
10548.000,87.000000,20.144948
10548.000,88.000000,17.412265
10548.000,89.000000,18.065211
10548.000,90.000000,21.945818
10548.000,91.000000,15.197167
10549.000,81.000000,16.267335
10549.000,82.000000,18.884647
10549.000,83.000000,12.871705
10549.000,84.000000,10.742283
10549.000,85.000000,11.418283
10549.000,86.000000,12.667917
10549.000,87.000000,16.585558
10549.000,88.000000,18.219332
10549.000,89.000000,15.876292
10549.000,90.000000,16.350143
10549.000,91.000000,15.940504
10550.000,81.000000,10.020464
10550.000,82.000000,10.894101
10550.000,83.000000,10.933468
10550.000,84.000000,12.377149
10550.000,85.000000,12.583145
10550.000,86.000000,12.059074
10550.000,87.000000,9.9117158
10550.000,88.000000,9.5604294
10550.000,89.000000,10.629306
10550.000,90.000000,11.382140
10550.000,91.000000,11.508045
10551.000,81.000000,9.9460265
10551.000,82.000000,11.972021
10551.000,83.000000,7.1695616
10551.000,84.000000,9.0954158
10551.000,85.000000,8.0876330
10551.000,86.000000,9.0936758
10551.000,87.000000,7.6215120
10551.000,88.000000,6.7011700
10551.000,89.000000,6.0669598
10551.000,90.000000,8.4668089
10551.000,91.000000,7.4398149
10552.000,82.000000,19.296225
10552.000,84.000000,14.454925
10552.000,87.000000,11.724911
10552.000,88.000000,62.038634
10552.000,89.000000,12.706426
10552.000,90.000000,12.932968
10552.000,91.000000,12.805865
10553.000,81.000000,11.995943
10553.000,82.000000,11.167629
10553.000,83.000000,10.953290
10553.000,84.000000,12.434039
10553.000,85.000000,9.8589421
10553.000,86.000000,9.9089238
10553.000,87.000000,9.7166202
10554.000,81.000000,9.3625635
10554.000,82.000000,8.7062701
10554.000,83.000000,8.6555267
10554.000,84.000000,8.8985372
10554.000,85.000000,9.2473508
10554.000,86.000000,8.5505220
10554.000,87.000000,9.2883671
10554.000,88.000000,9.1960362
10554.000,89.000000,10.433814
10554.000,90.000000,9.9395001
10554.000,91.000000,10.425552
10556.000,81.000000,11.171518
10556.000,82.000000,8.5571589
10556.000,83.000000,8.3442112
10556.000,84.000000,9.4980547
10556.000,85.000000,8.6862524
10556.000,86.000000,4.8448732
10556.000,87.000000,4.3765875
10557.000,81.000000,8.8723393
10557.000,82.000000,9.0985516
10557.000,83.000000,8.6790888
10557.000,84.000000,8.9981776
10557.000,85.000000,7.6784634
10557.000,86.000000,7.9579459
10557.000,87.000000,7.5381099
10557.000,88.000000,8.3064561
10557.000,89.000000,8.8739648
10557.000,90.000000,9.4776378
10557.000,91.000000,8.8493029
10558.000,81.000000,11.030258
10558.000,82.000000,9.3925722
10558.000,83.000000,9.8784865
10558.000,84.000000,11.063769
10558.000,85.000000,9.5472074
10558.000,86.000000,9.6579861
10558.000,87.000000,7.8332450
10558.000,88.000000,7.7378824
10558.000,89.000000,8.3701765
10558.000,90.000000,7.5528641
10558.000,91.000000,8.4366991
10559.000,81.000000,15.145123
10559.000,82.000000,15.112786
10559.000,83.000000,12.366933
10559.000,84.000000,11.222527
10559.000,85.000000,12.426573
10559.000,86.000000,11.951412
10559.000,87.000000,11.116848
10560.000,81.000000,8.4690534
10560.000,82.000000,8.5604485
10560.000,83.000000,7.8511181
10560.000,84.000000,7.6509313
10560.000,85.000000,7.3107003
10560.000,86.000000,8.0406345
10560.000,87.000000,8.3897285
10560.000,89.000000,7.3223797
10560.000,90.000000,7.5910691
10560.000,91.000000,8.2655828
10561.000,81.000000,17.592747
10561.000,82.000000,14.949013
10561.000,83.000000,14.606846
10561.000,84.000000,14.463841
10561.000,85.000000,15.029154
10561.000,86.000000,14.253951
10561.000,87.000000,14.981534
10561.000,88.000000,14.808861
10561.000,89.000000,13.780217
10561.000,90.000000,14.571118
10561.000,91.000000,14.569400
10562.000,82.000000,17.727373
10562.000,83.000000,15.234678
10562.000,84.000000,26.604980
10562.000,85.000000,27.563531
10562.000,86.000000,16.812765
10562.000,87.000000,13.816632
10562.000,88.000000,16.921439
10563.000,81.000000,12.224657
10563.000,82.000000,13.008985
10564.000,81.000000,8.7524290
10564.000,82.000000,9.9786629
10564.000,83.000000,8.3494861
10564.000,84.000000,10.606947
10564.000,85.000000,6.5730303
10564.000,86.000000,7.8592114
10564.000,87.000000,6.2315345
10564.000,88.000000,6.3092575
10564.000,89.000000,5.6795358
10564.000,90.000000,5.6547499
10564.000,91.000000,3.8043611
10565.000,81.000000,7.8175643
10565.000,82.000000,8.8059184
10565.000,83.000000,7.4331327
10565.000,84.000000,8.3073548
10565.000,85.000000,8.0872866
10565.000,86.000000,7.8657434
10565.000,88.000000,8.3525709
10566.000,82.000000,11.213257
10566.000,83.000000,10.053304
10566.000,84.000000,10.582837
10566.000,85.000000,8.9978445
10566.000,86.000000,8.1028742
10566.000,87.000000,9.1986581
10566.000,88.000000,9.5275415
10566.000,89.000000,9.6046059
10566.000,90.000000,8.6375063
10566.000,91.000000,9.8441952
10567.000,81.000000,12.395946
10567.000,82.000000,7.8637921
10567.000,83.000000,4.9107793
10592.000,81.000000,10.335781
10593.000,81.000000,8.1216206
10593.000,82.000000,7.6497070
10593.000,83.000000,8.9997703
10593.000,87.000000,9.7412613
10593.000,88.000000,10.314862
10593.000,89.000000,9.9683568
10593.000,90.000000,9.3126305
10593.000,91.000000,9.2157638
10594.000,87.000000,8.7212495
10594.000,88.000000,8.5377613
10594.000,89.000000,8.4742545
10594.000,90.000000,8.4332832
10602.000,81.000000,14.775001
10602.000,82.000000,10.380768
10615.000,88.000000,17.405442
10615.000,89.000000,16.838942
10615.000,90.000000,15.828003
10615.000,91.000000,15.892942
10643.000,81.000000,8.3492834
10662.000,83.000000,7.5194381
10669.000,81.000000,10.428789
10670.000,81.000000,10.152086
10670.000,82.000000,9.8628143
10670.000,87.000000,9.9076287
10670.000,91.000000,8.3895683
10672.000,81.000000,12.552823
10672.000,82.000000,11.767714
10672.000,83.000000,12.167210
10687.000,81.000000,4.7305993
10690.000,81.000000,14.268096
10690.000,86.000000,10.072627
10690.000,87.000000,11.511411
10690.000,88.000000,14.220689
10690.000,89.000000,11.360082
10690.000,90.000000,12.184443
10690.000,91.000000,14.670090
10709.000,81.000000,9.1852304
10717.000,81.000000,15.063735
10719.000,89.000000,10.952654
10719.000,90.000000,11.685970
10719.000,91.000000,10.449363
10733.000,90.000000,17.643204
10733.000,91.000000,18.874620
10999.000,81.000000,10.520091
11208.000,81.000000,8.1598392
11208.000,82.000000,8.4259200
11208.000,86.000000,9.7812208
11853.000,83.000000,9.3021883
12001.000,81.000000,10.065853
12001.000,82.000000,7.9048860
12001.000,83.000000,7.5903993
12001.000,84.000000,7.8829489
12001.000,85.000000,7.1289866
12001.000,86.000000,6.4025947
12001.000,87.000000,7.0060367
12001.000,88.000000,7.8450808
12001.000,89.000000,9.7619809
12001.000,90.000000,10.069407
12001.000,91.000000,9.9459049
12002.000,81.000000,9.2307801
12002.000,82.000000,10.366602
12002.000,83.000000,10.257392
12002.000,84.000000,7.8613315
12002.000,85.000000,7.6025529
12002.000,86.000000,8.1398580
12002.000,87.000000,8.9166504
12002.000,88.000000,8.0725853
12002.000,89.000000,8.2321526
12002.000,90.000000,7.8051278
12002.000,91.000000,7.6396743
12003.000,81.000000,10.366975
12003.000,82.000000,10.196703
12003.000,83.000000,9.1326738
12003.000,84.000000,9.9260925
12003.000,85.000000,9.8364943
12003.000,86.000000,9.0682126
12003.000,87.000000,8.8769952
12003.000,88.000000,9.1394127
12004.000,81.000000,10.037708
12004.000,82.000000,10.544918
12004.000,83.000000,10.361489
12004.000,84.000000,10.813633
12004.000,85.000000,10.810778
12004.000,86.000000,10.704000
12004.000,87.000000,10.864006
12004.000,88.000000,11.301525
12004.000,89.000000,10.602186
12004.000,90.000000,11.292282
12004.000,91.000000,11.669088
12005.000,81.000000,10.274817
12005.000,82.000000,10.380905
12005.000,83.000000,9.4691470
12005.000,84.000000,9.2166885
12005.000,85.000000,10.208168
12005.000,86.000000,9.1549685
12005.000,87.000000,8.3225685
12005.000,88.000000,10.187934
12005.000,89.000000,9.8330380
12005.000,90.000000,11.446480
12005.000,91.000000,12.592355
12006.000,81.000000,11.604166
12006.000,82.000000,9.1025450
12006.000,83.000000,8.7546594
12006.000,84.000000,11.089255
12006.000,85.000000,8.6980273
12006.000,86.000000,9.0508330
12006.000,87.000000,7.5626901
12006.000,88.000000,8.5700164
12006.000,89.000000,9.6789425
12006.000,90.000000,9.7571027
12006.000,91.000000,10.370114
12007.000,81.000000,12.851148
12007.000,82.000000,10.553376
12007.000,83.000000,12.934209
12007.000,84.000000,14.123072
12007.000,85.000000,13.187494
12007.000,86.000000,12.352327
12007.000,87.000000,11.860462
12007.000,88.000000,12.459103
12007.000,89.000000,14.834899
12007.000,90.000000,14.124137
12007.000,91.000000,13.807101
12008.000,81.000000,10.933880
12008.000,82.000000,11.367616
12008.000,83.000000,11.327868
12008.000,84.000000,14.585462
12008.000,85.000000,12.382232
12008.000,86.000000,12.373626
12008.000,87.000000,14.492395
12008.000,88.000000,15.804378
12008.000,89.000000,15.032778
12008.000,90.000000,15.943856
12008.000,91.000000,17.199434
12009.000,81.000000,6.1811698
12009.000,82.000000,8.4409988
12009.000,83.000000,13.026104
12009.000,84.000000,8.2054396
12009.000,85.000000,13.701798
12009.000,86.000000,13.853460
12009.000,87.000000,8.4571407
12009.000,88.000000,7.6842611
12009.000,89.000000,7.6068602
12009.000,90.000000,8.2263448
12009.000,91.000000,7.8512628
12011.000,81.000000,13.596130
12011.000,82.000000,10.264602
12011.000,83.000000,9.4509827
12011.000,84.000000,10.521616
12011.000,85.000000,9.1693396
12011.000,86.000000,8.7919836
12011.000,87.000000,8.8333198
12011.000,88.000000,8.3691252
12011.000,89.000000,9.6022886
12011.000,90.000000,8.9957735
12011.000,91.000000,8.5532657
12012.000,81.000000,8.3400893
12012.000,82.000000,4.4559353
12012.000,83.000000,8.6380718
12012.000,84.000000,10.678240
12012.000,85.000000,10.842972
12012.000,86.000000,16.723668
12012.000,87.000000,13.554998
12012.000,88.000000,15.296327
12012.000,89.000000,12.036614
12012.000,90.000000,9.6187638
12012.000,91.000000,8.1893669
12013.000,81.000000,9.8721316
12013.000,82.000000,9.2122408
12013.000,83.000000,7.0224349
12013.000,84.000000,9.5749062
12013.000,85.000000,9.8105068
12013.000,86.000000,10.615577
12013.000,87.000000,9.5759276
12013.000,88.000000,8.8991074
12013.000,89.000000,9.1969646
12013.000,90.000000,9.6985696
12013.000,91.000000,9.6116472
12014.000,81.000000,8.2748581
12014.000,82.000000,6.4633273
12014.000,83.000000,7.4590549
12014.000,84.000000,7.4518829
12014.000,85.000000,9.3663276
12014.000,86.000000,9.4457422
12014.000,87.000000,7.4692353
12014.000,88.000000,8.5595934
12014.000,89.000000,8.4826000
12014.000,90.000000,11.082257
12014.000,91.000000,11.470421
12015.000,81.000000,8.3974562
12015.000,82.000000,10.904269
12015.000,83.000000,8.1553143
12015.000,84.000000,11.783004
12015.000,85.000000,8.8474380
12015.000,86.000000,8.0594937
12015.000,87.000000,8.3755023
12015.000,88.000000,9.2347832
12015.000,89.000000,10.688240
12015.000,90.000000,11.139321
12015.000,91.000000,11.512201
12016.000,81.000000,8.6949888
12016.000,82.000000,8.3254290
12016.000,83.000000,7.9907306
12016.000,84.000000,8.9426408
12016.000,85.000000,9.3901429
12016.000,86.000000,9.4856451
12016.000,87.000000,9.1145969
12016.000,88.000000,8.9029360
12016.000,89.000000,9.8964886
12016.000,90.000000,9.4025235
12016.000,91.000000,9.8860150
12017.000,81.000000,8.3546148
12017.000,82.000000,9.9932094
12017.000,83.000000,10.795637
12017.000,84.000000,9.2580886
12017.000,85.000000,8.1156190
12018.000,81.000000,9.6377438
12018.000,82.000000,10.016724
12018.000,83.000000,10.485674
12018.000,84.000000,11.116191
12018.000,85.000000,10.908608
12018.000,86.000000,10.164216
12018.000,87.000000,10.200533
12018.000,88.000000,9.8493603
12018.000,89.000000,10.127394
12018.000,90.000000,10.325719
12019.000,81.000000,11.984010
12019.000,82.000000,12.364667
12019.000,83.000000,11.937886
12019.000,84.000000,13.004836
12019.000,85.000000,10.913050
12019.000,86.000000,13.148921
12019.000,87.000000,12.485103
12019.000,88.000000,11.573592
12019.000,89.000000,11.872270
12019.000,90.000000,12.856016
12019.000,91.000000,12.800737
12020.000,81.000000,9.0066779
12020.000,82.000000,9.4092100
12020.000,83.000000,10.781867
12020.000,84.000000,9.6436846
12020.000,85.000000,9.3427013
12020.000,86.000000,7.7395457
12020.000,87.000000,8.1471878
12020.000,88.000000,8.7117602
12020.000,89.000000,9.2083996
12020.000,90.000000,5.1607859
12021.000,81.000000,23.182607
12021.000,82.000000,23.482265
12021.000,83.000000,22.568968
12021.000,84.000000,21.973968
12021.000,85.000000,22.788331
12022.000,81.000000,14.147474
12022.000,82.000000,13.909305
12022.000,83.000000,12.980027
12022.000,84.000000,12.523932
12022.000,85.000000,12.048598
12022.000,86.000000,12.958751
12022.000,87.000000,13.200809
12023.000,81.000000,12.427327
12023.000,82.000000,12.650828
12023.000,83.000000,11.542573
12023.000,84.000000,12.552803
12023.000,85.000000,11.964961
12023.000,86.000000,11.665748
12023.000,87.000000,11.644734
12023.000,88.000000,11.084418
12023.000,89.000000,11.078241
12023.000,90.000000,11.687598
12023.000,91.000000,12.173452
12024.000,81.000000,9.8655040
12024.000,82.000000,10.003727
12024.000,83.000000,10.343157
12024.000,84.000000,11.067893
12024.000,85.000000,10.551619
12024.000,86.000000,8.3917604
12024.000,87.000000,9.5870778
12024.000,88.000000,10.078967
12024.000,89.000000,9.0672244
12024.000,90.000000,9.3754734
12024.000,91.000000,9.5680588
12025.000,81.000000,7.3268165
12025.000,82.000000,7.8348246
12025.000,83.000000,8.1178899
12025.000,84.000000,7.9750714
12025.000,85.000000,7.7273245
12025.000,86.000000,6.8667902
12025.000,87.000000,6.6229289
12025.000,88.000000,6.8284756
12025.000,89.000000,6.7224556
12025.000,90.000000,6.3311130
12025.000,91.000000,5.9851268
12026.000,81.000000,10.046150
12026.000,82.000000,9.7734978
12026.000,83.000000,9.9596605
12026.000,84.000000,10.667087
12026.000,85.000000,9.8687819
12026.000,86.000000,10.352252
12026.000,87.000000,10.760770
12026.000,88.000000,10.500645
12026.000,89.000000,10.011790
12026.000,90.000000,9.9597470
12026.000,91.000000,10.474248
12027.000,81.000000,9.7730400
12027.000,82.000000,9.0534533
12027.000,83.000000,8.9860444
12027.000,84.000000,9.3309634
12027.000,85.000000,9.4820511
12027.000,86.000000,9.3354938
12027.000,87.000000,10.532696
12027.000,88.000000,10.490131
12027.000,89.000000,10.334666
12027.000,90.000000,10.679941
12027.000,91.000000,11.907545
12028.000,81.000000,9.0043038
12028.000,82.000000,10.793291
12028.000,83.000000,10.532209
12028.000,84.000000,9.8291080
12028.000,85.000000,10.180982
12028.000,86.000000,10.258020
12028.000,87.000000,10.283591
12028.000,88.000000,11.342395
12028.000,89.000000,12.013760
12028.000,90.000000,11.758439
12028.000,91.000000,9.0226460
12029.000,81.000000,8.7484205
12029.000,82.000000,8.5031342
12029.000,83.000000,8.1497895
12029.000,84.000000,8.9623360
12029.000,85.000000,9.7112566
12029.000,86.000000,9.6723728
12029.000,87.000000,9.5939765
12029.000,88.000000,8.8454133
12029.000,89.000000,9.6379278
12029.000,90.000000,7.1656370
12029.000,91.000000,11.447686
12030.000,81.000000,7.8716562
12030.000,82.000000,7.3605423
12030.000,83.000000,7.2259851
12030.000,84.000000,7.8671343
12030.000,85.000000,8.7351612
12030.000,86.000000,7.1939178
12030.000,87.000000,6.6499227
12031.000,81.000000,7.8421705
12031.000,82.000000,9.9093816
12031.000,83.000000,9.8373162
12031.000,84.000000,10.811324
12031.000,85.000000,10.301161
12031.000,86.000000,13.590800
12031.000,87.000000,10.434489
12031.000,88.000000,10.970469
12031.000,89.000000,10.199419
12031.000,90.000000,10.696492
12031.000,91.000000,10.831574
12032.000,81.000000,8.1127929
12032.000,82.000000,7.2765842
12032.000,83.000000,8.2630745
12032.000,84.000000,7.6590018
12032.000,85.000000,7.7055032
12032.000,86.000000,8.9249173
12032.000,87.000000,9.2768424
12033.000,81.000000,9.1376174
12033.000,82.000000,9.2261466
12033.000,83.000000,8.9618568
12033.000,84.000000,9.9681242
12033.000,85.000000,10.082684
12033.000,86.000000,9.1167974
12033.000,87.000000,11.269693
12033.000,88.000000,10.706254
12033.000,89.000000,11.331628
12033.000,90.000000,12.642520
12033.000,91.000000,9.8529778
12034.000,81.000000,10.050971
12034.000,82.000000,12.472715
12034.000,83.000000,13.514523
12034.000,84.000000,10.319661
12034.000,85.000000,10.737173
12034.000,86.000000,11.301034
12034.000,87.000000,8.3355363
12034.000,88.000000,9.6806222
12034.000,89.000000,10.801868
12034.000,90.000000,10.816971
12034.000,91.000000,9.9727523
12035.000,81.000000,15.578029
12035.000,82.000000,16.060189
12035.000,83.000000,21.986317
12035.000,84.000000,20.893489
12035.000,85.000000,22.803680
12035.000,86.000000,22.417827
12035.000,87.000000,21.374189
12035.000,88.000000,20.427540
12035.000,89.000000,21.513842
12035.000,90.000000,19.697215
12035.000,91.000000,18.091017
12056.000,86.000000,14.708459
12056.000,87.000000,14.683603
12056.000,90.000000,12.869009
12570.000,81.000000,33.717970
12570.000,82.000000,11.702160
12570.000,83.000000,12.843618
12570.000,84.000000,29.085490
12570.000,85.000000,39.493217
12571.000,81.000000,63.706060
12572.000,81.000000,2.4680015
12572.000,82.000000,1.7802799
12572.000,83.000000,2.9593728
12572.000,84.000000,2.1824457
12572.000,85.000000,2.1403718
12572.000,86.000000,2.2563543
12572.000,87.000000,1.6022000
12572.000,88.000000,1.6676591
12572.000,89.000000,2.3038392
12572.000,90.000000,1.6720676
12572.000,91.000000,1.0528581
12614.000,81.000000,12.560918
12614.000,82.000000,9.0400238
12614.000,83.000000,12.838690
12614.000,84.000000,23.932526
12614.000,85.000000,28.215439
12614.000,86.000000,25.542620
12616.000,81.000000,9.7782071
12616.000,82.000000,10.512700
12616.000,83.000000,8.9141423
12616.000,84.000000,10.642847
12616.000,85.000000,11.340991
12616.000,86.000000,10.599863
12616.000,87.000000,10.036738
12616.000,88.000000,10.966346
12616.000,89.000000,9.0259676
12616.000,90.000000,8.8301715
12616.000,91.000000,8.3266939
12620.000,88.000000,12.759649
12666.000,81.000000,12.381908
12666.000,82.000000,8.8282322
12666.000,83.000000,8.9008050
12666.000,84.000000,9.4433481
12666.000,85.000000,10.042846
12666.000,86.000000,12.611822
12666.000,87.000000,12.218491
12666.000,88.000000,11.224247
12666.000,89.000000,11.645968
12666.000,90.000000,12.563785
12666.000,91.000000,13.322831
12668.000,85.000000,12.248707
12668.000,86.000000,10.961029
12668.000,87.000000,12.418201
12668.000,88.000000,9.0953755
12668.000,89.000000,10.842446
12668.000,90.000000,9.9445806
12668.000,91.000000,10.081238
12677.000,81.000000,14.523537
12677.000,82.000000,13.704960
12677.000,83.000000,13.620292
12677.000,84.000000,14.744674
12677.000,85.000000,14.217565
12677.000,86.000000,12.275120
12677.000,87.000000,12.654933
12677.000,88.000000,12.082020
12677.000,89.000000,7.6499266
12677.000,90.000000,8.2974582
12677.000,91.000000,9.7365809
12679.000,81.000000,11.357748
12679.000,82.000000,11.113715
12679.000,83.000000,12.142030
12679.000,84.000000,13.881107
12679.000,85.000000,12.515426
12679.000,86.000000,13.599937
12679.000,87.000000,13.649858
12679.000,88.000000,16.084753
12683.000,81.000000,10.329996
12683.000,82.000000,10.488728
12683.000,83.000000,10.520597
12683.000,84.000000,12.173290
12683.000,85.000000,10.135201
12683.000,86.000000,9.8615834
12683.000,87.000000,10.368244
12683.000,88.000000,10.456743
12683.000,89.000000,9.5521938
12683.000,90.000000,9.1912109
12683.000,91.000000,9.4618508
12708.000,81.000000,8.5026684
12708.000,82.000000,7.6346367
12708.000,83.000000,9.9352068
12708.000,84.000000,9.6036105
12708.000,85.000000,10.013731
12708.000,86.000000,9.5223428
12708.000,87.000000,8.8084907
12708.000,88.000000,7.6417044
12708.000,89.000000,8.7276150
12708.000,90.000000,9.5722010
12708.000,91.000000,9.2782046
12715.000,85.000000,14.754815
12717.000,85.000000,7.2621379
12717.000,86.000000,8.0251220
12717.000,87.000000,9.6722795
12717.000,88.000000,7.2248749
12717.000,89.000000,9.4316164
12717.000,90.000000,6.9963920
12717.000,91.000000,8.6955143
12724.000,81.000000,8.0000481
12724.000,82.000000,12.553529
12724.000,83.000000,10.669053
12724.000,84.000000,12.349995
12732.000,81.000000,8.9321643
12732.000,82.000000,7.8129401
12732.000,83.000000,5.7380414
12732.000,84.000000,7.1612477
12732.000,86.000000,7.4483814
12732.000,87.000000,7.9793906
12732.000,88.000000,8.1534491
12773.000,84.000000,10.059784
12778.000,85.000000,17.023013
12778.000,86.000000,14.469856
12778.000,87.000000,14.412574
12791.000,81.000000,9.7900583
12791.000,82.000000,11.141796
12791.000,83.000000,11.140024
12791.000,84.000000,6.9315692
12796.000,81.000000,17.066233
12796.000,82.000000,17.774515
12796.000,83.000000,18.745550
12796.000,84.000000,14.843055
12846.000,81.000000,8.8880300
12846.000,82.000000,8.4262062
12846.000,83.000000,7.1377841
12846.000,84.000000,5.5555982
12860.000,81.000000,11.410565
12860.000,82.000000,10.512451
12860.000,83.000000,3.4009361
12860.000,84.000000,5.5712535
12876.000,81.000000,15.134090
12876.000,82.000000,14.061905
12876.000,83.000000,8.4751567
12876.000,84.000000,5.4284151
12932.000,81.000000,12.314847
12932.000,82.000000,12.792806
12932.000,83.000000,10.636549
12932.000,84.000000,17.727071
12933.000,81.000000,11.225500
12933.000,82.000000,12.636224
12933.000,83.000000,11.468372
12933.000,84.000000,11.403725
12948.000,81.000000,11.245630
12948.000,82.000000,14.110431
12948.000,83.000000,10.233350
12948.000,84.000000,13.302117
12979.000,81.000000,54.192358
12980.000,81.000000,19.188526
12986.000,81.000000,32.682733
12987.000,81.000000,23.608136
12987.000,82.000000,10.703667
12987.000,83.000000,46.364363
12987.000,84.000000,35.864529
12993.000,81.000000,13.296778
12993.000,82.000000,10.477414
12993.000,83.000000,11.601359
12993.000,84.000000,10.083894
12993.000,85.000000,10.427548
12993.000,86.000000,9.6360367
12993.000,87.000000,10.926205
12993.000,88.000000,11.338550
12993.000,89.000000,11.524115
12993.000,90.000000,10.936946
12993.000,91.000000,9.6839283
13011.000,81.000000,7.1529829
13011.000,82.000000,7.6848271
13011.000,83.000000,8.5250755
13011.000,84.000000,8.1888566
13015.000,81.000000,15.898326
13015.000,82.000000,15.920929
13015.000,83.000000,18.973067
13015.000,84.000000,26.047561
13022.000,81.000000,5.2064254
13022.000,82.000000,9.1820154
13022.000,83.000000,7.3004387
13022.000,84.000000,6.8748193
13029.000,81.000000,15.624402
13029.000,82.000000,14.862096
13029.000,83.000000,17.696651
13035.000,81.000000,13.451059
13035.000,82.000000,17.119393
13035.000,83.000000,13.419047
13040.000,81.000000,14.502386
13040.000,82.000000,12.725950
13040.000,83.000000,10.206235
13043.000,81.000000,10.358108
13043.000,82.000000,12.214346
13050.000,81.000000,15.380640
13050.000,82.000000,14.264600
13050.000,83.000000,7.7341087
13061.000,81.000000,10.000325
13061.000,82.000000,7.0153021
13061.000,83.000000,6.6215327
13065.000,81.000000,5.7466662
13065.000,82.000000,2.7760625
13065.000,83.000000,.77312229
13086.000,81.000000,13.180158
13086.000,82.000000,10.968839
13086.000,83.000000,12.396046
13127.000,81.000000,8.6060853
13127.000,82.000000,7.5711210
13127.000,83.000000,4.4983747
13139.000,81.000000,12.731163
13139.000,82.000000,13.435346
13139.000,83.000000,11.784383
13139.000,84.000000,11.380484
13139.000,85.000000,11.487939
13139.000,86.000000,9.8470605
13139.000,87.000000,10.543473
13139.000,88.000000,7.7760069
13139.000,89.000000,8.5414871
13139.000,90.000000,9.0717928
13139.000,91.000000,8.3813251
13144.000,81.000000,7.1806172
13152.000,81.000000,14.144875
13152.000,82.000000,8.8300441
13152.000,83.000000,3.7104745
13176.000,81.000000,12.838187
13187.000,81.000000,4.7601918
13187.000,82.000000,3.6383787
13187.000,83.000000,4.3895942
13204.000,81.000000,10.860188
13204.000,82.000000,11.957123
13204.000,83.000000,5.4525148
13207.000,81.000000,6.7063571
13207.000,82.000000,7.1088143
13207.000,83.000000,2.4092681
13211.000,81.000000,12.675889
13219.000,81.000000,13.466031
13219.000,82.000000,14.328192
13219.000,83.000000,13.682492
13224.000,81.000000,11.016968
13224.000,82.000000,11.982643
13224.000,83.000000,13.046701
13225.000,81.000000,8.3485384
13225.000,82.000000,6.3321956
13225.000,83.000000,6.2490031
13228.000,81.000000,8.2655523
13228.000,82.000000,10.588205
13228.000,83.000000,10.003439
13233.000,81.000000,6.6319083
13233.000,82.000000,6.7772470
13233.000,83.000000,7.0184059
13248.000,81.000000,11.419927
13248.000,82.000000,12.292534
13248.000,83.000000,18.148394
13290.000,81.000000,5.4511667
13300.000,81.000000,11.073905
13300.000,82.000000,12.048672
13300.000,83.000000,4.9894106
13301.000,81.000000,13.430566
13301.000,82.000000,13.310077
13301.000,83.000000,14.468866
13324.000,81.000000,12.993332
13342.000,81.000000,13.318747
13342.000,82.000000,9.2408244
13380.000,81.000000,10.977725
13380.000,82.000000,11.895560
13380.000,83.000000,11.644595
13380.000,84.000000,11.466838
13380.000,85.000000,11.275988
13380.000,86.000000,12.290675
13380.000,87.000000,9.6373156
13380.000,88.000000,10.527299
13380.000,89.000000,11.742975
13380.000,90.000000,8.9573436
13380.000,91.000000,9.8968270
13384.000,81.000000,12.993816
13384.000,82.000000,12.000196
13386.000,81.000000,9.8498389
13386.000,82.000000,10.185691
13386.000,83.000000,9.5426957
13386.000,84.000000,11.480281
13386.000,85.000000,10.058651
13386.000,86.000000,10.083575
13386.000,87.000000,10.107947
13386.000,88.000000,8.9722422
13386.000,89.000000,10.151369
13413.000,81.000000,7.3948096
13413.000,82.000000,7.8230642
13443.000,81.000000,7.8892394
13443.000,82.000000,9.3075639
13485.000,81.000000,8.7318101
13485.000,82.000000,9.3992665
13511.000,81.000000,13.418045
13511.000,82.000000,10.900541
13520.000,81.000000,8.7519492
13520.000,82.000000,9.3750096
13520.000,83.000000,8.3908733
13520.000,84.000000,8.6297741
13520.000,85.000000,8.7891817
13520.000,86.000000,7.7677203
13530.000,81.000000,15.215595
13530.000,82.000000,12.449638
13533.000,81.000000,11.573495
13533.000,82.000000,7.6889948
13569.000,81.000000,8.3140887
13569.000,82.000000,8.9497830
13573.000,81.000000,12.100875
13573.000,82.000000,11.980008
13574.000,81.000000,10.007487
13574.000,82.000000,7.6532207
13578.000,81.000000,10.499855
13578.000,82.000000,10.362370
13580.000,81.000000,8.4243160
13580.000,82.000000,8.9377049
13581.000,81.000000,15.640860
13581.000,82.000000,9.7827683
13588.000,81.000000,8.5217138
13588.000,82.000000,4.9012720
13612.000,81.000000,5.4174111
13612.000,82.000000,2.6985173
13629.000,81.000000,20.396758
13629.000,82.000000,21.034155
13635.000,81.000000,3.3961735
13635.000,82.000000,3.4913512
13698.000,81.000000,11.222434
13698.000,82.000000,10.821065
13701.000,81.000000,14.477436
13701.000,82.000000,12.954703
13704.000,81.000000,10.253361
13704.000,82.000000,11.102553
13727.000,81.000000,11.258115
13727.000,82.000000,9.5260655
13748.000,81.000000,9.3386085
13748.000,82.000000,14.892203
13750.000,81.000000,6.3935928
13750.000,82.000000,7.2226682
13751.000,81.000000,3.3426024
13751.000,82.000000,5.8917341
13791.000,81.000000,10.081454
13791.000,82.000000,14.246315
13797.000,81.000000,8.8828585
13797.000,82.000000,7.9538967
13799.000,81.000000,7.0202390
13799.000,82.000000,6.3822550
13804.000,81.000000,10.504950
13804.000,82.000000,8.9992120
13828.000,81.000000,22.813484
13828.000,82.000000,7.0114376
13832.000,81.000000,12.627202
13832.000,82.000000,12.006832
13849.000,81.000000,7.7562180
13849.000,82.000000,6.3408601
13879.000,81.000000,14.069360
13879.000,82.000000,15.144898
13906.000,81.000000,28.919146
13906.000,82.000000,22.589712
13926.000,81.000000,11.607647
13926.000,82.000000,13.054755
13945.000,81.000000,6.2465278
13945.000,82.000000,8.9472772
13973.000,82.000000,6.3868488
13981.000,81.000000,10.947733
13981.000,82.000000,7.8787795
13995.000,81.000000,30.224950
13999.000,81.000000,60.428421
14000.000,81.000000,52.956212
14001.000,81.000000,61.115260
14022.000,81.000000,12.282134
14085.000,81.000000,28.538938
14085.000,82.000000,9.8765711
14122.000,81.000000,10.917969
14165.000,81.000000,3.3502241
14193.000,81.000000,14.300815
14217.000,81.000000,9.8939786
14251.000,81.000000,13.251007
14267.000,81.000000,8.7176269
14268.000,81.000000,5.8684514
14274.000,81.000000,8.4314761
14296.000,81.000000,10.342772
14308.000,81.000000,8.0285881
14345.000,81.000000,7.4394595
14350.000,81.000000,7.2479126
14360.000,81.000000,9.8649879
14370.000,81.000000,51.423509
14384.000,81.000000,10.505586
14385.000,81.000000,11.335491
14404.000,81.000000,7.7925273
14405.000,81.000000,8.9002438
14743.000,86.000000,9.5653520
14743.000,88.000000,9.1179434
14743.000,89.000000,12.485977
14743.000,90.000000,10.028664
14743.000,91.000000,8.4982431
14822.000,81.000000,7.2676310
14822.000,82.000000,7.1254520
14941.000,81.000000,13.371532
14941.000,82.000000,10.799575
14941.000,83.000000,11.103773
14941.000,84.000000,11.336286
14941.000,85.000000,11.783994
14941.000,86.000000,10.992948
14941.000,87.000000,10.882314
14941.000,88.000000,9.5094249
14941.000,89.000000,10.542281
14941.000,90.000000,11.792635
14941.000,91.000000,10.144915
14943.000,81.000000,10.703144
14943.000,82.000000,9.3115226
14943.000,83.000000,9.1480731
14943.000,84.000000,9.9207561
14943.000,85.000000,8.8147395
14943.000,86.000000,9.1596998
14943.000,87.000000,7.5263261
14943.000,88.000000,6.7573185
14943.000,89.000000,9.9519300
14943.000,90.000000,6.6396108
14982.000,81.000000,6.6351304
14982.000,82.000000,7.9692433
14982.000,83.000000,7.8276953
14982.000,84.000000,7.1890597
14982.000,85.000000,9.6692158
14982.000,86.000000,6.8193714
14982.000,87.000000,6.9026910
14982.000,88.000000,5.2155882
14982.000,89.000000,5.0172994
14982.000,90.000000,5.4363650
15117.000,81.000000,6.6298604
15117.000,82.000000,14.871490
15117.000,83.000000,7.6461374
15117.000,84.000000,7.9023657
15117.000,85.000000,7.2802196
15117.000,86.000000,7.5762197
15117.000,87.000000,7.7778483
15117.000,88.000000,8.0064894
15117.000,89.000000,8.3293350
15117.000,90.000000,8.6060718
15117.000,91.000000,12.839880
15135.000,81.000000,15.077693
15135.000,82.000000,13.597243
15135.000,83.000000,14.606049
15135.000,84.000000,13.570492
15135.000,85.000000,12.553323
15135.000,86.000000,10.898229
15135.000,87.000000,14.885812
15135.000,88.000000,13.049595
15272.000,81.000000,59.776973
15530.000,81.000000,10.007096
15530.000,82.000000,11.115654
15530.000,83.000000,11.085721
15530.000,84.000000,11.142968
15530.000,85.000000,10.495865
15530.000,86.000000,10.733375
15530.000,87.000000,12.414311
15530.000,88.000000,9.8549562
15530.000,89.000000,8.4750544
15530.000,90.000000,7.7398904
15530.000,91.000000,8.1910900
15730.000,81.000000,36.203131
15730.000,82.000000,11.844047
15730.000,83.000000,17.931130
15730.000,84.000000,12.045491
15730.000,85.000000,9.1711278
15730.000,86.000000,17.320718
15730.000,87.000000,18.274303
15848.000,81.000000,12.961514
15848.000,82.000000,10.264571
16024.000,81.000000,10.919854
16024.000,82.000000,8.1129485
16024.000,83.000000,8.6589050
16024.000,84.000000,8.7860145
16024.000,85.000000,8.5510304
16024.000,86.000000,7.0512799
16329.000,81.000000,12.890740
16417.000,81.000000,15.891364
16417.000,82.000000,12.289492
16417.000,83.000000,12.763889
16417.000,84.000000,12.648749
16417.000,85.000000,13.640089
16417.000,86.000000,15.133265
16417.000,87.000000,16.348869
16417.000,88.000000,14.142468
16417.000,89.000000,13.674285
16417.000,90.000000,16.438941
16417.000,91.000000,16.536004
16553.000,82.000000,8.2591605
16553.000,83.000000,8.6050087
16553.000,84.000000,9.6043100
16553.000,85.000000,9.8243826
16553.000,87.000000,10.287420
16553.000,88.000000,9.8823938
16553.000,89.000000,8.3002477
16553.000,90.000000,7.7452841
16553.000,91.000000,8.4609564
16856.000,81.000000,2.6226114
16856.000,82.000000,4.4864674
16856.000,83.000000,4.0057935
16856.000,84.000000,8.3118733
16856.000,85.000000,8.2158498
16857.000,81.000000,12.895742
16858.000,81.000000,4.9111837
16859.000,81.000000,62.275725
16861.000,81.000000,4.0478303
16861.000,82.000000,5.2348666
16861.000,83.000000,7.2317516
16861.000,84.000000,12.231446
16863.000,81.000000,8.0894316
16863.000,82.000000,7.2074836
16863.000,83.000000,6.9814449
16863.000,84.000000,8.8600998
16863.000,85.000000,10.996438
16863.000,87.000000,9.0163461
16863.000,88.000000,7.6629010
16865.000,81.000000,9.0823293
16865.000,82.000000,10.993378
16865.000,83.000000,6.4670649
16867.000,81.000000,8.4431553
16867.000,82.000000,9.1077402
16867.000,83.000000,9.0657661
16867.000,84.000000,8.4658863
16867.000,85.000000,7.9417894
16867.000,86.000000,7.3611614
16867.000,87.000000,7.5725241
16867.000,88.000000,7.5116459
16867.000,89.000000,6.8687814
16867.000,90.000000,7.9422240
16867.000,91.000000,9.1715827
16868.000,81.000000,22.803608
16868.000,82.000000,28.667414
16872.000,81.000000,9.3360060
16872.000,82.000000,11.449413
16872.000,83.000000,15.246967
16872.000,84.000000,16.374395
16872.000,85.000000,12.841559
16872.000,86.000000,7.5900647
16872.000,87.000000,7.7200950
16872.000,90.000000,27.590351
16872.000,91.000000,28.792544
16874.000,81.000000,44.755575
16876.000,81.000000,10.662127
16877.000,81.000000,11.281986
16877.000,82.000000,9.1762357
16877.000,83.000000,11.623642
16877.000,84.000000,19.382180
16877.000,85.000000,11.398729
16877.000,86.000000,11.151731
16877.000,87.000000,14.173395
16877.000,89.000000,11.115564
16877.000,90.000000,9.3897054
16877.000,91.000000,11.769427
16878.000,81.000000,7.2080382
16879.000,81.000000,13.514367
16880.000,81.000000,12.517098
16881.000,81.000000,6.2717558
16883.000,81.000000,6.1871089
16884.000,81.000000,4.7952902
16884.000,82.000000,5.3902282
16884.000,83.000000,6.5981525
16885.000,81.000000,6.8299894
16887.000,81.000000,6.3731516
16889.000,81.000000,9.2550737
16889.000,82.000000,8.6491891
16889.000,83.000000,7.7756128
16889.000,84.000000,8.5361788
16889.000,85.000000,9.3280729
16889.000,86.000000,9.0362000
16889.000,87.000000,8.7218292
16889.000,88.000000,9.6840928
16889.000,89.000000,10.289091
16889.000,90.000000,9.8261129
16889.000,91.000000,9.8536349
16890.000,81.000000,8.1924245
16890.000,82.000000,8.5338313
16890.000,83.000000,7.9368052
16890.000,84.000000,9.8533278
16890.000,85.000000,9.7990702
16890.000,86.000000,9.8674598
16890.000,87.000000,10.300145
16890.000,88.000000,8.0918872
16890.000,89.000000,8.6120118
16890.000,90.000000,8.6404153
16890.000,91.000000,11.651654
16892.000,81.000000,9.9513900
16893.000,81.000000,34.069478
16894.000,81.000000,11.405594
16895.000,81.000000,10.308669
16895.000,82.000000,10.254450
16895.000,83.000000,8.9707966
16895.000,84.000000,8.9233330
16895.000,85.000000,9.1665007
16895.000,86.000000,9.2382951
16895.000,87.000000,9.8598684
16895.000,88.000000,8.7139766
16895.000,89.000000,8.1152872
16895.000,90.000000,7.8078204
16895.000,91.000000,8.2849677
16896.000,81.000000,10.863763
16896.000,82.000000,10.732912
16896.000,83.000000,11.997038
16897.000,81.000000,14.327287
16897.000,82.000000,16.828981
16901.000,81.000000,8.1381224
16901.000,82.000000,8.9227898
16901.000,83.000000,9.9229854
16901.000,84.000000,8.7977665
16901.000,85.000000,9.3314708
16901.000,86.000000,8.5500496
16901.000,87.000000,9.8311158
16901.000,88.000000,9.3035806
16901.000,89.000000,11.800387
16901.000,90.000000,12.837374
16901.000,91.000000,16.299927
16904.000,81.000000,14.346529
16904.000,82.000000,14.871503
16904.000,85.000000,15.860630
16909.000,81.000000,10.653925
16909.000,82.000000,9.7382203
16909.000,83.000000,9.7473570
16909.000,84.000000,9.1760741
16910.000,81.000000,8.8508068
16910.000,82.000000,9.5685282
16910.000,83.000000,8.3806114
16913.000,81.000000,13.367610
16913.000,82.000000,6.8995816
16914.000,81.000000,7.0244676
16914.000,82.000000,6.6720835
16917.000,81.000000,5.0137949
16917.000,82.000000,8.3527725
16918.000,81.000000,12.476269
16918.000,82.000000,11.360346
16919.000,81.000000,11.045567
16919.000,82.000000,10.234831
16919.000,83.000000,10.945358
16924.000,81.000000,4.3416055
16924.000,82.000000,5.3255688
16924.000,83.000000,7.3103165
16924.000,84.000000,7.2713433
16924.000,85.000000,6.5028926
16924.000,86.000000,5.2966649
16924.000,87.000000,6.6944534
16924.000,88.000000,5.7545816
16924.000,89.000000,5.4759950
16924.000,90.000000,5.2454279
16924.000,91.000000,4.8612198
16930.000,81.000000,14.067567
16930.000,82.000000,11.294129
16930.000,83.000000,7.3159900
16930.000,84.000000,8.4778476
16930.000,85.000000,9.9724138
16930.000,86.000000,9.4215097
16930.000,87.000000,10.608683
16930.000,88.000000,11.016094
16930.000,89.000000,11.429103
16930.000,90.000000,10.497674
16930.000,91.000000,10.205912
16931.000,81.000000,17.926128
16931.000,82.000000,14.331273
16931.000,83.000000,12.676385
16931.000,84.000000,11.687712
16931.000,85.000000,9.9981725
16931.000,86.000000,13.221815
16931.000,87.000000,10.964584
16931.000,88.000000,11.193332
16931.000,89.000000,10.823907
16931.000,90.000000,10.464765
16931.000,91.000000,10.702543
16932.000,81.000000,11.095048
16932.000,82.000000,13.547278
16932.000,83.000000,11.672798
16932.000,84.000000,14.385083
16932.000,85.000000,12.967261
16932.000,86.000000,11.995061
16932.000,87.000000,11.766140
16933.000,81.000000,10.519452
16933.000,82.000000,9.2363168
16933.000,83.000000,10.830673
16933.000,84.000000,10.197843
16933.000,85.000000,10.412905
16933.000,86.000000,10.117928
16933.000,87.000000,9.7412734
16933.000,88.000000,10.082632
16933.000,89.000000,10.121212
16933.000,90.000000,9.7873111
16933.000,91.000000,10.010538
16940.000,82.000000,9.1966282
16941.000,82.000000,11.778902
16941.000,83.000000,11.845329
16941.000,84.000000,11.025582
16941.000,85.000000,11.327754
16941.000,86.000000,11.342783
16941.000,87.000000,10.759230
16941.000,88.000000,10.504437
16941.000,89.000000,11.350263
16951.000,88.000000,9.2945118
16971.000,81.000000,8.3088998
16971.000,82.000000,6.6857680
16979.000,81.000000,12.779902
16979.000,82.000000,13.314090
16979.000,86.000000,12.534683
16979.000,87.000000,12.436496
16979.000,91.000000,13.094736
16982.000,81.000000,6.7741788
17055.000,81.000000,7.2706351
17055.000,82.000000,6.9505088
17055.000,83.000000,8.1305046
17055.000,84.000000,10.379948
17275.000,81.000000,11.494524
17275.000,82.000000,9.6274179
17275.000,83.000000,11.290679
17275.000,84.000000,11.537434
17275.000,85.000000,11.802574
17275.000,86.000000,12.056554
17275.000,87.000000,10.155896
17275.000,88.000000,11.364711
17275.000,89.000000,11.720182
17275.000,90.000000,11.752902
17275.000,91.000000,10.888753
17286.000,81.000000,9.6064626
17714.000,81.000000,8.4283608
17714.000,82.000000,7.9947325
17714.000,83.000000,8.4232124
17714.000,84.000000,8.9734420
17714.000,85.000000,10.057340
17714.000,86.000000,8.1083667
17714.000,87.000000,9.6814056
17714.000,88.000000,9.0565081
17714.000,89.000000,8.2326588
17714.000,90.000000,9.1887415
17714.000,91.000000,9.1412015
17716.000,81.000000,10.029965
17718.000,81.000000,54.351246
17719.000,81.000000,7.4592464
17720.000,81.000000,6.7447619
17720.000,82.000000,12.598112
17721.000,82.000000,6.9569099
17722.000,81.000000,8.7768973
17723.000,81.000000,9.6137385
17723.000,82.000000,7.4895242
17723.000,83.000000,8.8614737
17723.000,84.000000,11.401676
17723.000,85.000000,11.915778
17723.000,86.000000,10.686730
17723.000,87.000000,12.165341
17723.000,88.000000,10.187518
17723.000,89.000000,12.691934
17723.000,90.000000,12.574714
17723.000,91.000000,12.797341
17724.000,81.000000,7.6055642
17724.000,83.000000,6.2864034
17724.000,84.000000,5.5189506
17724.000,85.000000,6.2356611
17724.000,86.000000,7.4092171
17724.000,87.000000,6.6882982
17724.000,88.000000,6.8829536
17724.000,89.000000,8.1885589
17724.000,90.000000,7.7932862
17724.000,91.000000,7.9965134
17725.000,81.000000,9.9906772
17725.000,82.000000,11.525744
17725.000,83.000000,13.578510
17725.000,84.000000,13.947519
17725.000,85.000000,14.545911
17725.000,86.000000,14.664772
17725.000,87.000000,13.845182
17725.000,88.000000,13.986460
17725.000,89.000000,14.270130
17725.000,90.000000,13.471330
17725.000,91.000000,13.335830
17726.000,81.000000,6.1021812
17726.000,82.000000,8.8761842
17726.000,83.000000,8.0020724
17726.000,84.000000,8.3153365
17726.000,85.000000,9.4928498
17726.000,86.000000,9.1524758
17726.000,87.000000,8.5999208
17726.000,88.000000,8.2159111
17726.000,89.000000,7.8776937
17726.000,90.000000,7.8491424
17726.000,91.000000,7.8240834
17728.000,81.000000,10.291101
17728.000,82.000000,5.5325496
17728.000,83.000000,6.6142869
17728.000,84.000000,7.1541457
17728.000,85.000000,8.5732785
17728.000,86.000000,6.2544875
17728.000,87.000000,7.9268104
17728.000,88.000000,6.3146164
17728.000,89.000000,7.9924861
17728.000,90.000000,7.6124839
17729.000,81.000000,5.3296703
17729.000,82.000000,4.2895767
17732.000,82.000000,13.474728
17733.000,81.000000,13.214630
17733.000,82.000000,10.213538
17733.000,83.000000,10.400737
17734.000,81.000000,13.407267
17738.000,81.000000,16.362839
17738.000,82.000000,18.842107
17738.000,83.000000,19.161324
17738.000,84.000000,20.551499
17738.000,85.000000,17.209529
17738.000,86.000000,17.315210
17738.000,87.000000,15.634886
17738.000,88.000000,16.191659
17738.000,89.000000,14.177986
17738.000,90.000000,14.644021
17738.000,91.000000,13.212849
17739.000,81.000000,8.6539512
17739.000,82.000000,10.960819
17739.000,83.000000,12.728564
17739.000,84.000000,9.3547437
17740.000,81.000000,13.305429
17740.000,82.000000,12.492111
17741.000,81.000000,9.4662918
17743.000,82.000000,8.2515149
17743.000,83.000000,7.3458403
17743.000,84.000000,9.9922930
17743.000,85.000000,7.8491833
17743.000,86.000000,7.6374011
17743.000,87.000000,7.5797358
17743.000,88.000000,8.4846019
17743.000,89.000000,8.5595701
17743.000,90.000000,8.1496956
17744.000,81.000000,9.4460613
17745.000,81.000000,10.362859
17745.000,82.000000,8.3208259
17745.000,83.000000,5.8154318
17745.000,84.000000,6.2264394
17745.000,85.000000,11.057478
17745.000,86.000000,12.322486
17745.000,87.000000,13.539962
17745.000,88.000000,13.235993
17745.000,89.000000,12.557085
17745.000,90.000000,13.609192
17745.000,91.000000,16.779780
17747.000,81.000000,7.0700955
17747.000,82.000000,7.3452836
17749.000,81.000000,8.3521138
17749.000,82.000000,9.1797405
17749.000,83.000000,9.5014871
17749.000,84.000000,10.258304
17749.000,85.000000,10.334257
17749.000,86.000000,10.023034
17749.000,87.000000,10.596864
17749.000,88.000000,10.603060
17749.000,89.000000,8.4844788
17749.000,90.000000,8.7017888
17749.000,91.000000,9.0171301
17753.000,81.000000,9.7801227
17754.000,81.000000,12.794545
17754.000,82.000000,12.526237
17758.000,81.000000,11.646759
17758.000,82.000000,11.103340
17760.000,81.000000,9.5420422
17760.000,82.000000,10.283249
17761.000,81.000000,14.331405
17761.000,82.000000,11.855605
17761.000,83.000000,8.1219961
17761.000,84.000000,9.7210418
17761.000,85.000000,9.2681131
17761.000,86.000000,10.334047
17761.000,87.000000,10.169979
17761.000,88.000000,10.690787
17761.000,89.000000,11.620062
17761.000,90.000000,9.6881187
17761.000,91.000000,11.073237
17763.000,81.000000,11.449662
17763.000,82.000000,12.236142
17763.000,83.000000,14.172463
17763.000,84.000000,16.198773
17763.000,85.000000,14.682947
17763.000,86.000000,17.231616
17763.000,87.000000,23.436963
17765.000,81.000000,9.1939388
17767.000,81.000000,9.3419842
17767.000,82.000000,8.9840518
17767.000,83.000000,8.3026786
17767.000,84.000000,8.7854366
17767.000,85.000000,8.8251630
17767.000,86.000000,7.4265798
17767.000,87.000000,9.0487877
17767.000,88.000000,9.4833726
17767.000,89.000000,8.9963538
17767.000,90.000000,9.0396680
17767.000,91.000000,11.254626
17770.000,81.000000,6.6320966
17770.000,82.000000,4.9108985
17770.000,83.000000,6.8478453
17770.000,84.000000,8.5678200
17770.000,85.000000,7.9702199
17770.000,86.000000,10.684903
17770.000,87.000000,10.697619
17770.000,88.000000,11.907874
17770.000,89.000000,15.608368
17770.000,90.000000,16.711988
17770.000,91.000000,17.319900
17771.000,81.000000,27.028826
17771.000,82.000000,26.898086
17771.000,83.000000,26.790926
17774.000,82.000000,8.7450827
17774.000,83.000000,10.198317
17775.000,81.000000,11.606536
17778.000,81.000000,10.400989
17822.000,81.000000,11.706499
17822.000,82.000000,10.396424
17822.000,86.000000,8.7396566
17822.000,87.000000,9.3732661
17822.000,88.000000,9.3546196
17822.000,89.000000,12.949123
17822.000,90.000000,12.321048
17822.000,91.000000,16.224239
17834.000,81.000000,12.137548
17860.000,82.000000,9.0333480
17860.000,83.000000,13.348815
17860.000,84.000000,10.799146
17860.000,85.000000,9.5236478
17865.000,81.000000,15.543905
17883.000,88.000000,10.197664
17883.000,89.000000,10.973300
17883.000,90.000000,8.8565503
17889.000,88.000000,8.4208766
17889.000,89.000000,7.7680775
17894.000,81.000000,8.6375974
17894.000,82.000000,9.3322062
17894.000,84.000000,10.303266
17894.000,85.000000,9.5698783
17897.000,87.000000,11.036378
18589.000,81.000000,8.0226073
18589.000,83.000000,8.8469590
18592.000,81.000000,9.1884075
18592.000,82.000000,9.3588236
18592.000,83.000000,9.1588504
18592.000,84.000000,9.9423292
18592.000,85.000000,9.5048627
18592.000,86.000000,10.353125
18592.000,87.000000,10.000625
18592.000,88.000000,10.397302
18592.000,89.000000,10.877495
18592.000,90.000000,11.328293
18592.000,91.000000,11.621261
18593.000,81.000000,8.1149616
18593.000,82.000000,7.5896233
18593.000,83.000000,8.6441484
18593.000,84.000000,8.8067054
18593.000,85.000000,8.4314442
18593.000,86.000000,8.3685845
18593.000,87.000000,7.6911615
18593.000,88.000000,8.1343518
18593.000,89.000000,6.2537742
18593.000,90.000000,8.9329762
18593.000,91.000000,11.634424
18595.000,81.000000,6.4337218
18596.000,81.000000,8.3453047
18596.000,82.000000,8.7974548
18596.000,83.000000,8.8374716
18596.000,84.000000,9.1224249
18597.000,81.000000,5.1780727
18598.000,81.000000,9.9361599
18598.000,82.000000,11.847643
18598.000,83.000000,11.174450
18598.000,84.000000,12.952706
18600.000,81.000000,10.175000
18600.000,82.000000,12.285401
18601.000,81.000000,5.0458365
18602.000,81.000000,20.418094
18602.000,82.000000,19.647939
18602.000,83.000000,16.336205
18602.000,84.000000,16.831380
18602.000,85.000000,16.350583
18602.000,86.000000,13.308298
18602.000,88.000000,19.363157
18602.000,89.000000,18.199312
18602.000,90.000000,15.973466
18602.000,91.000000,15.770831
18603.000,81.000000,9.6685475
18603.000,82.000000,9.0790207
18603.000,83.000000,9.1621255
18603.000,84.000000,9.2285638
18603.000,85.000000,9.4260552
18603.000,86.000000,9.4674102
18603.000,87.000000,9.1340420
18604.000,81.000000,2.9485991
18604.000,82.000000,10.487754
18604.000,83.000000,8.9131051
18604.000,84.000000,8.8226385
18604.000,85.000000,8.7526457
18606.000,81.000000,25.775262
18606.000,82.000000,7.6316713
18607.000,81.000000,3.9851108
18608.000,81.000000,11.659685
18608.000,82.000000,11.276713
18608.000,83.000000,10.572139
18608.000,84.000000,12.041157
18608.000,85.000000,18.573052
18608.000,86.000000,21.652046
18608.000,87.000000,19.450886
18608.000,88.000000,18.808430
18608.000,89.000000,14.519862
18612.000,81.000000,12.710539
18612.000,82.000000,13.713448
18612.000,83.000000,13.017633
18612.000,84.000000,13.287455
18612.000,85.000000,10.581407
18612.000,86.000000,9.9454711
18612.000,87.000000,10.200395
18612.000,88.000000,11.120840
18612.000,89.000000,10.914906
18612.000,90.000000,12.019892
18612.000,91.000000,12.772380
18613.000,81.000000,8.0441920
18613.000,82.000000,10.710495
18613.000,83.000000,9.2831086
18614.000,81.000000,12.975789
18614.000,82.000000,14.236008
18614.000,83.000000,12.051025
18614.000,84.000000,14.788776
18614.000,85.000000,12.602744
18614.000,86.000000,12.957036
18614.000,87.000000,13.304044
18614.000,88.000000,13.059198
18614.000,89.000000,15.889829
18614.000,90.000000,16.942373
18614.000,91.000000,21.420649
18615.000,81.000000,8.4538241
18616.000,81.000000,11.618439
18617.000,81.000000,9.0558973
18617.000,82.000000,9.5709928
18617.000,83.000000,8.5437325
18617.000,84.000000,8.3687496
18617.000,85.000000,8.1777516
18617.000,86.000000,8.0404423
18617.000,87.000000,8.0885444
18617.000,88.000000,8.4070234
18617.000,89.000000,6.4510759
18617.000,90.000000,6.4817511
18617.000,91.000000,6.8365771
18618.000,81.000000,9.2135751
18618.000,82.000000,8.0887035
18618.000,83.000000,10.620468
18618.000,84.000000,10.064716
18618.000,85.000000,10.012428
18618.000,86.000000,9.2620646
18618.000,87.000000,9.0720459
18618.000,88.000000,10.184779
18618.000,89.000000,9.3873795
18618.000,90.000000,9.6770141
18618.000,91.000000,9.9078472
18619.000,81.000000,10.604860
18619.000,82.000000,7.2953444
18619.000,83.000000,7.8686663
18619.000,84.000000,8.7533783
18621.000,81.000000,14.325164
18621.000,82.000000,9.4866637
18621.000,83.000000,11.477708
18621.000,84.000000,12.514229
18621.000,85.000000,10.609693
18621.000,86.000000,8.2703627
18621.000,87.000000,7.6442039
18621.000,88.000000,7.1049551
18621.000,89.000000,7.1092003
18621.000,90.000000,5.9496699
18621.000,91.000000,7.0803697
18622.000,81.000000,5.0703707
18622.000,82.000000,7.0791514
18624.000,81.000000,8.3750835
18627.000,81.000000,8.5853362
18627.000,82.000000,8.2037561
18627.000,83.000000,9.7659659
18627.000,84.000000,10.237122
18627.000,85.000000,10.804596
18627.000,86.000000,14.321918
18627.000,87.000000,11.849854
18627.000,88.000000,10.364698
18627.000,89.000000,11.129072
18627.000,90.000000,11.786639
18627.000,91.000000,11.306265
18628.000,81.000000,8.0026777
18628.000,82.000000,9.3637935
18629.000,81.000000,9.2661695
18629.000,82.000000,13.614503
18629.000,83.000000,12.193734
18629.000,84.000000,13.160599
18629.000,85.000000,13.183702
18629.000,86.000000,12.402169
18629.000,87.000000,12.856344
18629.000,88.000000,12.841649
18629.000,89.000000,10.744529
18629.000,90.000000,11.587073
18629.000,91.000000,9.0977239
18632.000,81.000000,16.798131
18632.000,82.000000,15.262215
18633.000,81.000000,8.4881418
18633.000,82.000000,9.4859547
18633.000,83.000000,10.064607
18633.000,84.000000,10.904832
18633.000,85.000000,9.2665391
18633.000,86.000000,8.0046941
18633.000,87.000000,8.6620319
18634.000,81.000000,9.4782574
18634.000,82.000000,10.161520
18635.000,81.000000,13.042116
18635.000,82.000000,15.284231
18635.000,83.000000,15.239004
18635.000,84.000000,12.349728
18635.000,85.000000,20.525425
18635.000,86.000000,16.340633
18635.000,87.000000,13.236463
18635.000,88.000000,14.005317
18635.000,89.000000,12.572183
18635.000,90.000000,13.582503
18635.000,91.000000,16.779968
18637.000,81.000000,13.222351
18637.000,82.000000,13.541649
18637.000,83.000000,9.0270962
18637.000,84.000000,8.8894875
18637.000,85.000000,9.3218030
18637.000,86.000000,9.0045148
18638.000,81.000000,8.9939706
18638.000,82.000000,28.778226
18639.000,81.000000,8.9779831
18639.000,82.000000,9.9534270
18640.000,81.000000,25.666159
18640.000,82.000000,13.976629
18641.000,81.000000,12.870048
18641.000,82.000000,12.999983
18641.000,83.000000,10.721996
18641.000,84.000000,12.415700
18641.000,85.000000,16.906591
18641.000,86.000000,14.349075
18641.000,87.000000,15.238567
18641.000,88.000000,15.226921
18641.000,89.000000,14.804173
18641.000,90.000000,16.652899
18641.000,91.000000,18.944927
18642.000,81.000000,13.284132
18642.000,82.000000,15.137860
18643.000,81.000000,6.3189198
18643.000,82.000000,6.2503538
18643.000,83.000000,7.7935044
18643.000,84.000000,9.4813056
18643.000,85.000000,9.0749360
18643.000,86.000000,8.4700058
18643.000,87.000000,9.3991300
18643.000,88.000000,11.104509
18643.000,89.000000,10.605343
18644.000,81.000000,17.544744
18644.000,82.000000,20.823619
18644.000,83.000000,16.250567
18644.000,84.000000,13.063444
18644.000,85.000000,12.996637
18644.000,86.000000,12.102602
18644.000,87.000000,13.342240
18644.000,88.000000,11.973149
18644.000,89.000000,11.612708
18644.000,90.000000,13.804588
18644.000,91.000000,14.110405
18645.000,81.000000,15.536769
18645.000,82.000000,16.388613
18645.000,83.000000,17.018832
18645.000,84.000000,14.714729
18646.000,81.000000,9.5512624
18646.000,82.000000,9.0087384
18646.000,83.000000,9.4038187
18646.000,84.000000,11.141714
18646.000,85.000000,10.600212
18646.000,86.000000,10.296768
18646.000,87.000000,10.501693
18646.000,88.000000,10.146152
18646.000,89.000000,9.6085415
18646.000,90.000000,10.327426
18646.000,91.000000,11.013240
18680.000,81.000000,9.8475159
18680.000,82.000000,6.8277495
18680.000,84.000000,7.7375520
18680.000,85.000000,7.7190839
18680.000,86.000000,8.3265999
18680.000,87.000000,7.8339674
18680.000,88.000000,8.1745227
18680.000,89.000000,7.7401956
18680.000,90.000000,8.4948420
18680.000,91.000000,7.2537016
18682.000,82.000000,9.4114674
18694.000,81.000000,7.5163093
18721.000,81.000000,14.005760
18744.000,85.000000,13.975101
18754.000,86.000000,10.926597
18771.000,81.000000,7.8863715
18771.000,82.000000,9.4655331
18771.000,83.000000,9.7851101
18771.000,84.000000,11.096555
18807.000,81.000000,9.1819781
18809.000,81.000000,9.8134019
18852.000,82.000000,10.014075
19077.000,82.000000,14.242477
19077.000,83.000000,14.021932
19077.000,84.000000,12.407621
19077.000,86.000000,12.758868
19077.000,88.000000,13.901178
19077.000,89.000000,13.495609
19077.000,90.000000,12.556451
19077.000,91.000000,11.363241
