plant          ,year           ,CD-productivity
34210912.,86.000000,5.9226596
34210912.,87.000000,5.8064572
34210912.,88.000000,6.5499685
34210912.,89.000000,7.1587730
34210912.,90.000000,8.4358938
34210912.,91.000000,6.7325834
34210915.,87.000000,6.4860726
34210915.,88.000000,4.7034097
34210915.,89.000000,4.6929859
34210915.,90.000000,4.8342815
34210915.,91.000000,5.4519680
34210926.,82.000000,4.9038913
34210927.,81.000000,6.8194445
34210927.,82.000000,6.0249357
34210927.,83.000000,5.3730326
34210927.,84.000000,4.9405117
34210927.,85.000000,5.5338746
34210927.,86.000000,6.7224593
34210927.,87.000000,6.9548731
34210927.,88.000000,5.9097335
34210927.,89.000000,6.0588873
34210927.,90.000000,5.5759612
34210927.,91.000000,5.3067878
34210928.,81.000000,6.7014644
34210928.,82.000000,6.0806163
34210928.,83.000000,5.9032931
34210928.,84.000000,5.6832301
34210928.,85.000000,6.5398479
34210928.,86.000000,6.6841572
34210929.,81.000000,5.5263249
34210929.,82.000000,7.0372085
34210929.,83.000000,7.3606413
34210929.,84.000000,5.7889928
34210929.,85.000000,4.5448974
34210929.,86.000000,5.1672145
34210929.,87.000000,4.4516583
34210929.,88.000000,5.1683158
34210929.,89.000000,5.8685806
34210929.,90.000000,9.3935614
34210929.,91.000000,6.6359084
34210930.,84.000000,6.7910212
34210930.,85.000000,7.3989622
34210930.,86.000000,6.7435155
34210930.,87.000000,6.7278737
34210930.,88.000000,6.1512529
34210930.,89.000000,6.4678185
34210930.,91.000000,6.4359258
34210931.,81.000000,6.1609383
34210931.,82.000000,4.8179751
34210931.,83.000000,3.9922187
34210931.,84.000000,4.4985120
34210931.,85.000000,4.1127199
34210931.,86.000000,4.2849947
34210931.,87.000000,3.8451287
34210931.,88.000000,4.1356998
34210931.,89.000000,4.1994150
34210931.,90.000000,4.1786340
34210932.,81.000000,6.9209389
34210932.,82.000000,7.5149594
34210932.,83.000000,9.2216258
34210932.,84.000000,6.1022937
34210932.,85.000000,6.3170310
34210932.,86.000000,5.7735668
34210932.,87.000000,6.3905354
34210932.,88.000000,5.2945728
34210933.,81.000000,5.7015283
34210933.,82.000000,5.0450384
34210933.,83.000000,4.5063426
34210933.,84.000000,4.8543090
34210933.,85.000000,4.4903006
34210933.,86.000000,4.5828994
34210933.,87.000000,5.3798155
34210933.,88.000000,5.2835662
34210933.,89.000000,5.1367713
34210933.,90.000000,4.8275505
34210933.,91.000000,4.9682765
34210934.,81.000000,5.6897654
34210934.,82.000000,5.4062689
34210934.,83.000000,5.2364372
34210934.,84.000000,5.0437266
34210934.,85.000000,5.7299962
34210934.,86.000000,5.8292380
34210934.,87.000000,5.3478310
34210934.,88.000000,4.9941303
34210934.,89.000000,5.7719023
34210934.,90.000000,6.4137223
34210934.,91.000000,6.8377655
34210935.,81.000000,6.9435378
34210935.,82.000000,5.5829519
34210935.,83.000000,6.3893443
34210935.,84.000000,5.6980493
34210935.,85.000000,5.7887083
34210935.,86.000000,6.7328641
34210935.,87.000000,6.4506505
34210935.,88.000000,5.6420158
34210935.,89.000000,4.5683008
34210935.,90.000000,5.1166953
34210935.,91.000000,9.0293332
34210936.,81.000000,7.5867012
34210936.,82.000000,7.2179274
34210936.,83.000000,7.4319695
34210936.,84.000000,6.0641957
34210936.,85.000000,5.8001516
34210936.,86.000000,4.7243151
34210936.,87.000000,5.0968014
34210936.,88.000000,4.8903546
34210936.,89.000000,5.6224114
34210936.,90.000000,6.3801865
34210937.,81.000000,4.3739700
34210937.,82.000000,5.4314584
34210937.,83.000000,4.7574540
34210937.,84.000000,4.0964933
34210937.,85.000000,4.1862168
34210937.,86.000000,3.2585889
34210937.,87.000000,3.3748979
34210937.,88.000000,3.4062747
34210937.,89.000000,3.7975791
34210937.,90.000000,4.1136207
34210937.,91.000000,3.8188076
34210938.,81.000000,7.1392938
34210938.,82.000000,5.8360672
34210938.,83.000000,4.9147461
34210938.,84.000000,5.4073076
34210938.,85.000000,5.2870812
34210938.,86.000000,5.4071980
34210938.,87.000000,4.2199263
34210938.,88.000000,3.1342179
34210939.,81.000000,5.6071903
34210939.,82.000000,5.2247407
34210939.,83.000000,5.3505227
34210939.,84.000000,5.0012581
34210939.,85.000000,4.0256221
34210939.,86.000000,4.7473284
34210939.,87.000000,3.6040343
34210939.,88.000000,4.4509403
34210939.,89.000000,4.0175143
34210939.,90.000000,4.7834675
34210939.,91.000000,5.0086844
34210940.,81.000000,5.3290856
34210940.,82.000000,5.2030565
34210940.,83.000000,5.5346134
34210940.,84.000000,5.9327220
34210940.,85.000000,6.3275415
34210940.,86.000000,5.6137364
34210940.,87.000000,5.0855454
34210940.,88.000000,5.0208858
34210940.,89.000000,5.0693807
34210940.,90.000000,4.5120063
34210940.,91.000000,4.7207895
34210941.,81.000000,4.6458260
34210941.,82.000000,4.2751171
34210941.,83.000000,4.5173042
34210941.,84.000000,4.3194370
34210941.,85.000000,4.4406857
34210941.,86.000000,4.6592636
34210941.,87.000000,4.8424108
34210941.,88.000000,5.7655683
34210941.,89.000000,6.9459109
34210941.,90.000000,6.7149690
34210941.,91.000000,7.6353227
34210942.,81.000000,3.6213381
34210942.,82.000000,4.7480324
34210942.,83.000000,8.0490841
34210942.,84.000000,4.7827411
34210942.,85.000000,4.2569613
34210943.,81.000000,6.2698504
34210943.,82.000000,6.2787989
34210943.,83.000000,6.6534914
34210943.,84.000000,7.0388244
34210943.,85.000000,7.2563241
34210943.,86.000000,7.0232697
34210943.,87.000000,7.2558306
34210943.,88.000000,6.4982301
34210943.,89.000000,6.4279696
34210943.,90.000000,8.6155585
34210943.,91.000000,6.8841123
34210944.,81.000000,7.6134175
34210944.,82.000000,7.3076988
34210944.,83.000000,6.5988582
34210944.,84.000000,6.2782711
34210944.,85.000000,6.1271761
34210944.,86.000000,5.8824655
34210944.,87.000000,6.0093135
34210944.,88.000000,5.7569211
34210944.,89.000000,5.4133793
34210944.,90.000000,5.5439389
34210944.,91.000000,5.5709558
34210945.,81.000000,7.1197907
34210946.,81.000000,5.1548229
34210946.,82.000000,4.9326971
34210946.,83.000000,4.7224287
34210946.,84.000000,5.1056443
34210946.,85.000000,4.9650067
34210946.,86.000000,5.3121705
34210946.,87.000000,4.8332279
34210946.,88.000000,4.8495495
34210946.,89.000000,4.7179991
34210946.,90.000000,4.5827213
34210946.,91.000000,4.7646138
34210947.,81.000000,9.2534647
34210947.,82.000000,6.8616151
34210947.,83.000000,7.4816086
34210947.,84.000000,7.0745939
34210947.,85.000000,9.0292308
34210947.,86.000000,7.5050849
34210947.,87.000000,10.140008
34210947.,88.000000,9.0568299
34210947.,89.000000,6.5078775
34210947.,90.000000,5.3712929
34210947.,91.000000,6.0305930
34210948.,81.000000,4.8450413
34210948.,82.000000,3.8676957
34210948.,83.000000,4.7877490
34210948.,84.000000,5.0188070
34210948.,85.000000,6.3693003
34210948.,86.000000,6.6468413
34210948.,87.000000,7.8624642
34210948.,88.000000,7.3521859
34210948.,89.000000,7.7732485
34210949.,81.000000,6.1033088
34210949.,82.000000,6.0562007
34210949.,83.000000,6.3299360
34210949.,84.000000,5.9733567
34210949.,85.000000,5.0025341
34210949.,86.000000,4.8619570
34210949.,87.000000,5.6335170
34210949.,88.000000,5.4099369
34210949.,89.000000,4.4327328
34210949.,90.000000,5.9638174
34210949.,91.000000,6.0945683
34210950.,81.000000,5.7448814
34210950.,82.000000,7.1568102
34210950.,83.000000,5.9363252
34210950.,84.000000,7.2248946
34210950.,86.000000,6.4062374
34210950.,87.000000,5.8201685
34210950.,88.000000,5.2860123
34210950.,89.000000,5.2828310
34210950.,90.000000,5.3881931
34210950.,91.000000,5.3512142
34210951.,81.000000,6.8758463
34210951.,82.000000,5.8748428
34210951.,83.000000,6.1620014
34210951.,84.000000,4.8955679
34210951.,85.000000,5.4287355
34210951.,86.000000,4.1509514
34210951.,87.000000,5.2616469
34210951.,88.000000,4.6272619
34210951.,89.000000,6.3189357
34210951.,90.000000,3.8994477
34210951.,91.000000,4.9486658
34210952.,81.000000,7.3800901
34210952.,82.000000,8.0883165
34210952.,83.000000,7.3986307
34210952.,84.000000,7.2809154
34210952.,85.000000,5.5336915
34210952.,86.000000,5.3996839
34210952.,87.000000,4.8353473
34210952.,88.000000,5.2246644
34210952.,89.000000,6.9494294
34210952.,90.000000,4.6622645
34210952.,91.000000,4.6978634
34210953.,81.000000,4.2365006
34210953.,82.000000,4.8278177
34210953.,83.000000,4.8012263
34210953.,84.000000,4.7613290
34210953.,85.000000,4.9338228
34210953.,86.000000,4.4897293
34210953.,87.000000,5.1904717
34210954.,81.000000,4.6587210
34210954.,82.000000,4.1476064
34210954.,83.000000,4.7057060
34210954.,84.000000,4.0883854
34210954.,85.000000,4.2841066
34210954.,86.000000,4.7005658
34210954.,87.000000,4.7888560
34210954.,88.000000,5.1144404
34210954.,89.000000,5.0363932
34210954.,90.000000,4.8668878
34210954.,91.000000,4.9155643
34210955.,81.000000,4.9037627
34210955.,82.000000,4.5819639
34210955.,83.000000,5.0448149
34210955.,84.000000,4.7239925
34210955.,85.000000,7.0271353
34210955.,86.000000,3.6501996
34210955.,87.000000,3.4389052
34210955.,88.000000,3.3773642
34210955.,89.000000,4.1726566
34210955.,90.000000,3.8041668
34210955.,91.000000,4.1768897
34210956.,81.000000,3.8760663
34210956.,82.000000,6.1464146
34210956.,83.000000,5.0209231
34210956.,84.000000,6.1586480
34210956.,85.000000,6.2467171
34210956.,86.000000,5.2855661
34210956.,87.000000,5.2733328
34210956.,88.000000,5.7177043
34210957.,81.000000,7.2442528
34210957.,82.000000,7.4254508
34210957.,83.000000,7.2304701
34210957.,84.000000,6.3196892
34210957.,85.000000,6.7144914
34210957.,86.000000,5.5098881
34210957.,87.000000,6.0659554
34210957.,88.000000,5.7792346
34210957.,89.000000,6.6589210
34210957.,91.000000,8.8674311
34210958.,81.000000,5.4341230
34210958.,82.000000,6.0746755
34210958.,83.000000,6.3073042
34210958.,84.000000,4.6014536
34210958.,85.000000,4.8461186
34210958.,86.000000,4.6587885
34210958.,87.000000,4.3084794
34210958.,88.000000,4.8939278
34210958.,89.000000,4.2564271
34210958.,90.000000,5.3177874
34210958.,91.000000,5.5823393
34210959.,81.000000,5.1023234
34210959.,82.000000,7.3366383
34210959.,83.000000,6.3338400
34210959.,84.000000,7.0543982
34210959.,85.000000,7.0211689
34210959.,86.000000,6.6742693
34210959.,87.000000,7.1920065
34210959.,88.000000,6.7740172
34210959.,89.000000,6.1641927
34210959.,90.000000,6.3475102
34210959.,91.000000,6.5248115
34210960.,81.000000,6.0405182
34210960.,82.000000,7.1315409
34210960.,83.000000,8.0495923
34210960.,84.000000,5.5694071
34210960.,85.000000,5.2145422
34210960.,86.000000,5.4287962
34210960.,87.000000,4.8541085
34210960.,88.000000,5.0465516
34210960.,89.000000,4.6825234
34210960.,90.000000,5.2026556
34210960.,91.000000,4.3179559
34210961.,81.000000,4.0703399
34210961.,82.000000,5.8917585
34210961.,83.000000,4.1487001
34210961.,84.000000,4.4125769
34210961.,85.000000,4.4117316
34210961.,86.000000,4.2739639
34210961.,87.000000,4.1596320
34210961.,88.000000,4.2654435
34210961.,89.000000,4.2838187
34210961.,90.000000,3.7801635
34210961.,91.000000,4.0012086
34210962.,81.000000,7.0772605
34210962.,84.000000,2.6571935
34210962.,85.000000,3.1136756
34210962.,86.000000,3.4928647
34210962.,87.000000,2.9496319
34210962.,88.000000,2.2472056
34210962.,89.000000,1.4627173
34210962.,90.000000,3.8528225
34210962.,91.000000,4.8687695
34210963.,81.000000,7.5173615
34210963.,82.000000,8.0966373
34210963.,83.000000,6.9547231
34210963.,84.000000,6.2882557
34210963.,85.000000,5.5047527
34210963.,86.000000,5.0059695
34210963.,87.000000,4.5629949
34210963.,88.000000,5.3186868
34210963.,89.000000,5.1366874
34210963.,90.000000,5.1927551
34210963.,91.000000,5.4052555
34210964.,81.000000,4.7043386
34210964.,82.000000,5.2581904
34210964.,83.000000,4.0698031
34210964.,84.000000,4.8613910
34210964.,85.000000,4.9755562
34210964.,86.000000,5.0732809
34210964.,87.000000,4.7541169
34210964.,88.000000,5.1677502
34210964.,89.000000,5.3574037
34210964.,90.000000,4.2678742
34210964.,91.000000,6.7025424
34212156.,86.000000,2.5271861
34212157.,88.000000,6.1055208
34212162.,81.000000,4.9237778
34212162.,82.000000,4.5326412
34212162.,83.000000,4.8654992
34212162.,91.000000,5.7047832
34212167.,87.000000,5.4509824
34212173.,88.000000,4.1274519
34212173.,89.000000,4.2236274
34212173.,90.000000,4.4787805
34212173.,91.000000,4.4774136
34212175.,81.000000,5.6596637
34212175.,82.000000,8.7565566
34212175.,83.000000,7.2330434
34212175.,84.000000,6.6398242
34212175.,85.000000,7.2107627
34212175.,86.000000,6.9070832
34212175.,87.000000,6.8870419
34212175.,88.000000,6.4161364
34212175.,89.000000,6.0702231
34212175.,90.000000,5.5545715
34212176.,81.000000,5.5347451
34212176.,82.000000,5.4884147
34212176.,83.000000,6.4291703
34212176.,84.000000,6.3869219
34212176.,85.000000,6.1808615
34212176.,86.000000,6.0418712
34212176.,87.000000,6.3578383
34212176.,88.000000,5.3676919
34212176.,89.000000,5.9802612
34212176.,90.000000,4.2675450
34212176.,91.000000,4.4367069
34212177.,81.000000,6.0069683
34212177.,82.000000,9.1902140
34212177.,83.000000,8.0912629
34212177.,84.000000,7.3532506
34212177.,85.000000,3.5860029
34212177.,86.000000,4.0918288
34212177.,87.000000,4.6323481
34212177.,88.000000,6.0288359
34212177.,89.000000,6.3071797
34212177.,90.000000,4.3174281
34212177.,91.000000,4.7715088
34212178.,81.000000,6.7027236
34212178.,82.000000,6.4107948
34212178.,83.000000,4.5384224
34212178.,84.000000,4.9150240
34212178.,85.000000,6.2890774
34212178.,86.000000,5.4319654
34212178.,87.000000,5.0566190
34212178.,88.000000,4.6095494
34212178.,89.000000,5.9752242
34212178.,90.000000,5.3126043
34212178.,91.000000,4.8172455
34212181.,81.000000,5.9133982
34212181.,82.000000,5.5373680
34212181.,83.000000,6.0391476
34212181.,84.000000,6.0888514
34212181.,85.000000,6.0064260
34212181.,86.000000,6.0270073
34212181.,87.000000,6.1567067
34212181.,88.000000,6.9117035
34212181.,89.000000,6.9487731
34212181.,90.000000,6.0863405
34212181.,91.000000,6.1381006
34212182.,81.000000,8.1385050
34212182.,82.000000,5.2583704
34212182.,83.000000,4.5695682
34212182.,84.000000,4.8216365
34212182.,85.000000,4.6000481
34212182.,86.000000,4.4066308
34212182.,87.000000,4.4705106
34212182.,88.000000,4.6233422
34212182.,89.000000,4.1746580
34212182.,90.000000,4.3313553
34212182.,91.000000,4.6762005
34212183.,81.000000,6.9959404
34212183.,82.000000,5.8238233
34212183.,83.000000,2.8641021
34212183.,84.000000,4.9686292
34212183.,85.000000,6.2076633
34212183.,86.000000,5.2487067
34212183.,87.000000,5.6710537
34212183.,88.000000,5.5084476
34212183.,89.000000,5.2302644
34212183.,90.000000,5.0395712
34212183.,91.000000,4.9008851
34212184.,81.000000,5.1108166
34212184.,82.000000,4.8379283
34212184.,83.000000,4.4465307
34212184.,84.000000,4.7395922
34212184.,85.000000,4.2347821
34212184.,86.000000,4.6922368
34212184.,87.000000,3.4787691
34212184.,88.000000,4.4869387
34212184.,89.000000,4.1621182
34212186.,81.000000,6.9187452
34212186.,82.000000,4.5621370
34212186.,83.000000,9.1272325
34212186.,84.000000,5.5556187
34212186.,85.000000,4.5905323
34212186.,86.000000,4.0383014
34212186.,87.000000,4.7335318
34212186.,88.000000,4.1197182
34212186.,89.000000,3.9306411
34212186.,90.000000,2.8413207
34212186.,91.000000,3.0632448
34212187.,81.000000,5.3722364
34212187.,82.000000,6.2671207
34212187.,83.000000,5.2694598
34212187.,84.000000,4.8288585
34212187.,85.000000,4.2668842
34212187.,86.000000,5.0616356
34212187.,87.000000,5.1860465
34212187.,88.000000,3.3582530
34212188.,81.000000,5.7683156
34212188.,82.000000,6.2498228
34212188.,83.000000,6.1976763
34212188.,84.000000,5.9178318
34212188.,85.000000,5.7297093
34212188.,86.000000,7.4423494
34212188.,87.000000,5.9225682
34212188.,88.000000,5.8636659
34212188.,89.000000,8.5461662
34212188.,90.000000,5.6800846
34212188.,91.000000,7.2245725
34212189.,81.000000,8.3869391
34212189.,82.000000,9.3724998
34212189.,83.000000,6.9483514
34212189.,84.000000,7.8391860
34212190.,81.000000,5.0729330
34212190.,82.000000,5.4096079
34212190.,83.000000,5.9656749
34212190.,84.000000,5.1801996
34212190.,85.000000,5.4026049
34212190.,86.000000,4.3896494
34212190.,87.000000,4.2700597
34212190.,88.000000,5.1069357
34212190.,89.000000,5.4920933
34212190.,90.000000,4.9831987
34212190.,91.000000,5.0989139
34212191.,81.000000,5.6869539
34212191.,83.000000,5.1365416
34212191.,84.000000,5.7639732
34212191.,85.000000,5.8307767
34212191.,86.000000,5.5645308
34212191.,87.000000,5.8455054
34212191.,88.000000,5.1359043
34212191.,89.000000,5.1054200
34212191.,90.000000,5.0481582
34212191.,91.000000,4.4205467
34212192.,81.000000,5.0107728
34212192.,82.000000,5.6302361
34212192.,83.000000,5.2194519
34212192.,84.000000,5.2341708
34212192.,85.000000,4.6292496
34212192.,86.000000,4.1242910
34212192.,87.000000,3.3889358
34212192.,88.000000,3.6929056
34212193.,81.000000,5.7074583
34212193.,82.000000,5.6912294
34212193.,83.000000,5.9720724
34212193.,84.000000,5.6595031
34212193.,85.000000,4.8003701
34212193.,86.000000,5.9016862
34212193.,87.000000,4.3518140
34212193.,88.000000,4.6714731
34212193.,89.000000,4.6510334
34212193.,90.000000,4.5956377
34212193.,91.000000,5.4727890
34212194.,81.000000,6.8702848
34212194.,82.000000,6.5765501
34212194.,83.000000,6.0263082
34212194.,84.000000,6.0384040
34212194.,85.000000,6.3532582
34212194.,86.000000,6.5077885
34212194.,87.000000,6.4280196
34212194.,88.000000,6.1365532
34212194.,89.000000,7.1754967
34212194.,90.000000,6.1079332
34212194.,91.000000,6.2283521
34212195.,81.000000,6.6383956
34212195.,82.000000,8.6210615
34212195.,83.000000,7.6716518
34212195.,84.000000,6.7725735
34212195.,85.000000,6.2536325
34212195.,86.000000,6.4824085
34212195.,87.000000,7.0464959
34212195.,88.000000,8.5818269
34212195.,89.000000,6.5850663
34212195.,90.000000,6.5458207
34212195.,91.000000,6.8758463
34212196.,81.000000,9.3057417
34212196.,82.000000,6.0164216
34212196.,83.000000,5.3800101
34212196.,84.000000,5.2659907
34212196.,85.000000,4.6066347
34212196.,86.000000,5.0336956
34212196.,87.000000,4.9319161
34212197.,81.000000,6.1289533
34212197.,82.000000,4.9627269
34212197.,83.000000,5.1628923
34212197.,84.000000,5.1120694
34212197.,85.000000,4.9317494
34212197.,86.000000,4.8877427
34212197.,87.000000,5.2542889
34212197.,88.000000,5.2306586
34212197.,89.000000,5.4919699
34212197.,90.000000,5.0025962
34212197.,91.000000,5.4346416
34212198.,81.000000,5.5800497
34212198.,82.000000,5.2458453
34212198.,83.000000,5.0766891
34212198.,84.000000,3.1686280
34212198.,85.000000,3.4816748
34212198.,86.000000,3.0640942
34212199.,81.000000,4.8902389
34212199.,82.000000,6.2387288
34212199.,83.000000,4.4479365
34212199.,84.000000,3.9691395
34212199.,85.000000,4.4681308
34212199.,86.000000,4.4148587
34212199.,87.000000,4.4603381
34212199.,88.000000,4.6297485
34212199.,89.000000,3.8086169
34212199.,90.000000,4.6480197
34212199.,91.000000,2.5156379
34212200.,81.000000,4.7394339
34212200.,82.000000,4.3992168
34212200.,83.000000,4.2930809
34212200.,84.000000,4.4398606
34212200.,85.000000,4.2581686
34212200.,86.000000,3.8109296
34212201.,81.000000,9.2320672
34212201.,82.000000,9.6429041
34212201.,83.000000,8.0297721
34212201.,84.000000,8.2044538
34212201.,85.000000,8.1741471
34212201.,86.000000,7.2323427
34212201.,87.000000,7.6846176
34212201.,88.000000,6.1165557
34212201.,89.000000,5.8712403
34212201.,90.000000,5.9702616
34212201.,91.000000,6.0754571
34212202.,81.000000,7.9645584
34212202.,82.000000,9.0967546
34212202.,83.000000,8.4930081
34212202.,84.000000,7.6559884
34212202.,85.000000,7.5703619
34212202.,86.000000,7.2091860
34212202.,87.000000,8.1667362
34212202.,88.000000,8.3796042
34212202.,89.000000,7.0424140
34212202.,90.000000,5.9411981
34212202.,91.000000,5.2590559
34212203.,81.000000,7.8090520
34212203.,82.000000,8.2845255
34212203.,83.000000,9.0681523
34212203.,84.000000,7.2289997
34212203.,85.000000,7.6137550
34212204.,81.000000,4.8885373
34212204.,82.000000,5.3549082
34212204.,83.000000,4.5753194
34212204.,84.000000,4.9343599
34212204.,85.000000,5.4191439
34212205.,81.000000,4.8479565
34212205.,82.000000,4.9568935
34212205.,83.000000,4.9904223
34212205.,84.000000,3.7708533
34212205.,85.000000,3.9454139
34212206.,81.000000,6.0088220
34212206.,82.000000,6.2634390
34212206.,83.000000,5.7031312
34212206.,84.000000,5.5538050
34212206.,85.000000,5.9597468
34212206.,86.000000,5.6776286
34212206.,87.000000,5.7106167
34212206.,88.000000,5.7807228
34212206.,89.000000,5.3155172
34212206.,90.000000,5.8627582
34212206.,91.000000,7.4025218
34212207.,81.000000,7.7077700
34212207.,82.000000,7.1228339
34212207.,83.000000,7.1273936
34212207.,84.000000,6.9900163
34212207.,85.000000,7.2000614
34212207.,86.000000,7.6084917
34212207.,87.000000,7.5134140
34212207.,88.000000,7.7612629
34212207.,89.000000,7.0208876
34212207.,90.000000,7.1828137
34212207.,91.000000,7.1401206
34212208.,81.000000,12.681465
34212208.,82.000000,7.4659321
34212208.,83.000000,6.7194238
34212208.,84.000000,5.2397596
34212208.,85.000000,4.9654095
34212208.,86.000000,3.9188987
34212208.,87.000000,3.7785807
34212208.,88.000000,4.6309657
34212208.,89.000000,5.8982703
34212208.,90.000000,5.8512308
34212208.,91.000000,7.0829337
34212209.,81.000000,6.1708233
34212209.,82.000000,5.6982120
34212209.,83.000000,5.7700410
34212209.,85.000000,3.8727951
34212209.,86.000000,4.1470326
34212209.,87.000000,3.6528249
34212209.,88.000000,4.5042673
34212209.,89.000000,4.0984220
34212209.,90.000000,4.6087134
34212209.,91.000000,4.5393568
34212210.,81.000000,6.3630101
34212210.,82.000000,6.1742750
34212210.,83.000000,5.5181280
34212210.,84.000000,4.1603052
34212210.,85.000000,3.3295604
34212211.,81.000000,6.8609024
34212211.,82.000000,5.5699795
34212211.,83.000000,5.4058200
34212211.,84.000000,5.2777666
34212211.,85.000000,5.4252179
34212211.,86.000000,5.5760967
34212211.,87.000000,5.7095866
34212211.,88.000000,7.6099139
34212211.,89.000000,6.2284482
34212211.,90.000000,6.4265602
34212211.,91.000000,4.3273645
34212213.,81.000000,5.8011858
34212213.,82.000000,5.6318773
34212213.,83.000000,4.9484703
34212213.,84.000000,4.6007691
34212213.,85.000000,3.8905307
34212213.,86.000000,3.0704920
34212214.,81.000000,6.8364188
34212214.,82.000000,5.2630206
34212214.,83.000000,4.7804802
34212214.,84.000000,4.6977439
34212214.,85.000000,4.5353458
34212214.,86.000000,5.4752843
34212214.,87.000000,4.9576945
34212214.,88.000000,4.8626387
34212214.,89.000000,5.0660454
34212214.,90.000000,4.9391863
34212214.,91.000000,5.2387327
34212215.,81.000000,6.5802121
34212215.,82.000000,5.2796443
34212215.,83.000000,5.2745795
34212215.,84.000000,5.0127756
34212215.,85.000000,4.5055910
34212215.,86.000000,4.4155606
34212215.,87.000000,5.2720258
34212215.,88.000000,4.7593356
34212215.,89.000000,5.7632403
34212215.,90.000000,5.7988193
34212215.,91.000000,6.0177400
34212216.,81.000000,6.8443492
34212216.,82.000000,6.7584167
34212216.,83.000000,4.5032704
34212216.,84.000000,4.1310611
34212216.,85.000000,3.2389337
34212216.,86.000000,3.4843322
34212216.,87.000000,3.5682297
34212216.,88.000000,4.7461968
34212216.,89.000000,4.0919895
34212216.,90.000000,2.4693725
34212217.,81.000000,6.6691617
34212217.,82.000000,6.7666716
34212217.,83.000000,6.6857543
34212217.,84.000000,7.6467340
34212217.,85.000000,7.0892153
34212217.,86.000000,6.3453454
34212217.,87.000000,5.8440832
34212217.,88.000000,7.5870270
34212217.,89.000000,5.9170434
34212217.,90.000000,5.9029487
34212217.,91.000000,6.6984938
34212218.,81.000000,5.4670070
34212218.,82.000000,6.7590051
34212218.,83.000000,5.3915267
34212218.,84.000000,4.5970031
34212218.,85.000000,4.8507411
34212218.,86.000000,5.3017763
34212218.,87.000000,5.0257799
34212218.,88.000000,5.6400785
34212218.,89.000000,4.8758352
34212218.,90.000000,4.8029580
34212218.,91.000000,5.2029631
34212219.,81.000000,6.3973284
34212219.,82.000000,3.6661061
34212219.,83.000000,3.4129655
34212219.,84.000000,2.8587023
34212219.,85.000000,2.9040059
34212219.,86.000000,4.3853922
34212220.,81.000000,5.7007896
34212220.,82.000000,4.7842883
34212220.,83.000000,6.3071985
34212220.,84.000000,4.3994084
34212220.,85.000000,5.0061064
34212220.,86.000000,3.7977499
34212220.,87.000000,3.7825087
34212220.,88.000000,4.5475947
34212220.,89.000000,4.2276097
34212220.,90.000000,4.3915294
34212220.,91.000000,4.5126819
34212221.,81.000000,5.0691141
34212221.,82.000000,5.6229797
34212221.,83.000000,5.2845051
34212221.,84.000000,5.3003739
34212221.,85.000000,5.7423662
34212221.,86.000000,5.3653303
34212221.,87.000000,5.7597041
34212221.,88.000000,5.5671767
34212221.,89.000000,5.9883954
34212221.,90.000000,6.0252425
34212221.,91.000000,5.1864641
34212222.,81.000000,8.8542707
34212222.,82.000000,4.7095412
34212222.,83.000000,4.8539668
34212222.,84.000000,5.1123996
34212222.,85.000000,5.3488158
34212222.,86.000000,4.9070305
34212222.,87.000000,4.8712698
34212222.,88.000000,5.1121614
34212222.,89.000000,4.6598251
34212222.,90.000000,4.2018486
34212222.,91.000000,4.5786576
34212223.,81.000000,7.9594825
34212223.,82.000000,6.0665111
34212223.,83.000000,5.1783057
34212223.,84.000000,5.6599674
34212223.,85.000000,7.6886755
34212223.,86.000000,5.9850828
34212223.,87.000000,5.6245532
34212223.,88.000000,6.5028418
34212223.,89.000000,8.1747721
34212223.,90.000000,4.7580401
34212223.,91.000000,4.7392382
34212224.,81.000000,5.3575797
34212224.,82.000000,4.8822452
34212224.,83.000000,4.7768315
34212224.,84.000000,3.7981718
34212224.,85.000000,4.2604095
34212224.,87.000000,5.4960325
34212224.,88.000000,5.6843306
34212224.,89.000000,5.7713502
34212224.,90.000000,6.0658124
34212224.,91.000000,5.5531716
34212225.,81.000000,4.9984516
34212225.,82.000000,4.7655615
34212225.,83.000000,5.4174279
34212225.,84.000000,6.5238621
34212225.,85.000000,5.5086860
34212225.,86.000000,4.7482562
34212225.,87.000000,5.9043027
34212225.,88.000000,4.9934883
34212225.,89.000000,4.6135524
34212225.,90.000000,4.4655216
34212225.,91.000000,4.8608298
34212226.,81.000000,6.2972760
34212226.,82.000000,5.4571006
34212226.,83.000000,5.0965095
34212226.,84.000000,5.6620441
34212226.,85.000000,5.2479384
34212226.,86.000000,4.8888239
34212226.,87.000000,4.9427290
34212226.,88.000000,4.9196127
34212226.,89.000000,4.5997896
34212226.,90.000000,5.4892031
34212226.,91.000000,4.9472958
34212227.,81.000000,5.3255152
34212227.,82.000000,5.4302253
34212227.,83.000000,5.1171594
34212227.,84.000000,5.4969893
34212227.,85.000000,5.4781369
34212227.,86.000000,5.5195816
34212227.,87.000000,4.3288853
34212227.,88.000000,4.7668244
34212227.,89.000000,5.4512190
34212227.,90.000000,5.3759340
34212227.,91.000000,4.8240461
34212228.,81.000000,5.4510652
34212228.,82.000000,4.8713948
34212228.,83.000000,5.0120211
34212228.,84.000000,4.7580338
34212228.,85.000000,4.0556066
34212228.,86.000000,3.9479202
34212228.,87.000000,4.3160825
34212228.,88.000000,4.1337056
34212228.,89.000000,3.7618825
34212228.,90.000000,4.1214542
34212228.,91.000000,3.9988214
34212229.,81.000000,5.8700211
34212229.,82.000000,5.2395516
34212229.,83.000000,5.5922141
34212229.,84.000000,5.9376445
34212229.,85.000000,5.6744700
34212229.,86.000000,5.8805703
34212229.,87.000000,5.8190522
34212229.,88.000000,5.6606825
34212229.,89.000000,6.0762081
34212229.,90.000000,7.2598773
34212229.,91.000000,7.1939012
34212230.,81.000000,3.6862021
34212230.,82.000000,4.5323436
34212230.,83.000000,4.1671959
34212230.,84.000000,3.7575594
34212230.,85.000000,3.5206701
34212230.,86.000000,6.0405365
34212230.,87.000000,7.3865013
34212230.,88.000000,3.9701769
34212230.,89.000000,5.0174367
34212230.,90.000000,4.5194138
34212230.,91.000000,4.7165113
34212231.,81.000000,4.9275461
34212231.,82.000000,3.9986965
34212231.,83.000000,4.7212253
34212231.,84.000000,4.1945503
34212231.,85.000000,3.9733274
34212231.,86.000000,3.9931455
34212231.,87.000000,4.8187839
34212231.,88.000000,4.5198173
34212231.,89.000000,5.7216516
34212231.,90.000000,5.8170950
34212231.,91.000000,5.7772817
34212232.,81.000000,8.1818907
34212232.,82.000000,5.9184217
34212232.,83.000000,6.3346944
34212232.,84.000000,5.7500958
34212232.,85.000000,5.7269916
34212232.,86.000000,5.9212788
34212232.,87.000000,5.8218167
34212232.,88.000000,6.3504470
34212232.,89.000000,5.7377534
34212232.,90.000000,5.7469096
34212232.,91.000000,6.3761082
34212233.,81.000000,8.1249132
34212233.,82.000000,5.1932770
34212233.,83.000000,4.1835562
34212233.,84.000000,4.7188604
34212233.,85.000000,4.9585027
34212234.,81.000000,3.9984572
34212234.,82.000000,4.1888784
34212234.,83.000000,4.2184835
34212234.,84.000000,4.6420943
34212234.,85.000000,5.0638467
34212235.,81.000000,6.5840176
34212235.,82.000000,6.3245135
34212235.,83.000000,6.4657550
34212235.,84.000000,7.2536829
34212235.,85.000000,6.5463324
34212235.,86.000000,5.9699550
34212235.,87.000000,5.9504373
34212235.,88.000000,6.0953755
34212235.,89.000000,6.0834440
34212235.,90.000000,5.8795646
34212236.,81.000000,5.2844291
34212236.,82.000000,4.9745167
34212236.,83.000000,3.9177599
34212236.,84.000000,4.4227714
34212236.,85.000000,5.4379612
34212236.,86.000000,4.8376016
34212236.,87.000000,4.4892442
34212236.,88.000000,3.6411130
34212236.,89.000000,4.3612656
34212236.,90.000000,4.1182366
34212236.,91.000000,3.9821548
34212237.,81.000000,5.6691580
34212237.,82.000000,5.2352364
34212237.,83.000000,5.1310658
34212237.,84.000000,4.4880471
34212237.,85.000000,3.8562218
34212237.,86.000000,4.6908989
34212237.,87.000000,4.6560927
34212237.,88.000000,4.9462338
34212237.,89.000000,4.4986895
34212237.,90.000000,4.7250606
34212237.,91.000000,4.6467781
34212238.,81.000000,5.3275565
34212238.,82.000000,5.9963263
34212238.,83.000000,5.1583726
34212238.,84.000000,5.6639584
34212238.,85.000000,5.0277425
34212238.,86.000000,4.2072486
34212238.,87.000000,5.5025364
34212238.,88.000000,5.8388460
34212238.,89.000000,6.1586770
34212238.,90.000000,6.5884021
34212239.,81.000000,5.5493797
34212239.,82.000000,5.4719475
34212239.,83.000000,5.1230798
34212239.,84.000000,5.2887616
34212239.,85.000000,5.5547179
34212239.,86.000000,5.2885481
34212239.,87.000000,5.3718611
34212239.,88.000000,4.9118271
34212239.,89.000000,7.3482615
34212239.,90.000000,4.9768866
34212239.,91.000000,5.0444727
34212240.,81.000000,4.7129304
34212240.,82.000000,4.7886128
34212240.,83.000000,4.8449605
34212240.,84.000000,5.5368586
34212240.,85.000000,6.2687300
34212241.,81.000000,6.0297069
34212241.,82.000000,4.7154551
34212241.,83.000000,4.3800799
34212241.,84.000000,4.8651511
34212241.,85.000000,4.4318282
34212241.,86.000000,4.2920477
34212241.,87.000000,4.3477635
34212241.,88.000000,3.9583362
34212241.,89.000000,4.4023377
34212241.,90.000000,4.5420248
34212241.,91.000000,4.2566043
34212242.,81.000000,6.2313127
34212242.,82.000000,5.7458808
34212242.,83.000000,5.6448772
34212242.,84.000000,7.4095224
34212242.,85.000000,6.9571010
34212242.,86.000000,7.2121877
34212242.,87.000000,7.2650341
34212242.,88.000000,7.6191285
34212242.,89.000000,6.9110702
34212242.,90.000000,6.8353771
34212242.,91.000000,5.9895506
34212243.,81.000000,5.0800436
34212243.,82.000000,4.5766750
34212243.,83.000000,5.5558839
34212243.,84.000000,4.4138951
34212243.,85.000000,4.0175565
34212243.,86.000000,4.7323239
34212243.,87.000000,4.8955231
34212243.,88.000000,4.2835681
34212244.,81.000000,4.6960546
34212244.,82.000000,4.3062181
34212244.,83.000000,4.4894914
34212244.,84.000000,4.2102162
34212244.,85.000000,4.1202199
34212244.,86.000000,4.2037274
34212244.,87.000000,3.8939309
34212244.,88.000000,4.7062881
34212244.,89.000000,4.7874144
34212244.,90.000000,4.6348415
34212244.,91.000000,5.1082403
34212245.,81.000000,4.2831386
34212245.,82.000000,5.3581582
34212245.,83.000000,5.3405789
34212245.,84.000000,5.4790991
34212245.,85.000000,5.4348938
34212246.,81.000000,4.3406768
34212246.,82.000000,4.7837287
34212246.,83.000000,4.1125733
34212246.,84.000000,4.4803810
34212246.,85.000000,4.5537567
34212246.,86.000000,4.5359099
34212246.,87.000000,4.1164598
34212246.,88.000000,4.1403222
34212246.,89.000000,4.1370400
34212246.,90.000000,4.7994632
34212246.,91.000000,4.9687742
34212247.,81.000000,6.7360572
34212247.,82.000000,5.8227828
34212247.,83.000000,6.3591224
34212247.,84.000000,5.9873704
34212247.,85.000000,5.5138540
34212247.,86.000000,5.5986541
34212247.,87.000000,5.8217461
34212247.,88.000000,5.6285075
34212247.,89.000000,4.4969237
34212247.,90.000000,5.2576598
34212247.,91.000000,5.9232786
34212249.,81.000000,5.7702032
34212249.,82.000000,2.8233936
34212249.,83.000000,3.1812548
34212249.,84.000000,2.3060457
34212249.,85.000000,3.2633192
34212249.,86.000000,3.0363712
34212249.,87.000000,3.0628000
34212249.,88.000000,3.2252371
34212249.,89.000000,3.2160161
34212249.,90.000000,2.7761274
34212249.,91.000000,2.3936972
34212250.,81.000000,16.651967
34212250.,82.000000,10.446576
34212250.,83.000000,8.8028368
34212250.,84.000000,12.949910
34212250.,85.000000,10.770254
34212252.,81.000000,6.6409101
34212252.,82.000000,6.2546136
34212252.,83.000000,5.9862744
34212252.,84.000000,6.0231343
34212252.,85.000000,6.6749162
34212252.,86.000000,5.7876881
34212252.,87.000000,6.0495364
34212252.,88.000000,5.7245466
34212252.,89.000000,5.7726786
34212252.,90.000000,5.9000763
34212252.,91.000000,5.9251244
34212255.,81.000000,4.5493142
34212255.,82.000000,5.0682436
34212255.,83.000000,4.4584968
34212255.,84.000000,4.3780562
34212255.,85.000000,4.2812910
34212255.,86.000000,3.8173703
34212255.,87.000000,3.8936328
34212255.,88.000000,3.7671262
34212255.,89.000000,3.9409306
34212255.,90.000000,3.7712456
34212255.,91.000000,4.0463207
34212256.,81.000000,6.9644245
34212256.,82.000000,5.3005146
34212256.,83.000000,5.2925403
34212256.,84.000000,5.4233873
34212256.,85.000000,5.2054071
34212256.,86.000000,5.7375925
34212256.,87.000000,5.8978662
34212256.,88.000000,5.5848343
34212256.,89.000000,5.5033030
34212256.,90.000000,5.5777838
34212256.,91.000000,5.5048025
34212257.,81.000000,7.1587364
34212257.,82.000000,6.6585759
34212257.,83.000000,6.6408237
34212258.,81.000000,6.4881125
34212258.,82.000000,6.2555909
34212258.,83.000000,6.0388386
34212258.,84.000000,5.1672249
34212258.,85.000000,4.7592813
34212258.,86.000000,5.1456345
34212258.,87.000000,5.4235969
34212259.,81.000000,4.3842176
34212259.,82.000000,5.1389744
34212259.,83.000000,5.6199820
34212259.,84.000000,5.5613591
34212259.,85.000000,5.1383827
34212259.,86.000000,4.9338442
34212259.,87.000000,4.8336884
34212259.,88.000000,4.8905827
34212259.,89.000000,4.2766761
34212259.,90.000000,4.3512520
34212259.,91.000000,5.4410781
34212262.,81.000000,3.4889315
34212262.,82.000000,3.6799192
34212262.,83.000000,3.8249523
34212262.,84.000000,3.4822574
34212306.,81.000000,6.4274054
34212306.,82.000000,7.4300561
34212306.,83.000000,7.7975974
34212512.,81.000000,4.8816526
34212512.,82.000000,4.9489506
34212512.,83.000000,5.2837489
34212512.,84.000000,15.199377
34212512.,85.000000,6.4221287
34212512.,86.000000,6.3066127
34212512.,87.000000,5.6680130
34212512.,88.000000,7.2397612
34212512.,89.000000,8.8680476
34212512.,90.000000,7.7233125
34212512.,91.000000,8.5778592
34212577.,81.000000,5.6369349
34212577.,82.000000,5.2418316
34212577.,83.000000,5.2280055
34212577.,84.000000,6.3756603
34212577.,85.000000,5.2094450
34212577.,86.000000,4.6397725
34212577.,87.000000,4.5197840
34212577.,88.000000,4.6908417
34212577.,89.000000,4.5655038
34212577.,90.000000,4.5552613
34212577.,91.000000,4.9831986
34212579.,81.000000,5.8798194
34212579.,82.000000,5.4916571
34212579.,83.000000,5.7654646
34212579.,84.000000,6.1991935
34212579.,85.000000,5.0906024
34212579.,86.000000,4.7347137
34212579.,88.000000,4.0485182
34212633.,81.000000,2.1337308
34212633.,82.000000,2.4988840
34212633.,83.000000,2.2858308
34212633.,84.000000,4.2989578
34212633.,85.000000,4.6103825
34212634.,81.000000,11.155660
34212634.,82.000000,11.877710
34212634.,83.000000,16.320121
34212634.,84.000000,12.664564
34212634.,85.000000,3.2861511
34212634.,86.000000,4.2716840
34212634.,87.000000,3.2549080
34212634.,88.000000,5.1334162
34212634.,89.000000,3.6530505
34212634.,90.000000,3.7955262
34212634.,91.000000,3.9612244
34212635.,81.000000,5.0805184
34212635.,82.000000,4.0414624
34212635.,83.000000,3.9620414
34212635.,84.000000,4.3640038
34212635.,85.000000,4.2482278
34212636.,81.000000,7.1661042
34212636.,82.000000,8.2404922
34212636.,83.000000,6.4206729
34212636.,84.000000,5.3240427
34212636.,85.000000,5.6676943
34212636.,86.000000,6.2062999
34212636.,87.000000,5.6601114
34212636.,88.000000,6.1875574
34212636.,89.000000,4.9052544
34212636.,90.000000,5.7048567
34212636.,91.000000,7.5604034
34212673.,81.000000,6.1006850
34212673.,82.000000,5.3263417
34212673.,83.000000,4.3420068
34212673.,85.000000,5.6103648
34212673.,88.000000,6.4509519
34212673.,89.000000,6.6273176
34212673.,90.000000,6.5323902
34212673.,91.000000,7.7266894
34212710.,81.000000,13.258961
34212710.,82.000000,14.753105
34212745.,82.000000,8.2549106
34212745.,83.000000,8.3199476
34212745.,84.000000,10.204679
34212745.,86.000000,10.498802
34212745.,87.000000,8.5871908
34212745.,88.000000,9.2424161
34212745.,89.000000,9.0631735
34212745.,90.000000,7.6616453
34212752.,85.000000,5.5777531
34212752.,91.000000,5.5322549
34212755.,81.000000,12.935900
34212755.,82.000000,9.5097005
34212755.,83.000000,9.1279334
34212755.,84.000000,8.6540533
34212755.,86.000000,8.5113272
34212755.,87.000000,7.8124314
34212755.,88.000000,9.0793904
34212755.,89.000000,9.1805880
34212755.,90.000000,10.026273
34212755.,91.000000,11.669610
34212781.,81.000000,5.2610878
34212781.,82.000000,7.0021547
34212781.,83.000000,7.2369994
34212781.,85.000000,5.7389535
34212781.,86.000000,5.4262532
34212781.,87.000000,6.2338218
34212781.,88.000000,7.5776776
34212781.,89.000000,6.9375942
34212781.,90.000000,3.9695856
34212821.,81.000000,5.7283329
34212821.,82.000000,6.8996301
34212821.,83.000000,6.6547547
34212821.,84.000000,6.8581793
34212835.,81.000000,9.6306426
34212835.,82.000000,5.5807413
34212835.,83.000000,5.8816769
34212835.,84.000000,5.4553473
34212853.,81.000000,4.4606795
34212853.,82.000000,3.6777036
34212853.,83.000000,3.8008165
34212853.,84.000000,4.5979255
34212859.,81.000000,8.7773407
34212859.,82.000000,3.9455551
34212859.,83.000000,3.3886651
34212859.,84.000000,3.4460532
34212861.,81.000000,4.0611233
34212861.,82.000000,4.0004714
34212861.,83.000000,3.8643154
34212861.,84.000000,3.6608382
34212865.,81.000000,6.3433223
34212865.,82.000000,9.3972202
34212865.,83.000000,7.1447060
34212865.,84.000000,6.3306326
34212869.,81.000000,4.2931479
34212869.,82.000000,4.9617682
34212869.,83.000000,6.8566987
34212869.,84.000000,4.4623964
34212870.,81.000000,5.1700633
34212870.,82.000000,5.8255135
34212870.,83.000000,4.9542305
34212870.,84.000000,5.5832605
34212877.,81.000000,6.2686250
34212877.,82.000000,5.5493546
34212877.,83.000000,6.0209622
34212877.,84.000000,6.1068550
34212898.,81.000000,6.4765161
34212898.,82.000000,5.8496519
34212898.,83.000000,5.4320933
34212898.,84.000000,5.9452505
34212989.,81.000000,4.9334750
34212989.,82.000000,5.5079601
34212989.,83.000000,5.7365619
34212989.,84.000000,5.6323943
34213009.,81.000000,5.7798695
34213009.,82.000000,4.5115710
34213009.,83.000000,5.7466508
34213009.,84.000000,5.3935759
34213014.,84.000000,2.6642485
34213031.,81.000000,7.8379635
34213031.,82.000000,6.1123836
34213031.,83.000000,5.5313955
34213039.,83.000000,4.8575141
34213063.,81.000000,11.437591
34213063.,82.000000,16.291708
34213063.,83.000000,14.029278
34213090.,81.000000,6.9748484
34213090.,82.000000,7.0760711
34213090.,83.000000,7.3202826
34213119.,81.000000,5.4829788
34213119.,82.000000,5.9877717
34213119.,83.000000,5.4596040
34213159.,81.000000,9.1884880
34213159.,82.000000,7.6440227
34213159.,83.000000,6.3617247
34213166.,81.000000,7.2491854
34213166.,82.000000,7.0677032
34213166.,83.000000,5.6080441
34213189.,81.000000,4.7356626
34213189.,82.000000,5.2584386
34213191.,81.000000,5.0536264
34213191.,82.000000,4.2242756
34213191.,83.000000,5.3474109
34213191.,84.000000,4.2213879
34213191.,85.000000,3.8195823
34213194.,81.000000,4.3570863
34213194.,82.000000,5.0238756
34213194.,83.000000,4.4948204
34213201.,81.000000,7.0613795
34213201.,82.000000,6.5420665
34213201.,83.000000,4.3175064
34213278.,81.000000,7.1666467
34213278.,82.000000,5.2762363
34213278.,83.000000,4.6649534
34213318.,81.000000,7.3224723
34213318.,82.000000,7.5463629
34213331.,81.000000,4.9865201
34213331.,82.000000,5.1367961
34213337.,81.000000,6.6602088
34213337.,82.000000,5.3631947
34213338.,81.000000,5.1994911
34213338.,82.000000,5.4447370
34213348.,81.000000,6.3616263
34213348.,82.000000,5.1396010
34213349.,81.000000,5.5864119
34213349.,82.000000,6.0715076
34213354.,81.000000,6.8331546
34213354.,82.000000,5.0851632
34213355.,81.000000,9.0351049
34213355.,82.000000,8.0480798
34213360.,81.000000,5.6995978
34213360.,82.000000,5.8344421
34213362.,81.000000,10.999922
34213362.,82.000000,10.384913
34213375.,81.000000,7.1894033
34213375.,82.000000,6.9609129
34213376.,81.000000,7.4424018
34213376.,82.000000,4.7891367
34213377.,81.000000,6.3676938
34213377.,82.000000,6.8275027
34213385.,81.000000,5.7996883
34213385.,82.000000,5.9020343
34213397.,81.000000,8.8383973
34213397.,82.000000,9.2635315
34213408.,81.000000,4.2046013
34213408.,82.000000,3.3634892
34213430.,81.000000,7.0090158
34213430.,82.000000,6.0317324
34213431.,81.000000,5.6326538
34213431.,82.000000,5.5866856
34213436.,81.000000,5.5434019
34213436.,82.000000,4.2988807
34213444.,81.000000,3.3088129
34213444.,82.000000,3.8782988
34213457.,81.000000,3.7812523
34213457.,82.000000,3.9949535
34213463.,81.000000,7.5462599
34213463.,82.000000,7.0049975
34213473.,81.000000,6.8511749
34213473.,82.000000,6.5209828
34213487.,81.000000,5.2957700
34213487.,82.000000,5.2496545
34213503.,81.000000,5.1049348
34213503.,82.000000,6.0097575
34213504.,81.000000,7.0685555
34213504.,82.000000,7.7216934
34213516.,81.000000,5.9590522
34213516.,82.000000,5.9527045
34213534.,81.000000,5.4970560
34213534.,82.000000,5.1745417
34213610.,81.000000,7.3878392
34213610.,82.000000,8.7297072
34213613.,81.000000,5.0147497
34213613.,82.000000,3.7893100
34213659.,81.000000,4.6138065
34213659.,82.000000,9.7259681
34213659.,83.000000,6.1058996
34213659.,84.000000,5.3372446
34213659.,85.000000,4.9566557
34213659.,86.000000,5.0219254
34213659.,87.000000,4.9361125
34213659.,88.000000,4.8562536
34213659.,89.000000,5.2866277
34213659.,90.000000,5.2069246
34213659.,91.000000,5.9228818
34213662.,81.000000,12.435558
34213662.,82.000000,13.150478
34213680.,81.000000,5.2591376
34213680.,82.000000,4.5397365
34213708.,81.000000,4.2595164
34213708.,82.000000,6.2472275
34213710.,82.000000,4.8200730
34213730.,81.000000,3.9859708
34213730.,82.000000,5.2987656
34213810.,81.000000,6.8622951
34213810.,82.000000,6.1831831
34213834.,81.000000,7.0136835
34213834.,82.000000,6.2416363
34213836.,81.000000,6.0902286
34213836.,82.000000,6.2619867
34213853.,81.000000,18.464614
34213853.,82.000000,7.1695756
34213865.,81.000000,6.0500137
34213865.,82.000000,7.6275334
34213886.,81.000000,7.9432218
34213886.,82.000000,9.1157792
34213892.,81.000000,7.1355935
34213892.,82.000000,6.1462434
34213896.,81.000000,4.7358140
34213904.,81.000000,3.4336568
34213904.,82.000000,2.9679241
34213909.,81.000000,3.9016282
34213909.,82.000000,3.3283563
34213917.,81.000000,7.6006207
34213917.,82.000000,7.9804329
34213919.,81.000000,5.2989868
34213919.,82.000000,5.3894445
34213950.,81.000000,4.6326786
34213950.,82.000000,4.6281976
34213952.,81.000000,4.0137687
34213952.,82.000000,3.9460274
34213955.,81.000000,6.8274078
34213955.,82.000000,8.9939033
34213989.,81.000000,5.0331795
34213989.,82.000000,6.3260968
34213996.,81.000000,3.9508161
34213996.,82.000000,4.6700837
34214061.,81.000000,6.0353121
34214061.,82.000000,6.2485193
34214068.,81.000000,6.9923361
34214068.,82.000000,6.0467451
34214090.,81.000000,4.9663148
34214090.,82.000000,3.9755139
34214143.,81.000000,4.8334385
34214143.,82.000000,2.3474293
34214143.,83.000000,3.2920484
34214169.,81.000000,4.9298959
34214169.,82.000000,4.3675856
34214174.,81.000000,6.3367580
34214283.,81.000000,4.0173083
34214315.,81.000000,4.1227578
34214349.,81.000000,3.9549889
34214362.,81.000000,4.1840373
34214364.,81.000000,4.6991989
34214481.,81.000000,3.1318236
34214481.,82.000000,3.1507606
34214481.,83.000000,6.1255616
34214481.,84.000000,5.0346693
34214481.,85.000000,4.5080299
34214481.,86.000000,4.8169426
34214481.,87.000000,4.1528214
34214481.,88.000000,4.1970154
34214481.,89.000000,3.4393050
34214481.,90.000000,5.2218517
34214481.,91.000000,4.3862715
34214527.,81.000000,6.3221297
34214527.,82.000000,5.4579458
34214527.,83.000000,5.4251743
34214527.,84.000000,5.8545763
34214527.,85.000000,7.3898127
34214527.,86.000000,5.6932817
34214527.,87.000000,5.3912867
34214527.,88.000000,5.4016839
34214527.,89.000000,5.5968656
34214527.,90.000000,5.8991236
34214549.,81.000000,7.0114170
34214549.,82.000000,6.8468515
34214549.,83.000000,5.6956807
34214884.,81.000000,6.6904469
34214884.,82.000000,5.0840870
34214885.,81.000000,5.9717689
34214885.,82.000000,5.2727532
34214885.,83.000000,3.5252482
34214885.,84.000000,4.3701124
34214885.,85.000000,3.5517264
34214885.,86.000000,2.8965476
34214898.,81.000000,8.2235034
34214898.,82.000000,7.6278123
34214921.,81.000000,5.5668611
34214921.,82.000000,6.1005489
34214921.,83.000000,6.2120584
34214921.,84.000000,6.0889646
34214921.,85.000000,6.2233798
34214921.,86.000000,5.3733061
34214921.,87.000000,5.0819067
34214921.,88.000000,5.1961053
34214921.,89.000000,5.0409907
34214921.,90.000000,5.3823520
34214921.,91.000000,5.6235616
34214937.,81.000000,5.1186876
34214937.,82.000000,4.7679574
34214937.,83.000000,5.7497215
34214937.,84.000000,4.8932257
34214937.,85.000000,4.3888479
34214937.,86.000000,2.8462223
34214937.,87.000000,3.9448636
34214937.,88.000000,3.6188144
34214937.,89.000000,4.6902152
34214937.,90.000000,3.6683399
34214937.,91.000000,4.0307640
34215061.,81.000000,5.7807219
34215061.,82.000000,5.4481347
34215061.,83.000000,4.3288577
34215061.,84.000000,6.3015836
34215097.,81.000000,6.9011369
34215097.,82.000000,8.2894238
34215177.,81.000000,5.0418063
34215234.,81.000000,6.6415686
34215234.,82.000000,6.4400949
34215355.,81.000000,4.2472260
34215355.,82.000000,4.6132099
34215355.,83.000000,5.4528550
34215355.,84.000000,4.4967514
34215355.,85.000000,4.4151517
34215355.,86.000000,4.3124214
34215355.,87.000000,4.7525221
34215355.,88.000000,4.7909995
34215355.,89.000000,5.6373737
34215409.,81.000000,6.7863135
34215409.,82.000000,6.2575917
34215409.,83.000000,5.9435087
34215682.,81.000000,6.3884772
34215682.,82.000000,5.9555486
34215682.,83.000000,6.0441629
34215682.,84.000000,7.0261535
34215682.,85.000000,5.2442511
34215682.,86.000000,4.6750757
34215682.,87.000000,4.5030254
34215682.,88.000000,4.9179635
34215682.,89.000000,6.4383804
34215682.,90.000000,5.3899716
34215682.,91.000000,5.6030569
34216311.,81.000000,4.8781508
34216311.,82.000000,5.0283382
34216375.,81.000000,3.4292779
34216375.,82.000000,6.4976945
34217178.,85.000000,5.2399867
34217178.,86.000000,6.1625320
34217178.,87.000000,4.7832486
34217178.,88.000000,5.8928802
34217178.,89.000000,5.9779698
34217178.,90.000000,5.8545471
34217178.,91.000000,5.5729623
34217181.,90.000000,4.8667687
34217181.,91.000000,5.3257100
34217182.,81.000000,4.6095296
34217182.,82.000000,4.5993945
34217182.,83.000000,3.6121158
34217182.,84.000000,3.7216131
34217182.,85.000000,4.1974521
34217182.,86.000000,4.6765281
34217182.,87.000000,3.5753258
34217182.,88.000000,4.0854440
34217182.,89.000000,3.9638695
34217182.,90.000000,4.9135656
34217182.,91.000000,4.1656658
34217185.,81.000000,5.8464121
34217185.,82.000000,5.8279904
34217185.,83.000000,4.8497236
34217185.,84.000000,5.8068819
34217185.,85.000000,5.7424231
34217185.,86.000000,5.0660665
34217185.,87.000000,5.0460780
34217185.,88.000000,4.5674089
34217185.,89.000000,4.5594838
34217185.,90.000000,4.6407191
34217185.,91.000000,4.0763983
34217186.,81.000000,10.442557
34217186.,82.000000,4.0371127
34217187.,81.000000,6.2548355
34217187.,82.000000,5.3726697
34217187.,83.000000,5.3762624
34217189.,81.000000,4.8121407
34217189.,82.000000,5.8849390
34217189.,83.000000,5.7875683
34217189.,84.000000,5.6066712
34217189.,85.000000,5.9471851
34217189.,86.000000,5.2893730
34217189.,87.000000,5.2266015
34217189.,88.000000,5.8793715
34217189.,89.000000,5.5273979
34217189.,90.000000,5.1806759
34217189.,91.000000,6.5756574
34217190.,81.000000,6.1188246
34217190.,82.000000,6.5124507
34217190.,83.000000,4.8988356
34217190.,84.000000,5.1954881
34217190.,85.000000,4.3847577
34217190.,86.000000,5.0637917
34217190.,87.000000,5.2647945
34217190.,88.000000,5.7904439
34217190.,89.000000,6.2393096
34217190.,90.000000,5.9699669
34217190.,91.000000,5.8997587
34217192.,81.000000,7.9508574
34217193.,81.000000,6.1267745
34217193.,82.000000,6.7746587
34217193.,83.000000,6.4788086
34217195.,81.000000,5.3146537
34217195.,82.000000,4.8690980
34217195.,83.000000,5.3079024
34217195.,84.000000,5.4039117
34217195.,85.000000,5.6065803
34217195.,86.000000,6.3039551
34217195.,87.000000,5.4537363
34217195.,88.000000,6.0156028
34217195.,89.000000,6.2023752
34217195.,90.000000,5.7482947
34217195.,91.000000,5.8026394
34217197.,81.000000,7.0959914
34217197.,82.000000,6.8130658
34217203.,81.000000,5.3780516
34217203.,82.000000,4.2825738
34217203.,83.000000,3.8652285
34217203.,84.000000,4.4186225
34217204.,81.000000,5.5941931
34217204.,82.000000,2.9443940
34217206.,81.000000,14.620913
34217206.,82.000000,24.295856
34217207.,81.000000,4.6136706
34217207.,82.000000,4.4987737
34217207.,83.000000,4.8541613
34217207.,84.000000,5.2069575
34217207.,85.000000,4.5171954
34217207.,86.000000,4.7603156
34217207.,87.000000,4.4905047
34217207.,88.000000,4.2856742
34217207.,89.000000,5.6192735
34217207.,90.000000,5.4437192
34217207.,91.000000,5.0283132
34217208.,81.000000,5.7055409
34217208.,82.000000,5.6460216
34217208.,83.000000,6.4938208
34217208.,84.000000,6.3131388
34217208.,85.000000,5.7915937
34217208.,86.000000,5.8247207
34217208.,87.000000,5.8385485
34217208.,88.000000,5.8793420
34217208.,89.000000,5.3256355
34217208.,90.000000,4.1967125
34217208.,91.000000,4.1465192
34217210.,81.000000,5.1464781
34217210.,82.000000,5.9920363
34217211.,81.000000,5.6118845
34217211.,82.000000,6.2293156
34217211.,83.000000,6.5669824
34217211.,84.000000,7.1606413
34217211.,85.000000,6.4915841
34217211.,86.000000,5.6870025
34217211.,87.000000,5.7045405
34217211.,88.000000,6.8147971
34217212.,81.000000,3.3896202
34217212.,82.000000,4.8790301
34217212.,83.000000,5.1975433
34217214.,81.000000,1.1578555
34217215.,81.000000,5.5183786
34217215.,82.000000,5.0591332
34217215.,83.000000,4.7912370
34217216.,81.000000,7.1154617
34217216.,82.000000,7.8960578
34217216.,83.000000,7.9210089
34217216.,84.000000,7.1661521
34217216.,85.000000,7.6743929
34217216.,86.000000,7.5307901
34217217.,81.000000,9.4402963
34217217.,82.000000,10.591447
34217217.,83.000000,9.4877875
34217217.,84.000000,9.4193411
34217217.,85.000000,7.7509067
34217219.,81.000000,5.5911582
34217219.,82.000000,5.0690652
34217219.,83.000000,6.0991660
34217221.,81.000000,8.0213089
34217222.,82.000000,5.6489308
34217222.,83.000000,4.9109091
34217222.,84.000000,6.0293160
34217222.,85.000000,5.6841394
34217222.,86.000000,5.6952224
34217222.,87.000000,4.7534070
34217222.,88.000000,4.8155361
34217222.,89.000000,5.1470218
34217222.,90.000000,4.6471087
34217222.,91.000000,5.5173101
34217229.,81.000000,9.0081578
34217229.,82.000000,7.6371155
34217231.,81.000000,4.5511396
34217231.,82.000000,5.3402389
34217231.,83.000000,4.8933724
34217231.,84.000000,4.6455549
34217231.,85.000000,4.6305409
34217231.,86.000000,4.0821795
34217231.,87.000000,4.5222592
34217231.,88.000000,4.3817809
34217231.,89.000000,5.1782736
34217231.,90.000000,4.9556438
34217231.,91.000000,5.7477110
34217232.,82.000000,6.2522410
34217232.,83.000000,6.4289741
34217232.,84.000000,5.8464456
34217232.,85.000000,6.8526311
34217232.,86.000000,7.7405170
34217232.,87.000000,6.9059788
34217232.,88.000000,5.3632319
34217232.,89.000000,6.7961990
34217232.,90.000000,6.7334833
34217281.,88.000000,4.3138341
34217281.,89.000000,4.8437229
34217550.,81.000000,5.8544697
34218051.,81.000000,4.9754272
34218051.,82.000000,7.7185688
34218056.,85.000000,8.3436243
34218056.,86.000000,9.3775635
34218056.,87.000000,8.9888169
34218056.,88.000000,9.6860334
34218056.,89.000000,10.231992
34218056.,90.000000,8.7985375
34218061.,81.000000,5.7615825
34218061.,82.000000,4.9993639
34218061.,83.000000,5.1714781
34218061.,84.000000,4.5998866
34218061.,85.000000,4.3677204
34218062.,81.000000,4.4314504
34218062.,82.000000,4.4128456
34218066.,81.000000,7.3287843
34218066.,82.000000,5.0876387
34218066.,83.000000,5.1077171
34218066.,84.000000,4.7390026
34218066.,85.000000,4.6106992
34218066.,86.000000,6.3669531
34218066.,87.000000,5.2702708
34218066.,88.000000,4.1251879
34218066.,89.000000,3.9700959
34218066.,90.000000,3.8158037
34218066.,91.000000,3.1990945
34218067.,81.000000,4.1980309
34218067.,82.000000,4.3176337
34218067.,83.000000,3.1639869
34218067.,84.000000,4.1345685
34218067.,85.000000,3.2574721
34218067.,86.000000,4.7415732
34218067.,87.000000,4.5608942
34218067.,88.000000,3.9608917
34218067.,89.000000,3.5098550
34218067.,90.000000,3.3286017
34218067.,91.000000,4.2501635
34218069.,81.000000,3.4198815
34218069.,82.000000,4.1534666
34218069.,83.000000,4.5728381
34218071.,81.000000,4.1451988
34218071.,82.000000,4.7292883
34218071.,83.000000,3.8061591
34218071.,84.000000,4.2500955
34218071.,85.000000,2.7927285
34218071.,86.000000,4.4913673
34218072.,81.000000,6.4399751
34218072.,82.000000,7.9350451
34218073.,81.000000,3.6445545
34218073.,82.000000,3.5451328
34218073.,83.000000,4.2798826
34218073.,84.000000,4.9324804
34218073.,85.000000,4.1627690
34218073.,86.000000,3.8277478
34218073.,87.000000,4.1209904
34218073.,88.000000,4.1127132
34218073.,89.000000,3.7946558
34218073.,90.000000,3.4691987
34218073.,91.000000,2.8513420
34218077.,81.000000,6.1053722
34218077.,82.000000,4.9541177
34218079.,81.000000,7.6150612
34218079.,82.000000,7.2670731
34218083.,81.000000,9.6697111
34218083.,82.000000,9.8036870
34218084.,81.000000,5.6705031
34218084.,82.000000,5.7379857
34218084.,83.000000,4.4937280
34218084.,84.000000,5.5448835
34218084.,85.000000,5.5176693
34218084.,86.000000,5.0260655
34218084.,87.000000,5.7551982
34218084.,88.000000,5.7540279
34218084.,89.000000,5.2395407
34218084.,90.000000,5.1340250
34218084.,91.000000,5.3830952
34218085.,81.000000,7.1898647
34218086.,81.000000,5.1288670
34218086.,82.000000,5.7802242
34218086.,83.000000,5.1416414
34218086.,85.000000,5.1031761
34218086.,86.000000,4.9599444
34218086.,87.000000,6.3075631
34218086.,88.000000,6.2674581
34218086.,89.000000,7.1135522
34218096.,81.000000,4.5995439
34218096.,82.000000,5.5349731
34218096.,83.000000,4.7956308
34218096.,84.000000,4.3866478
34218096.,85.000000,4.3645058
34218096.,86.000000,4.0112662
34218096.,87.000000,3.9236863
34218098.,81.000000,6.7679571
34218098.,82.000000,6.4042894
34218098.,83.000000,5.4934622
34218098.,84.000000,6.2529799
34218098.,85.000000,5.8384751
34218098.,86.000000,5.9514313
34218098.,87.000000,6.3293915
34218098.,88.000000,6.5417225
34218098.,89.000000,6.5440147
34218098.,90.000000,6.4063094
34218098.,91.000000,6.8882321
34218099.,81.000000,4.8552004
34218099.,82.000000,2.9707961
34218099.,85.000000,5.0524366
34218099.,86.000000,4.5553637
34218099.,87.000000,4.2428636
34218099.,88.000000,4.1678561
34218099.,89.000000,4.2492925
34218099.,90.000000,3.2238075
34218099.,91.000000,3.1141373
34218100.,81.000000,7.0660904
34218100.,82.000000,7.3069317
34218100.,83.000000,7.0174543
34218102.,81.000000,4.1863713
34218102.,82.000000,4.3196562
34218102.,83.000000,4.0316440
34218102.,84.000000,4.6690948
34218102.,85.000000,4.6661529
34218102.,86.000000,4.7981248
34218102.,87.000000,4.8242970
34218102.,88.000000,4.7747560
34218102.,89.000000,4.8862900
34218102.,90.000000,5.5593246
34218102.,91.000000,5.6220594
34218104.,81.000000,5.1050755
34218104.,82.000000,8.5006689
34218104.,83.000000,5.7723243
34218105.,81.000000,4.5231153
34218105.,82.000000,6.2193741
34218105.,83.000000,4.1573235
34218105.,84.000000,4.8579066
34218105.,85.000000,5.9459277
34218105.,86.000000,4.3947992
34218105.,87.000000,4.9737428
34218105.,88.000000,5.2218102
34218105.,89.000000,5.2058905
34218105.,90.000000,6.1238693
34218105.,91.000000,5.8813044
34218106.,81.000000,7.0748904
34218106.,82.000000,6.5806923
34218107.,81.000000,16.126881
34218107.,82.000000,7.2283627
34218107.,83.000000,7.8550950
34218107.,86.000000,7.8176101
34218107.,87.000000,9.3983540
34218107.,88.000000,7.0526118
34218108.,81.000000,4.4229621
34218436.,81.000000,8.1264191
34218436.,82.000000,5.8733360
34218445.,89.000000,6.1117291
34218445.,90.000000,6.5233725
34218445.,91.000000,4.1990236
34218980.,81.000000,7.4537755
34218980.,83.000000,6.6363220
34218980.,84.000000,7.0167214
34218980.,85.000000,6.1780200
34218980.,86.000000,5.6416923
34218980.,87.000000,4.9426000
34218980.,88.000000,3.8876447
34218980.,89.000000,3.8486720
34218980.,90.000000,4.4417534
34218980.,91.000000,4.1536657
34218981.,83.000000,4.8020225
34218981.,84.000000,4.6484107
34218992.,81.000000,7.7008605
34218992.,82.000000,4.8402319
34218993.,81.000000,5.8850608
34218993.,82.000000,2.8738604
34218993.,83.000000,5.9433798
34218996.,81.000000,4.8651797
34218996.,82.000000,5.1336092
34218996.,83.000000,5.1264662
34218996.,84.000000,5.4938157
34218996.,85.000000,6.2204514
34218996.,86.000000,6.1358517
34218997.,81.000000,5.4423636
34218997.,82.000000,4.6057731
34218997.,83.000000,4.5580960
34218997.,84.000000,5.8696245
34218997.,85.000000,5.4281242
34218997.,86.000000,4.6430429
34218997.,87.000000,4.7972267
34218997.,88.000000,4.8077001
34218997.,89.000000,4.3158448
34218997.,90.000000,4.6827994
34218998.,81.000000,5.9579804
34218998.,82.000000,6.7686785
34218998.,83.000000,5.2718868
34218999.,81.000000,5.0216091
34219000.,81.000000,6.1233945
34219000.,82.000000,8.5825972
34219000.,83.000000,8.5526169
34219000.,84.000000,6.5346854
34219001.,81.000000,6.6809480
34219001.,82.000000,7.0754071
34219002.,81.000000,5.6441339
34219002.,82.000000,4.4622306
34219003.,81.000000,5.3917796
34219004.,81.000000,6.4158482
34219004.,82.000000,6.7642771
34219004.,83.000000,6.2593230
34219004.,84.000000,5.9453175
34219004.,85.000000,5.1527657
34219006.,81.000000,5.7663917
34219009.,81.000000,4.9426886
34219009.,83.000000,4.2473696
34219009.,84.000000,5.2542044
34219009.,85.000000,5.2120619
34219009.,86.000000,5.2079853
34219009.,87.000000,5.5456801
34219009.,88.000000,5.1222409
34219009.,89.000000,5.8046810
34219009.,90.000000,5.4597297
34219009.,91.000000,5.1881187
34219010.,84.000000,4.5123765
34219011.,81.000000,4.2638741
34219011.,82.000000,5.7130129
34219012.,81.000000,5.7750544
34219013.,81.000000,4.8416385
34219013.,82.000000,6.5453796
34219013.,83.000000,6.3354657
34219014.,81.000000,8.2817519
34219014.,82.000000,7.5482840
34219014.,83.000000,5.2614226
34219016.,81.000000,4.2389969
34219016.,82.000000,7.3153592
34219016.,83.000000,6.6203717
34219016.,84.000000,5.6072753
34219016.,85.000000,5.7207050
34219016.,86.000000,5.1765718
34219016.,87.000000,4.8629499
34219016.,88.000000,4.5969169
34219016.,89.000000,7.0077838
34219016.,90.000000,5.6603683
34219016.,91.000000,3.2980887
34219017.,81.000000,3.8805868
34219017.,82.000000,4.1988970
34219017.,83.000000,6.4436021
34219017.,84.000000,5.2527755
34219017.,85.000000,6.6595762
34219017.,86.000000,5.9280271
34219017.,87.000000,5.3421117
34219017.,88.000000,6.2527625
34219017.,89.000000,5.7816527
34219017.,90.000000,6.0888623
34219017.,91.000000,6.1552396
34219019.,81.000000,6.8950582
34219019.,82.000000,6.9139347
34219019.,83.000000,6.5380583
34219019.,84.000000,6.6465731
34219019.,85.000000,6.5357793
34219019.,86.000000,6.4045163
34219019.,87.000000,6.5345351
34219020.,81.000000,4.7291750
34219020.,82.000000,5.1706475
34219020.,83.000000,5.6741272
34219020.,84.000000,5.2962959
34219020.,85.000000,5.4050889
34219020.,86.000000,5.7229232
34219020.,87.000000,5.5718503
34219020.,88.000000,5.7925903
34219020.,89.000000,4.9968517
34219020.,90.000000,4.8610958
34219020.,91.000000,4.5811428
34219021.,81.000000,5.3832031
34219021.,82.000000,6.7802408
34219022.,81.000000,3.4105881
34219022.,82.000000,3.8535328
34219022.,83.000000,4.4297115
34219022.,84.000000,4.5231948
34219022.,85.000000,5.4089740
34219022.,86.000000,5.0230769
34219023.,81.000000,5.3397815
34219023.,82.000000,6.1629161
34219023.,83.000000,5.9476798
34219023.,84.000000,6.0088384
34219023.,85.000000,5.6577542
34219026.,81.000000,4.9261667
34219026.,82.000000,4.8520880
34219026.,83.000000,4.8661938
34219026.,84.000000,4.7356081
34219026.,85.000000,4.7132885
34219026.,86.000000,4.9315414
34219026.,87.000000,5.2330267
34219026.,88.000000,4.6445681
34219027.,81.000000,5.8850618
34219027.,82.000000,5.8129938
34219027.,83.000000,5.9756065
34219027.,84.000000,6.0327300
34219027.,85.000000,5.1035166
34219027.,86.000000,5.0320462
34219027.,87.000000,5.8206254
34219027.,88.000000,6.1647945
34219027.,89.000000,5.3135013
34219027.,90.000000,5.9402690
34219027.,91.000000,6.3926966
34219028.,81.000000,5.9948014
34219028.,82.000000,5.3025304
34219028.,83.000000,5.7847583
34219029.,81.000000,4.9876066
34219029.,82.000000,5.6590017
34219029.,83.000000,5.5949885
34219029.,84.000000,3.5606027
34219030.,84.000000,5.9499893
34219031.,81.000000,6.4907443
34219031.,82.000000,4.7860418
34219031.,83.000000,3.7693498
34219031.,84.000000,4.4461794
34219031.,85.000000,4.9809401
34219031.,86.000000,5.3849004
34219033.,81.000000,7.8911697
34219034.,81.000000,6.0294270
34219034.,82.000000,6.9090083
34219034.,83.000000,5.8892971
34219034.,84.000000,7.4130308
34219035.,81.000000,5.4830431
34219035.,82.000000,5.0103288
34219036.,81.000000,4.2658986
34219036.,82.000000,4.2837361
34219036.,83.000000,3.3995707
34219036.,84.000000,4.4404046
34219036.,85.000000,4.8614372
34219036.,86.000000,5.0916278
34219036.,87.000000,5.5498067
34219036.,88.000000,5.4075307
34219037.,81.000000,5.2681116
34219037.,82.000000,6.4629089
34219038.,81.000000,3.7998230
34219038.,82.000000,4.7423802
34219038.,83.000000,4.6365851
34219038.,84.000000,4.7247141
34219038.,85.000000,4.1317373
34219039.,81.000000,4.6167384
34219039.,82.000000,5.2603305
34219039.,83.000000,8.7886308
34219039.,84.000000,6.2632098
34219039.,85.000000,8.9144252
34219039.,86.000000,10.541051
34219039.,87.000000,8.3424348
34219039.,88.000000,7.8829768
34219039.,89.000000,8.7806847
34219039.,90.000000,7.5493612
34219039.,91.000000,7.7525304
34219040.,81.000000,4.0630708
34219040.,82.000000,3.7121969
34219040.,83.000000,3.4468536
34219040.,84.000000,3.6677556
34219040.,85.000000,3.5939485
34219040.,86.000000,3.4472580
34219040.,87.000000,3.5264800
34219040.,88.000000,4.1531915
34219040.,89.000000,4.7635410
34219040.,90.000000,5.3026100
34219040.,91.000000,5.3120236
34219041.,81.000000,4.0510517
34219043.,81.000000,6.8798409
34219043.,82.000000,6.7904627
