plant       ,year        ,productivity
10423.000,81.000000,4418.5641
10423.000,82.000000,4177.6821
10423.000,83.000000,3799.6441
10423.000,84.000000,4009.8883
10423.000,85.000000,4468.3780
10423.000,86.000000,4434.6667
10423.000,87.000000,4661.2445
10423.000,88.000000,4714.0729
10423.000,89.000000,4988.5951
10423.000,90.000000,4768.4333
10423.000,91.000000,4728.8497
10424.000,81.000000,4514.1211
10424.000,82.000000,4524.2165
10424.000,83.000000,4118.7023
10424.000,84.000000,4631.4823
10424.000,85.000000,4509.8983
10424.000,86.000000,3862.3024
10424.000,87.000000,4095.9600
10424.000,88.000000,3929.3391
10424.000,89.000000,3931.8060
10424.000,90.000000,4151.1959
10424.000,91.000000,3868.9519
10425.000,81.000000,3356.3610
10425.000,82.000000,6010.2847
10425.000,83.000000,4894.1059
10425.000,84.000000,6359.9047
10425.000,85.000000,4689.4998
10426.000,81.000000,2618.7104
10426.000,82.000000,3340.8181
10426.000,83.000000,3744.2999
10426.000,84.000000,4134.3218
10426.000,85.000000,4467.8110
10426.000,86.000000,4018.0146
10426.000,87.000000,3377.7031
10426.000,88.000000,2942.8438
10426.000,89.000000,2997.6885
10426.000,90.000000,3319.1679
10426.000,91.000000,3116.7946
10427.000,81.000000,4890.7248
10427.000,82.000000,4183.8394
10427.000,83.000000,4112.3262
10427.000,84.000000,4161.1126
10427.000,85.000000,3983.0108
10427.000,86.000000,4189.6677
10427.000,87.000000,4380.4133
10427.000,88.000000,4758.2048
10427.000,89.000000,4691.0466
10427.000,90.000000,5277.8451
10427.000,91.000000,5404.9627
10428.000,81.000000,5815.4169
10428.000,82.000000,5197.4144
10428.000,83.000000,4518.5246
10428.000,84.000000,5132.0600
10428.000,85.000000,5118.2983
10428.000,86.000000,5542.7233
10428.000,87.000000,5072.5543
10428.000,88.000000,7203.2271
10428.000,89.000000,7038.9445
10428.000,90.000000,6384.6646
10428.000,91.000000,6201.4909
10429.000,81.000000,3859.7828
10429.000,82.000000,3075.0454
10429.000,83.000000,3206.1842
10429.000,84.000000,4228.1557
10429.000,85.000000,4003.9661
10429.000,86.000000,3754.1285
10429.000,87.000000,3988.9768
10429.000,88.000000,3991.1697
10429.000,89.000000,4414.2713
10429.000,90.000000,5972.0470
10429.000,91.000000,6369.1849
10431.000,81.000000,5374.9362
10431.000,82.000000,7881.9310
10431.000,83.000000,5231.1750
10431.000,84.000000,5045.1977
10431.000,85.000000,5375.6458
10431.000,86.000000,5612.8285
10431.000,87.000000,5273.0378
10431.000,88.000000,5288.5555
10431.000,89.000000,4754.1430
10431.000,90.000000,4509.5313
10431.000,91.000000,5445.5535
10432.000,81.000000,3934.6381
10432.000,82.000000,4531.1173
10432.000,83.000000,3295.3024
10432.000,84.000000,3217.1642
10432.000,85.000000,5908.3851
10432.000,86.000000,4925.0775
10432.000,87.000000,4575.8646
10432.000,88.000000,4791.8889
10432.000,89.000000,3698.7932
10432.000,90.000000,5003.0216
10432.000,91.000000,3728.0299
10433.000,81.000000,5736.6283
10433.000,82.000000,6158.2651
10433.000,83.000000,5931.7695
10433.000,84.000000,6106.2860
10433.000,85.000000,6222.6473
10433.000,86.000000,5302.8730
10433.000,87.000000,5151.3594
10433.000,88.000000,5894.4523
10433.000,89.000000,5482.9547
10433.000,90.000000,5031.8323
10433.000,91.000000,4466.3766
10434.000,81.000000,4299.8440
10434.000,82.000000,4797.8680
10434.000,83.000000,4948.4636
10434.000,84.000000,4350.7383
10434.000,85.000000,6883.4476
10434.000,86.000000,4096.0604
10434.000,87.000000,4277.8316
10434.000,88.000000,4477.1008
10434.000,89.000000,4516.5957
10434.000,90.000000,4470.6675
10434.000,91.000000,4503.7280
10435.000,81.000000,4536.0184
10435.000,82.000000,4162.6187
10435.000,83.000000,4020.8014
10435.000,84.000000,3840.2314
10435.000,85.000000,3753.8611
10435.000,86.000000,3511.7090
10435.000,87.000000,3629.6947
10435.000,88.000000,3557.4819
10435.000,89.000000,3676.5546
10435.000,90.000000,3688.4343
10435.000,91.000000,3962.7778
10436.000,81.000000,4159.3333
10436.000,82.000000,4257.2859
10436.000,83.000000,2925.2738
10436.000,84.000000,5751.2862
10436.000,85.000000,4875.9273
10436.000,86.000000,4736.8731
10436.000,87.000000,5066.6064
10436.000,88.000000,5181.0159
10436.000,89.000000,5371.1669
10436.000,90.000000,5293.7047
10436.000,91.000000,4441.4160
10437.000,81.000000,4749.6047
10437.000,82.000000,4794.2402
10437.000,83.000000,4546.4158
10437.000,84.000000,4080.2092
10437.000,85.000000,4706.3619
10437.000,86.000000,4724.7164
10437.000,87.000000,2585.5355
10437.000,88.000000,3835.4251
10438.000,81.000000,5458.9479
10438.000,82.000000,4910.1970
10438.000,83.000000,4145.0628
10438.000,84.000000,3397.4939
10438.000,85.000000,6653.8747
10438.000,86.000000,7229.1087
10438.000,87.000000,7229.6681
10438.000,88.000000,2502.9558
10438.000,89.000000,1159.5909
10438.000,90.000000,1875.0909
10438.000,91.000000,3586.3591
10439.000,81.000000,4062.6813
10439.000,82.000000,4640.9433
10439.000,83.000000,4672.9065
10439.000,84.000000,4502.8018
10439.000,85.000000,4579.3460
10439.000,86.000000,4088.6854
10439.000,87.000000,3981.5248
10439.000,88.000000,4430.4293
10439.000,89.000000,4089.8883
10439.000,90.000000,4432.9842
10439.000,91.000000,5370.0768
10441.000,81.000000,4075.1980
10441.000,82.000000,3958.2693
10441.000,83.000000,4935.8416
10441.000,84.000000,4334.2867
10441.000,85.000000,4120.6262
10441.000,86.000000,3715.9529
10441.000,87.000000,4270.8590
10441.000,88.000000,3935.0922
10441.000,89.000000,4771.9330
10441.000,90.000000,3932.6992
10441.000,91.000000,3717.8583
10442.000,81.000000,3690.3548
10442.000,82.000000,4288.8248
10442.000,83.000000,3229.2978
10442.000,84.000000,4058.7333
10442.000,85.000000,4044.6948
10442.000,86.000000,3648.1169
10442.000,87.000000,3703.5212
10442.000,88.000000,3816.0460
10442.000,89.000000,3478.9021
10442.000,90.000000,3341.7127
10442.000,91.000000,3733.3148
10443.000,81.000000,3396.5774
10443.000,82.000000,3605.8460
10443.000,83.000000,3766.9442
10443.000,84.000000,3767.8973
10443.000,85.000000,3889.0107
10443.000,86.000000,3777.5617
10443.000,87.000000,3835.1330
10443.000,88.000000,3832.1667
10443.000,89.000000,3793.8689
10443.000,90.000000,3783.5225
10443.000,91.000000,4246.6969
10444.000,81.000000,4875.4458
10444.000,82.000000,4597.8211
10444.000,83.000000,4621.8665
10444.000,84.000000,5176.9766
10444.000,85.000000,5155.9560
10444.000,86.000000,5421.4083
10444.000,87.000000,5544.9860
10444.000,88.000000,5867.8016
10444.000,89.000000,5733.2105
10444.000,90.000000,5686.9596
10444.000,91.000000,5511.1073
10445.000,81.000000,3697.8534
10445.000,82.000000,4155.7837
10445.000,83.000000,4241.7031
10445.000,84.000000,4326.7261
10445.000,85.000000,4636.3330
10445.000,86.000000,4886.2631
10445.000,87.000000,4813.9740
10445.000,88.000000,4367.1667
10445.000,89.000000,4183.0354
10445.000,90.000000,4828.1879
10445.000,91.000000,4696.9368
10446.000,81.000000,3330.9875
10446.000,82.000000,3593.6875
10446.000,83.000000,4022.4023
10446.000,84.000000,4071.4203
10446.000,85.000000,3380.1552
10446.000,86.000000,3407.5303
10446.000,87.000000,3090.5435
10446.000,88.000000,3247.4284
10446.000,89.000000,3089.0929
10446.000,90.000000,3477.4452
10446.000,91.000000,3726.4412
10447.000,81.000000,3947.5479
10447.000,82.000000,4249.7211
10447.000,83.000000,4320.3490
10447.000,84.000000,5225.5079
10447.000,85.000000,5250.7640
10447.000,86.000000,5631.0251
10447.000,87.000000,5891.3858
10447.000,88.000000,5884.6074
10447.000,89.000000,5565.4081
10447.000,90.000000,5887.5793
10447.000,91.000000,5851.5888
10448.000,81.000000,7673.4838
10448.000,82.000000,9479.9652
10448.000,83.000000,9676.1848
10448.000,84.000000,8194.1651
10448.000,85.000000,6438.2947
10448.000,86.000000,8551.1183
10450.000,81.000000,4981.1916
10450.000,82.000000,4704.6143
10450.000,83.000000,5529.0278
10450.000,84.000000,5458.4236
10450.000,85.000000,4387.8263
10450.000,86.000000,4071.0639
10450.000,87.000000,4324.3201
10450.000,88.000000,4397.3197
10450.000,89.000000,4515.1521
10450.000,90.000000,4312.1104
10450.000,91.000000,4423.6137
10451.000,81.000000,3878.9560
10451.000,82.000000,4289.0175
10451.000,83.000000,4646.2107
10451.000,84.000000,4602.7795
10451.000,85.000000,4892.7184
10451.000,86.000000,4780.4411
10451.000,87.000000,4602.2906
10451.000,88.000000,4739.0794
10451.000,89.000000,4665.4614
10451.000,90.000000,5002.9630
10451.000,91.000000,4893.5145
10452.000,81.000000,4425.6520
10452.000,82.000000,4302.9855
10452.000,83.000000,4018.0177
10452.000,84.000000,4533.4986
10452.000,85.000000,5280.9085
10452.000,86.000000,4571.8419
10452.000,87.000000,4979.8142
10452.000,88.000000,4660.3398
10452.000,89.000000,4793.1056
10452.000,90.000000,4659.9314
10452.000,91.000000,5010.0983
10453.000,81.000000,5090.2685
10453.000,82.000000,5903.6970
10453.000,83.000000,6360.3730
10453.000,84.000000,6354.7881
10453.000,85.000000,5925.9014
10453.000,86.000000,4122.6657
10453.000,87.000000,4553.4761
10453.000,88.000000,4861.7712
10453.000,89.000000,4982.3136
10453.000,90.000000,4659.7280
10453.000,91.000000,4369.8078
10454.000,81.000000,4250.3978
10454.000,82.000000,4254.7462
10454.000,83.000000,3816.2734
10454.000,84.000000,4276.4061
10454.000,85.000000,4330.8957
10454.000,86.000000,4612.7687
10454.000,87.000000,4838.6829
10454.000,88.000000,4873.8558
10454.000,89.000000,4592.6182
10454.000,90.000000,4704.0039
10454.000,91.000000,4902.5657
10455.000,81.000000,5416.0876
10455.000,82.000000,6544.7564
10455.000,83.000000,5832.4394
10455.000,84.000000,6071.7471
10455.000,85.000000,6627.1234
10455.000,86.000000,6620.6889
10455.000,87.000000,6803.0982
10455.000,88.000000,6461.3632
10455.000,89.000000,6368.9185
10455.000,90.000000,6207.3875
10455.000,91.000000,7002.8630
10456.000,81.000000,4914.4554
10456.000,82.000000,4219.8630
10456.000,83.000000,4083.4977
10456.000,84.000000,4272.8882
10456.000,85.000000,3561.3933
10456.000,86.000000,3470.5557
10456.000,87.000000,3568.1736
10456.000,88.000000,3687.4369
10456.000,89.000000,3504.3655
10456.000,90.000000,3501.7706
10456.000,91.000000,3767.3118
10457.000,81.000000,3856.9707
10457.000,82.000000,4435.4449
10457.000,83.000000,3741.9056
10457.000,84.000000,4115.6607
10457.000,85.000000,4078.1187
10457.000,86.000000,4669.8389
10457.000,87.000000,3827.4686
10457.000,88.000000,4132.5959
10457.000,89.000000,3790.6722
10457.000,90.000000,4612.1055
10457.000,91.000000,3513.4052
10458.000,81.000000,3888.8845
10458.000,82.000000,4336.2845
10458.000,83.000000,3674.8326
10458.000,84.000000,4298.9296
10458.000,85.000000,4416.9783
10458.000,86.000000,4246.8490
10458.000,87.000000,4072.6271
10458.000,88.000000,4137.6254
10458.000,89.000000,4061.9798
10458.000,90.000000,4595.2431
10458.000,91.000000,4247.8484
10459.000,81.000000,4216.1769
10459.000,82.000000,5571.5990
10459.000,83.000000,3495.5922
10459.000,84.000000,3734.9994
10459.000,85.000000,3661.3503
10459.000,86.000000,3839.7133
10459.000,87.000000,3888.7903
10459.000,88.000000,3666.7116
10459.000,89.000000,3467.6866
10459.000,90.000000,3604.4207
10459.000,91.000000,5321.1264
10460.000,81.000000,4200.4041
10460.000,82.000000,4303.8983
10460.000,83.000000,4298.8766
10460.000,84.000000,4427.2541
10460.000,85.000000,4281.5807
10460.000,86.000000,4321.8134
10460.000,87.000000,4076.3703
10460.000,88.000000,3939.2903
10460.000,89.000000,4157.1766
10460.000,90.000000,3970.1298
10460.000,91.000000,4377.9027
10461.000,84.000000,3280.1211
10461.000,85.000000,3598.8576
10461.000,86.000000,3734.7918
10461.000,87.000000,4053.9584
10461.000,88.000000,3507.2825
10461.000,89.000000,3565.5093
10461.000,90.000000,3648.1414
10461.000,91.000000,3689.0935
10462.000,81.000000,3847.8867
10462.000,82.000000,4007.8745
10462.000,83.000000,4227.4762
10462.000,84.000000,4062.4372
10462.000,85.000000,3975.0404
10462.000,86.000000,3686.0879
10462.000,87.000000,3836.4729
10462.000,88.000000,4217.9346
10462.000,89.000000,4320.3533
10462.000,90.000000,4004.3042
10462.000,91.000000,3258.7027
10463.000,81.000000,6066.1905
10463.000,82.000000,5888.7446
10463.000,83.000000,5862.5201
10463.000,84.000000,5989.7662
10463.000,85.000000,6445.3771
10463.000,86.000000,6419.6200
10463.000,87.000000,6442.1563
10463.000,88.000000,7042.5801
10463.000,89.000000,6690.7822
10463.000,90.000000,6487.6660
10463.000,91.000000,6803.7428
10464.000,82.000000,3949.1397
10464.000,83.000000,3550.4895
10464.000,84.000000,3738.6966
10464.000,85.000000,3500.4814
10464.000,86.000000,3707.8177
10464.000,87.000000,3753.0877
10464.000,88.000000,3477.6347
10464.000,89.000000,3954.9598
10464.000,90.000000,3583.5007
10465.000,81.000000,4718.4284
10465.000,82.000000,4907.2303
10465.000,83.000000,4437.0694
10465.000,84.000000,5304.1271
10465.000,85.000000,5027.2096
10465.000,86.000000,5208.8618
10466.000,81.000000,3964.8724
10466.000,82.000000,3891.3066
10466.000,83.000000,4100.4890
10466.000,84.000000,4557.0995
10466.000,85.000000,4496.4843
10466.000,86.000000,4359.2144
10466.000,87.000000,4094.1306
10466.000,88.000000,4503.1424
10466.000,89.000000,4636.3282
10466.000,90.000000,4724.4569
10466.000,91.000000,4799.7100
10467.000,81.000000,4265.1347
10467.000,82.000000,3820.8004
10467.000,83.000000,3982.9463
10467.000,84.000000,4312.4459
10467.000,85.000000,4119.3595
10467.000,86.000000,3967.3925
10467.000,87.000000,4071.0793
10467.000,88.000000,4211.9236
10467.000,89.000000,4273.6050
10467.000,90.000000,4088.4734
10467.000,91.000000,4149.9986
10469.000,81.000000,4398.0858
10469.000,82.000000,5536.5249
10469.000,83.000000,4833.9695
10469.000,84.000000,5514.3352
10469.000,85.000000,5120.8528
10469.000,86.000000,4677.8167
10469.000,87.000000,5246.1915
10469.000,88.000000,5734.0194
10469.000,89.000000,5551.5239
10469.000,90.000000,6041.0132
10469.000,91.000000,5425.8510
10470.000,81.000000,4736.5688
10470.000,82.000000,3969.3758
10470.000,83.000000,4033.3667
10470.000,84.000000,4693.5286
10470.000,85.000000,4371.8381
10470.000,86.000000,4489.4566
10470.000,87.000000,3301.0081
10470.000,88.000000,4036.3913
10470.000,89.000000,3914.9679
10470.000,90.000000,3938.1290
10470.000,91.000000,3630.4947
10471.000,81.000000,4005.5913
10471.000,82.000000,4252.7820
10471.000,83.000000,4736.8500
10471.000,84.000000,3936.9355
10471.000,85.000000,3982.2751
10471.000,86.000000,4109.3730
10471.000,87.000000,3554.4491
10471.000,88.000000,4050.5179
10471.000,89.000000,3699.8109
10471.000,90.000000,3118.3369
10471.000,91.000000,3196.0504
10472.000,81.000000,5197.3302
10472.000,82.000000,5385.7302
10472.000,83.000000,4088.3352
10472.000,84.000000,4475.0308
10472.000,85.000000,5655.2395
10472.000,86.000000,6419.5842
10472.000,87.000000,6157.9767
10472.000,88.000000,7345.3051
10472.000,89.000000,6772.3681
10472.000,90.000000,6365.3923
10472.000,91.000000,7456.8943
10473.000,81.000000,3037.4408
10473.000,82.000000,3515.4039
10473.000,83.000000,2951.9907
10473.000,84.000000,3520.6064
10473.000,85.000000,3607.7637
10473.000,86.000000,3512.4851
10473.000,87.000000,4240.6378
10474.000,81.000000,4690.2018
10474.000,82.000000,3985.7728
10474.000,83.000000,3795.9117
10474.000,84.000000,3613.0905
10474.000,85.000000,3571.4451
10474.000,86.000000,3001.2825
10474.000,87.000000,3951.4002
10474.000,88.000000,4236.7410
10475.000,82.000000,3039.4899
10475.000,83.000000,3392.0782
10475.000,84.000000,2875.2849
10475.000,85.000000,3161.3021
10476.000,81.000000,3987.1713
10476.000,82.000000,4258.5185
10476.000,83.000000,3985.8980
10476.000,84.000000,4139.6954
10476.000,85.000000,4143.2688
10476.000,86.000000,3880.0189
10476.000,87.000000,3949.9549
10476.000,88.000000,4202.0938
10476.000,89.000000,4014.8835
10476.000,90.000000,3948.2347
10476.000,91.000000,4101.3243
10477.000,83.000000,3770.2018
10477.000,84.000000,4523.7557
10477.000,85.000000,3908.6161
10477.000,90.000000,3754.9771
10477.000,91.000000,4161.0434
10478.000,81.000000,3837.5448
10478.000,82.000000,3543.5177
10478.000,83.000000,3144.4286
10478.000,84.000000,3416.1721
10478.000,85.000000,3171.8290
10478.000,86.000000,3225.0190
10479.000,81.000000,4403.4228
10479.000,82.000000,3915.5257
10479.000,83.000000,3857.4584
10479.000,84.000000,5073.8469
10479.000,85.000000,4615.5102
10479.000,86.000000,4110.9212
10479.000,87.000000,4348.2195
10479.000,88.000000,4982.1149
10479.000,89.000000,4957.1962
10479.000,90.000000,5317.1661
10479.000,91.000000,4995.6298
10480.000,81.000000,4625.8371
10480.000,82.000000,4183.7601
10480.000,83.000000,3939.8928
10480.000,84.000000,4030.9381
10480.000,85.000000,3764.0182
10480.000,86.000000,3173.7795
10480.000,87.000000,3937.5045
10480.000,88.000000,3264.4724
10480.000,89.000000,3147.3478
10480.000,90.000000,3306.7143
10480.000,91.000000,3977.0543
10481.000,81.000000,4402.0290
10481.000,82.000000,4312.2725
10481.000,83.000000,5047.4853
10481.000,84.000000,4936.5924
10481.000,85.000000,3760.7053
10481.000,86.000000,5265.8374
10481.000,87.000000,4714.8853
10481.000,88.000000,4870.8010
10481.000,89.000000,5799.6027
10481.000,90.000000,5225.9911
10481.000,91.000000,4890.2673
10482.000,81.000000,4394.5959
10482.000,82.000000,5122.3756
10482.000,83.000000,4274.6432
10482.000,84.000000,4554.3034
10482.000,85.000000,5178.1875
10482.000,86.000000,5170.9129
10482.000,87.000000,4925.2692
10482.000,88.000000,4881.6288
10482.000,89.000000,5124.6160
10482.000,90.000000,5363.5529
10482.000,91.000000,6600.2980
10483.000,81.000000,5308.6151
10483.000,82.000000,4532.9142
10483.000,83.000000,4629.0573
10483.000,84.000000,4768.5083
10483.000,85.000000,4788.5771
10483.000,86.000000,4559.2419
10483.000,87.000000,4716.1842
10483.000,88.000000,4383.0619
10483.000,89.000000,4482.0712
10483.000,90.000000,4526.5442
10483.000,91.000000,4608.9018
10484.000,81.000000,3340.9108
10484.000,82.000000,3339.4589
10484.000,83.000000,3397.0019
10484.000,84.000000,3172.8327
10484.000,85.000000,3871.4434
10484.000,86.000000,3555.8314
10484.000,87.000000,3182.5117
10484.000,88.000000,2610.8518
10484.000,89.000000,3091.6006
10484.000,90.000000,2673.9358
10484.000,91.000000,2395.0335
10485.000,81.000000,4001.1036
10485.000,82.000000,4204.2322
10485.000,83.000000,5375.3625
10485.000,84.000000,4238.6030
10485.000,85.000000,4553.0028
10485.000,86.000000,4205.8099
10485.000,87.000000,3755.1037
10485.000,88.000000,3952.1049
10485.000,89.000000,3813.4504
10485.000,90.000000,3569.7036
10485.000,91.000000,4535.3681
10486.000,81.000000,1353.6597
10486.000,82.000000,1351.1523
10486.000,83.000000,1402.5238
10486.000,84.000000,1569.6764
10486.000,85.000000,1551.5263
10486.000,86.000000,1516.6112
10486.000,87.000000,1546.7304
10486.000,88.000000,1621.8471
10487.000,81.000000,5120.8425
10487.000,82.000000,4004.2871
10487.000,83.000000,4388.8498
10487.000,84.000000,4458.7657
10487.000,85.000000,4212.5602
10487.000,86.000000,4343.4828
10487.000,87.000000,4625.0578
10487.000,88.000000,4116.5011
10488.000,81.000000,4311.3897
10488.000,82.000000,4367.1360
10488.000,83.000000,4379.0646
10488.000,84.000000,5321.8670
10488.000,85.000000,4755.1389
10488.000,86.000000,5773.6286
10488.000,87.000000,5736.9812
10488.000,88.000000,6720.0439
10488.000,89.000000,6212.4454
10488.000,90.000000,5331.8713
10488.000,91.000000,5916.0756
10489.000,81.000000,4529.2829
10489.000,82.000000,4368.3588
10489.000,83.000000,4462.1268
10489.000,84.000000,4370.3047
10489.000,85.000000,4660.5657
10489.000,86.000000,4305.5964
10489.000,87.000000,4278.8509
10489.000,88.000000,4354.2341
10489.000,89.000000,4381.4753
10489.000,90.000000,4388.7982
10489.000,91.000000,4751.1885
10490.000,81.000000,5708.1760
10490.000,82.000000,5389.6100
10490.000,83.000000,6189.7915
10490.000,84.000000,5336.6666
10490.000,85.000000,5623.9056
10490.000,86.000000,5432.0812
10490.000,87.000000,5801.6728
10490.000,88.000000,6893.9063
10490.000,89.000000,6587.8991
10491.000,81.000000,4309.9161
10491.000,82.000000,4354.5878
10491.000,83.000000,3906.0943
10491.000,84.000000,4418.3638
10491.000,85.000000,3899.9741
10491.000,86.000000,3786.1702
10491.000,87.000000,4201.3500
10491.000,88.000000,4961.2698
10491.000,89.000000,4655.5033
10491.000,90.000000,3332.4870
10492.000,81.000000,3752.0412
10492.000,82.000000,3943.5083
10492.000,83.000000,3344.5056
10492.000,84.000000,3633.2242
10492.000,85.000000,4093.9325
10492.000,86.000000,4147.7444
10492.000,87.000000,3556.9016
10492.000,88.000000,3650.2363
10492.000,89.000000,3542.2275
10492.000,90.000000,3457.3358
10492.000,91.000000,3466.5223
10493.000,81.000000,4862.6729
10493.000,82.000000,4234.7516
10493.000,83.000000,4599.3500
10493.000,84.000000,4480.2632
10493.000,85.000000,4272.6545
10493.000,86.000000,3838.5994
10493.000,87.000000,4191.9206
10493.000,88.000000,3799.9267
10493.000,89.000000,4177.6567
10493.000,90.000000,4061.8248
10493.000,91.000000,4013.0028
10494.000,81.000000,4299.2865
10494.000,82.000000,4086.7464
10494.000,83.000000,4431.4699
10494.000,84.000000,3223.4019
10494.000,85.000000,2693.8523
10495.000,81.000000,5245.2771
10495.000,82.000000,3882.3628
10495.000,83.000000,2962.2128
10495.000,84.000000,4758.3432
10495.000,85.000000,3950.1185
10495.000,86.000000,4938.1772
10495.000,87.000000,4054.8313
10495.000,88.000000,4049.8344
10495.000,89.000000,4410.3437
10495.000,90.000000,3693.9802
10495.000,91.000000,3588.2010
10496.000,81.000000,4068.1916
10496.000,82.000000,3862.9777
10496.000,83.000000,4473.6533
10496.000,84.000000,3823.7567
10496.000,85.000000,4039.3235
10496.000,86.000000,3374.4199
10496.000,87.000000,3610.7455
10496.000,88.000000,4343.9871
10496.000,89.000000,4327.0178
10496.000,90.000000,4648.1372
10496.000,91.000000,4603.0001
10497.000,81.000000,3847.9835
10497.000,82.000000,4394.5053
10497.000,83.000000,4330.2838
10497.000,84.000000,3396.6615
10497.000,85.000000,3449.0287
10497.000,86.000000,3844.8682
10497.000,87.000000,3694.9000
10497.000,88.000000,3777.5617
10497.000,89.000000,3434.5892
10497.000,90.000000,2788.0516
10497.000,91.000000,2855.9111
10499.000,81.000000,4575.5266
10499.000,82.000000,4362.5949
10499.000,83.000000,4240.3219
10499.000,84.000000,4186.9839
10499.000,85.000000,4799.8181
10500.000,81.000000,4323.5961
10500.000,82.000000,4197.8887
10500.000,83.000000,3210.1866
10500.000,84.000000,3974.8871
10500.000,85.000000,3764.4393
10500.000,86.000000,3761.1163
10500.000,87.000000,4009.0755
10500.000,88.000000,4007.8188
10500.000,89.000000,3787.7226
10500.000,90.000000,3827.9540
10500.000,91.000000,2823.9122
10501.000,81.000000,4277.7871
10501.000,82.000000,7346.2067
10501.000,83.000000,5572.0824
10501.000,84.000000,5087.2109
10501.000,85.000000,3823.1664
10501.000,86.000000,3933.7908
10501.000,87.000000,3006.5611
10501.000,88.000000,3329.0761
10501.000,89.000000,1892.8918
10502.000,81.000000,3961.7680
10502.000,82.000000,3836.9745
10502.000,83.000000,3979.7142
10502.000,84.000000,4828.3954
10502.000,85.000000,3732.8766
10502.000,86.000000,3571.1174
10502.000,87.000000,3360.5782
10502.000,88.000000,3510.7846
10502.000,89.000000,3726.7183
10502.000,90.000000,3340.7872
10502.000,91.000000,3814.6651
10503.000,81.000000,4938.6225
10503.000,82.000000,4384.1651
10503.000,83.000000,4528.4957
10503.000,84.000000,4596.8579
10503.000,85.000000,4749.5173
10503.000,86.000000,3561.4624
10503.000,87.000000,3724.2116
10503.000,88.000000,4234.0116
10503.000,89.000000,4026.5130
10503.000,90.000000,4101.4461
10503.000,91.000000,3563.9046
10504.000,81.000000,5399.4735
10504.000,82.000000,5314.7444
10504.000,83.000000,4787.8880
10504.000,84.000000,3227.9282
10504.000,85.000000,3653.5444
10504.000,86.000000,3246.4917
10504.000,87.000000,4228.9380
10504.000,88.000000,4424.1618
10504.000,89.000000,4675.4203
10504.000,90.000000,4845.5055
10504.000,91.000000,5357.6043
10505.000,81.000000,2894.8938
10505.000,82.000000,2522.7842
10505.000,83.000000,1512.9886
10505.000,84.000000,2374.1631
10505.000,85.000000,2543.2841
10505.000,86.000000,2409.2307
10505.000,87.000000,2504.8552
10505.000,88.000000,3370.7723
10505.000,89.000000,3276.9343
10505.000,90.000000,2951.6746
10505.000,91.000000,3293.4654
10506.000,81.000000,5273.5599
10506.000,82.000000,5240.0139
10506.000,83.000000,5359.4266
10506.000,84.000000,6086.2087
10506.000,85.000000,5906.9961
10506.000,86.000000,5876.0825
10506.000,87.000000,5537.3895
10506.000,88.000000,5723.1567
10506.000,89.000000,5193.6948
10506.000,90.000000,5448.8722
10506.000,91.000000,6778.4966
10507.000,81.000000,3756.1176
10507.000,82.000000,4286.4881
10507.000,83.000000,4002.5550
10507.000,84.000000,3999.1577
10507.000,85.000000,4074.4518
10508.000,81.000000,3951.8434
10508.000,82.000000,4300.4807
10508.000,83.000000,4180.9879
10508.000,84.000000,4955.0815
10508.000,85.000000,5369.8302
10508.000,86.000000,4718.0710
10508.000,87.000000,4418.6091
10508.000,88.000000,4310.2666
10508.000,89.000000,4524.5457
10508.000,90.000000,4401.0590
10508.000,91.000000,3122.8752
10510.000,81.000000,4584.2337
10510.000,83.000000,4773.9513
10510.000,84.000000,5291.9406
10510.000,85.000000,4554.2590
10510.000,86.000000,3902.6334
10510.000,87.000000,3900.9614
10510.000,88.000000,3798.7405
10510.000,89.000000,3739.1897
10510.000,90.000000,3734.2976
10510.000,91.000000,3910.3665
10511.000,81.000000,5091.5170
10511.000,82.000000,5100.6623
10511.000,83.000000,4916.4757
10511.000,84.000000,5534.8296
10511.000,85.000000,4594.0747
10511.000,86.000000,4965.0158
10511.000,87.000000,5016.5032
10511.000,88.000000,5074.0945
10511.000,89.000000,5114.7871
10511.000,90.000000,5069.0271
10511.000,91.000000,5063.5401
10512.000,81.000000,4809.9230
10512.000,83.000000,4165.4718
10512.000,84.000000,4038.8138
10512.000,85.000000,4268.7495
10512.000,86.000000,4608.2874
10513.000,83.000000,3654.7991
10513.000,84.000000,3631.0629
10513.000,85.000000,4028.6861
10513.000,86.000000,5754.6643
10513.000,87.000000,6649.3572
10513.000,88.000000,6962.3712
10513.000,89.000000,7685.9554
10513.000,90.000000,7229.6703
10513.000,91.000000,6908.2115
10514.000,81.000000,4328.9433
10514.000,82.000000,3598.3985
10514.000,83.000000,3073.8877
10514.000,84.000000,4918.1654
10514.000,85.000000,3545.5680
10515.000,81.000000,4547.9646
10515.000,82.000000,4135.0845
10515.000,83.000000,4132.9656
10515.000,84.000000,4549.1308
10515.000,85.000000,4947.3527
10515.000,86.000000,4542.9976
10515.000,87.000000,4354.7083
10515.000,88.000000,6668.4254
10515.000,89.000000,7541.8481
10515.000,90.000000,6059.7700
10515.000,91.000000,5479.3376
10516.000,81.000000,4347.8054
10516.000,82.000000,4684.8379
10516.000,83.000000,4456.8181
10516.000,84.000000,4621.0144
10516.000,85.000000,4411.4307
10516.000,86.000000,4592.9859
10516.000,87.000000,4555.4515
10516.000,88.000000,4435.8127
10516.000,89.000000,4545.6814
10517.000,81.000000,6506.5241
10517.000,82.000000,4230.3105
10517.000,83.000000,4515.5252
10517.000,84.000000,4814.2737
10517.000,85.000000,3940.7402
10517.000,86.000000,3806.2629
10518.000,81.000000,3739.7596
10518.000,82.000000,4463.1751
10518.000,83.000000,4385.6977
10518.000,84.000000,5431.4128
10518.000,85.000000,5624.5665
10519.000,81.000000,4896.0554
10519.000,82.000000,5123.3915
10519.000,83.000000,3988.5535
10519.000,84.000000,4091.9873
10519.000,85.000000,4283.3454
10519.000,86.000000,4761.1018
10520.000,81.000000,4071.4176
10520.000,82.000000,4129.8741
10520.000,83.000000,4219.3280
10520.000,84.000000,4656.9948
10520.000,85.000000,5109.0313
10520.000,86.000000,4597.9472
10520.000,87.000000,3918.0563
10520.000,88.000000,5577.3329
10520.000,89.000000,4523.3375
10520.000,90.000000,4712.6665
10520.000,91.000000,4730.0600
10521.000,81.000000,4511.8269
10521.000,82.000000,4665.8859
10521.000,83.000000,4288.3351
10521.000,84.000000,4090.8346
10521.000,85.000000,4304.2961
10521.000,86.000000,4300.4679
10521.000,87.000000,4721.8110
10521.000,88.000000,3943.5827
10521.000,89.000000,4059.7762
10521.000,90.000000,4000.4386
10521.000,91.000000,3866.6776
10522.000,81.000000,4827.5276
10522.000,82.000000,4951.8412
10522.000,83.000000,4753.5976
10522.000,84.000000,4779.6542
10522.000,85.000000,4376.2384
10522.000,86.000000,4759.0142
10522.000,87.000000,4936.0344
10522.000,88.000000,5117.3186
10522.000,89.000000,6217.4601
10522.000,90.000000,6967.1651
10522.000,91.000000,6266.1729
10523.000,81.000000,8851.3127
10523.000,82.000000,3741.1066
10523.000,83.000000,3459.7240
10523.000,84.000000,2528.9026
10523.000,85.000000,2486.7597
10523.000,86.000000,2942.7760
10524.000,81.000000,4670.4197
10524.000,82.000000,4474.5661
10524.000,83.000000,4004.9989
10524.000,84.000000,4623.9316
10524.000,85.000000,4531.3514
10524.000,86.000000,4505.9291
10524.000,87.000000,4607.1933
10524.000,88.000000,4654.5127
10524.000,89.000000,4686.6362
10524.000,90.000000,4859.8796
10524.000,91.000000,4730.4099
10525.000,81.000000,3909.4439
10525.000,82.000000,4424.6366
10525.000,83.000000,3564.7242
10525.000,84.000000,3567.8947
10525.000,85.000000,3266.1216
10525.000,86.000000,3259.4692
10525.000,87.000000,3439.3667
10525.000,88.000000,3268.3268
10525.000,89.000000,3134.6411
10525.000,90.000000,2911.4080
10525.000,91.000000,2917.8688
10526.000,81.000000,5002.4808
10526.000,82.000000,4813.7664
10526.000,83.000000,4796.4293
10526.000,84.000000,4183.4796
10526.000,85.000000,4285.5084
10526.000,86.000000,4115.1821
10526.000,87.000000,4458.0810
10526.000,88.000000,4683.8523
10526.000,89.000000,4677.3672
10526.000,90.000000,4531.1451
10526.000,91.000000,4536.8327
10527.000,81.000000,2922.6980
10527.000,82.000000,3273.8019
10527.000,83.000000,2564.0100
10527.000,84.000000,3431.8739
10527.000,85.000000,3570.3992
10527.000,86.000000,3799.3721
10527.000,87.000000,3915.8662
10527.000,88.000000,3670.4554
10527.000,89.000000,3758.3477
10527.000,90.000000,3858.0542
10527.000,91.000000,3404.2342
10528.000,81.000000,3824.4076
10528.000,82.000000,2630.5489
10528.000,83.000000,2919.8413
10528.000,84.000000,3149.2653
10528.000,85.000000,2710.9718
10528.000,86.000000,2517.6844
10528.000,87.000000,2756.4475
10528.000,88.000000,2798.9180
10528.000,89.000000,2794.8382
10528.000,90.000000,2878.7806
10528.000,91.000000,2460.0338
10529.000,81.000000,3959.2443
10529.000,82.000000,4156.8097
10529.000,83.000000,4002.2923
10529.000,84.000000,4641.8347
10529.000,85.000000,3938.6211
10529.000,86.000000,3745.7880
10529.000,87.000000,4150.0450
10529.000,88.000000,4372.6181
10529.000,89.000000,4390.0804
10529.000,90.000000,4495.6935
10529.000,91.000000,4237.3873
10530.000,81.000000,3371.3037
10530.000,82.000000,3778.0527
10530.000,83.000000,4706.9571
10530.000,84.000000,3758.7593
10530.000,85.000000,3239.8187
10530.000,86.000000,3774.4704
10530.000,87.000000,3800.3903
10530.000,88.000000,3355.6224
10530.000,89.000000,3513.1340
10530.000,90.000000,3376.2611
10530.000,91.000000,3662.6470
10531.000,81.000000,3167.8205
10531.000,82.000000,3187.1924
10531.000,83.000000,3033.1800
10531.000,84.000000,3324.9861
10531.000,85.000000,3223.6817
10531.000,86.000000,3375.8945
10531.000,87.000000,3271.6390
10531.000,88.000000,3253.0736
10531.000,89.000000,3570.1770
10531.000,90.000000,5083.0783
10531.000,91.000000,5006.9797
10532.000,81.000000,4320.6996
10532.000,82.000000,3899.7150
10532.000,83.000000,4082.0640
10532.000,84.000000,4259.7246
10532.000,85.000000,4222.3580
10532.000,86.000000,3970.5541
10532.000,87.000000,3327.1278
10533.000,84.000000,4833.0538
10533.000,85.000000,5198.7280
10533.000,86.000000,4889.4775
10533.000,87.000000,4399.8107
10533.000,91.000000,6010.3687
10534.000,81.000000,4216.7757
10534.000,82.000000,4402.3984
10534.000,83.000000,3536.5910
10534.000,84.000000,5757.3697
10534.000,85.000000,2325.6479
10534.000,86.000000,4437.2001
10535.000,81.000000,3395.2817
10535.000,82.000000,4005.1897
10535.000,83.000000,3544.1993
10535.000,84.000000,3545.0482
10535.000,85.000000,3552.3903
10536.000,81.000000,3976.6737
10536.000,82.000000,4108.6258
10536.000,83.000000,3648.3181
10536.000,84.000000,3838.2364
10536.000,85.000000,4007.1096
10536.000,86.000000,3794.3048
10536.000,87.000000,3736.2541
10536.000,88.000000,3720.9773
10536.000,89.000000,3539.9008
10536.000,90.000000,3493.7987
10536.000,91.000000,3275.0949
10537.000,81.000000,5246.0611
10537.000,82.000000,5202.3175
10537.000,83.000000,4426.5357
10537.000,84.000000,4996.5977
10537.000,85.000000,3400.5898
10537.000,86.000000,3351.0129
10537.000,87.000000,3563.3860
10537.000,88.000000,3306.9888
10537.000,89.000000,3521.9841
10537.000,90.000000,3674.9308
10537.000,91.000000,3174.6814
10538.000,81.000000,4852.0131
10538.000,82.000000,4990.3683
10538.000,83.000000,5154.3117
10538.000,84.000000,3799.3785
10538.000,85.000000,1815.7099
10539.000,81.000000,4472.7291
10539.000,82.000000,4578.2232
10539.000,83.000000,3736.3792
10539.000,84.000000,4135.6826
10539.000,85.000000,4308.6328
10539.000,86.000000,4725.0489
10539.000,87.000000,4521.5455
10539.000,88.000000,4421.5140
10539.000,89.000000,4411.3745
10539.000,90.000000,4679.2938
10539.000,91.000000,4366.7483
10540.000,81.000000,4995.5560
10540.000,82.000000,4835.8594
10540.000,83.000000,4685.2229
10540.000,84.000000,4866.8395
10540.000,85.000000,4859.7499
10540.000,86.000000,4976.6281
10540.000,87.000000,4626.4247
10540.000,88.000000,4141.4870
10540.000,89.000000,4395.5627
10540.000,90.000000,3702.4283
10540.000,91.000000,4736.3069
10541.000,81.000000,6837.8440
10541.000,82.000000,6720.2265
10541.000,83.000000,6361.2802
10541.000,84.000000,5322.0401
10541.000,85.000000,5709.2678
10541.000,86.000000,5241.4738
10541.000,87.000000,5365.7310
10541.000,88.000000,3991.9554
10541.000,89.000000,4025.4695
10541.000,90.000000,4186.2872
10541.000,91.000000,4081.0413
10542.000,81.000000,3726.5072
10542.000,82.000000,3490.6635
10542.000,83.000000,3386.0189
10542.000,84.000000,3442.0623
10542.000,85.000000,3220.7940
10542.000,86.000000,3177.7256
10542.000,87.000000,3167.3592
10542.000,88.000000,3775.0971
10542.000,89.000000,3915.3437
10542.000,90.000000,3837.3332
10542.000,91.000000,3863.6900
10543.000,81.000000,3426.2778
10543.000,82.000000,3387.2670
10543.000,83.000000,3203.1924
10543.000,84.000000,3248.5995
10543.000,85.000000,2768.1274
10543.000,86.000000,3437.1438
10543.000,87.000000,2460.5441
10543.000,88.000000,2718.6215
10543.000,89.000000,3233.4244
10544.000,81.000000,4200.8732
10544.000,82.000000,4194.6651
10544.000,83.000000,4485.3498
10544.000,84.000000,4383.6082
10544.000,85.000000,3811.6017
10544.000,86.000000,3662.7907
10544.000,87.000000,3678.4029
10544.000,88.000000,3901.3867
10544.000,89.000000,3961.7608
10544.000,90.000000,4162.4912
10544.000,91.000000,3987.3814
10545.000,81.000000,5785.4565
10545.000,82.000000,5431.1216
10545.000,83.000000,5127.9711
10545.000,84.000000,5706.9007
10545.000,85.000000,5473.4985
10545.000,86.000000,5483.2365
10545.000,87.000000,5375.5119
10545.000,88.000000,5607.5768
10545.000,89.000000,5843.7070
10545.000,90.000000,5911.1290
10545.000,91.000000,5569.6451
10547.000,81.000000,7344.9282
10547.000,82.000000,5746.7398
10547.000,83.000000,5938.9830
10547.000,84.000000,7086.1858
10547.000,85.000000,5648.2190
10547.000,86.000000,5347.1134
10547.000,87.000000,4060.2107
10547.000,88.000000,4890.3794
10547.000,89.000000,4879.0928
10547.000,90.000000,4111.6056
10547.000,91.000000,5505.3370
10548.000,81.000000,7578.2675
10548.000,82.000000,7128.8240
10548.000,83.000000,7418.4428
10548.000,84.000000,7499.3028
10548.000,85.000000,6969.0271
10548.000,86.000000,7908.4409
10548.000,87.000000,7920.0360
10548.000,88.000000,7035.2207
10548.000,89.000000,6734.6279
10548.000,90.000000,7402.4831
10548.000,91.000000,5970.6977
10549.000,81.000000,5131.2765
10549.000,82.000000,5825.6577
10549.000,83.000000,5156.0098
10549.000,84.000000,4997.2044
10549.000,85.000000,4896.5639
10549.000,86.000000,5233.9122
10549.000,87.000000,5879.7162
10549.000,88.000000,6078.0053
10549.000,89.000000,5942.3628
10549.000,90.000000,6438.7721
10549.000,91.000000,6156.2524
10550.000,81.000000,4323.1668
10550.000,82.000000,4724.7471
10550.000,83.000000,4659.7283
10550.000,84.000000,4926.7179
10550.000,85.000000,5077.9773
10550.000,86.000000,5024.7828
10550.000,87.000000,4224.5199
10550.000,88.000000,4223.2226
10550.000,89.000000,4599.9531
10550.000,90.000000,4712.7474
10550.000,91.000000,4704.6593
10551.000,81.000000,4574.8471
10551.000,82.000000,5700.3915
10551.000,83.000000,3892.3337
10551.000,84.000000,5144.1161
10551.000,85.000000,4404.5830
10551.000,86.000000,4963.9975
10551.000,87.000000,4297.0896
10551.000,88.000000,3996.4116
10551.000,89.000000,3560.4218
10551.000,90.000000,4313.2750
10551.000,91.000000,4122.6960
10552.000,82.000000,6871.6228
10552.000,84.000000,5395.5122
10552.000,87.000000,3938.7519
10552.000,88.000000,5283.4667
10552.000,89.000000,3877.5762
10552.000,90.000000,4886.5428
10552.000,91.000000,4207.6564
10553.000,81.000000,4954.3795
10553.000,82.000000,4712.9546
10553.000,83.000000,4726.4428
10553.000,84.000000,5015.4347
10553.000,85.000000,4622.0276
10553.000,86.000000,4465.2631
10553.000,87.000000,4435.2163
10554.000,81.000000,3823.8140
10554.000,82.000000,3555.5983
10554.000,83.000000,3504.7529
10554.000,84.000000,3764.5158
10554.000,85.000000,3942.0642
10554.000,86.000000,3715.3436
10554.000,87.000000,3912.0830
10554.000,88.000000,3875.5663
10554.000,89.000000,4305.1556
10554.000,90.000000,3989.1444
10554.000,91.000000,4087.5284
10556.000,81.000000,4749.9472
10556.000,82.000000,3587.4805
10556.000,83.000000,3115.0945
10556.000,84.000000,4158.6244
10556.000,85.000000,4181.4547
10556.000,86.000000,2482.2822
10556.000,87.000000,1997.8328
10557.000,81.000000,3878.1974
10557.000,82.000000,4103.1663
10557.000,83.000000,3945.1183
10557.000,84.000000,4213.6756
10557.000,85.000000,3572.3580
10557.000,86.000000,3636.1252
10557.000,87.000000,3441.4677
10557.000,88.000000,3788.0210
10557.000,89.000000,4003.6499
10557.000,90.000000,4209.6990
10557.000,91.000000,3774.2448
10558.000,81.000000,5112.7231
10558.000,82.000000,4200.4873
10558.000,83.000000,4525.8043
10558.000,84.000000,4976.2039
10558.000,85.000000,4239.5339
10558.000,86.000000,4154.9168
10558.000,87.000000,3749.1297
10558.000,88.000000,3646.8455
10558.000,89.000000,3999.6034
10558.000,90.000000,3716.1655
10558.000,91.000000,4269.1444
10559.000,81.000000,5936.9999
10559.000,82.000000,6080.0723
10559.000,83.000000,5232.3689
10559.000,84.000000,4708.1547
10559.000,85.000000,5613.9937
10559.000,86.000000,5325.4404
10559.000,87.000000,4901.7559
10560.000,81.000000,4012.2913
10560.000,82.000000,4033.6209
10560.000,83.000000,3873.3452
10560.000,84.000000,3787.6193
10560.000,85.000000,3609.2936
10560.000,86.000000,3920.2573
10560.000,87.000000,4220.2749
10560.000,89.000000,3677.7960
10560.000,90.000000,3842.3609
10560.000,91.000000,4351.2474
10561.000,81.000000,5365.3136
10561.000,82.000000,4848.7453
10561.000,83.000000,4630.9519
10561.000,84.000000,4530.1997
10561.000,85.000000,4528.8705
10561.000,86.000000,4333.7980
10561.000,87.000000,4635.3046
10561.000,88.000000,4683.9820
10561.000,89.000000,4124.9696
10561.000,90.000000,4495.1856
10561.000,91.000000,4517.7693
10562.000,82.000000,9786.3903
10562.000,83.000000,8209.7473
10562.000,84.000000,15090.204
10562.000,85.000000,16632.699
10562.000,86.000000,9844.3374
10562.000,87.000000,8224.0181
10562.000,88.000000,9860.8874
10563.000,81.000000,5186.1418
10563.000,82.000000,5677.2547
10564.000,81.000000,3959.9328
10564.000,82.000000,4824.7769
10564.000,83.000000,3875.4547
10564.000,84.000000,5209.4460
10564.000,85.000000,3327.8870
10564.000,86.000000,4173.1244
10564.000,87.000000,3310.6915
10564.000,88.000000,3191.9456
10564.000,89.000000,2817.1414
10564.000,90.000000,2782.5006
10564.000,91.000000,1867.0678
10565.000,81.000000,3702.3623
10565.000,82.000000,4221.2272
10565.000,83.000000,3632.8241
10565.000,84.000000,4009.0721
10565.000,85.000000,3892.5057
10565.000,86.000000,3798.1613
10565.000,88.000000,4045.7766
10566.000,82.000000,5032.1472
10566.000,83.000000,4715.2166
10566.000,84.000000,5121.3528
10566.000,85.000000,4202.5452
10566.000,86.000000,3827.4461
10566.000,87.000000,4459.4659
10566.000,88.000000,4596.0510
10566.000,89.000000,4625.4500
10566.000,90.000000,4359.6088
10566.000,91.000000,4791.3709
10567.000,81.000000,3541.7744
10567.000,82.000000,2280.6688
10567.000,83.000000,1377.2676
10592.000,81.000000,4467.9272
10593.000,81.000000,3528.2116
10593.000,82.000000,3439.5916
10593.000,83.000000,4011.5242
10593.000,87.000000,4233.9819
10593.000,88.000000,4491.3049
10593.000,89.000000,4355.9882
10593.000,90.000000,4053.2454
10593.000,91.000000,4010.1594
10594.000,87.000000,4596.5489
10594.000,88.000000,4511.9614
10594.000,89.000000,4423.7948
10594.000,90.000000,4386.4005
10602.000,81.000000,4951.2515
10602.000,82.000000,4162.8954
10615.000,88.000000,7222.3213
10615.000,89.000000,6947.6310
10615.000,90.000000,6471.5666
10615.000,91.000000,6552.7573
10643.000,81.000000,3827.0607
10662.000,83.000000,3458.7293
10669.000,81.000000,4651.5071
10670.000,81.000000,4517.6908
10670.000,82.000000,4451.1707
10670.000,87.000000,4722.9664
10670.000,91.000000,4024.6423
10672.000,81.000000,4902.0925
10672.000,82.000000,4616.7658
10672.000,83.000000,4808.0794
10687.000,81.000000,2563.5083
10690.000,81.000000,5247.1862
10690.000,86.000000,4583.9175
10690.000,87.000000,4926.2120
10690.000,88.000000,5125.6888
10690.000,89.000000,5086.3096
10690.000,90.000000,4859.4064
10690.000,91.000000,5093.3996
10709.000,81.000000,4085.3694
10717.000,81.000000,5246.3350
10719.000,89.000000,4521.8840
10719.000,90.000000,4675.8728
10719.000,91.000000,4193.9847
10733.000,90.000000,5996.0602
10733.000,91.000000,5715.7504
10999.000,81.000000,4733.9671
11208.000,81.000000,3892.3420
11208.000,82.000000,4044.8749
11208.000,86.000000,4916.0622
11853.000,83.000000,4958.3169
12001.000,81.000000,4614.2381
12001.000,82.000000,3752.9682
12001.000,83.000000,3619.0082
12001.000,84.000000,3820.8068
12001.000,85.000000,3557.7708
12001.000,86.000000,2828.4482
12001.000,87.000000,3217.9652
12001.000,88.000000,3763.7596
12001.000,89.000000,4692.9814
12001.000,90.000000,4912.8975
12001.000,91.000000,4475.9250
12002.000,81.000000,4067.8139
12002.000,82.000000,4558.7465
12002.000,83.000000,4608.2873
12002.000,84.000000,3637.8344
12002.000,85.000000,3526.1780
12002.000,86.000000,3707.3034
12002.000,87.000000,3952.5917
12002.000,88.000000,3703.7513
12002.000,89.000000,3773.3768
12002.000,90.000000,3593.4892
12002.000,91.000000,3597.7857
12003.000,81.000000,4453.9796
12003.000,82.000000,4394.5672
12003.000,83.000000,3970.6024
12003.000,84.000000,4347.8964
12003.000,85.000000,4379.9665
12003.000,86.000000,4108.0170
12003.000,87.000000,4053.2450
12003.000,88.000000,4207.4767
12004.000,81.000000,4428.3331
12004.000,82.000000,4540.2040
12004.000,83.000000,4470.0814
12004.000,84.000000,4564.8095
12004.000,85.000000,4638.0782
12004.000,86.000000,4615.7125
12004.000,87.000000,4553.8725
12004.000,88.000000,4932.1894
12004.000,89.000000,4504.9349
12004.000,90.000000,4657.3844
12004.000,91.000000,4805.9690
12005.000,81.000000,4917.1913
12005.000,82.000000,5159.7158
12005.000,83.000000,4657.0913
12005.000,84.000000,4624.9181
12005.000,85.000000,5137.7979
12005.000,86.000000,4525.8552
12005.000,87.000000,4042.9149
12005.000,88.000000,5047.4597
12005.000,89.000000,4700.5816
12005.000,90.000000,5016.2799
12005.000,91.000000,5907.6019
12006.000,81.000000,4834.2974
12006.000,82.000000,4701.0903
12006.000,83.000000,4873.6989
12006.000,84.000000,5088.5772
12006.000,85.000000,4435.0852
12006.000,86.000000,4712.9695
12006.000,87.000000,3936.5126
12006.000,88.000000,4526.2121
12006.000,89.000000,5136.6588
12006.000,90.000000,4930.1168
12006.000,91.000000,5329.4645
12007.000,81.000000,4933.6035
12007.000,82.000000,4061.9931
12007.000,83.000000,4989.0794
12007.000,84.000000,5456.2512
12007.000,85.000000,5092.2350
12007.000,86.000000,4804.9156
12007.000,87.000000,4560.9810
12007.000,88.000000,4754.7821
12007.000,89.000000,5662.3042
12007.000,90.000000,5448.1606
12007.000,91.000000,5319.9154
12008.000,81.000000,3939.8809
12008.000,82.000000,4308.5251
12008.000,83.000000,4029.2017
12008.000,84.000000,4904.3350
12008.000,85.000000,3995.4880
12008.000,86.000000,3821.5288
12008.000,87.000000,4367.5888
12008.000,88.000000,4780.3561
12008.000,89.000000,4413.7489
12008.000,90.000000,4542.0686
12008.000,91.000000,4610.0641
12009.000,81.000000,2805.6075
12009.000,82.000000,3834.0767
12009.000,83.000000,5971.1626
12009.000,84.000000,3714.4464
12009.000,85.000000,6175.1981
12009.000,86.000000,6135.9669
12009.000,87.000000,3830.4184
12009.000,88.000000,3524.1924
12009.000,89.000000,3495.3156
12009.000,90.000000,3779.2562
12009.000,91.000000,3644.3254
12011.000,81.000000,5637.7957
12011.000,82.000000,4545.3811
12011.000,83.000000,4269.6552
12011.000,84.000000,4742.4947
12011.000,85.000000,4131.3154
12011.000,86.000000,3902.2165
12011.000,87.000000,3857.4661
12011.000,88.000000,3648.6429
12011.000,89.000000,4176.7691
12011.000,90.000000,3853.7137
12011.000,91.000000,3673.4202
12012.000,81.000000,3764.4246
12012.000,82.000000,1812.7628
12012.000,83.000000,4235.7065
12012.000,84.000000,4419.7786
12012.000,85.000000,4551.8600
12012.000,86.000000,5228.4443
12012.000,87.000000,5073.1799
12012.000,88.000000,5463.9791
12012.000,89.000000,4952.6401
12012.000,90.000000,3902.1423
12012.000,91.000000,3732.7913
12013.000,81.000000,4354.9105
12013.000,82.000000,4158.9628
12013.000,83.000000,3112.2630
12013.000,84.000000,4212.5622
12013.000,85.000000,4303.6344
12013.000,86.000000,4665.1040
12013.000,87.000000,4225.3680
12013.000,88.000000,4046.6329
12013.000,89.000000,4228.1192
12013.000,90.000000,4394.9497
12013.000,91.000000,4331.6725
12014.000,81.000000,4233.4908
12014.000,82.000000,3301.7679
12014.000,83.000000,3850.4677
12014.000,84.000000,3807.4090
12014.000,85.000000,4686.3941
12014.000,86.000000,4739.0649
12014.000,87.000000,3917.2326
12014.000,88.000000,4477.5332
12014.000,89.000000,4479.2307
12014.000,90.000000,5319.0066
12014.000,91.000000,5207.6061
12015.000,81.000000,4098.0859
12015.000,82.000000,5135.6607
12015.000,83.000000,3708.1158
12015.000,84.000000,5555.3197
12015.000,85.000000,4150.2901
12015.000,86.000000,3749.7137
12015.000,87.000000,4037.9978
12015.000,88.000000,4256.3879
12015.000,89.000000,5081.4655
12015.000,90.000000,5353.1265
12015.000,91.000000,5517.9715
12016.000,81.000000,4083.3701
12016.000,82.000000,3897.2503
12016.000,83.000000,3829.0290
12016.000,84.000000,4340.3832
12016.000,85.000000,4474.8397
12016.000,86.000000,4609.8929
12016.000,87.000000,4468.1078
12016.000,88.000000,4215.4255
12016.000,89.000000,4767.1963
12016.000,90.000000,4541.7360
12016.000,91.000000,4679.0834
12017.000,81.000000,3566.7879
12017.000,82.000000,4015.3518
12017.000,83.000000,4612.0861
12017.000,84.000000,4253.9743
12017.000,85.000000,3932.8167
12018.000,81.000000,4148.4647
12018.000,82.000000,4311.4070
12018.000,83.000000,4535.8517
12018.000,84.000000,4797.5149
12018.000,85.000000,4756.1465
12018.000,86.000000,4423.4581
12018.000,87.000000,4465.3207
12018.000,88.000000,4318.8396
12018.000,89.000000,4429.3645
12018.000,90.000000,4546.0050
12019.000,81.000000,4957.3317
12019.000,82.000000,5035.4449
12019.000,83.000000,4859.1090
12019.000,84.000000,5216.2142
12019.000,85.000000,4499.6202
12019.000,86.000000,5208.2112
12019.000,87.000000,5010.2044
12019.000,88.000000,4751.2726
12019.000,89.000000,4815.3377
12019.000,90.000000,5079.9099
12019.000,91.000000,5135.3479
12020.000,81.000000,4171.4294
12020.000,82.000000,4339.5800
12020.000,83.000000,5014.5430
12020.000,84.000000,4397.9271
12020.000,85.000000,4223.0369
12020.000,86.000000,3589.2247
12020.000,87.000000,3758.1681
12020.000,88.000000,3925.5765
12020.000,89.000000,4102.7374
12020.000,90.000000,2570.4463
12021.000,81.000000,7221.4983
12021.000,82.000000,7234.5553
12021.000,83.000000,6487.7666
12021.000,84.000000,6300.8927
12021.000,85.000000,5952.1604
12022.000,81.000000,5394.3495
12022.000,82.000000,5301.7025
12022.000,83.000000,4973.4469
12022.000,84.000000,4708.5908
12022.000,85.000000,4487.2670
12022.000,86.000000,4670.0227
12022.000,87.000000,4870.4114
12023.000,81.000000,4804.2280
12023.000,82.000000,5104.0835
12023.000,83.000000,4815.3015
12023.000,84.000000,5205.9887
12023.000,85.000000,5347.0088
12023.000,86.000000,5026.4320
12023.000,87.000000,4938.4016
12023.000,88.000000,4794.4862
12023.000,89.000000,4737.0555
12023.000,90.000000,4931.2192
12023.000,91.000000,4989.9991
12024.000,81.000000,4301.7497
12024.000,82.000000,4322.8736
12024.000,83.000000,4512.9424
12024.000,84.000000,4787.8909
12024.000,85.000000,4505.2655
12024.000,86.000000,3720.7399
12024.000,87.000000,4333.4603
12024.000,88.000000,4524.1226
12024.000,89.000000,3903.9890
12024.000,90.000000,3980.3769
12024.000,91.000000,4103.4250
12025.000,81.000000,3459.1761
12025.000,82.000000,3794.3733
12025.000,83.000000,3961.3566
12025.000,84.000000,3960.7857
12025.000,85.000000,3869.8428
12025.000,86.000000,3547.2214
12025.000,87.000000,3387.8794
12025.000,88.000000,3605.1985
12025.000,89.000000,3541.6219
12025.000,90.000000,3330.4346
12025.000,91.000000,3165.3322
12026.000,81.000000,4359.7822
12026.000,82.000000,4263.0959
12026.000,83.000000,4353.5934
12026.000,84.000000,4624.8453
12026.000,85.000000,4352.6308
12026.000,86.000000,4478.2575
12026.000,87.000000,4557.9447
12026.000,88.000000,4623.9961
12026.000,89.000000,4426.3262
12026.000,90.000000,4427.9254
12026.000,91.000000,4461.6123
12027.000,81.000000,4066.3547
12027.000,82.000000,4055.2124
12027.000,83.000000,3960.8837
12027.000,84.000000,4181.5430
12027.000,85.000000,4337.9743
12027.000,86.000000,4164.7067
12027.000,87.000000,4608.4696
12027.000,88.000000,4622.0395
12027.000,89.000000,4664.1370
12027.000,90.000000,4860.8565
12027.000,91.000000,5326.9453
12028.000,81.000000,3893.9720
12028.000,82.000000,4647.1603
12028.000,83.000000,4588.1981
12028.000,84.000000,4221.5943
12028.000,85.000000,4321.8226
12028.000,86.000000,4300.2563
12028.000,87.000000,4206.8751
12028.000,88.000000,4401.7459
12028.000,89.000000,4523.7956
12028.000,90.000000,4545.3381
12028.000,91.000000,4293.7266
12029.000,81.000000,4074.9160
12029.000,82.000000,4022.4552
12029.000,83.000000,4065.6166
12029.000,84.000000,4229.1351
12029.000,85.000000,4514.7396
12029.000,86.000000,4390.1054
12029.000,87.000000,4388.7343
12029.000,88.000000,4153.0625
12029.000,89.000000,4317.3853
12029.000,90.000000,3134.8452
12029.000,91.000000,4981.1703
12030.000,81.000000,3936.9532
12030.000,82.000000,3830.2149
12030.000,83.000000,3767.7034
12030.000,84.000000,4021.9843
12030.000,85.000000,4721.9428
12030.000,86.000000,3559.7246
12030.000,87.000000,3716.0459
12031.000,81.000000,3668.7333
12031.000,82.000000,4876.9476
12031.000,83.000000,4895.1967
12031.000,84.000000,5411.5387
12031.000,85.000000,5001.9514
12031.000,86.000000,6455.9877
12031.000,87.000000,5386.3491
12031.000,88.000000,5839.6818
12031.000,89.000000,5442.5774
12031.000,90.000000,5626.6996
12031.000,91.000000,5840.1411
12032.000,81.000000,4047.5393
12032.000,82.000000,3556.1750
12032.000,83.000000,3996.2274
12032.000,84.000000,3770.8427
12032.000,85.000000,3552.6595
12032.000,86.000000,4001.4716
12032.000,87.000000,4090.0244
12033.000,81.000000,4018.8115
12033.000,82.000000,4104.2530
12033.000,83.000000,3913.3458
12033.000,84.000000,4377.3150
12033.000,85.000000,4442.4789
12033.000,86.000000,3934.4511
12033.000,87.000000,4987.8447
12033.000,88.000000,4776.5050
12033.000,89.000000,5093.5396
12033.000,90.000000,5407.1275
12033.000,91.000000,4060.8942
12034.000,81.000000,4797.8180
12034.000,82.000000,5268.2831
12034.000,83.000000,5899.3708
12034.000,84.000000,4901.0291
12034.000,85.000000,5321.6862
12034.000,86.000000,5648.9050
12034.000,87.000000,4394.9016
12034.000,88.000000,5012.4780
12034.000,89.000000,5361.5135
12034.000,90.000000,5314.5623
12034.000,91.000000,5022.8547
12035.000,81.000000,6369.6487
12035.000,82.000000,7112.3415
12035.000,83.000000,10007.542
12035.000,84.000000,9117.3935
12035.000,85.000000,8951.9568
12035.000,86.000000,9277.2637
12035.000,87.000000,9008.6488
12035.000,88.000000,8209.5575
12035.000,89.000000,9046.2354
12035.000,90.000000,8533.2615
12035.000,91.000000,7779.4534
12056.000,86.000000,5535.2481
12056.000,87.000000,5511.8379
12056.000,90.000000,5412.5733
12570.000,81.000000,16300.067
12570.000,82.000000,5531.7381
12570.000,83.000000,6632.7049
12570.000,84.000000,11726.718
12570.000,85.000000,8840.1855
12571.000,81.000000,8251.7932
12572.000,81.000000,573.98287
12572.000,82.000000,454.39870
12572.000,83.000000,743.13071
12572.000,84.000000,581.57348
12572.000,85.000000,546.33224
12572.000,86.000000,505.32532
12572.000,87.000000,352.56676
12572.000,88.000000,324.27732
12572.000,89.000000,415.66148
12572.000,90.000000,293.79589
12572.000,91.000000,218.88470
12614.000,81.000000,4640.6338
12614.000,82.000000,4319.1016
12614.000,83.000000,5516.8348
12614.000,84.000000,5204.0608
12614.000,85.000000,5052.4648
12614.000,86.000000,4589.7437
12616.000,81.000000,4680.7477
12616.000,82.000000,4570.7974
12616.000,83.000000,3964.8798
12616.000,84.000000,4811.3336
12616.000,85.000000,4700.1326
12616.000,86.000000,4676.4658
12616.000,87.000000,4328.6373
12616.000,88.000000,4614.5779
12616.000,89.000000,4239.6945
12616.000,90.000000,4160.4074
12616.000,91.000000,3876.9355
12620.000,88.000000,4819.9911
12666.000,81.000000,4144.2074
12666.000,82.000000,3324.1160
12666.000,83.000000,3244.8832
12666.000,84.000000,3253.8853
12666.000,85.000000,3854.0565
12666.000,86.000000,4761.7613
12666.000,87.000000,4828.3998
12666.000,88.000000,4465.3693
12666.000,89.000000,4549.7588
12666.000,90.000000,5364.9637
12666.000,91.000000,5610.6384
12668.000,85.000000,3711.1102
12668.000,86.000000,3338.6328
12668.000,87.000000,4602.4004
12668.000,88.000000,3463.5756
12668.000,89.000000,4505.8440
12668.000,90.000000,3952.0811
12668.000,91.000000,3997.6456
12677.000,81.000000,5107.4312
12677.000,82.000000,4855.2914
12677.000,83.000000,4875.4520
12677.000,84.000000,5249.1423
12677.000,85.000000,5121.2240
12677.000,86.000000,4606.6405
12677.000,87.000000,4796.9614
12677.000,88.000000,4852.7680
12677.000,89.000000,3086.5769
12677.000,90.000000,3693.8038
12677.000,91.000000,4291.8850
12679.000,81.000000,5079.9956
12679.000,82.000000,5053.9117
12679.000,83.000000,5471.4428
12679.000,84.000000,5822.4952
12679.000,85.000000,5217.0153
12679.000,86.000000,5251.1829
12679.000,87.000000,5128.7900
12679.000,88.000000,6508.6035
12683.000,81.000000,4415.8252
12683.000,82.000000,4330.5393
12683.000,83.000000,4641.1800
12683.000,84.000000,5213.4124
12683.000,85.000000,4558.0915
12683.000,86.000000,4440.5200
12683.000,87.000000,4597.5316
12683.000,88.000000,4547.3577
12683.000,89.000000,4273.4008
12683.000,90.000000,4053.4633
12683.000,91.000000,4109.5899
12708.000,81.000000,3765.2041
12708.000,82.000000,3205.2290
12708.000,83.000000,4344.0716
12708.000,84.000000,4166.3610
12708.000,85.000000,4331.1031
12708.000,86.000000,4182.6656
12708.000,87.000000,3855.5013
12708.000,88.000000,3319.8958
12708.000,89.000000,3879.8250
12708.000,90.000000,4363.0072
12708.000,91.000000,4154.2054
12715.000,85.000000,5113.2846
12717.000,85.000000,3902.7664
12717.000,86.000000,4463.5779
12717.000,87.000000,5317.0865
12717.000,88.000000,4204.7859
12717.000,89.000000,5186.5674
12717.000,90.000000,3864.7002
12717.000,91.000000,4721.3129
12724.000,81.000000,3657.2921
12724.000,82.000000,5574.1940
12724.000,83.000000,4639.7955
12724.000,84.000000,5067.1869
12732.000,81.000000,3769.0175
12732.000,82.000000,3471.0375
12732.000,83.000000,2538.8396
12732.000,84.000000,3184.6405
12732.000,86.000000,3258.4686
12732.000,87.000000,3712.3355
12732.000,88.000000,3603.9393
12773.000,84.000000,3853.9395
12778.000,85.000000,5479.0206
12778.000,86.000000,4734.8556
12778.000,87.000000,4929.9255
12791.000,81.000000,4253.5374
12791.000,82.000000,4799.0255
12791.000,83.000000,5014.1816
12791.000,84.000000,3314.4918
12796.000,81.000000,5904.1504
12796.000,82.000000,6396.1282
12796.000,83.000000,6712.2738
12796.000,84.000000,5313.2017
12846.000,81.000000,4231.4674
12846.000,82.000000,4160.4539
12846.000,83.000000,3876.5312
12846.000,84.000000,2691.9721
12860.000,81.000000,5495.9831
12860.000,82.000000,4867.2148
12860.000,83.000000,1630.9411
12860.000,84.000000,2540.8715
12876.000,81.000000,5633.6360
12876.000,82.000000,5881.2705
12876.000,83.000000,4184.4158
12876.000,84.000000,2804.6845
12932.000,81.000000,5040.5182
12932.000,82.000000,5287.6724
12932.000,83.000000,3536.3995
12932.000,84.000000,7178.3737
12933.000,81.000000,4542.2099
12933.000,82.000000,5131.4777
12933.000,83.000000,4540.1643
12933.000,84.000000,4559.3495
12948.000,81.000000,5037.6613
12948.000,82.000000,5318.4399
12948.000,83.000000,5044.2672
12948.000,84.000000,6605.7454
12979.000,81.000000,12982.432
12980.000,81.000000,11990.393
12986.000,81.000000,12489.396
12987.000,81.000000,9609.0840
12987.000,82.000000,3082.6750
12987.000,83.000000,14916.669
12987.000,84.000000,10220.440
12993.000,81.000000,5435.4875
12993.000,82.000000,4626.9917
12993.000,83.000000,5343.0248
12993.000,84.000000,4811.3280
12993.000,85.000000,5136.5831
12993.000,86.000000,4940.7389
12993.000,87.000000,5443.6451
12993.000,88.000000,5406.0047
12993.000,89.000000,5454.5860
12993.000,90.000000,5111.9757
12993.000,91.000000,4614.0628
13011.000,81.000000,3456.6221
13011.000,82.000000,3567.6200
13011.000,83.000000,5260.6764
13011.000,84.000000,4349.8969
13015.000,81.000000,7709.0615
13015.000,82.000000,7722.6766
13015.000,83.000000,9100.9252
13015.000,84.000000,15742.640
13022.000,81.000000,2382.9891
13022.000,82.000000,4902.7954
13022.000,83.000000,4340.6813
13022.000,84.000000,4048.4246
13029.000,81.000000,5677.0202
13029.000,82.000000,5520.1953
13029.000,83.000000,5856.3561
13035.000,81.000000,5309.3994
13035.000,82.000000,6776.0811
13035.000,83.000000,5516.7135
13040.000,81.000000,5911.3887
13040.000,82.000000,5522.6767
13040.000,83.000000,4415.7550
13043.000,81.000000,4612.6304
13043.000,82.000000,5259.7935
13050.000,81.000000,6126.1030
13050.000,82.000000,7520.6036
13050.000,83.000000,3936.9737
13061.000,81.000000,5110.8998
13061.000,82.000000,3910.3435
13061.000,83.000000,3615.1799
13065.000,81.000000,3725.4479
13065.000,82.000000,1674.2103
13065.000,83.000000,370.69247
13086.000,81.000000,5424.8971
13086.000,82.000000,4598.7499
13086.000,83.000000,5759.8244
13127.000,81.000000,4812.4959
13127.000,82.000000,4763.7436
13127.000,83.000000,2450.2400
13139.000,81.000000,5919.8119
13139.000,82.000000,6524.2715
13139.000,83.000000,5671.3035
13139.000,84.000000,5503.9629
13139.000,85.000000,5529.4182
13139.000,86.000000,4756.4370
13139.000,87.000000,5128.6898
13139.000,88.000000,3204.2008
13139.000,89.000000,3707.6965
13139.000,90.000000,3996.7476
13139.000,91.000000,3585.9514
13144.000,81.000000,3097.5138
13152.000,81.000000,5568.5147
13152.000,82.000000,4451.9951
13152.000,83.000000,1935.6737
13176.000,81.000000,4405.1364
13187.000,81.000000,2476.5311
13187.000,82.000000,2246.8622
13187.000,83.000000,2382.9363
13204.000,81.000000,4613.3472
13204.000,82.000000,5503.8845
13204.000,83.000000,2686.4311
13207.000,81.000000,3093.2986
13207.000,82.000000,3313.3000
13207.000,83.000000,1185.2410
13211.000,81.000000,4787.3702
13219.000,81.000000,4659.9313
13219.000,82.000000,5119.9667
13219.000,83.000000,4789.4950
13224.000,81.000000,3762.2058
13224.000,82.000000,4013.6224
13224.000,83.000000,4212.0990
13225.000,81.000000,3807.3566
13225.000,82.000000,3156.1709
13225.000,83.000000,3206.2871
13228.000,81.000000,3561.9797
13228.000,82.000000,3929.9214
13228.000,83.000000,3142.0289
13233.000,81.000000,3333.4762
13233.000,82.000000,3463.5199
13233.000,83.000000,3772.8787
13248.000,81.000000,4640.1995
13248.000,82.000000,4574.0188
13248.000,83.000000,5163.1412
13290.000,81.000000,2258.8975
13300.000,81.000000,4414.8204
13300.000,82.000000,5529.3146
13300.000,83.000000,2491.2174
13301.000,81.000000,4570.5683
13301.000,82.000000,5740.8880
13301.000,83.000000,6429.7297
13324.000,81.000000,3449.7213
13342.000,81.000000,4586.1926
13342.000,82.000000,3375.2342
13380.000,81.000000,4117.6820
13380.000,82.000000,4649.6594
13380.000,83.000000,4621.3061
13380.000,84.000000,4554.2687
13380.000,85.000000,4523.1518
13380.000,86.000000,4960.4871
13380.000,87.000000,4217.4295
13380.000,88.000000,4494.0818
13380.000,89.000000,4918.4567
13380.000,90.000000,3601.1429
13380.000,91.000000,4271.3381
13384.000,81.000000,3940.9943
13384.000,82.000000,3812.8172
13386.000,81.000000,4091.6288
13386.000,82.000000,4462.5639
13386.000,83.000000,4111.6245
13386.000,84.000000,4947.0190
13386.000,85.000000,4305.9033
13386.000,86.000000,4274.6983
13386.000,87.000000,4302.2084
13386.000,88.000000,3681.6245
13386.000,89.000000,4107.5320
13413.000,81.000000,3942.4923
13413.000,82.000000,3695.3643
13443.000,81.000000,3826.3911
13443.000,82.000000,3935.8973
13485.000,81.000000,4257.5229
13485.000,82.000000,4832.8199
13511.000,81.000000,3455.1475
13511.000,82.000000,2761.5291
13520.000,81.000000,4171.6561
13520.000,82.000000,4414.7966
13520.000,83.000000,4082.4391
13520.000,84.000000,4300.0021
13520.000,85.000000,4252.8679
13520.000,86.000000,3944.8823
13530.000,81.000000,4228.6371
13530.000,82.000000,3766.2994
13533.000,81.000000,6191.5594
13533.000,82.000000,3855.5334
13569.000,81.000000,4684.6367
13569.000,82.000000,5051.8550
13573.000,81.000000,5173.7354
13573.000,82.000000,5456.0662
13574.000,81.000000,4320.2549
13574.000,82.000000,3472.5485
13578.000,81.000000,3162.8941
13578.000,82.000000,3315.9598
13580.000,81.000000,3835.2937
13580.000,82.000000,3993.9961
13581.000,81.000000,9108.3841
13581.000,82.000000,5821.6552
13588.000,81.000000,3997.3017
13588.000,82.000000,2467.9901
13612.000,81.000000,4625.0563
13612.000,82.000000,2932.8388
13629.000,81.000000,4674.8103
13629.000,82.000000,4792.0099
13635.000,81.000000,2161.7276
13635.000,82.000000,2517.7339
13698.000,81.000000,4206.7405
13698.000,82.000000,7659.0303
13701.000,81.000000,6530.7163
13701.000,82.000000,5602.1539
13704.000,81.000000,5040.0487
13704.000,82.000000,5039.5412
13727.000,81.000000,5608.3357
13727.000,82.000000,4386.9933
13748.000,81.000000,3840.0332
13748.000,82.000000,5917.9974
13750.000,81.000000,3708.4297
13750.000,82.000000,4367.9347
13751.000,81.000000,1875.6509
13751.000,82.000000,3199.4366
13791.000,81.000000,4231.4012
13791.000,82.000000,5384.9597
13797.000,81.000000,4245.7103
13797.000,82.000000,3474.6973
13799.000,81.000000,3847.4481
13799.000,82.000000,3787.5999
13804.000,81.000000,4202.4278
13804.000,82.000000,3977.9462
13828.000,81.000000,5063.2515
13828.000,82.000000,3081.4455
13832.000,81.000000,3890.7426
13832.000,82.000000,4414.1365
13849.000,81.000000,3827.3880
13849.000,82.000000,2925.5441
13879.000,81.000000,3558.6512
13879.000,82.000000,3862.9736
13906.000,81.000000,4687.4012
13906.000,82.000000,4011.8768
13926.000,81.000000,2845.1478
13926.000,82.000000,3283.2886
13945.000,81.000000,3223.7403
13945.000,82.000000,4924.8487
13973.000,82.000000,3626.3611
13981.000,81.000000,4141.4180
13981.000,82.000000,3247.0296
13995.000,81.000000,12296.386
13999.000,81.000000,9452.1163
14000.000,81.000000,4743.3581
14001.000,81.000000,7614.7842
14022.000,81.000000,4818.0154
14085.000,81.000000,12953.232
14085.000,82.000000,2730.1823
14122.000,81.000000,4749.2484
14165.000,81.000000,1661.8625
14193.000,81.000000,11338.885
14217.000,81.000000,4277.6540
14251.000,81.000000,2693.7476
14267.000,81.000000,5430.6242
14268.000,81.000000,2776.1029
14274.000,81.000000,3519.9502
14296.000,81.000000,4435.1359
14308.000,81.000000,3780.1664
14345.000,81.000000,3736.5094
14350.000,81.000000,3609.1749
14360.000,81.000000,2958.6891
14370.000,81.000000,9902.2456
14384.000,81.000000,4816.9257
14385.000,81.000000,4815.9792
14404.000,81.000000,4509.8731
14405.000,81.000000,4198.5240
14743.000,86.000000,4198.3392
14743.000,88.000000,3872.4894
14743.000,89.000000,5453.3031
14743.000,90.000000,4313.4571
14743.000,91.000000,3805.3337
14822.000,81.000000,4255.5373
14822.000,82.000000,4112.7985
14941.000,81.000000,5477.0773
14941.000,82.000000,4877.1650
14941.000,83.000000,5014.3496
14941.000,84.000000,5074.2341
14941.000,85.000000,5235.0468
14941.000,86.000000,4841.4887
14941.000,87.000000,4828.3642
14941.000,88.000000,4207.9074
14941.000,89.000000,4659.0237
14941.000,90.000000,5070.0060
14941.000,91.000000,4549.7508
14943.000,81.000000,5212.7813
14943.000,82.000000,4497.8477
14943.000,83.000000,4478.6570
14943.000,84.000000,4800.3358
14943.000,85.000000,4277.9965
14943.000,86.000000,4558.8777
14943.000,87.000000,3650.9050
14943.000,88.000000,3067.4743
14943.000,89.000000,4882.5794
14943.000,90.000000,3956.5775
14982.000,81.000000,1934.0122
14982.000,82.000000,2418.1460
14982.000,83.000000,2229.0331
14982.000,84.000000,1973.9089
14982.000,85.000000,3361.6454
14982.000,86.000000,1752.0507
14982.000,87.000000,1734.5527
14982.000,88.000000,1367.8268
14982.000,89.000000,1731.1665
14982.000,90.000000,2247.3943
15117.000,81.000000,3086.9329
15117.000,82.000000,6627.2331
15117.000,83.000000,3812.8063
15117.000,84.000000,3943.3576
15117.000,85.000000,3631.6392
15117.000,86.000000,3917.9460
15117.000,87.000000,4059.7646
15117.000,88.000000,4165.0867
15117.000,89.000000,4242.2195
15117.000,90.000000,4317.4374
15117.000,91.000000,6399.6644
15135.000,81.000000,5059.5962
15135.000,82.000000,4551.0098
15135.000,83.000000,5205.7523
15135.000,84.000000,4882.9724
15135.000,85.000000,4413.2874
15135.000,86.000000,3829.1084
15135.000,87.000000,5510.5640
15135.000,88.000000,4219.9279
15272.000,81.000000,10482.396
15530.000,81.000000,4364.1840
15530.000,82.000000,4788.1336
15530.000,83.000000,4904.3153
15530.000,84.000000,4831.6227
15530.000,85.000000,4638.0659
15530.000,86.000000,4688.7945
15530.000,87.000000,5378.4716
15530.000,88.000000,4252.1658
15530.000,89.000000,3762.8060
15530.000,90.000000,3420.0246
15530.000,91.000000,3564.6363
15730.000,81.000000,8950.6720
15730.000,82.000000,5700.8122
15730.000,83.000000,8382.4653
15730.000,84.000000,5977.8285
15730.000,85.000000,4612.2896
15730.000,86.000000,8271.9022
15730.000,87.000000,8010.8265
15848.000,81.000000,4055.4719
15848.000,82.000000,4065.4255
16024.000,81.000000,5274.9261
16024.000,82.000000,3957.6722
16024.000,83.000000,4348.5074
16024.000,84.000000,4441.7315
16024.000,85.000000,4752.9384
16024.000,86.000000,4037.2450
16329.000,81.000000,5503.6101
16417.000,81.000000,4708.7824
16417.000,82.000000,4248.9577
16417.000,83.000000,4595.9950
16417.000,84.000000,4498.8055
16417.000,85.000000,4747.0943
16417.000,86.000000,5164.8713
16417.000,87.000000,5398.7837
16417.000,88.000000,5400.7337
16417.000,89.000000,4837.3754
16417.000,90.000000,5663.4127
16417.000,91.000000,5761.3980
16553.000,82.000000,3740.8399
16553.000,83.000000,3884.0095
16553.000,84.000000,4271.2619
16553.000,85.000000,4464.8953
16553.000,87.000000,4596.8988
16553.000,88.000000,4556.4339
16553.000,89.000000,4049.5279
16553.000,90.000000,3758.3830
16553.000,91.000000,4104.1183
16856.000,81.000000,1598.7040
16856.000,82.000000,2907.7290
16856.000,83.000000,2183.0529
16856.000,84.000000,4147.2104
16856.000,85.000000,4419.8105
16857.000,81.000000,6708.4090
16858.000,81.000000,3103.8185
16859.000,81.000000,15507.203
16861.000,81.000000,2011.7161
16861.000,82.000000,2868.8455
16861.000,83.000000,4033.9187
16861.000,84.000000,6555.4535
16863.000,81.000000,3698.7696
16863.000,82.000000,3408.9791
16863.000,83.000000,3310.8052
16863.000,84.000000,4054.7788
16863.000,85.000000,5974.8294
16863.000,87.000000,4470.4518
16863.000,88.000000,4139.8782
16865.000,81.000000,4419.8768
16865.000,82.000000,4887.0985
16865.000,83.000000,3819.7308
16867.000,81.000000,4219.0398
16867.000,82.000000,4609.1216
16867.000,83.000000,4666.9976
16867.000,84.000000,4233.6621
16867.000,85.000000,3721.5395
16867.000,86.000000,3460.8607
16867.000,87.000000,3531.9823
16867.000,88.000000,3599.4455
16867.000,89.000000,3261.5487
16867.000,90.000000,3718.5841
16867.000,91.000000,4284.9284
16868.000,81.000000,4253.1289
16868.000,82.000000,5684.0805
16872.000,81.000000,4311.3022
16872.000,82.000000,5823.5716
16872.000,83.000000,8232.8833
16872.000,84.000000,9601.3025
16872.000,85.000000,6564.7780
16872.000,86.000000,3550.5471
16872.000,87.000000,3558.6385
16872.000,90.000000,21336.502
16872.000,91.000000,23516.631
16874.000,81.000000,12443.285
16876.000,81.000000,5337.7027
16877.000,81.000000,6851.8538
16877.000,82.000000,5394.0892
16877.000,83.000000,6384.6950
16877.000,84.000000,9915.9453
16877.000,85.000000,5521.6782
16877.000,86.000000,5620.5922
16877.000,87.000000,7217.6864
16877.000,89.000000,7503.7858
16877.000,90.000000,6868.3361
16877.000,91.000000,7699.0020
16878.000,81.000000,3323.8001
16879.000,81.000000,6585.0866
16880.000,81.000000,6361.6961
16881.000,81.000000,3248.7873
16883.000,81.000000,3774.7926
16884.000,81.000000,2237.4704
16884.000,82.000000,2621.7070
16884.000,83.000000,3369.5028
16885.000,81.000000,3620.2506
16887.000,81.000000,3469.9081
16889.000,81.000000,4401.9099
16889.000,82.000000,4088.0620
16889.000,83.000000,3663.0330
16889.000,84.000000,4027.2223
16889.000,85.000000,4330.9596
16889.000,86.000000,4150.3436
16889.000,87.000000,4093.1813
16889.000,88.000000,4665.4465
16889.000,89.000000,4916.6586
16889.000,90.000000,4625.2346
16889.000,91.000000,4508.6492
16890.000,81.000000,3858.2547
16890.000,82.000000,3998.4825
16890.000,83.000000,3824.7372
16890.000,84.000000,4397.7427
16890.000,85.000000,4441.0279
16890.000,86.000000,4337.4995
16890.000,87.000000,4440.0958
16890.000,88.000000,3822.2237
16890.000,89.000000,3895.6250
16890.000,90.000000,3863.2011
16890.000,91.000000,4796.7005
16892.000,81.000000,4193.1343
16893.000,81.000000,13920.512
16894.000,81.000000,4122.4114
16895.000,81.000000,4774.7944
16895.000,82.000000,4458.8071
16895.000,83.000000,4065.6085
16895.000,84.000000,4255.9104
16895.000,85.000000,4323.6086
16895.000,86.000000,4338.9184
16895.000,87.000000,4686.0267
16895.000,88.000000,4142.5693
16895.000,89.000000,3943.3079
16895.000,90.000000,3822.4747
16895.000,91.000000,4027.0011
16896.000,81.000000,4269.0012
16896.000,82.000000,4075.4156
16896.000,83.000000,4560.4670
16897.000,81.000000,3206.8020
16897.000,82.000000,3762.1333
16901.000,81.000000,3555.4307
16901.000,82.000000,3975.2659
16901.000,83.000000,4377.8392
16901.000,84.000000,3889.1825
16901.000,85.000000,4104.4648
16901.000,86.000000,3819.2407
16901.000,87.000000,4408.3759
16901.000,88.000000,4144.2185
16901.000,89.000000,5151.7508
16901.000,90.000000,5041.6013
16901.000,91.000000,5416.6796
16904.000,81.000000,4994.8807
16904.000,82.000000,5050.4146
16904.000,85.000000,5210.6575
16909.000,81.000000,5079.6099
16909.000,82.000000,4449.9394
16909.000,83.000000,4389.7374
16909.000,84.000000,4071.0014
16910.000,81.000000,3477.8761
16910.000,82.000000,4015.6665
16910.000,83.000000,3242.3672
16913.000,81.000000,5667.8562
16913.000,82.000000,3261.9442
16914.000,81.000000,3388.2541
16914.000,82.000000,3124.5879
16917.000,81.000000,3236.2235
16917.000,82.000000,5642.1228
16918.000,81.000000,5052.7682
16918.000,82.000000,4553.9313
16919.000,81.000000,4662.9139
16919.000,82.000000,4480.1606
16919.000,83.000000,5276.2296
16924.000,81.000000,2287.5787
16924.000,82.000000,2401.9316
16924.000,83.000000,3172.6171
16924.000,84.000000,3591.7046
16924.000,85.000000,3193.1428
16924.000,86.000000,2455.2780
16924.000,87.000000,3057.3494
16924.000,88.000000,2597.7898
16924.000,89.000000,2758.9707
16924.000,90.000000,2619.5494
16924.000,91.000000,2429.1697
16930.000,81.000000,5387.0941
16930.000,82.000000,4411.1039
16930.000,83.000000,3075.8104
16930.000,84.000000,3666.3513
16930.000,85.000000,4508.0467
16930.000,86.000000,4151.3253
16930.000,87.000000,4527.3454
16930.000,88.000000,4723.7356
16930.000,89.000000,4713.6174
16930.000,90.000000,4904.4008
16930.000,91.000000,5120.0963
16931.000,81.000000,6571.9086
16931.000,82.000000,6278.1943
16931.000,83.000000,6017.1362
16931.000,84.000000,5956.7127
16931.000,85.000000,4999.4803
16931.000,86.000000,6398.4491
16931.000,87.000000,5231.9096
16931.000,88.000000,5170.6700
16931.000,89.000000,5090.5316
16931.000,90.000000,5011.2435
16931.000,91.000000,5130.8577
16932.000,81.000000,4486.1268
16932.000,82.000000,5184.9897
16932.000,83.000000,4844.4457
16932.000,84.000000,5861.2402
16932.000,85.000000,5242.8114
16932.000,86.000000,5124.3024
16932.000,87.000000,4758.0750
16933.000,81.000000,5465.2394
16933.000,82.000000,4623.7966
16933.000,83.000000,4638.1726
16933.000,84.000000,4694.2309
16933.000,85.000000,4806.3076
16933.000,86.000000,4532.8389
16933.000,87.000000,4358.8448
16933.000,88.000000,4532.3327
16933.000,89.000000,4540.7238
16933.000,90.000000,4326.2053
16933.000,91.000000,4390.6029
16940.000,82.000000,4371.0761
16941.000,82.000000,4818.3283
16941.000,83.000000,4907.8702
16941.000,84.000000,4864.5347
16941.000,85.000000,5021.2244
16941.000,86.000000,4985.4574
16941.000,87.000000,4742.6231
16941.000,88.000000,4545.9367
16941.000,89.000000,4833.0608
16951.000,88.000000,3914.9274
16971.000,81.000000,3844.8599
16971.000,82.000000,3253.5764
16979.000,81.000000,5716.2948
16979.000,82.000000,5930.1568
16979.000,86.000000,5484.5201
16979.000,87.000000,5424.6352
16979.000,91.000000,5584.6182
16982.000,81.000000,4185.1138
17055.000,81.000000,3518.1499
17055.000,82.000000,2927.3210
17055.000,83.000000,3713.3979
17055.000,84.000000,4524.6847
17275.000,81.000000,4722.9152
17275.000,82.000000,4233.4035
17275.000,83.000000,4820.4476
17275.000,84.000000,4742.1488
17275.000,85.000000,5007.8348
17275.000,86.000000,4933.8118
17275.000,87.000000,4448.3670
17275.000,88.000000,4756.9548
17275.000,89.000000,4966.0756
17275.000,90.000000,4797.6080
17275.000,91.000000,4442.3941
17286.000,81.000000,4620.5967
17714.000,81.000000,3912.6678
17714.000,82.000000,3863.6725
17714.000,83.000000,4232.4876
17714.000,84.000000,4420.5742
17714.000,85.000000,4889.8714
17714.000,86.000000,4001.0578
17714.000,87.000000,4694.1453
17714.000,88.000000,4404.6939
17714.000,89.000000,3925.2579
17714.000,90.000000,4315.1739
17714.000,91.000000,4279.1067
17716.000,81.000000,4479.4848
17718.000,81.000000,5347.9952
17719.000,81.000000,4292.3310
17720.000,81.000000,3157.6209
17720.000,82.000000,5282.8692
17721.000,82.000000,3690.0671
17722.000,81.000000,5015.7944
17723.000,81.000000,4020.2402
17723.000,82.000000,3374.5791
17723.000,83.000000,3873.3204
17723.000,84.000000,5117.5988
17723.000,85.000000,4835.0891
17723.000,86.000000,4298.9283
17723.000,87.000000,4649.6313
17723.000,88.000000,4276.5792
17723.000,89.000000,5123.1484
17723.000,90.000000,4994.0857
17723.000,91.000000,4967.1074
17724.000,81.000000,2861.2622
17724.000,83.000000,2926.6004
17724.000,84.000000,2582.2495
17724.000,85.000000,2961.1379
17724.000,86.000000,3296.0855
17724.000,87.000000,3031.6307
17724.000,88.000000,3136.4454
17724.000,89.000000,3752.3083
17724.000,90.000000,3452.3303
17724.000,91.000000,3648.3292
17725.000,81.000000,4263.6354
17725.000,82.000000,4786.3538
17725.000,83.000000,5330.1391
17725.000,84.000000,5288.5050
17725.000,85.000000,5431.5710
17725.000,86.000000,5364.0873
17725.000,87.000000,5006.4188
17725.000,88.000000,5054.7769
17725.000,89.000000,5060.1253
17725.000,90.000000,4984.8247
17725.000,91.000000,5057.5533
17726.000,81.000000,2714.1827
17726.000,82.000000,3886.3266
17726.000,83.000000,3550.8126
17726.000,84.000000,3723.4897
17726.000,85.000000,4220.1303
17726.000,86.000000,3975.4971
17726.000,87.000000,3735.3386
17726.000,88.000000,3548.2861
17726.000,89.000000,3311.5861
17726.000,90.000000,3411.1384
17726.000,91.000000,3354.2986
17728.000,81.000000,4706.1225
17728.000,82.000000,2391.8355
17728.000,83.000000,2938.1244
17728.000,84.000000,3172.6460
17728.000,85.000000,4240.6410
17728.000,86.000000,3415.0909
17728.000,87.000000,4181.2325
17728.000,88.000000,3021.7489
17728.000,89.000000,3960.1683
17728.000,90.000000,3557.5231
17729.000,81.000000,3773.2870
17729.000,82.000000,3368.3882
17732.000,82.000000,5010.0838
17733.000,81.000000,5067.2083
17733.000,82.000000,4304.8000
17733.000,83.000000,4487.9119
17734.000,81.000000,5847.6086
17738.000,81.000000,5801.6813
17738.000,82.000000,6289.2429
17738.000,83.000000,6561.9292
17738.000,84.000000,6764.5715
17738.000,85.000000,5935.2242
17738.000,86.000000,6037.5321
17738.000,87.000000,5722.9399
17738.000,88.000000,6151.9188
17738.000,89.000000,5250.3786
17738.000,90.000000,5480.5353
17738.000,91.000000,4878.7187
17739.000,81.000000,4024.9147
17739.000,82.000000,4534.6574
17739.000,83.000000,5750.1373
17739.000,84.000000,4900.9647
17740.000,81.000000,5635.0055
17740.000,82.000000,5638.2293
17741.000,81.000000,4408.1566
17743.000,82.000000,3686.3793
17743.000,83.000000,3490.2962
17743.000,84.000000,4418.5757
17743.000,85.000000,3879.8606
17743.000,86.000000,3807.2525
17743.000,87.000000,3774.6944
17743.000,88.000000,4240.3029
17743.000,89.000000,4217.3501
17743.000,90.000000,3702.5356
17744.000,81.000000,4349.0917
17745.000,81.000000,3727.1556
17745.000,82.000000,2962.4936
17745.000,83.000000,2386.8067
17745.000,84.000000,2746.0022
17745.000,85.000000,4711.6608
17745.000,86.000000,4939.8516
17745.000,87.000000,5257.7009
17745.000,88.000000,5196.3498
17745.000,89.000000,5077.8814
17745.000,90.000000,5237.7316
17745.000,91.000000,5512.8423
17747.000,81.000000,3562.0823
17747.000,82.000000,3930.2080
17749.000,81.000000,3970.0332
17749.000,82.000000,4136.6413
17749.000,83.000000,4505.2290
17749.000,84.000000,4771.1639
17749.000,85.000000,4837.8672
17749.000,86.000000,4705.6761
17749.000,87.000000,4729.6496
17749.000,88.000000,4833.9384
17749.000,89.000000,4348.9276
17749.000,90.000000,4336.5313
17749.000,91.000000,4388.4406
17753.000,81.000000,4075.0749
17754.000,81.000000,5428.8829
17754.000,82.000000,5415.4330
17758.000,81.000000,4725.4419
17758.000,82.000000,4362.3197
17760.000,81.000000,5870.1487
17760.000,82.000000,6148.1665
17761.000,81.000000,3276.0864
17761.000,82.000000,3615.3263
17761.000,83.000000,2718.9817
17761.000,84.000000,3410.1377
17761.000,85.000000,3955.6464
17761.000,86.000000,4579.6234
17761.000,87.000000,4742.3181
17761.000,88.000000,6385.0997
17761.000,89.000000,6748.2045
17761.000,90.000000,5667.2627
17761.000,91.000000,6506.7666
17763.000,81.000000,5416.7921
17763.000,82.000000,5113.4324
17763.000,83.000000,5242.2831
17763.000,84.000000,5260.7498
17763.000,85.000000,5137.1396
17763.000,86.000000,5775.1875
17763.000,87.000000,8751.3325
17765.000,81.000000,4291.8148
17767.000,81.000000,4946.7130
17767.000,82.000000,4912.4490
17767.000,83.000000,4444.7424
17767.000,84.000000,4521.2719
17767.000,85.000000,4660.5674
17767.000,86.000000,3576.8412
17767.000,87.000000,4232.6152
17767.000,88.000000,4744.4482
17767.000,89.000000,4696.7332
17767.000,90.000000,4351.3915
17767.000,91.000000,5701.8881
17770.000,81.000000,3367.6190
17770.000,82.000000,2571.3032
17770.000,83.000000,3551.2236
17770.000,84.000000,4480.1363
17770.000,85.000000,3923.9917
17770.000,86.000000,4505.5589
17770.000,87.000000,4352.2943
17770.000,88.000000,4310.4478
17770.000,89.000000,4591.9696
17770.000,90.000000,4491.3428
17770.000,91.000000,4538.7129
17771.000,81.000000,5990.0106
17771.000,82.000000,5804.0614
17771.000,83.000000,5649.1280
17774.000,82.000000,3932.3837
17774.000,83.000000,4533.4846
17775.000,81.000000,2478.8768
17778.000,81.000000,3954.1372
17822.000,81.000000,4843.8030
17822.000,82.000000,4369.1635
17822.000,86.000000,4034.6838
17822.000,87.000000,4099.2823
17822.000,88.000000,4121.2815
17822.000,89.000000,5731.0191
17822.000,90.000000,5472.6451
17822.000,91.000000,7073.2184
17834.000,81.000000,3989.9558
17860.000,82.000000,3838.6500
17860.000,83.000000,5655.8773
17860.000,84.000000,4747.7655
17860.000,85.000000,4331.8061
17865.000,81.000000,5078.8360
17883.000,88.000000,4548.3396
17883.000,89.000000,5008.4650
17883.000,90.000000,4206.9983
17889.000,88.000000,3716.4424
17889.000,89.000000,3473.6715
17894.000,81.000000,4074.0367
17894.000,82.000000,4456.6071
17894.000,84.000000,4539.9503
17894.000,85.000000,4311.1868
17897.000,87.000000,4562.7559
18589.000,81.000000,3559.2706
18589.000,83.000000,3970.4694
18592.000,81.000000,3900.0202
18592.000,82.000000,4010.7233
18592.000,83.000000,3931.9636
18592.000,84.000000,4230.3097
18592.000,85.000000,4089.5842
18592.000,86.000000,4460.8624
18592.000,87.000000,4238.0658
18592.000,88.000000,4375.1899
18592.000,89.000000,4422.9580
18592.000,90.000000,4540.5707
18592.000,91.000000,4807.3705
18593.000,81.000000,3630.1077
18593.000,82.000000,3206.3075
18593.000,83.000000,3430.5039
18593.000,84.000000,3762.5943
18593.000,85.000000,3581.0832
18593.000,86.000000,3730.7821
18593.000,87.000000,3462.2122
18593.000,88.000000,3644.7978
18593.000,89.000000,2959.8312
18593.000,90.000000,4066.1886
18593.000,91.000000,4901.1300
18595.000,81.000000,3506.5812
18596.000,81.000000,4073.2179
18596.000,82.000000,4220.6061
18596.000,83.000000,4226.3009
18596.000,84.000000,4472.1697
18597.000,81.000000,2961.6784
18598.000,81.000000,4345.8328
18598.000,82.000000,5258.5539
18598.000,83.000000,4999.2808
18598.000,84.000000,6138.3038
18600.000,81.000000,5198.1930
18600.000,82.000000,6777.4140
18601.000,81.000000,2724.5695
18602.000,81.000000,5317.4842
18602.000,82.000000,5759.9720
18602.000,83.000000,5628.7417
18602.000,84.000000,5797.8960
18602.000,85.000000,5566.1210
18602.000,86.000000,5099.3203
18602.000,88.000000,6165.2556
18602.000,89.000000,6084.5900
18602.000,90.000000,5828.0678
18602.000,91.000000,5859.5634
18603.000,81.000000,4476.4228
18603.000,82.000000,4273.8501
18603.000,83.000000,4416.9442
18603.000,84.000000,4330.5192
18603.000,85.000000,4429.9851
18603.000,86.000000,4413.3468
18603.000,87.000000,4226.6802
18604.000,81.000000,1418.2854
18604.000,82.000000,4907.9252
18604.000,83.000000,4190.4363
18604.000,84.000000,4238.1160
18604.000,85.000000,4032.2708
18606.000,81.000000,14825.404
18606.000,82.000000,2992.2778
18607.000,81.000000,2109.8684
18608.000,81.000000,4160.4033
18608.000,82.000000,3906.5383
18608.000,83.000000,3803.6717
18608.000,84.000000,4520.8474
18608.000,85.000000,6586.5506
18608.000,86.000000,7659.0986
18608.000,87.000000,6723.7759
18608.000,88.000000,6560.9503
18608.000,89.000000,5277.8291
18612.000,81.000000,3953.2758
18612.000,82.000000,3971.5443
18612.000,83.000000,3800.9314
18612.000,84.000000,3674.1985
18612.000,85.000000,3975.0212
18612.000,86.000000,3812.6578
18612.000,87.000000,3759.5427
18612.000,88.000000,3944.6734
18612.000,89.000000,3770.0703
18612.000,90.000000,3973.0359
18612.000,91.000000,4169.1813
18613.000,81.000000,4261.3626
18613.000,82.000000,5975.4800
18613.000,83.000000,4803.1087
18614.000,81.000000,5323.1918
18614.000,82.000000,5820.9108
18614.000,83.000000,4699.8375
18614.000,84.000000,5311.2370
18614.000,85.000000,5250.4750
18614.000,86.000000,5015.3715
18614.000,87.000000,5206.4170
18614.000,88.000000,5413.3284
18614.000,89.000000,5693.6948
18614.000,90.000000,5434.4316
18614.000,91.000000,6784.5871
18615.000,81.000000,3833.4558
18616.000,81.000000,3930.9745
18617.000,81.000000,4353.2584
18617.000,82.000000,4512.1104
18617.000,83.000000,4082.7946
18617.000,84.000000,3995.8746
18617.000,85.000000,3930.8183
18617.000,86.000000,3865.0801
18617.000,87.000000,3933.3688
18617.000,88.000000,4324.7371
18617.000,89.000000,3423.9967
18617.000,90.000000,3503.7049
18617.000,91.000000,3756.6821
18618.000,81.000000,4615.1580
18618.000,82.000000,4428.3720
18618.000,83.000000,5273.3385
18618.000,84.000000,4619.9379
18618.000,85.000000,4811.8395
18618.000,86.000000,4463.5926
18618.000,87.000000,4366.8497
18618.000,88.000000,4650.0203
18618.000,89.000000,4505.4155
18618.000,90.000000,4564.0068
18618.000,91.000000,4485.7309
18619.000,81.000000,5040.2414
18619.000,82.000000,3665.4257
18619.000,83.000000,4054.0134
18619.000,84.000000,4428.2203
18621.000,81.000000,6406.5632
18621.000,82.000000,4143.3124
18621.000,83.000000,4661.0076
18621.000,84.000000,5064.4877
18621.000,85.000000,4801.6587
18621.000,86.000000,3739.3114
18621.000,87.000000,3722.5700
18621.000,88.000000,3418.5231
18621.000,89.000000,3528.5312
18621.000,90.000000,2938.1153
18621.000,91.000000,3729.9878
18622.000,81.000000,3173.6291
18622.000,82.000000,4395.3872
18624.000,81.000000,3816.0444
18627.000,81.000000,3829.7182
18627.000,82.000000,3571.9901
18627.000,83.000000,4240.7763
18627.000,84.000000,4358.2443
18627.000,85.000000,4331.8172
18627.000,86.000000,5809.3795
18627.000,87.000000,4518.9786
18627.000,88.000000,4065.1702
18627.000,89.000000,4340.5044
18627.000,90.000000,4487.0660
18627.000,91.000000,4225.1178
18628.000,81.000000,4938.2490
18628.000,82.000000,5587.3734
18629.000,81.000000,4183.8384
18629.000,82.000000,5307.0782
18629.000,83.000000,4353.5937
18629.000,84.000000,4559.2658
18629.000,85.000000,4718.4383
18629.000,86.000000,4654.5037
18629.000,87.000000,4660.4182
18629.000,88.000000,4739.9777
18629.000,89.000000,4429.1072
18629.000,90.000000,4709.1800
18629.000,91.000000,4047.6362
18632.000,81.000000,6071.0747
18632.000,82.000000,5198.1366
18633.000,81.000000,4285.6309
18633.000,82.000000,4180.9570
18633.000,83.000000,4475.0909
18633.000,84.000000,4769.8647
18633.000,85.000000,4313.4012
18633.000,86.000000,4069.6533
18633.000,87.000000,4525.0786
18634.000,81.000000,3613.0048
18634.000,82.000000,4484.3417
18635.000,81.000000,4990.2280
18635.000,82.000000,5641.7674
18635.000,83.000000,5535.2156
18635.000,84.000000,5150.0116
18635.000,85.000000,7839.5886
18635.000,86.000000,6221.7416
18635.000,87.000000,5175.7015
18635.000,88.000000,5449.8580
18635.000,89.000000,4674.5187
18635.000,90.000000,4959.5506
18635.000,91.000000,6035.4760
18637.000,81.000000,4777.1152
18637.000,82.000000,5415.5144
18637.000,83.000000,4152.0749
18637.000,84.000000,4126.6211
18637.000,85.000000,4357.9164
18637.000,86.000000,4238.8255
18638.000,81.000000,5301.3787
18638.000,82.000000,19743.725
18639.000,81.000000,4795.5569
18639.000,82.000000,5600.6508
18640.000,81.000000,7470.1612
18640.000,82.000000,5487.6738
18641.000,81.000000,5288.0345
18641.000,82.000000,5830.9996
18641.000,83.000000,4605.7547
18641.000,84.000000,5176.2778
18641.000,85.000000,6073.8816
18641.000,86.000000,4939.5816
18641.000,87.000000,5150.3909
18641.000,88.000000,5104.9617
18641.000,89.000000,5118.3053
18641.000,90.000000,5178.6307
18641.000,91.000000,5341.6092
18642.000,81.000000,5504.2072
18642.000,82.000000,5867.6371
18643.000,81.000000,3252.8577
18643.000,82.000000,3269.1193
18643.000,83.000000,3857.6029
18643.000,84.000000,4248.6054
18643.000,85.000000,3986.6504
18643.000,86.000000,3933.4731
18643.000,87.000000,4480.6380
18643.000,88.000000,5201.3758
18643.000,89.000000,5066.3062
18644.000,81.000000,5819.9240
18644.000,82.000000,7606.8176
18644.000,83.000000,6457.1729
18644.000,84.000000,5149.7051
18644.000,85.000000,5239.7735
18644.000,86.000000,5058.6839
18644.000,87.000000,4921.7338
18644.000,88.000000,4752.8727
18644.000,89.000000,5214.4982
18644.000,90.000000,5715.2643
18644.000,91.000000,5505.6984
18645.000,81.000000,4365.9618
18645.000,82.000000,4412.6509
18645.000,83.000000,4435.1584
18645.000,84.000000,3658.2722
18646.000,81.000000,4546.6101
18646.000,82.000000,4240.4437
18646.000,83.000000,4394.9209
18646.000,84.000000,4891.1206
18646.000,85.000000,4918.1404
18646.000,86.000000,4633.3998
18646.000,87.000000,4597.6270
18646.000,88.000000,4581.0732
18646.000,89.000000,4376.4617
18646.000,90.000000,4772.9029
18646.000,91.000000,4994.2290
18680.000,81.000000,4766.1382
18680.000,82.000000,3472.1177
18680.000,84.000000,3855.4185
18680.000,85.000000,3671.8844
18680.000,86.000000,3896.5087
18680.000,87.000000,3732.7394
18680.000,88.000000,3886.4689
18680.000,89.000000,3670.8962
18680.000,90.000000,3994.0903
18680.000,91.000000,3409.9571
18682.000,82.000000,2868.0913
18694.000,81.000000,3111.4327
18721.000,81.000000,4414.1574
18744.000,85.000000,4438.8014
18754.000,86.000000,5162.2241
18771.000,81.000000,3466.4834
18771.000,82.000000,4392.1168
18771.000,83.000000,4241.3691
18771.000,84.000000,4713.4629
18807.000,81.000000,4396.9570
18809.000,81.000000,4604.0037
18852.000,82.000000,4070.6255
19077.000,82.000000,4796.1279
19077.000,83.000000,4681.6703
19077.000,84.000000,4849.5542
19077.000,86.000000,4935.4327
19077.000,88.000000,5181.9820
19077.000,89.000000,5330.9793
19077.000,90.000000,5082.6459
19077.000,91.000000,4896.2769
