plant       ,year        ,productivity
10313.000,87.000000,29.034475
10808.000,81.000000,29.852790
10808.000,82.000000,45.398598
10808.000,83.000000,40.093085
10808.000,84.000000,40.686702
10808.000,85.000000,29.853168
10808.000,86.000000,29.332653
10808.000,87.000000,31.408643
10808.000,88.000000,28.631562
10808.000,89.000000,30.451561
10808.000,90.000000,27.564095
10808.000,91.000000,32.720929
10809.000,81.000000,51.952047
10809.000,82.000000,50.258611
10809.000,83.000000,45.657929
10809.000,84.000000,45.129855
10809.000,85.000000,42.618688
10809.000,86.000000,39.176785
10810.000,81.000000,34.458279
10810.000,82.000000,37.480988
10810.000,83.000000,37.379498
10810.000,84.000000,35.157849
10810.000,85.000000,37.166451
10810.000,86.000000,40.885943
10810.000,87.000000,40.844983
10810.000,88.000000,60.131515
10810.000,89.000000,38.663077
10810.000,90.000000,36.560579
10810.000,91.000000,34.012309
10811.000,81.000000,36.746048
10811.000,82.000000,35.420370
10811.000,83.000000,39.989312
10811.000,84.000000,42.809899
10811.000,85.000000,37.238044
10811.000,86.000000,48.447126
10811.000,87.000000,37.826173
10812.000,83.000000,43.666059
10812.000,84.000000,42.220840
10812.000,85.000000,36.466771
10812.000,86.000000,34.888244
10812.000,87.000000,37.240463
10812.000,88.000000,40.689658
10813.000,81.000000,55.056322
10813.000,82.000000,53.084946
10813.000,83.000000,49.925333
10813.000,84.000000,52.705475
10813.000,85.000000,53.024351
10813.000,86.000000,54.095811
10813.000,87.000000,49.628932
10813.000,88.000000,53.512982
10813.000,89.000000,59.534870
10813.000,90.000000,55.255073
10813.000,91.000000,54.196160
10814.000,81.000000,42.097736
10814.000,82.000000,37.486375
10814.000,83.000000,36.361156
10814.000,84.000000,40.372748
10814.000,85.000000,45.914917
10814.000,86.000000,46.622626
10814.000,87.000000,35.141917
10815.000,81.000000,46.622778
10815.000,82.000000,47.826488
10815.000,83.000000,44.432841
10815.000,84.000000,40.982927
10815.000,85.000000,38.795408
10815.000,86.000000,39.584525
10815.000,87.000000,40.538784
10815.000,88.000000,44.089887
10815.000,89.000000,42.093877
10815.000,90.000000,45.707653
10815.000,91.000000,49.485002
10816.000,81.000000,101.50847
10816.000,82.000000,35.826432
10816.000,83.000000,45.023921
10816.000,84.000000,40.189203
10816.000,85.000000,40.468902
10816.000,86.000000,40.703573
10816.000,87.000000,30.688167
10816.000,88.000000,30.168879
10816.000,89.000000,52.427616
10816.000,90.000000,46.782395
10816.000,91.000000,41.524367
10818.000,81.000000,46.239232
10818.000,82.000000,45.064513
10818.000,83.000000,49.296479
10818.000,84.000000,47.100937
10818.000,85.000000,41.728131
10818.000,86.000000,42.663863
10818.000,87.000000,40.892145
10818.000,88.000000,43.176639
10818.000,89.000000,37.288150
10818.000,90.000000,43.069961
10818.000,91.000000,37.590982
10819.000,81.000000,43.828514
10819.000,82.000000,44.354040
10819.000,83.000000,44.943393
10819.000,84.000000,41.250350
10819.000,85.000000,32.078854
10819.000,86.000000,40.189927
10819.000,87.000000,40.571106
10819.000,88.000000,39.555634
10819.000,89.000000,43.217975
10819.000,90.000000,46.200623
10819.000,91.000000,53.930308
10820.000,81.000000,87.086806
10820.000,82.000000,76.111038
10820.000,83.000000,56.112435
10820.000,84.000000,46.792483
10820.000,85.000000,47.107009
10820.000,86.000000,39.664944
10820.000,87.000000,36.864338
10820.000,88.000000,33.687587
10820.000,89.000000,40.231820
10820.000,90.000000,47.585196
10820.000,91.000000,47.653435
10821.000,81.000000,34.723905
10821.000,82.000000,36.781056
10821.000,83.000000,28.314118
10821.000,84.000000,27.601108
10821.000,85.000000,31.111242
10821.000,86.000000,28.610460
10821.000,87.000000,29.372496
10821.000,88.000000,29.665229
10821.000,89.000000,29.768389
10821.000,90.000000,28.016656
10821.000,91.000000,29.762251
10822.000,81.000000,31.119760
10823.000,81.000000,34.638666
10823.000,82.000000,43.027147
10823.000,83.000000,28.668217
10823.000,84.000000,38.626719
10823.000,85.000000,32.692816
10823.000,86.000000,37.420777
10823.000,87.000000,34.974841
10823.000,88.000000,31.889800
10824.000,81.000000,34.295503
10824.000,82.000000,43.427495
10824.000,83.000000,56.266063
10824.000,84.000000,35.894241
10824.000,85.000000,28.913114
10824.000,86.000000,29.656111
10824.000,87.000000,31.228216
10824.000,88.000000,34.555513
10824.000,89.000000,32.888278
10824.000,90.000000,32.509915
10824.000,91.000000,43.707613
10825.000,81.000000,50.015856
10825.000,82.000000,34.119561
10825.000,83.000000,34.272651
10825.000,84.000000,41.660008
10825.000,85.000000,40.264122
10825.000,86.000000,34.436982
10825.000,87.000000,36.666708
10825.000,88.000000,32.878469
10825.000,89.000000,28.866164
10825.000,90.000000,29.282077
10825.000,91.000000,43.061115
10826.000,81.000000,57.148043
10826.000,82.000000,55.163048
10826.000,83.000000,67.342394
10826.000,84.000000,42.902502
10826.000,85.000000,41.293662
10826.000,86.000000,44.799899
10826.000,87.000000,36.265458
10826.000,88.000000,35.101819
10826.000,89.000000,23.433297
10827.000,81.000000,40.286868
10827.000,82.000000,43.848310
10827.000,83.000000,46.061876
10827.000,84.000000,53.295230
10827.000,85.000000,43.861626
10827.000,86.000000,45.185619
10827.000,87.000000,41.320067
10827.000,88.000000,49.595031
10827.000,89.000000,45.819578
10827.000,90.000000,40.804966
10827.000,91.000000,44.072598
10828.000,81.000000,53.720635
10828.000,82.000000,45.033158
10828.000,83.000000,45.044900
10828.000,84.000000,42.461440
10828.000,85.000000,42.066858
10828.000,86.000000,36.440847
10828.000,87.000000,37.242764
10828.000,88.000000,37.182742
10828.000,89.000000,34.877031
10828.000,90.000000,34.789782
10828.000,91.000000,35.297005
10830.000,83.000000,34.016227
10830.000,84.000000,32.782584
10830.000,85.000000,32.807781
10831.000,81.000000,56.938741
10831.000,82.000000,42.236551
10831.000,83.000000,41.342378
10831.000,84.000000,38.456094
10831.000,85.000000,41.698886
10831.000,86.000000,37.452441
10831.000,87.000000,38.036501
10831.000,88.000000,35.166429
10831.000,89.000000,31.834522
10831.000,90.000000,39.798020
10831.000,91.000000,41.060182
10832.000,81.000000,34.996837
10832.000,82.000000,38.282755
10832.000,83.000000,38.826828
10832.000,84.000000,32.631935
10832.000,85.000000,32.164791
10832.000,86.000000,43.736586
10832.000,87.000000,37.665415
10832.000,88.000000,36.230679
10833.000,81.000000,40.828385
10833.000,82.000000,39.297634
10833.000,83.000000,41.265703
10833.000,84.000000,39.541519
10833.000,85.000000,29.300258
10834.000,82.000000,30.705762
10834.000,83.000000,34.427314
10834.000,84.000000,36.289966
10834.000,85.000000,46.333304
10834.000,86.000000,18.616136
10835.000,81.000000,34.133705
10835.000,82.000000,25.373397
10835.000,83.000000,34.048458
10835.000,84.000000,31.164452
10835.000,85.000000,33.274332
10835.000,86.000000,26.880510
10836.000,81.000000,54.751828
10836.000,82.000000,50.565245
10836.000,83.000000,45.642405
10836.000,84.000000,37.576139
10836.000,85.000000,37.491908
10836.000,86.000000,33.485045
10836.000,87.000000,30.328097
10836.000,88.000000,29.854782
10836.000,89.000000,29.885069
10836.000,90.000000,29.596846
10836.000,91.000000,29.254349
10837.000,81.000000,29.543177
10837.000,82.000000,32.207912
10837.000,83.000000,35.062047
10837.000,84.000000,33.696308
10837.000,85.000000,34.055086
10838.000,81.000000,39.899876
10838.000,82.000000,47.227488
10838.000,83.000000,45.568137
10838.000,84.000000,45.339777
10838.000,85.000000,44.123016
10839.000,81.000000,38.676043
10839.000,82.000000,40.167568
10839.000,83.000000,41.345556
10839.000,84.000000,42.541392
10839.000,85.000000,44.530532
10839.000,86.000000,46.983404
10839.000,87.000000,43.344920
10839.000,88.000000,47.302378
10839.000,89.000000,44.517939
10839.000,90.000000,41.583681
10839.000,91.000000,35.322507
10840.000,81.000000,32.248233
10840.000,82.000000,43.943791
10840.000,83.000000,32.810437
10840.000,84.000000,36.403486
10840.000,85.000000,41.723365
10841.000,81.000000,44.657008
10841.000,82.000000,42.874112
10841.000,83.000000,37.570698
10841.000,84.000000,35.557807
10841.000,85.000000,46.156208
10841.000,86.000000,41.514020
10841.000,87.000000,39.667855
10841.000,88.000000,39.778168
10841.000,89.000000,44.722666
10841.000,90.000000,42.173015
10841.000,91.000000,37.770304
10842.000,81.000000,37.145067
10842.000,82.000000,27.438901
10842.000,83.000000,21.059042
10842.000,84.000000,23.271754
10842.000,85.000000,24.867424
10842.000,86.000000,20.561660
10842.000,87.000000,18.674751
10842.000,88.000000,17.935707
10842.000,89.000000,26.379103
10842.000,90.000000,17.236668
10842.000,91.000000,19.911117
10843.000,81.000000,54.056654
10843.000,82.000000,41.976978
10843.000,83.000000,44.788944
10843.000,84.000000,35.401703
10843.000,85.000000,35.169075
10843.000,86.000000,54.288635
10843.000,87.000000,48.262055
10843.000,88.000000,49.795208
10843.000,89.000000,55.763957
10843.000,90.000000,49.223893
10843.000,91.000000,40.112039
10844.000,81.000000,31.761393
10844.000,82.000000,26.004468
10844.000,83.000000,28.808653
10844.000,84.000000,31.686216
10844.000,85.000000,32.270737
10844.000,86.000000,18.658710
10845.000,81.000000,39.971472
10845.000,82.000000,39.777893
10845.000,83.000000,42.146575
10845.000,84.000000,38.523702
10845.000,85.000000,32.792636
10845.000,86.000000,31.153123
10845.000,87.000000,37.098804
10845.000,88.000000,45.904717
10845.000,89.000000,44.101226
10845.000,90.000000,40.236454
10845.000,91.000000,39.019136
10846.000,81.000000,38.560076
10846.000,82.000000,42.151614
10846.000,83.000000,39.464345
10846.000,84.000000,38.984847
10846.000,85.000000,37.069385
10846.000,86.000000,40.091573
10846.000,87.000000,34.416809
10846.000,88.000000,41.046423
10846.000,89.000000,39.442140
10846.000,90.000000,39.628645
10846.000,91.000000,37.201310
10851.000,91.000000,45.339765
10861.000,81.000000,34.903213
10861.000,82.000000,33.013224
10861.000,83.000000,35.704544
10861.000,86.000000,29.589521
10861.000,87.000000,21.906886
10861.000,88.000000,18.464623
10861.000,89.000000,13.144181
10861.000,90.000000,21.517968
10861.000,91.000000,26.931087
11355.000,83.000000,29.320259
11355.000,86.000000,47.802675
11355.000,87.000000,41.617898
11439.000,88.000000,42.884147
11439.000,89.000000,39.745769
12101.000,81.000000,38.460671
12101.000,82.000000,33.789196
12101.000,83.000000,35.307544
12101.000,84.000000,29.996553
12101.000,85.000000,27.949047
12101.000,86.000000,28.669476
12101.000,87.000000,29.238795
12101.000,88.000000,35.001746
12101.000,89.000000,36.043367
12101.000,90.000000,36.900270
12101.000,91.000000,36.724547
12102.000,81.000000,78.041005
12102.000,82.000000,112.39998
12102.000,83.000000,87.539056
12102.000,84.000000,78.580003
12102.000,85.000000,54.092376
12102.000,86.000000,49.137402
12102.000,87.000000,48.313705
12102.000,88.000000,44.449154
12102.000,89.000000,43.973942
12102.000,90.000000,43.854147
12102.000,91.000000,43.316787
12103.000,81.000000,41.258776
12103.000,82.000000,47.512469
12103.000,83.000000,48.472700
12103.000,84.000000,61.438676
12103.000,85.000000,50.538300
12103.000,86.000000,46.484116
12103.000,87.000000,43.595652
12103.000,88.000000,40.915910
12103.000,89.000000,43.504254
12105.000,81.000000,34.222149
12105.000,82.000000,40.156238
12105.000,83.000000,43.496123
12105.000,84.000000,41.224589
12105.000,85.000000,39.697291
12105.000,86.000000,37.837496
12105.000,87.000000,38.835069
12105.000,88.000000,38.962686
12105.000,89.000000,39.141488
12105.000,90.000000,36.363958
12105.000,91.000000,43.674593
12106.000,81.000000,73.871895
12106.000,82.000000,38.950887
12106.000,83.000000,40.656782
12106.000,84.000000,39.345870
12106.000,85.000000,43.369891
12106.000,86.000000,38.931195
12106.000,87.000000,39.869273
12106.000,88.000000,39.350534
12106.000,89.000000,40.945847
12106.000,90.000000,40.295680
12106.000,91.000000,39.957290
12107.000,81.000000,36.982057
12107.000,82.000000,52.418908
12107.000,83.000000,38.854002
12107.000,84.000000,16.645701
12107.000,85.000000,31.936426
12107.000,86.000000,16.333786
12108.000,81.000000,53.158235
12108.000,82.000000,58.713837
12108.000,83.000000,50.462920
12108.000,84.000000,49.462691
12108.000,85.000000,37.739524
12108.000,86.000000,37.371597
12108.000,87.000000,35.993476
12108.000,88.000000,34.701715
12108.000,89.000000,40.606010
12108.000,90.000000,39.633293
12108.000,91.000000,42.481087
12109.000,81.000000,41.787896
12109.000,82.000000,43.881071
12109.000,83.000000,45.404843
12109.000,84.000000,40.212010
12109.000,85.000000,35.858002
12109.000,86.000000,38.929512
12109.000,87.000000,38.633958
12109.000,88.000000,41.551165
12110.000,81.000000,37.110051
12110.000,82.000000,35.611555
12110.000,83.000000,37.257862
12110.000,84.000000,36.367017
12110.000,85.000000,37.352027
12110.000,86.000000,35.703482
12110.000,87.000000,35.449603
12110.000,88.000000,38.539924
12110.000,89.000000,42.661133
12110.000,90.000000,30.665823
12110.000,91.000000,34.703660
12111.000,81.000000,37.521734
12111.000,82.000000,38.544901
12111.000,83.000000,45.826336
12111.000,84.000000,42.915549
12111.000,85.000000,40.799673
12111.000,86.000000,40.076354
12111.000,87.000000,41.284816
12111.000,88.000000,34.875513
12111.000,89.000000,43.236513
12111.000,90.000000,36.468834
12111.000,91.000000,39.205212
12112.000,81.000000,40.897238
12112.000,82.000000,44.088397
12112.000,83.000000,39.431388
12112.000,84.000000,42.270132
12112.000,85.000000,44.310658
12112.000,86.000000,33.570469
12112.000,87.000000,31.813810
12113.000,81.000000,42.645890
12113.000,82.000000,36.689337
12113.000,83.000000,36.515690
12113.000,84.000000,35.207398
12113.000,85.000000,31.658133
12113.000,86.000000,32.346636
12113.000,87.000000,42.077466
12113.000,88.000000,39.430823
12113.000,89.000000,37.976484
12113.000,90.000000,39.150011
12113.000,91.000000,38.339692
12114.000,81.000000,38.681936
12114.000,82.000000,38.428616
12114.000,83.000000,42.123428
12114.000,84.000000,42.080149
12114.000,85.000000,37.491197
12114.000,86.000000,34.932094
12114.000,87.000000,38.415857
12114.000,88.000000,36.922588
12114.000,89.000000,35.591615
12114.000,90.000000,35.961965
12114.000,91.000000,36.135173
12115.000,81.000000,43.146321
12115.000,82.000000,43.250354
12115.000,83.000000,46.504748
12115.000,84.000000,45.305163
12115.000,85.000000,40.880687
12115.000,86.000000,39.979502
12115.000,87.000000,42.239631
12115.000,88.000000,42.833458
12115.000,89.000000,43.688953
12115.000,90.000000,42.682410
12115.000,91.000000,46.675146
12116.000,81.000000,35.430198
12116.000,82.000000,30.620142
12116.000,83.000000,34.221473
12116.000,84.000000,32.162006
12116.000,85.000000,34.505117
12116.000,88.000000,36.148302
12116.000,91.000000,33.303804
12117.000,81.000000,40.358992
12117.000,82.000000,57.958697
12117.000,83.000000,52.845846
12117.000,84.000000,32.487076
12117.000,85.000000,35.271114
12117.000,86.000000,39.528084
12117.000,87.000000,42.865753
12117.000,88.000000,35.520263
12117.000,89.000000,20.553912
12117.000,90.000000,15.694159
12118.000,81.000000,55.857084
12118.000,82.000000,57.426397
12118.000,83.000000,51.588381
12118.000,84.000000,54.051519
12118.000,85.000000,46.003113
12118.000,86.000000,50.102317
12118.000,87.000000,46.096574
12118.000,88.000000,47.627289
12118.000,89.000000,41.521046
12118.000,90.000000,46.850087
12118.000,91.000000,46.388646
12119.000,81.000000,41.423323
12119.000,82.000000,45.538204
12119.000,83.000000,42.806202
12119.000,84.000000,39.194245
12119.000,85.000000,47.139557
12119.000,86.000000,40.969038
12119.000,87.000000,49.267267
12119.000,88.000000,42.669943
12119.000,89.000000,43.542945
12119.000,90.000000,37.435271
12119.000,91.000000,37.767342
12120.000,81.000000,38.656603
12120.000,82.000000,43.058288
12120.000,83.000000,39.387900
12120.000,84.000000,44.019341
12120.000,85.000000,35.423367
12120.000,86.000000,34.723066
12120.000,87.000000,34.426070
12120.000,88.000000,41.750782
12120.000,89.000000,38.486460
12120.000,90.000000,31.252315
12121.000,81.000000,40.218528
12121.000,82.000000,47.112741
12121.000,83.000000,45.993359
12121.000,84.000000,41.246858
12121.000,85.000000,66.584541
12121.000,86.000000,59.662314
12122.000,81.000000,72.899221
12122.000,82.000000,78.760629
12122.000,83.000000,76.661164
12122.000,84.000000,50.511312
12122.000,85.000000,46.971371
12123.000,81.000000,33.367542
12123.000,82.000000,34.627432
12123.000,83.000000,45.167042
12123.000,84.000000,49.894786
12123.000,85.000000,44.367208
12123.000,86.000000,36.977712
12124.000,81.000000,39.078279
12124.000,82.000000,38.890365
12124.000,83.000000,40.395076
12124.000,84.000000,39.411296
12124.000,85.000000,45.767312
12124.000,86.000000,49.456424
12124.000,87.000000,46.595549
12124.000,88.000000,50.388457
12124.000,89.000000,49.355071
12124.000,90.000000,53.930870
12124.000,91.000000,53.193202
12125.000,81.000000,39.416585
12125.000,82.000000,44.832663
12125.000,83.000000,43.912921
12125.000,84.000000,40.983151
12125.000,85.000000,38.685196
12125.000,86.000000,36.929945
12125.000,87.000000,27.434575
12125.000,88.000000,40.744629
12125.000,89.000000,44.566658
12125.000,90.000000,46.857162
12125.000,91.000000,41.936915
12126.000,82.000000,30.335676
12126.000,83.000000,34.768860
12126.000,84.000000,37.647424
12126.000,85.000000,38.714689
12126.000,86.000000,27.645286
12126.000,87.000000,36.078762
12126.000,88.000000,35.376923
12138.000,81.000000,39.894555
12142.000,81.000000,43.156979
12142.000,82.000000,42.703035
12509.000,81.000000,43.454706
12509.000,82.000000,40.504751
12509.000,83.000000,56.006080
12509.000,84.000000,56.942668
12509.000,85.000000,35.728235
12509.000,86.000000,37.567032
12509.000,87.000000,37.696501
12509.000,88.000000,35.295958
12509.000,89.000000,34.070616
12509.000,90.000000,33.777681
12531.000,81.000000,59.789204
12531.000,82.000000,88.419483
12531.000,83.000000,77.984583
12531.000,84.000000,79.801196
12531.000,85.000000,84.797870
12531.000,86.000000,89.256055
12531.000,87.000000,55.912057
12531.000,88.000000,73.543641
12531.000,89.000000,66.713325
12531.000,90.000000,62.805996
12531.000,91.000000,68.564360
12574.000,81.000000,52.585736
12574.000,82.000000,31.057328
12574.000,83.000000,34.125797
12574.000,84.000000,38.682517
12574.000,85.000000,36.113594
12574.000,87.000000,25.308088
12574.000,88.000000,30.389876
12574.000,89.000000,30.098490
12574.000,90.000000,29.340231
12574.000,91.000000,24.949873
12575.000,81.000000,52.234830
12575.000,82.000000,37.278992
12575.000,83.000000,32.419758
12575.000,84.000000,29.197441
12575.000,85.000000,32.652221
12576.000,81.000000,37.518330
12576.000,82.000000,35.851595
12768.000,85.000000,38.398955
12768.000,86.000000,39.329931
12768.000,87.000000,33.698400
12768.000,88.000000,33.875828
12768.000,89.000000,37.536096
12768.000,90.000000,29.745281
12768.000,91.000000,32.497599
12818.000,81.000000,39.158594
12818.000,82.000000,46.108664
12818.000,83.000000,52.704455
12818.000,84.000000,44.532799
12824.000,81.000000,50.267967
12824.000,82.000000,49.708873
12824.000,83.000000,43.585202
12824.000,84.000000,40.305582
12831.000,81.000000,62.925972
12831.000,82.000000,49.918858
12831.000,83.000000,45.279041
12843.000,81.000000,34.023880
12843.000,82.000000,38.018752
12843.000,83.000000,39.963707
12843.000,84.000000,42.665179
12879.000,81.000000,58.906845
12879.000,82.000000,68.201536
12879.000,83.000000,57.469782
12879.000,84.000000,48.779742
12895.000,81.000000,252.38070
12895.000,82.000000,68.767888
12895.000,83.000000,89.196824
12895.000,84.000000,64.896313
12928.000,81.000000,43.576857
12928.000,82.000000,40.896217
12928.000,83.000000,42.944497
12928.000,84.000000,36.423348
12945.000,81.000000,62.101200
12945.000,82.000000,62.302162
12945.000,83.000000,53.973789
12945.000,84.000000,46.026952
12954.000,81.000000,38.585270
12954.000,82.000000,36.412544
12954.000,83.000000,34.143817
12954.000,84.000000,35.477136
12958.000,81.000000,30.234137
12958.000,82.000000,18.221770
12958.000,83.000000,37.877582
12958.000,84.000000,37.635859
12985.000,81.000000,31.080264
12985.000,82.000000,58.363033
12985.000,83.000000,53.879485
12985.000,84.000000,49.799387
13055.000,81.000000,42.336721
13055.000,82.000000,36.303126
13055.000,83.000000,23.168407
13080.000,81.000000,42.914195
13080.000,82.000000,35.410130
13080.000,83.000000,37.421370
13094.000,81.000000,38.707816
13094.000,82.000000,33.473583
13094.000,83.000000,38.030523
13094.000,84.000000,35.297632
13094.000,85.000000,26.750880
13094.000,86.000000,30.974773
13094.000,87.000000,29.109854
13116.000,81.000000,38.187111
13116.000,82.000000,36.429985
13116.000,83.000000,37.713852
13120.000,81.000000,41.613428
13120.000,82.000000,39.628172
13120.000,83.000000,28.263709
13218.000,81.000000,41.081822
13218.000,82.000000,40.491134
13218.000,83.000000,39.222433
13378.000,81.000000,115.05962
13378.000,82.000000,179.37253
13387.000,81.000000,47.230049
13387.000,82.000000,43.822581
13425.000,81.000000,33.052812
13425.000,82.000000,33.871127
13426.000,81.000000,41.110694
13426.000,82.000000,41.740584
13464.000,81.000000,42.252446
13484.000,81.000000,41.458880
13484.000,82.000000,40.565435
13517.000,81.000000,36.681555
13517.000,82.000000,34.264386
13523.000,81.000000,39.499492
13523.000,82.000000,34.437739
13525.000,81.000000,46.395171
13525.000,82.000000,44.050870
13565.000,81.000000,47.570272
13565.000,82.000000,52.171474
13565.000,83.000000,46.066598
13596.000,81.000000,57.868390
13596.000,82.000000,38.771105
13602.000,81.000000,48.596267
13602.000,82.000000,52.187234
13665.000,81.000000,46.385842
13665.000,82.000000,57.800928
13674.000,81.000000,33.742121
13674.000,82.000000,32.882396
13728.000,81.000000,37.127705
13728.000,82.000000,37.673737
13806.000,81.000000,66.835591
13806.000,82.000000,72.743358
13819.000,81.000000,41.108688
13819.000,82.000000,38.948359
13923.000,81.000000,30.089575
13924.000,81.000000,31.184843
13924.000,82.000000,26.636052
13931.000,81.000000,24.954573
13931.000,82.000000,21.127776
13936.000,81.000000,42.640976
13936.000,82.000000,42.089162
13954.000,81.000000,50.051149
13954.000,82.000000,56.748761
13992.000,82.000000,34.216153
14040.000,81.000000,49.074659
14040.000,82.000000,18.765144
14060.000,81.000000,34.580876
14060.000,82.000000,42.188335
14062.000,81.000000,35.157214
14062.000,82.000000,36.878003
14065.000,81.000000,35.915833
14065.000,82.000000,34.988585
14214.000,81.000000,34.805078
14245.000,81.000000,63.448223
14247.000,81.000000,41.517980
14295.000,81.000000,72.536709
14306.000,81.000000,44.878387
14312.000,81.000000,23.754470
14373.000,81.000000,40.924068
14373.000,82.000000,65.945777
14373.000,83.000000,95.238118
14373.000,84.000000,46.825557
14373.000,85.000000,40.285939
14373.000,86.000000,44.234492
14373.000,87.000000,46.577015
14373.000,88.000000,43.899851
14373.000,89.000000,43.666381
14373.000,90.000000,51.371242
14373.000,91.000000,55.841489
14421.000,81.000000,32.596356
14973.000,81.000000,40.350697
14973.000,82.000000,53.576462
15091.000,81.000000,47.763574
15091.000,82.000000,46.594387
15472.000,81.000000,40.619574
15472.000,82.000000,30.300863
15472.000,83.000000,37.118060
15472.000,84.000000,40.572207
15472.000,85.000000,39.698132
15472.000,86.000000,39.922789
15472.000,87.000000,38.875898
15472.000,88.000000,42.344249
15472.000,89.000000,47.724512
15472.000,90.000000,43.472274
15472.000,91.000000,43.711652
17119.000,81.000000,39.944164
17119.000,82.000000,39.590546
17119.000,83.000000,32.625855
17119.000,84.000000,36.603128
17121.000,81.000000,39.744712
17122.000,81.000000,41.344367
17125.000,81.000000,21.882614
17125.000,82.000000,30.306558
17125.000,83.000000,41.178635
17125.000,84.000000,35.267451
17125.000,85.000000,32.506699
17125.000,86.000000,41.957841
17125.000,87.000000,41.033853
17125.000,88.000000,43.320357
17125.000,89.000000,41.536934
17128.000,81.000000,43.268778
17128.000,82.000000,46.230897
17128.000,83.000000,44.977666
17132.000,81.000000,41.732934
17132.000,82.000000,38.743504
17132.000,83.000000,37.021723
17132.000,84.000000,42.267332
17132.000,86.000000,34.784055
17132.000,87.000000,32.252136
17132.000,88.000000,36.239331
17132.000,89.000000,39.425509
17132.000,90.000000,33.833698
17133.000,81.000000,28.475350
17133.000,82.000000,33.958378
17133.000,83.000000,35.054829
17135.000,81.000000,33.146390
17135.000,82.000000,31.417534
17137.000,81.000000,37.498455
17137.000,82.000000,35.157529
17137.000,83.000000,42.799865
17137.000,84.000000,38.389563
17170.000,81.000000,29.397196
17394.000,81.000000,41.354430
17973.000,81.000000,52.939829
17973.000,82.000000,33.208119
17975.000,81.000000,60.892605
17975.000,82.000000,47.476263
17977.000,81.000000,13.993016
17977.000,82.000000,16.863508
17977.000,83.000000,38.736419
17979.000,81.000000,37.725572
17979.000,82.000000,45.102697
17979.000,83.000000,42.884864
17979.000,84.000000,41.116222
17979.000,85.000000,42.005593
17979.000,86.000000,42.386674
17979.000,87.000000,40.514151
17979.000,88.000000,45.564083
17979.000,89.000000,40.641268
17979.000,90.000000,41.571935
17984.000,81.000000,64.857968
17984.000,82.000000,36.270791
17984.000,83.000000,40.722352
17984.000,84.000000,38.587640
17985.000,81.000000,104.10462
17985.000,82.000000,87.752247
17987.000,81.000000,68.726699
17988.000,84.000000,42.424352
17988.000,85.000000,38.460211
17988.000,86.000000,42.146890
17988.000,87.000000,41.523503
17988.000,88.000000,60.452363
17988.000,89.000000,63.997071
17988.000,90.000000,49.470240
17988.000,91.000000,36.206896
17990.000,81.000000,32.663421
17990.000,82.000000,33.626008
17990.000,83.000000,15.661609
17991.000,81.000000,72.470116
17993.000,81.000000,44.972159
17993.000,82.000000,39.418747
17993.000,83.000000,37.753260
17993.000,84.000000,35.270538
17993.000,85.000000,36.009326
17993.000,86.000000,42.324001
17993.000,87.000000,42.061917
17993.000,88.000000,44.056587
17993.000,89.000000,44.784989
17993.000,90.000000,44.264258
17993.000,91.000000,44.246256
17996.000,81.000000,35.237052
17996.000,82.000000,34.596670
17996.000,83.000000,34.242599
17996.000,84.000000,35.342468
17996.000,85.000000,35.507382
17996.000,86.000000,33.166105
17996.000,87.000000,35.156979
17996.000,88.000000,33.572011
17996.000,89.000000,31.630433
17996.000,90.000000,30.895487
17996.000,91.000000,30.752378
17999.000,81.000000,28.135906
18001.000,81.000000,29.527668
18001.000,82.000000,29.674961
18906.000,81.000000,37.717686
18906.000,82.000000,37.359639
18906.000,83.000000,44.859922
18906.000,84.000000,44.200869
18906.000,85.000000,30.851870
18909.000,81.000000,66.788210
18909.000,82.000000,46.891266
18910.000,81.000000,40.858298
18910.000,82.000000,37.353828
18910.000,83.000000,38.858169
18910.000,84.000000,43.090920
18910.000,85.000000,44.264299
18910.000,86.000000,41.954948
18910.000,87.000000,44.148200
18910.000,88.000000,34.090979
18910.000,89.000000,35.928881
18910.000,90.000000,33.340635
18910.000,91.000000,33.221975
18912.000,81.000000,50.786808
18912.000,82.000000,44.812225
18913.000,81.000000,47.079822
18913.000,82.000000,43.047028
18913.000,83.000000,40.162048
18913.000,84.000000,27.304757
18916.000,81.000000,66.634863
18916.000,82.000000,40.290291
18916.000,83.000000,41.787964
18916.000,84.000000,39.539990
18916.000,85.000000,42.670931
18916.000,86.000000,33.803581
18916.000,88.000000,37.850118
18916.000,89.000000,36.708726
18916.000,90.000000,33.999651
18916.000,91.000000,41.527142
18918.000,81.000000,35.674667
18920.000,81.000000,51.314022
18920.000,82.000000,42.390118
18922.000,81.000000,40.793905
18922.000,82.000000,42.115353
18922.000,83.000000,42.484888
18922.000,84.000000,37.850561
18922.000,85.000000,30.894158
18923.000,81.000000,39.924163
18923.000,82.000000,45.083779
18923.000,83.000000,37.553892
18923.000,84.000000,37.398413
18923.000,85.000000,36.620476
18923.000,86.000000,41.063311
18923.000,87.000000,38.914351
18923.000,88.000000,36.307797
18923.000,89.000000,39.362241
18923.000,90.000000,34.275979
18923.000,91.000000,34.366391
18926.000,81.000000,43.321458
18926.000,82.000000,43.501640
18926.000,83.000000,45.957470
18926.000,84.000000,46.835279
18926.000,85.000000,47.733166
18926.000,86.000000,40.223868
18926.000,87.000000,43.444560
18926.000,88.000000,43.090796
18926.000,89.000000,43.684792
18928.000,81.000000,34.328851
18928.000,82.000000,41.293681
18928.000,83.000000,44.057581
18928.000,84.000000,29.200870
18928.000,85.000000,21.003530
18928.000,86.000000,32.837053
18928.000,87.000000,35.495500
18928.000,88.000000,32.636429
18928.000,89.000000,30.288060
18928.000,90.000000,29.942716
18928.000,91.000000,30.918714
18929.000,81.000000,33.704564
18929.000,82.000000,33.462174
18931.000,81.000000,47.611559
18931.000,82.000000,28.221048
18932.000,81.000000,36.042416
18932.000,82.000000,40.610142
18932.000,83.000000,37.845043
18932.000,84.000000,45.316666
18932.000,85.000000,46.138029
18932.000,86.000000,45.653140
18932.000,87.000000,42.852767
18932.000,88.000000,38.404081
18933.000,81.000000,50.038418
18933.000,82.000000,50.768824
18933.000,83.000000,41.264628
18933.000,84.000000,31.574333
18935.000,81.000000,38.345580
18935.000,82.000000,45.954836
18935.000,83.000000,48.720288
18935.000,84.000000,45.440668
18935.000,85.000000,45.966236
18935.000,87.000000,45.874506
18935.000,88.000000,46.726448
18935.000,89.000000,34.435321
18966.000,83.000000,45.914216
19142.000,82.000000,34.890678
