plant       ,year        ,productivity
34210912.,86.000000,19.556356
34210912.,87.000000,18.521277
34210912.,88.000000,18.042552
34210912.,89.000000,23.246300
34210912.,90.000000,23.446582
34210912.,91.000000,20.254540
34210915.,87.000000,20.058132
34210915.,88.000000,15.414094
34210915.,89.000000,16.341153
34210915.,90.000000,16.536553
34210915.,91.000000,18.362588
34210926.,82.000000,19.895956
34210927.,81.000000,20.134456
34210927.,82.000000,17.998886
34210927.,83.000000,16.757334
34210927.,84.000000,15.564658
34210927.,85.000000,17.739935
34210927.,86.000000,20.853253
34210927.,87.000000,20.630521
34210927.,88.000000,17.237509
34210927.,89.000000,18.225740
34210927.,90.000000,17.357402
34210927.,91.000000,16.790732
34210928.,81.000000,25.528586
34210928.,82.000000,22.861992
34210928.,83.000000,21.241191
34210928.,84.000000,20.349843
34210928.,85.000000,25.802974
34210928.,86.000000,23.840604
34210929.,81.000000,20.851558
34210929.,82.000000,26.759676
34210929.,83.000000,25.916030
34210929.,84.000000,21.691332
34210929.,85.000000,15.826878
34210929.,86.000000,17.489045
34210929.,87.000000,13.944173
34210929.,88.000000,15.934857
34210929.,89.000000,19.087826
34210929.,90.000000,27.033818
34210929.,91.000000,25.649281
34210930.,84.000000,25.665607
34210930.,85.000000,26.160308
34210930.,86.000000,22.636169
34210930.,87.000000,21.605142
34210930.,88.000000,21.570284
34210930.,89.000000,22.304227
34210930.,91.000000,22.978969
34210931.,81.000000,19.487380
34210931.,82.000000,18.035146
34210931.,83.000000,15.288052
34210931.,84.000000,16.707847
34210931.,85.000000,14.970760
34210931.,86.000000,15.731096
34210931.,87.000000,15.072369
34210931.,88.000000,15.370495
34210931.,89.000000,15.519884
34210931.,90.000000,14.719052
34210932.,81.000000,19.240963
34210932.,82.000000,21.895384
34210932.,83.000000,27.732522
34210932.,84.000000,18.570880
34210932.,85.000000,19.168823
34210932.,86.000000,17.165416
34210932.,87.000000,18.287459
34210932.,88.000000,16.973906
34210933.,81.000000,21.392515
34210933.,82.000000,18.600625
34210933.,83.000000,17.465122
34210933.,84.000000,17.448702
34210933.,85.000000,17.374696
34210933.,86.000000,16.650680
34210933.,87.000000,18.493412
34210933.,88.000000,19.200852
34210933.,89.000000,19.354052
34210933.,90.000000,18.013378
34210933.,91.000000,17.583764
34210934.,81.000000,20.775388
34210934.,82.000000,23.118545
34210934.,83.000000,22.438363
34210934.,84.000000,18.246013
34210934.,85.000000,20.026149
34210934.,86.000000,18.045950
34210934.,87.000000,17.027372
34210934.,88.000000,16.717469
34210934.,89.000000,18.340185
34210934.,90.000000,20.200940
34210934.,91.000000,18.812384
34210935.,81.000000,19.614752
34210935.,82.000000,16.312128
34210935.,83.000000,17.639902
34210935.,84.000000,16.801868
34210935.,85.000000,16.684784
34210935.,86.000000,20.298736
34210935.,87.000000,18.105305
34210935.,88.000000,17.458789
34210935.,89.000000,18.165300
34210935.,90.000000,18.688933
34210935.,91.000000,21.774625
34210936.,81.000000,19.267293
34210936.,82.000000,19.714733
34210936.,83.000000,22.030437
34210936.,84.000000,20.460309
34210936.,85.000000,19.615718
34210936.,86.000000,16.674053
34210936.,87.000000,17.940701
34210936.,88.000000,17.664275
34210936.,89.000000,19.380346
34210936.,90.000000,20.566992
34210937.,81.000000,18.321331
34210937.,82.000000,22.743420
34210937.,83.000000,19.068470
34210937.,84.000000,16.077609
34210937.,85.000000,16.990856
34210937.,86.000000,15.478219
34210937.,87.000000,15.981690
34210937.,88.000000,15.897501
34210937.,89.000000,16.889419
34210937.,90.000000,19.046496
34210937.,91.000000,16.522430
34210938.,81.000000,23.431635
34210938.,82.000000,22.217274
34210938.,83.000000,20.084628
34210938.,84.000000,21.434299
34210938.,85.000000,21.410061
34210938.,86.000000,20.224059
34210938.,87.000000,15.925874
34210938.,88.000000,13.837594
34210939.,81.000000,17.809335
34210939.,82.000000,16.817730
34210939.,83.000000,16.934390
34210939.,84.000000,16.211207
34210939.,85.000000,12.467995
34210939.,86.000000,14.092019
34210939.,87.000000,11.462334
34210939.,88.000000,13.422037
34210939.,89.000000,12.785959
34210939.,90.000000,15.944498
34210939.,91.000000,16.020824
34210940.,81.000000,16.529676
34210940.,82.000000,18.046655
34210940.,83.000000,19.412247
34210940.,84.000000,17.003125
34210940.,85.000000,16.206760
34210940.,86.000000,15.119732
34210940.,87.000000,15.031100
34210940.,88.000000,15.100841
34210940.,89.000000,15.631625
34210940.,90.000000,15.315682
34210940.,91.000000,15.941640
34210941.,81.000000,15.302377
34210941.,82.000000,15.178149
34210941.,83.000000,16.161757
34210941.,84.000000,15.691738
34210941.,85.000000,16.089018
34210941.,86.000000,16.257412
34210941.,87.000000,16.966611
34210941.,88.000000,17.606272
34210941.,89.000000,20.398300
34210941.,90.000000,21.464787
34210941.,91.000000,23.383018
34210942.,81.000000,15.137687
34210942.,82.000000,20.089134
34210942.,83.000000,35.767723
34210942.,84.000000,17.586148
34210942.,85.000000,14.634438
34210943.,81.000000,20.175920
34210943.,82.000000,20.528492
34210943.,83.000000,20.926201
34210943.,84.000000,20.836882
34210943.,85.000000,21.917965
34210943.,86.000000,18.936856
34210943.,87.000000,18.754653
34210943.,88.000000,18.524698
34210943.,89.000000,17.696943
34210943.,90.000000,23.950528
34210943.,91.000000,19.314242
34210944.,81.000000,20.803073
34210944.,82.000000,20.529363
34210944.,83.000000,18.832035
34210944.,84.000000,19.761334
34210944.,85.000000,19.719554
34210944.,86.000000,19.016359
34210944.,87.000000,18.101987
34210944.,88.000000,16.336062
34210944.,89.000000,16.667359
34210944.,90.000000,16.775740
34210944.,91.000000,17.026728
34210945.,81.000000,16.411611
34210946.,81.000000,19.899636
34210946.,82.000000,16.940716
34210946.,83.000000,17.004312
34210946.,84.000000,17.084780
34210946.,85.000000,17.051041
34210946.,86.000000,19.161377
34210946.,87.000000,17.864302
34210946.,88.000000,16.988440
34210946.,89.000000,16.825347
34210946.,90.000000,16.420485
34210946.,91.000000,16.678031
34210947.,81.000000,24.506466
34210947.,82.000000,21.180038
34210947.,83.000000,20.632193
34210947.,84.000000,20.647282
34210947.,85.000000,20.924764
34210947.,86.000000,18.690279
34210947.,87.000000,21.145607
34210947.,88.000000,27.444913
34210947.,89.000000,22.359225
34210947.,90.000000,18.338728
34210947.,91.000000,19.086424
34210948.,81.000000,15.451197
34210948.,82.000000,14.932810
34210948.,83.000000,20.169624
34210948.,84.000000,19.097962
34210948.,85.000000,23.185460
34210948.,86.000000,28.171717
34210948.,87.000000,34.990193
34210948.,88.000000,33.340472
34210948.,89.000000,35.070230
34210949.,81.000000,22.522551
34210949.,82.000000,21.206876
34210949.,83.000000,20.502291
34210949.,84.000000,19.805315
34210949.,85.000000,14.510335
34210949.,86.000000,15.612290
34210949.,87.000000,18.125772
34210949.,88.000000,18.622754
34210949.,89.000000,15.633638
34210949.,90.000000,18.617562
34210949.,91.000000,19.123751
34210950.,81.000000,19.493744
34210950.,82.000000,25.955682
34210950.,83.000000,21.350180
34210950.,84.000000,23.610946
34210950.,86.000000,21.884791
34210950.,87.000000,20.601535
34210950.,88.000000,19.156298
34210950.,89.000000,20.090173
34210950.,90.000000,19.736634
34210950.,91.000000,18.504911
34210951.,81.000000,22.190496
34210951.,82.000000,19.864848
34210951.,83.000000,21.582116
34210951.,84.000000,18.468960
34210951.,85.000000,18.946830
34210951.,86.000000,15.186855
34210951.,87.000000,16.810613
34210951.,88.000000,16.562393
34210951.,89.000000,23.527696
34210951.,90.000000,14.737502
34210951.,91.000000,18.755929
34210952.,81.000000,21.543487
34210952.,82.000000,23.648736
34210952.,83.000000,21.429552
34210952.,84.000000,21.492148
34210952.,85.000000,15.870204
34210952.,86.000000,15.590210
34210952.,87.000000,13.268427
34210952.,88.000000,14.720333
34210952.,89.000000,23.302877
34210952.,90.000000,15.671197
34210952.,91.000000,16.194779
34210953.,81.000000,17.369587
34210953.,82.000000,20.016141
34210953.,83.000000,20.269567
34210953.,84.000000,19.716195
34210953.,85.000000,20.056476
34210953.,86.000000,18.025345
34210953.,87.000000,20.469803
34210954.,81.000000,16.285330
34210954.,82.000000,14.902105
34210954.,83.000000,17.158691
34210954.,84.000000,15.367443
34210954.,85.000000,15.145668
34210954.,86.000000,16.281062
34210954.,87.000000,16.169048
34210954.,88.000000,17.071382
34210954.,89.000000,16.731240
34210954.,90.000000,16.418063
34210954.,91.000000,17.279815
34210955.,81.000000,20.391600
34210955.,82.000000,19.040314
34210955.,83.000000,23.480242
34210955.,84.000000,19.672409
34210955.,85.000000,26.301885
34210955.,86.000000,17.041430
34210955.,87.000000,16.792581
34210955.,88.000000,16.820415
34210955.,89.000000,20.082265
34210955.,90.000000,18.149658
34210955.,91.000000,19.668907
34210956.,81.000000,11.943976
34210956.,82.000000,20.661212
34210956.,83.000000,17.698234
34210956.,84.000000,21.324692
34210956.,85.000000,20.484165
34210956.,86.000000,17.854685
34210956.,87.000000,18.034745
34210956.,88.000000,18.506816
34210957.,81.000000,23.257365
34210957.,82.000000,24.218453
34210957.,83.000000,23.022559
34210957.,84.000000,18.665074
34210957.,85.000000,16.840698
34210957.,86.000000,17.330987
34210957.,87.000000,14.564625
34210957.,88.000000,15.320613
34210957.,89.000000,16.399253
34210957.,91.000000,16.708146
34210958.,81.000000,18.613010
34210958.,82.000000,20.153655
34210958.,83.000000,19.718191
34210958.,84.000000,14.808244
34210958.,85.000000,16.509282
34210958.,86.000000,15.719482
34210958.,87.000000,14.643540
34210958.,88.000000,16.191559
34210958.,89.000000,14.723556
34210958.,90.000000,17.956938
34210958.,91.000000,17.688696
34210959.,81.000000,16.027226
34210959.,82.000000,20.824298
34210959.,83.000000,19.098945
34210959.,84.000000,19.767845
34210959.,85.000000,18.414359
34210959.,86.000000,17.690263
34210959.,87.000000,19.017257
34210959.,88.000000,18.078400
34210959.,89.000000,18.456369
34210959.,90.000000,19.965743
34210959.,91.000000,19.552212
34210960.,81.000000,22.322361
34210960.,82.000000,25.231522
34210960.,83.000000,27.543848
34210960.,84.000000,17.335802
34210960.,85.000000,17.595781
34210960.,86.000000,19.015260
34210960.,87.000000,17.471536
34210960.,88.000000,17.997526
34210960.,89.000000,17.381243
34210960.,90.000000,18.645698
34210960.,91.000000,15.547900
34210961.,81.000000,15.205895
34210961.,82.000000,22.524729
34210961.,83.000000,15.626971
34210961.,84.000000,16.492017
34210961.,85.000000,16.366659
34210961.,86.000000,15.689534
34210961.,87.000000,14.907978
34210961.,88.000000,15.320428
34210961.,89.000000,15.402132
34210961.,90.000000,14.406822
34210961.,91.000000,15.229808
34210962.,81.000000,19.416497
34210962.,84.000000,11.032775
34210962.,85.000000,14.342688
34210962.,86.000000,16.342757
34210962.,87.000000,13.278990
34210962.,88.000000,10.308663
34210962.,89.000000,6.6982223
34210962.,90.000000,17.578913
34210962.,91.000000,20.564488
34210963.,81.000000,26.079438
34210963.,82.000000,29.350410
34210963.,83.000000,25.206464
34210963.,84.000000,20.727858
34210963.,85.000000,18.142176
34210963.,86.000000,17.355498
34210963.,87.000000,16.022624
34210963.,88.000000,18.562301
34210963.,89.000000,17.973742
34210963.,90.000000,18.242895
34210963.,91.000000,18.672833
34210964.,81.000000,17.638520
34210964.,82.000000,17.867460
34210964.,83.000000,16.298291
34210964.,84.000000,18.891012
34210964.,85.000000,18.172249
34210964.,86.000000,17.871068
34210964.,87.000000,17.809807
34210964.,88.000000,18.835581
34210964.,89.000000,19.874923
34210964.,90.000000,17.636789
34210964.,91.000000,26.949704
34212156.,86.000000,10.156041
34212157.,88.000000,21.759296
34212162.,81.000000,14.211909
34212162.,82.000000,13.460663
34212162.,83.000000,15.159279
34212162.,91.000000,16.965054
34212167.,87.000000,15.804391
34212173.,88.000000,15.468017
34212173.,89.000000,15.899451
34212173.,90.000000,16.897840
34212173.,91.000000,16.613622
34212175.,81.000000,10.868004
34212175.,82.000000,19.197861
34212175.,83.000000,17.036635
34212175.,84.000000,12.611183
34212175.,85.000000,14.376230
34212175.,86.000000,14.886172
34212175.,87.000000,15.013736
34212175.,88.000000,14.869353
34212175.,89.000000,16.801328
34212175.,90.000000,14.591582
34212176.,81.000000,12.262464
34212176.,82.000000,15.519711
34212176.,83.000000,21.321539
34212176.,84.000000,20.448217
34212176.,85.000000,20.135831
34212176.,86.000000,17.729534
34212176.,87.000000,18.459136
34212176.,88.000000,15.016129
34212176.,89.000000,17.741979
34212176.,90.000000,14.743265
34212176.,91.000000,15.013336
34212177.,81.000000,20.895164
34212177.,82.000000,34.126688
34212177.,83.000000,30.903409
34212177.,84.000000,27.933080
34212177.,85.000000,12.907689
34212177.,86.000000,15.115747
34212177.,87.000000,16.700474
34212177.,88.000000,18.726166
34212177.,89.000000,20.781998
34212177.,90.000000,14.928183
34212177.,91.000000,15.917021
34212178.,81.000000,17.729697
34212178.,82.000000,16.647244
34212178.,83.000000,18.826507
34212178.,84.000000,18.764368
34212178.,85.000000,23.115428
34212178.,86.000000,20.820804
34212178.,87.000000,19.011764
34212178.,88.000000,17.364184
34212178.,89.000000,21.670035
34212178.,90.000000,20.389361
34212178.,91.000000,21.272957
34212181.,81.000000,16.529218
34212181.,82.000000,16.999240
34212181.,83.000000,18.940816
34212181.,84.000000,18.260580
34212181.,85.000000,18.629640
34212181.,86.000000,19.107930
34212181.,87.000000,18.186908
34212181.,88.000000,21.756022
34212181.,89.000000,20.456844
34212181.,90.000000,17.623631
34212181.,91.000000,18.284390
34212182.,81.000000,18.727335
34212182.,82.000000,14.010406
34212182.,83.000000,15.121376
34212182.,84.000000,16.719586
34212182.,85.000000,15.819168
34212182.,86.000000,14.963629
34212182.,87.000000,14.775734
34212182.,88.000000,15.435937
34212182.,89.000000,13.960517
34212182.,90.000000,14.469174
34212182.,91.000000,15.404839
34212183.,81.000000,20.572973
34212183.,82.000000,17.277892
34212183.,83.000000,8.0668325
34212183.,84.000000,13.983497
34212183.,85.000000,18.434402
34212183.,86.000000,15.143428
34212183.,87.000000,17.854259
34212183.,88.000000,16.687926
34212183.,89.000000,16.899272
34212183.,90.000000,15.076496
34212183.,91.000000,13.811382
34212184.,81.000000,18.906633
34212184.,82.000000,17.451532
34212184.,83.000000,16.036875
34212184.,84.000000,16.960765
34212184.,85.000000,15.179029
34212184.,86.000000,16.899323
34212184.,87.000000,12.251592
34212184.,88.000000,15.786677
34212184.,89.000000,14.434150
34212186.,81.000000,24.139043
34212186.,82.000000,17.498492
34212186.,83.000000,37.304674
34212186.,84.000000,22.537833
34212186.,85.000000,18.506028
34212186.,86.000000,16.177298
34212186.,87.000000,18.906999
34212186.,88.000000,16.337914
34212186.,89.000000,15.281704
34212186.,90.000000,12.092758
34212186.,91.000000,12.682395
34212187.,81.000000,20.592172
34212187.,82.000000,24.208055
34212187.,83.000000,20.399969
34212187.,84.000000,18.434277
34212187.,85.000000,16.003456
34212187.,86.000000,18.025307
34212187.,87.000000,19.719795
34212187.,88.000000,13.192121
34212188.,81.000000,16.773219
34212188.,82.000000,17.655359
34212188.,83.000000,17.260300
34212188.,84.000000,16.305130
34212188.,85.000000,15.546722
34212188.,86.000000,19.902922
34212188.,87.000000,15.567584
34212188.,88.000000,15.162809
34212188.,89.000000,21.823565
34212188.,90.000000,14.455345
34212188.,91.000000,18.245030
34212189.,81.000000,19.709867
34212189.,82.000000,22.185470
34212189.,83.000000,18.505245
34212189.,84.000000,20.424851
34212190.,81.000000,19.206369
34212190.,82.000000,22.000187
34212190.,83.000000,25.488976
34212190.,84.000000,22.123006
34212190.,85.000000,22.997398
34212190.,86.000000,20.065498
34212190.,87.000000,19.330755
34212190.,88.000000,22.883832
34212190.,89.000000,24.593542
34212190.,90.000000,22.947044
34212190.,91.000000,23.918378
34212191.,81.000000,18.254025
34212191.,83.000000,18.225084
34212191.,84.000000,17.854537
34212191.,85.000000,17.394119
34212191.,86.000000,16.861339
34212191.,87.000000,17.661207
34212191.,88.000000,17.713845
34212191.,89.000000,18.330053
34212191.,90.000000,19.137832
34212191.,91.000000,18.752109
34212192.,81.000000,16.198887
34212192.,82.000000,16.378564
34212192.,83.000000,17.138014
34212192.,84.000000,16.519028
34212192.,85.000000,15.522011
34212192.,86.000000,16.593906
34212192.,87.000000,14.602718
34212192.,88.000000,15.917184
34212193.,81.000000,18.088274
34212193.,82.000000,18.585965
34212193.,83.000000,20.788243
34212193.,84.000000,22.067678
34212193.,85.000000,18.215526
34212193.,86.000000,20.924706
34212193.,87.000000,16.317634
34212193.,88.000000,17.703044
34212193.,89.000000,18.125097
34212193.,90.000000,17.547314
34212193.,91.000000,18.467766
34212194.,81.000000,21.625894
34212194.,82.000000,17.955562
34212194.,83.000000,17.742422
34212194.,84.000000,19.443964
34212194.,85.000000,19.948858
34212194.,86.000000,19.482408
34212194.,87.000000,19.321410
34212194.,88.000000,19.163351
34212194.,89.000000,20.014568
34212194.,90.000000,15.881364
34212194.,91.000000,19.433100
34212195.,81.000000,20.604280
34212195.,82.000000,27.615406
34212195.,83.000000,24.186610
34212195.,84.000000,21.105771
34212195.,85.000000,19.435427
34212195.,86.000000,20.382098
34212195.,87.000000,21.911923
34212195.,88.000000,26.709796
34212195.,89.000000,24.079534
34212195.,90.000000,23.902135
34212195.,91.000000,25.195829
34212196.,81.000000,27.643569
34212196.,82.000000,21.555663
34212196.,83.000000,19.234156
34212196.,84.000000,17.288036
34212196.,85.000000,17.250632
34212196.,86.000000,19.296484
34212196.,87.000000,18.797710
34212197.,81.000000,17.550579
34212197.,82.000000,15.557192
34212197.,83.000000,18.296031
34212197.,84.000000,16.389871
34212197.,85.000000,14.843643
34212197.,86.000000,15.391375
34212197.,87.000000,15.133719
34212197.,88.000000,14.454589
34212197.,89.000000,13.252597
34212197.,90.000000,14.617659
34212197.,91.000000,16.074273
34212198.,81.000000,22.000059
34212198.,82.000000,21.451778
34212198.,83.000000,20.446932
34212198.,84.000000,13.549021
34212198.,85.000000,14.123395
34212198.,86.000000,12.944171
34212199.,81.000000,14.339305
34212199.,82.000000,20.483903
34212199.,83.000000,17.261623
34212199.,84.000000,14.524287
34212199.,85.000000,16.118742
34212199.,86.000000,17.695923
34212199.,87.000000,17.682336
34212199.,88.000000,18.588021
34212199.,89.000000,16.833033
34212199.,90.000000,19.173592
34212199.,91.000000,13.192587
34212200.,81.000000,16.165808
34212200.,82.000000,13.899729
34212200.,83.000000,14.844598
34212200.,84.000000,18.082721
34212200.,85.000000,15.901884
34212200.,86.000000,14.592135
34212201.,81.000000,24.564393
34212201.,82.000000,25.748152
34212201.,83.000000,22.654517
34212201.,84.000000,21.270183
34212201.,85.000000,20.175042
34212201.,86.000000,18.537677
34212201.,87.000000,18.863354
34212201.,88.000000,18.215806
34212201.,89.000000,16.856743
34212201.,90.000000,17.036737
34212201.,91.000000,17.359420
34212202.,81.000000,19.416013
34212202.,82.000000,21.774251
34212202.,83.000000,20.753070
34212202.,84.000000,18.176082
34212202.,85.000000,18.415123
34212202.,86.000000,17.203865
34212202.,87.000000,18.756025
34212202.,88.000000,18.285485
34212202.,89.000000,19.246445
34212202.,90.000000,16.099254
34212202.,91.000000,14.181563
34212203.,81.000000,19.965226
34212203.,82.000000,21.142705
34212203.,83.000000,23.674444
34212203.,84.000000,18.915616
34212203.,85.000000,20.420735
34212204.,81.000000,17.406416
34212204.,82.000000,18.706446
34212204.,83.000000,15.854968
34212204.,84.000000,16.970463
34212204.,85.000000,19.528796
34212205.,81.000000,16.030138
34212205.,82.000000,16.902512
34212205.,83.000000,16.954338
34212205.,84.000000,13.281500
34212205.,85.000000,13.585769
34212206.,81.000000,19.947602
34212206.,82.000000,20.938791
34212206.,83.000000,19.025500
34212206.,84.000000,17.725466
34212206.,85.000000,20.436552
34212206.,86.000000,18.461357
34212206.,87.000000,18.535504
34212206.,88.000000,17.630338
34212206.,89.000000,18.531811
34212206.,90.000000,21.549336
34212206.,91.000000,27.306063
34212207.,81.000000,17.882749
34212207.,82.000000,16.453349
34212207.,83.000000,16.678868
34212207.,84.000000,17.108459
34212207.,85.000000,17.199954
34212207.,86.000000,19.265527
34212207.,87.000000,19.266191
34212207.,88.000000,19.252475
34212207.,89.000000,19.195386
34212207.,90.000000,19.077233
34212207.,91.000000,20.952957
34212208.,81.000000,40.331042
34212208.,82.000000,31.550260
34212208.,83.000000,29.489267
34212208.,84.000000,22.481940
34212208.,85.000000,21.515181
34212208.,86.000000,10.447388
34212208.,87.000000,10.198466
34212208.,88.000000,14.247221
34212208.,89.000000,19.819007
34212208.,90.000000,20.139179
34212208.,91.000000,27.047713
34212209.,81.000000,21.646887
34212209.,82.000000,20.608064
34212209.,83.000000,21.412998
34212209.,85.000000,15.253296
34212209.,86.000000,16.321500
34212209.,87.000000,14.161763
34212209.,88.000000,15.543701
34212209.,89.000000,13.463478
34212209.,90.000000,18.243347
34212209.,91.000000,15.468307
34212210.,81.000000,18.754000
34212210.,82.000000,21.556969
34212210.,83.000000,18.924424
34212210.,84.000000,13.693310
34212210.,85.000000,11.635159
34212211.,81.000000,20.389611
34212211.,82.000000,17.977611
34212211.,83.000000,18.274264
34212211.,84.000000,16.528566
34212211.,85.000000,16.893133
34212211.,86.000000,16.803840
34212211.,87.000000,17.145480
34212211.,88.000000,24.698776
34212211.,89.000000,19.677856
34212211.,90.000000,19.413801
34212211.,91.000000,13.444224
34212213.,81.000000,16.098519
34212213.,82.000000,15.753100
34212213.,83.000000,17.929260
34212213.,84.000000,17.546463
34212213.,85.000000,16.321273
34212213.,86.000000,14.710956
34212214.,81.000000,21.238961
34212214.,82.000000,18.670574
34212214.,83.000000,17.891474
34212214.,84.000000,17.377573
34212214.,85.000000,17.149307
34212214.,86.000000,19.922270
34212214.,87.000000,18.395302
34212214.,88.000000,17.979969
34212214.,89.000000,18.478283
34212214.,90.000000,17.402814
34212214.,91.000000,18.708282
34212215.,81.000000,20.996218
34212215.,82.000000,18.287968
34212215.,83.000000,19.358186
34212215.,84.000000,19.108477
34212215.,85.000000,17.564451
34212215.,86.000000,15.727773
34212215.,87.000000,17.816579
34212215.,88.000000,16.274705
34212215.,89.000000,18.271784
34212215.,90.000000,18.166523
34212215.,91.000000,18.252566
34212216.,81.000000,19.003341
34212216.,82.000000,19.590793
34212216.,83.000000,18.703805
34212216.,84.000000,17.990663
34212216.,85.000000,13.773860
34212216.,86.000000,14.846912
34212216.,87.000000,14.814861
34212216.,88.000000,20.243721
34212216.,89.000000,16.782903
34212216.,90.000000,10.380254
34212217.,81.000000,13.596033
34212217.,82.000000,13.741452
34212217.,83.000000,13.721188
34212217.,84.000000,16.480201
34212217.,85.000000,13.630173
34212217.,86.000000,14.473539
34212217.,87.000000,15.557562
34212217.,88.000000,18.732881
34212217.,89.000000,16.152991
34212217.,90.000000,15.580856
34212217.,91.000000,14.285524
34212218.,81.000000,19.928026
34212218.,82.000000,24.587200
34212218.,83.000000,19.797906
34212218.,84.000000,16.372255
34212218.,85.000000,16.938749
34212218.,86.000000,18.092931
34212218.,87.000000,19.216510
34212218.,88.000000,20.586845
34212218.,89.000000,19.931192
34212218.,90.000000,19.412977
34212218.,91.000000,21.410598
34212219.,81.000000,24.078805
34212219.,82.000000,13.711735
34212219.,83.000000,12.974337
34212219.,84.000000,10.557432
34212219.,85.000000,11.228963
34212219.,86.000000,16.174916
34212220.,81.000000,17.631890
34212220.,82.000000,17.652496
34212220.,83.000000,24.388769
34212220.,84.000000,16.599024
34212220.,85.000000,19.043783
34212220.,86.000000,15.518198
34212220.,87.000000,15.432682
34212220.,88.000000,16.416383
34212220.,89.000000,15.019000
34212220.,90.000000,15.977170
34212220.,91.000000,16.594102
34212221.,81.000000,19.153075
34212221.,82.000000,21.913545
34212221.,83.000000,20.420994
34212221.,84.000000,18.161001
34212221.,85.000000,18.705165
34212221.,86.000000,18.870347
34212221.,87.000000,18.381514
34212221.,88.000000,19.177594
34212221.,89.000000,20.396619
34212221.,90.000000,20.315103
34212221.,91.000000,21.950160
34212222.,81.000000,32.297815
34212222.,82.000000,16.994219
34212222.,83.000000,17.143749
34212222.,84.000000,17.645117
34212222.,85.000000,19.351554
34212222.,86.000000,18.896533
34212222.,87.000000,18.187973
34212222.,88.000000,18.547606
34212222.,89.000000,15.590494
34212222.,90.000000,14.826600
34212222.,91.000000,15.779081
34212223.,81.000000,21.372291
34212223.,82.000000,16.644219
34212223.,83.000000,13.984827
34212223.,84.000000,15.283452
34212223.,85.000000,22.669301
34212223.,86.000000,16.634906
34212223.,87.000000,15.613538
34212223.,88.000000,18.566619
34212223.,89.000000,22.898417
34212223.,90.000000,13.969014
34212223.,91.000000,14.221283
34212224.,81.000000,17.284276
34212224.,82.000000,16.196077
34212224.,83.000000,15.879421
34212224.,84.000000,12.066094
34212224.,85.000000,13.328928
34212224.,87.000000,17.484789
34212224.,88.000000,18.033275
34212224.,89.000000,17.687080
34212224.,90.000000,18.786538
34212224.,91.000000,18.497466
34212225.,81.000000,19.466583
34212225.,82.000000,17.819417
34212225.,83.000000,17.777016
34212225.,84.000000,23.193027
34212225.,85.000000,19.711825
34212225.,86.000000,17.899289
34212225.,87.000000,22.154474
34212225.,88.000000,19.409215
34212225.,89.000000,18.770169
34212225.,90.000000,18.200764
34212225.,91.000000,18.616145
34212226.,81.000000,23.361103
34212226.,82.000000,19.968320
34212226.,83.000000,18.836819
34212226.,84.000000,20.979450
34212226.,85.000000,18.025955
34212226.,86.000000,16.890245
34212226.,87.000000,17.651875
34212226.,88.000000,17.098544
34212226.,89.000000,16.439896
34212226.,90.000000,19.614304
34212226.,91.000000,17.060192
34212227.,81.000000,17.487354
34212227.,82.000000,19.647981
34212227.,83.000000,18.399129
34212227.,84.000000,19.348323
34212227.,85.000000,19.387926
34212227.,86.000000,19.149480
34212227.,87.000000,14.794315
34212227.,88.000000,16.005906
34212227.,89.000000,17.959051
34212227.,90.000000,17.654230
34212227.,91.000000,18.218866
34212228.,81.000000,17.336539
34212228.,82.000000,18.708980
34212228.,83.000000,20.040691
34212228.,84.000000,18.807804
34212228.,85.000000,15.500404
34212228.,86.000000,14.677037
34212228.,87.000000,15.830067
34212228.,88.000000,15.399774
34212228.,89.000000,14.320056
34212228.,90.000000,15.349418
34212228.,91.000000,15.243239
34212229.,81.000000,18.377858
34212229.,82.000000,17.654766
34212229.,83.000000,20.733193
34212229.,84.000000,19.216844
34212229.,85.000000,16.213384
34212229.,86.000000,16.110119
34212229.,87.000000,16.414862
34212229.,88.000000,16.219415
34212229.,89.000000,17.843248
34212229.,90.000000,15.779030
34212229.,91.000000,17.840477
34212230.,81.000000,15.352471
34212230.,82.000000,19.270499
34212230.,83.000000,17.876730
34212230.,84.000000,16.193051
34212230.,85.000000,15.069434
34212230.,86.000000,23.851501
34212230.,87.000000,29.016608
34212230.,88.000000,15.964842
34212230.,89.000000,19.704764
34212230.,90.000000,17.832838
34212230.,91.000000,18.741496
34212231.,81.000000,17.061286
34212231.,82.000000,13.926790
34212231.,83.000000,16.551467
34212231.,84.000000,15.475816
34212231.,85.000000,14.332279
34212231.,86.000000,14.644327
34212231.,87.000000,17.209945
34212231.,88.000000,16.191721
34212231.,89.000000,21.280829
34212231.,90.000000,21.500124
34212231.,91.000000,21.464168
34212232.,81.000000,25.384810
34212232.,82.000000,17.861341
34212232.,83.000000,20.285816
34212232.,84.000000,19.257749
34212232.,85.000000,17.115870
34212232.,86.000000,19.011759
34212232.,87.000000,18.179093
34212232.,88.000000,18.338231
34212232.,89.000000,16.791997
34212232.,90.000000,17.431070
34212232.,91.000000,16.973321
34212233.,81.000000,20.335318
34212233.,82.000000,15.807571
34212233.,83.000000,13.004731
34212233.,84.000000,13.937846
34212233.,85.000000,16.743783
34212234.,81.000000,12.558944
34212234.,82.000000,12.793003
34212234.,83.000000,12.862152
34212234.,84.000000,13.586066
34212234.,85.000000,15.380849
34212235.,81.000000,22.776626
34212235.,82.000000,21.303816
34212235.,83.000000,22.318605
34212235.,84.000000,24.617447
34212235.,85.000000,22.842599
34212235.,86.000000,20.950457
34212235.,87.000000,21.151764
34212235.,88.000000,20.797121
34212235.,89.000000,21.537813
34212235.,90.000000,20.872924
34212236.,81.000000,18.678459
34212236.,82.000000,17.003583
34212236.,83.000000,14.926785
34212236.,84.000000,14.335986
34212236.,85.000000,14.730669
34212236.,86.000000,14.092369
34212236.,87.000000,13.136269
34212236.,88.000000,12.967978
34212236.,89.000000,13.797200
34212236.,90.000000,14.121084
34212236.,91.000000,14.312655
34212237.,81.000000,16.653391
34212237.,82.000000,17.603851
34212237.,83.000000,18.509804
34212237.,84.000000,17.946065
34212237.,85.000000,15.519520
34212237.,86.000000,17.323408
34212237.,87.000000,18.415377
34212237.,88.000000,18.900578
34212237.,89.000000,17.492223
34212237.,90.000000,19.279817
34212237.,91.000000,19.315329
34212238.,81.000000,19.116722
34212238.,82.000000,19.938128
34212238.,83.000000,18.500074
34212238.,84.000000,19.709049
34212238.,85.000000,18.123671
34212238.,86.000000,15.583568
34212238.,87.000000,19.120921
34212238.,88.000000,20.420156
34212238.,89.000000,20.683672
34212238.,90.000000,20.608376
34212239.,81.000000,20.993154
34212239.,82.000000,20.827891
34212239.,83.000000,19.957159
34212239.,84.000000,19.630294
34212239.,85.000000,19.339205
34212239.,86.000000,19.414027
34212239.,87.000000,21.765452
34212239.,88.000000,20.112615
34212239.,89.000000,29.253487
34212239.,90.000000,19.637622
34212239.,91.000000,20.812763
34212240.,81.000000,19.644202
34212240.,82.000000,18.858842
34212240.,83.000000,19.214762
34212240.,84.000000,21.061586
34212240.,85.000000,25.393402
34212241.,81.000000,18.806964
34212241.,82.000000,17.699707
34212241.,83.000000,16.981508
34212241.,84.000000,17.789622
34212241.,85.000000,17.176651
34212241.,86.000000,16.750916
34212241.,87.000000,15.924967
34212241.,88.000000,15.387107
34212241.,89.000000,16.990186
34212241.,90.000000,16.775323
34212241.,91.000000,16.605674
34212242.,81.000000,21.677580
34212242.,82.000000,21.525140
34212242.,83.000000,18.362940
34212242.,84.000000,21.782985
34212242.,85.000000,18.644039
34212242.,86.000000,19.021723
34212242.,87.000000,18.560311
34212242.,88.000000,18.207672
34212242.,89.000000,21.548154
34212242.,90.000000,18.468051
34212242.,91.000000,19.069159
34212243.,81.000000,17.853515
34212243.,82.000000,16.299302
34212243.,83.000000,17.732535
34212243.,84.000000,15.457315
34212243.,85.000000,14.421401
34212243.,86.000000,16.565217
34212243.,87.000000,15.840018
34212243.,88.000000,15.760449
34212244.,81.000000,16.753455
34212244.,82.000000,15.114903
34212244.,83.000000,15.247702
34212244.,84.000000,14.451222
34212244.,85.000000,14.057893
34212244.,86.000000,14.110122
34212244.,87.000000,12.911233
34212244.,88.000000,15.769651
34212244.,89.000000,15.912638
34212244.,90.000000,15.146661
34212244.,91.000000,16.228327
34212245.,81.000000,11.887292
34212245.,82.000000,16.012039
34212245.,83.000000,15.171748
34212245.,84.000000,16.194613
34212245.,85.000000,14.657416
34212246.,81.000000,16.114672
34212246.,82.000000,17.763618
34212246.,83.000000,16.402954
34212246.,84.000000,16.604348
34212246.,85.000000,16.563145
34212246.,86.000000,16.123350
34212246.,87.000000,15.476382
34212246.,88.000000,14.832682
34212246.,89.000000,14.895952
34212246.,90.000000,17.153614
34212246.,91.000000,17.356540
34212247.,81.000000,26.259867
34212247.,82.000000,19.847229
34212247.,83.000000,24.343845
34212247.,84.000000,23.708016
34212247.,85.000000,19.329078
34212247.,86.000000,18.603407
34212247.,87.000000,20.388244
34212247.,88.000000,20.378742
34212247.,89.000000,16.001928
34212247.,90.000000,18.176047
34212247.,91.000000,20.788204
34212249.,81.000000,15.020350
34212249.,82.000000,11.857008
34212249.,83.000000,13.094508
34212249.,84.000000,9.3342438
34212249.,85.000000,12.592488
34212249.,86.000000,12.526366
34212249.,87.000000,13.943852
34212249.,88.000000,14.795500
34212249.,89.000000,13.359492
34212249.,90.000000,13.295274
34212249.,91.000000,11.882841
34212250.,81.000000,18.567190
34212250.,82.000000,17.271386
34212250.,83.000000,17.049440
34212250.,84.000000,23.936838
34212250.,85.000000,21.713866
34212252.,81.000000,20.450576
34212252.,82.000000,20.263316
34212252.,83.000000,20.724265
34212252.,84.000000,17.748097
34212252.,85.000000,19.484394
34212252.,86.000000,19.000751
34212252.,87.000000,19.205933
34212252.,88.000000,18.116764
34212252.,89.000000,19.474620
34212252.,90.000000,19.420727
34212252.,91.000000,20.093160
34212255.,81.000000,16.393954
34212255.,82.000000,17.886571
34212255.,83.000000,16.869904
34212255.,84.000000,16.905267
34212255.,85.000000,16.128233
34212255.,86.000000,14.500325
34212255.,87.000000,14.657693
34212255.,88.000000,14.016089
34212255.,89.000000,14.677330
34212255.,90.000000,14.110096
34212255.,91.000000,15.189394
34212256.,81.000000,18.348422
34212256.,82.000000,17.002719
34212256.,83.000000,18.181770
34212256.,84.000000,17.194373
34212256.,85.000000,17.504476
34212256.,86.000000,17.892128
34212256.,87.000000,19.141353
34212256.,88.000000,17.986674
34212256.,89.000000,17.950769
34212256.,90.000000,18.104573
34212256.,91.000000,18.128899
34212257.,81.000000,22.665655
34212257.,82.000000,20.874329
34212257.,83.000000,20.908239
34212258.,81.000000,19.153079
34212258.,82.000000,18.568771
34212258.,83.000000,19.555327
34212258.,84.000000,16.545854
34212258.,85.000000,16.050300
34212258.,86.000000,16.513613
34212258.,87.000000,16.851880
34212259.,81.000000,16.258900
34212259.,82.000000,19.587552
34212259.,83.000000,21.109536
34212259.,84.000000,20.296542
34212259.,85.000000,19.090406
34212259.,86.000000,17.344867
34212259.,87.000000,16.469518
34212259.,88.000000,16.726070
34212259.,89.000000,15.779425
34212259.,90.000000,16.134272
34212259.,91.000000,19.273301
34212262.,81.000000,13.523520
34212262.,82.000000,14.152339
34212262.,83.000000,14.457745
34212262.,84.000000,14.969066
34212306.,81.000000,15.066179
34212306.,82.000000,16.279291
34212306.,83.000000,16.425490
34212512.,81.000000,14.270777
34212512.,82.000000,16.855874
34212512.,83.000000,17.756088
34212512.,84.000000,28.669701
34212512.,85.000000,20.171872
34212512.,86.000000,20.817273
34212512.,87.000000,18.323626
34212512.,88.000000,23.553441
34212512.,89.000000,18.963474
34212512.,90.000000,14.001671
34212512.,91.000000,11.417581
34212577.,81.000000,18.771837
34212577.,82.000000,17.493791
34212577.,83.000000,17.332885
34212577.,84.000000,22.274017
34212577.,85.000000,18.215026
34212577.,86.000000,16.166040
34212577.,87.000000,15.460088
34212577.,88.000000,15.855129
34212577.,89.000000,15.051185
34212577.,90.000000,15.155043
34212577.,91.000000,16.391489
34212579.,81.000000,19.135891
34212579.,82.000000,17.467148
34212579.,83.000000,18.584536
34212579.,84.000000,20.154974
34212579.,85.000000,17.449338
34212579.,86.000000,16.035242
34212579.,88.000000,13.851512
34212633.,81.000000,6.0456953
34212633.,82.000000,7.1837217
34212633.,83.000000,6.4106319
34212633.,84.000000,12.242503
34212633.,85.000000,13.035745
34212634.,81.000000,41.552333
34212634.,82.000000,46.364533
34212634.,83.000000,63.751957
34212634.,84.000000,50.208688
34212634.,85.000000,13.273838
34212634.,86.000000,17.840875
34212634.,87.000000,13.561067
34212634.,88.000000,21.304970
34212634.,89.000000,14.616175
34212634.,90.000000,15.469915
34212634.,91.000000,16.506456
34212635.,81.000000,20.090569
34212635.,82.000000,15.353298
34212635.,83.000000,15.137429
34212635.,84.000000,16.366956
34212635.,85.000000,15.825149
34212636.,81.000000,22.920743
34212636.,82.000000,21.981158
34212636.,83.000000,20.344979
34212636.,84.000000,17.228692
34212636.,85.000000,18.367709
34212636.,86.000000,19.740205
34212636.,87.000000,17.899327
34212636.,88.000000,19.053343
34212636.,89.000000,17.303950
34212636.,90.000000,18.968173
34212636.,91.000000,22.897631
34212673.,81.000000,21.080843
34212673.,82.000000,19.383456
34212673.,83.000000,16.026906
34212673.,85.000000,18.579917
34212673.,88.000000,20.386054
34212673.,89.000000,24.257272
34212673.,90.000000,21.797153
34212673.,91.000000,24.224735
34212710.,81.000000,12.951756
34212710.,82.000000,13.014144
34212745.,82.000000,14.315773
34212745.,83.000000,15.290293
34212745.,84.000000,16.024319
34212745.,86.000000,15.869654
34212745.,87.000000,12.841815
34212745.,88.000000,14.157192
34212745.,89.000000,16.332315
34212745.,90.000000,14.045269
34212752.,85.000000,18.338344
34212752.,91.000000,17.437503
34212755.,81.000000,26.762989
34212755.,82.000000,25.684313
34212755.,83.000000,23.859960
34212755.,84.000000,22.266263
34212755.,86.000000,21.027553
34212755.,87.000000,18.747748
34212755.,88.000000,21.124393
34212755.,89.000000,20.394472
34212755.,90.000000,22.704452
34212755.,91.000000,25.103023
34212781.,81.000000,16.423966
34212781.,82.000000,23.388084
34212781.,83.000000,24.034840
34212781.,85.000000,19.673329
34212781.,86.000000,19.012150
34212781.,87.000000,22.591141
34212781.,88.000000,26.121613
34212781.,89.000000,23.164528
34212781.,90.000000,13.034966
34212821.,81.000000,19.324300
34212821.,82.000000,21.361451
34212821.,83.000000,21.786516
34212821.,84.000000,23.380258
34212835.,81.000000,19.637276
34212835.,82.000000,13.995765
34212835.,83.000000,15.825001
34212835.,84.000000,13.746674
34212853.,81.000000,17.352627
34212853.,82.000000,13.351135
34212853.,83.000000,13.638683
34212853.,84.000000,16.923922
34212859.,81.000000,21.172361
34212859.,82.000000,15.401452
34212859.,83.000000,13.128502
34212859.,84.000000,13.207005
34212861.,81.000000,16.104226
34212861.,82.000000,15.607233
34212861.,83.000000,14.982723
34212861.,84.000000,13.983886
34212865.,81.000000,17.673885
34212865.,82.000000,26.286610
34212865.,83.000000,20.078177
34212865.,84.000000,17.598368
34212869.,81.000000,15.745512
34212869.,82.000000,17.806803
34212869.,83.000000,24.343684
34212869.,84.000000,15.303352
34212870.,81.000000,17.215835
34212870.,82.000000,20.212854
34212870.,83.000000,18.298138
34212870.,84.000000,21.797707
34212877.,81.000000,20.912281
34212877.,82.000000,19.790507
34212877.,83.000000,21.190467
34212877.,84.000000,21.878756
34212898.,81.000000,20.580840
34212898.,82.000000,18.279706
34212898.,83.000000,17.309287
34212898.,84.000000,18.236989
34212989.,81.000000,17.499149
34212989.,82.000000,20.316936
34212989.,83.000000,21.209218
34212989.,84.000000,20.684842
34213009.,81.000000,17.723702
34213009.,82.000000,14.241123
34213009.,83.000000,17.647858
34213009.,84.000000,21.029438
34213014.,84.000000,10.599734
34213031.,81.000000,31.323447
34213031.,82.000000,24.133560
34213031.,83.000000,22.332845
34213039.,83.000000,18.560846
34213063.,81.000000,19.624704
34213063.,82.000000,26.724000
34213063.,83.000000,24.746022
34213090.,81.000000,15.841194
34213090.,82.000000,15.758963
34213090.,83.000000,17.140585
34213119.,81.000000,17.844494
34213119.,82.000000,19.779042
34213119.,83.000000,17.642026
34213159.,81.000000,34.336514
34213159.,82.000000,28.585881
34213159.,83.000000,20.809914
34213166.,81.000000,23.945176
34213166.,82.000000,24.012883
34213166.,83.000000,18.974382
34213189.,81.000000,17.783156
34213189.,82.000000,18.033662
34213191.,81.000000,16.850358
34213191.,82.000000,14.363347
34213191.,83.000000,16.433706
34213191.,84.000000,15.198232
34213191.,85.000000,14.112054
34213194.,81.000000,14.927424
34213194.,82.000000,17.993308
34213194.,83.000000,17.439036
34213201.,81.000000,22.628124
34213201.,82.000000,21.320576
34213201.,83.000000,13.913856
34213278.,81.000000,25.742145
34213278.,82.000000,19.385526
34213278.,83.000000,16.754477
34213318.,81.000000,18.710191
34213318.,82.000000,19.435887
34213331.,81.000000,16.009461
34213331.,82.000000,15.024824
34213337.,81.000000,20.394405
34213337.,82.000000,17.129446
34213338.,81.000000,18.140650
34213338.,82.000000,19.308052
34213348.,81.000000,21.862820
34213348.,82.000000,18.345529
34213349.,81.000000,16.855970
34213349.,82.000000,19.845804
34213354.,81.000000,18.994579
34213354.,82.000000,14.504437
34213355.,81.000000,17.851221
34213355.,82.000000,14.878441
34213360.,81.000000,16.551778
34213360.,82.000000,17.441621
34213362.,81.000000,27.774606
34213362.,82.000000,26.752259
34213375.,81.000000,19.315346
34213375.,82.000000,17.935171
34213376.,81.000000,29.208493
34213376.,82.000000,18.737476
34213377.,81.000000,15.986183
34213377.,82.000000,16.151677
34213385.,81.000000,17.955532
34213385.,82.000000,18.831799
34213397.,81.000000,15.586737
34213397.,82.000000,16.999405
34213408.,81.000000,14.496338
34213408.,82.000000,13.658479
34213430.,81.000000,22.565903
34213430.,82.000000,20.078110
34213431.,81.000000,20.204571
34213431.,82.000000,20.318877
34213436.,81.000000,18.790962
34213436.,82.000000,16.838986
34213444.,81.000000,12.526679
34213444.,82.000000,14.884141
34213457.,81.000000,14.789043
34213457.,82.000000,15.755881
34213463.,81.000000,19.155529
34213463.,82.000000,16.892202
34213473.,81.000000,18.596451
34213473.,82.000000,17.593885
34213487.,81.000000,19.089312
34213487.,82.000000,19.691401
34213503.,81.000000,19.204117
34213503.,82.000000,22.462089
34213504.,81.000000,30.553115
34213504.,82.000000,32.501965
34213516.,81.000000,17.319012
34213516.,82.000000,19.431369
34213534.,81.000000,22.052891
34213534.,82.000000,18.743408
34213610.,81.000000,26.046796
34213610.,82.000000,29.817709
34213613.,81.000000,18.760858
34213613.,82.000000,14.840525
34213659.,81.000000,13.393803
34213659.,82.000000,23.592476
34213659.,83.000000,22.433260
34213659.,84.000000,19.134290
34213659.,85.000000,16.845566
34213659.,86.000000,16.571983
34213659.,87.000000,16.674356
34213659.,88.000000,16.094864
34213659.,89.000000,17.314577
34213659.,90.000000,16.734263
34213659.,91.000000,18.306926
34213662.,81.000000,19.960778
34213662.,82.000000,20.651054
34213680.,81.000000,18.610932
34213680.,82.000000,15.545574
34213708.,81.000000,15.657335
34213708.,82.000000,22.092244
34213710.,82.000000,17.777987
34213730.,81.000000,14.186473
34213730.,82.000000,18.921252
34213810.,81.000000,21.296674
34213810.,82.000000,18.857734
34213834.,81.000000,22.286286
34213834.,82.000000,20.345763
34213836.,81.000000,19.684417
34213836.,82.000000,20.503836
34213853.,81.000000,51.912858
34213853.,82.000000,17.477394
34213865.,81.000000,19.740129
34213865.,82.000000,25.869492
34213886.,81.000000,25.200935
34213886.,82.000000,26.274820
34213892.,81.000000,24.685017
34213892.,82.000000,20.835383
34213896.,81.000000,16.870127
34213904.,81.000000,11.492749
34213904.,82.000000,9.9099026
34213909.,81.000000,14.050152
34213909.,82.000000,11.438016
34213917.,81.000000,18.489480
34213917.,82.000000,19.082456
34213919.,81.000000,17.846643
34213919.,82.000000,19.549029
34213950.,81.000000,16.054343
34213950.,82.000000,16.268507
34213952.,81.000000,13.706841
34213952.,82.000000,14.029027
34213955.,81.000000,25.024614
34213955.,82.000000,33.507358
34213989.,81.000000,17.726865
34213989.,82.000000,24.366546
34213996.,81.000000,13.083431
34213996.,82.000000,15.767148
34214061.,81.000000,21.324446
34214061.,82.000000,21.927814
34214068.,81.000000,19.326609
34214068.,82.000000,17.599682
34214090.,81.000000,18.730777
34214090.,82.000000,14.817656
34214143.,81.000000,21.706231
34214143.,82.000000,10.917507
34214143.,83.000000,14.685654
34214169.,81.000000,14.035793
34214169.,82.000000,16.283837
34214174.,81.000000,19.751111
34214283.,81.000000,14.003941
34214315.,81.000000,14.485961
34214349.,81.000000,15.911626
34214362.,81.000000,14.609879
34214364.,81.000000,21.697134
34214481.,81.000000,14.208849
34214481.,82.000000,13.825302
34214481.,83.000000,25.623054
34214481.,84.000000,20.215360
34214481.,85.000000,17.486527
34214481.,86.000000,17.622993
34214481.,87.000000,15.056487
34214481.,88.000000,15.265853
34214481.,89.000000,14.269534
34214481.,90.000000,18.394355
34214481.,91.000000,17.189660
34214527.,81.000000,16.248814
34214527.,82.000000,17.474425
34214527.,83.000000,17.454124
34214527.,84.000000,16.613035
34214527.,85.000000,17.858695
34214527.,86.000000,16.426910
34214527.,87.000000,16.664010
34214527.,88.000000,16.011408
34214527.,89.000000,17.255980
34214527.,90.000000,18.027681
34214549.,81.000000,19.270210
34214549.,82.000000,19.447565
34214549.,83.000000,18.225023
34214884.,81.000000,24.777723
34214884.,82.000000,18.787648
34214885.,81.000000,19.668939
34214885.,82.000000,17.361914
34214885.,83.000000,14.718195
34214885.,84.000000,18.780053
34214885.,85.000000,16.849013
34214885.,86.000000,12.822456
34214898.,81.000000,26.371448
34214898.,82.000000,24.263219
34214921.,81.000000,21.217603
34214921.,82.000000,20.600420
34214921.,83.000000,22.694200
34214921.,84.000000,22.990861
34214921.,85.000000,24.578039
34214921.,86.000000,18.280455
34214921.,87.000000,16.688233
34214921.,88.000000,17.816296
34214921.,89.000000,17.394457
34214921.,90.000000,17.574958
34214921.,91.000000,18.721517
34214937.,81.000000,17.374472
34214937.,82.000000,15.651145
34214937.,83.000000,19.473206
34214937.,84.000000,15.767855
34214937.,85.000000,14.120167
34214937.,86.000000,10.520933
34214937.,87.000000,14.230137
34214937.,88.000000,12.714579
34214937.,89.000000,16.961306
34214937.,90.000000,13.204427
34214937.,91.000000,14.674117
34215061.,81.000000,18.596988
34215061.,82.000000,16.859872
34215061.,83.000000,12.972072
34215061.,84.000000,19.826190
34215097.,81.000000,14.495196
34215097.,82.000000,15.794074
34215177.,81.000000,16.692231
34215234.,81.000000,17.413126
34215234.,82.000000,17.053582
34215355.,81.000000,19.216599
34215355.,82.000000,19.842517
34215355.,83.000000,23.317638
34215355.,84.000000,19.529650
34215355.,85.000000,17.839924
34215355.,86.000000,17.222475
34215355.,87.000000,18.427645
34215355.,88.000000,19.820561
34215355.,89.000000,24.220651
34215409.,81.000000,22.441156
34215409.,82.000000,21.554499
34215409.,83.000000,22.898301
34215682.,81.000000,20.403821
34215682.,82.000000,17.543714
34215682.,83.000000,18.463350
34215682.,84.000000,22.163657
34215682.,85.000000,18.682973
34215682.,86.000000,18.194987
34215682.,87.000000,16.955022
34215682.,88.000000,19.328190
34215682.,89.000000,22.649677
34215682.,90.000000,18.167353
34215682.,91.000000,18.263193
34216311.,81.000000,20.200731
34216311.,82.000000,20.675357
34216375.,81.000000,11.193778
34216375.,82.000000,21.769587
34217178.,85.000000,18.824795
34217178.,86.000000,22.938358
34217178.,87.000000,16.727750
34217178.,88.000000,19.326940
34217178.,89.000000,19.584294
34217178.,90.000000,19.063774
34217178.,91.000000,17.763061
34217181.,90.000000,16.230072
34217181.,91.000000,17.205951
34217182.,81.000000,17.224677
34217182.,82.000000,17.336746
34217182.,83.000000,14.531764
34217182.,84.000000,14.881530
34217182.,85.000000,16.692155
34217182.,86.000000,18.882363
34217182.,87.000000,14.225866
34217182.,88.000000,16.411597
34217182.,89.000000,15.612274
34217182.,90.000000,17.513956
34217182.,91.000000,15.679164
34217185.,81.000000,20.438567
34217185.,82.000000,20.620846
34217185.,83.000000,18.142305
34217185.,84.000000,21.033617
34217185.,85.000000,20.267581
34217185.,86.000000,19.409519
34217185.,87.000000,18.261902
34217185.,88.000000,16.598763
34217185.,89.000000,16.608529
34217185.,90.000000,17.482718
34217185.,91.000000,15.821575
34217186.,81.000000,30.699007
34217186.,82.000000,14.293034
34217187.,81.000000,22.118204
34217187.,82.000000,20.738283
34217187.,83.000000,20.752881
34217189.,81.000000,15.194127
34217189.,82.000000,18.506018
34217189.,83.000000,19.378265
34217189.,84.000000,16.944135
34217189.,85.000000,19.000593
34217189.,86.000000,20.011210
34217189.,87.000000,18.802812
34217189.,88.000000,18.908763
34217189.,89.000000,17.067812
34217189.,90.000000,16.340893
34217189.,91.000000,23.583549
34217190.,81.000000,20.178033
34217190.,82.000000,22.340737
34217190.,83.000000,16.281316
34217190.,84.000000,18.031381
34217190.,85.000000,15.193784
34217190.,86.000000,17.078228
34217190.,87.000000,17.299433
34217190.,88.000000,19.332505
34217190.,89.000000,20.620331
34217190.,90.000000,19.652468
34217190.,91.000000,19.588556
34217192.,81.000000,19.581018
34217193.,81.000000,19.299904
34217193.,82.000000,20.775403
34217193.,83.000000,19.782578
34217195.,81.000000,18.899203
34217195.,82.000000,16.956775
34217195.,83.000000,18.755518
34217195.,84.000000,19.384686
34217195.,85.000000,19.430310
34217195.,86.000000,21.635050
34217195.,87.000000,18.961831
34217195.,88.000000,20.665410
34217195.,89.000000,20.940254
34217195.,90.000000,18.969070
34217195.,91.000000,18.920245
34217197.,81.000000,18.977720
34217197.,82.000000,18.291447
34217203.,81.000000,16.140321
34217203.,82.000000,12.634397
34217203.,83.000000,11.218977
34217203.,84.000000,12.563997
34217204.,81.000000,19.565798
34217204.,82.000000,9.6283851
34217206.,81.000000,34.257217
34217206.,82.000000,66.819630
34217207.,81.000000,16.766095
34217207.,82.000000,18.497835
34217207.,83.000000,19.088647
34217207.,84.000000,20.065404
34217207.,85.000000,17.644657
34217207.,86.000000,17.704667
34217207.,87.000000,17.584382
34217207.,88.000000,16.589286
34217207.,89.000000,17.697841
34217207.,90.000000,16.646092
34217207.,91.000000,15.816724
34217208.,81.000000,21.088605
34217208.,82.000000,20.456099
34217208.,83.000000,23.973227
34217208.,84.000000,21.737098
34217208.,85.000000,20.605486
34217208.,86.000000,20.835097
34217208.,87.000000,20.393036
34217208.,88.000000,20.978503
34217208.,89.000000,18.325105
34217208.,90.000000,14.620856
34217208.,91.000000,14.366405
34217210.,81.000000,18.031940
34217210.,82.000000,20.118669
34217211.,81.000000,17.594838
34217211.,82.000000,18.946064
34217211.,83.000000,19.595819
34217211.,84.000000,20.836855
34217211.,85.000000,18.521873
34217211.,86.000000,15.791423
34217211.,87.000000,15.969212
34217211.,88.000000,19.276250
34217212.,81.000000,13.228896
34217212.,82.000000,16.934740
34217212.,83.000000,17.882906
34217214.,81.000000,4.0626578
34217215.,81.000000,16.504866
34217215.,82.000000,14.921968
34217215.,83.000000,14.017887
34217216.,81.000000,17.586254
34217216.,82.000000,19.420084
34217216.,83.000000,19.273115
34217216.,84.000000,19.618134
34217216.,85.000000,17.216357
34217216.,86.000000,18.912945
34217217.,81.000000,28.660019
34217217.,82.000000,32.423369
34217217.,83.000000,28.710404
34217217.,84.000000,28.525279
34217217.,85.000000,22.698861
34217219.,81.000000,18.798852
34217219.,82.000000,17.949011
34217219.,83.000000,20.308952
34217221.,81.000000,19.553943
34217222.,82.000000,20.522581
34217222.,83.000000,16.347970
34217222.,84.000000,14.516199
34217222.,85.000000,15.075445
34217222.,86.000000,15.453500
34217222.,87.000000,15.497423
34217222.,88.000000,16.711538
34217222.,89.000000,16.390397
34217222.,90.000000,16.444148
34217222.,91.000000,17.789821
34217229.,81.000000,23.590035
34217229.,82.000000,18.758309
34217231.,81.000000,18.688348
34217231.,82.000000,21.398167
34217231.,83.000000,19.519836
34217231.,84.000000,18.102970
34217231.,85.000000,17.952008
34217231.,86.000000,16.698427
34217231.,87.000000,18.546249
34217231.,88.000000,17.285715
34217231.,89.000000,20.508420
34217231.,90.000000,18.231906
34217231.,91.000000,21.041772
34217232.,82.000000,21.571834
34217232.,83.000000,21.265904
34217232.,84.000000,19.005997
34217232.,85.000000,19.868616
34217232.,86.000000,18.879180
34217232.,87.000000,20.648270
34217232.,88.000000,16.880160
34217232.,89.000000,20.451995
34217232.,90.000000,19.945606
34217281.,88.000000,15.779984
34217281.,89.000000,16.974210
34217550.,81.000000,19.512232
34218051.,81.000000,14.563478
34218051.,82.000000,16.358763
34218056.,85.000000,16.893924
34218056.,86.000000,17.050819
34218056.,87.000000,17.108081
34218056.,88.000000,17.836933
34218056.,89.000000,20.958272
34218056.,90.000000,17.349321
34218061.,81.000000,17.589236
34218061.,82.000000,17.392233
34218061.,83.000000,19.205549
34218061.,84.000000,17.258378
34218061.,85.000000,15.987916
34218062.,81.000000,11.272591
34218062.,82.000000,11.033700
34218066.,81.000000,25.080706
34218066.,82.000000,19.135874
34218066.,83.000000,18.468262
34218066.,84.000000,17.266480
34218066.,85.000000,16.861671
34218066.,86.000000,22.495243
34218066.,87.000000,20.391137
34218066.,88.000000,16.318420
34218066.,89.000000,14.945948
34218066.,90.000000,14.846085
34218066.,91.000000,12.231599
34218067.,81.000000,17.059521
34218067.,82.000000,17.578954
34218067.,83.000000,12.759493
34218067.,84.000000,16.550922
34218067.,85.000000,13.301846
34218067.,86.000000,19.656872
34218067.,87.000000,19.358526
34218067.,88.000000,16.344394
34218067.,89.000000,14.715586
34218067.,90.000000,13.984984
34218067.,91.000000,18.560343
34218069.,81.000000,13.405819
34218069.,82.000000,16.664424
34218069.,83.000000,17.832394
34218071.,81.000000,16.619068
34218071.,82.000000,17.006458
34218071.,83.000000,14.563397
34218071.,84.000000,15.905807
34218071.,85.000000,11.646717
34218071.,86.000000,18.101014
34218072.,81.000000,19.562629
34218072.,82.000000,20.946085
34218073.,81.000000,15.134661
34218073.,82.000000,14.852691
34218073.,83.000000,17.985689
34218073.,84.000000,19.635811
34218073.,85.000000,16.725974
34218073.,86.000000,15.146040
34218073.,87.000000,16.194259
34218073.,88.000000,16.141209
34218073.,89.000000,15.296097
34218073.,90.000000,13.892882
34218073.,91.000000,12.115730
34218077.,81.000000,20.116066
34218077.,82.000000,17.666535
34218079.,81.000000,22.160086
34218079.,82.000000,21.000204
34218083.,81.000000,20.919039
34218083.,82.000000,24.388677
34218084.,81.000000,17.905721
34218084.,82.000000,17.774827
34218084.,83.000000,15.337941
34218084.,84.000000,19.637377
34218084.,85.000000,18.702448
34218084.,86.000000,17.617547
34218084.,87.000000,20.192025
34218084.,88.000000,18.547647
34218084.,89.000000,17.159644
34218084.,90.000000,16.826451
34218084.,91.000000,17.909597
34218085.,81.000000,25.657458
34218086.,81.000000,19.186934
34218086.,82.000000,20.244079
34218086.,83.000000,18.009274
34218086.,85.000000,17.402158
34218086.,86.000000,16.356127
34218086.,87.000000,20.915251
34218086.,88.000000,20.743581
34218086.,89.000000,21.766360
34218096.,81.000000,16.391447
34218096.,82.000000,20.326196
34218096.,83.000000,18.450409
34218096.,84.000000,16.754311
34218096.,85.000000,17.572607
34218096.,86.000000,15.416746
34218096.,87.000000,15.036819
34218098.,81.000000,18.810016
34218098.,82.000000,18.261563
34218098.,83.000000,16.828694
34218098.,84.000000,17.751595
34218098.,85.000000,17.036555
34218098.,86.000000,15.780546
34218098.,87.000000,17.090037
34218098.,88.000000,18.357006
34218098.,89.000000,18.778441
34218098.,90.000000,19.030195
34218098.,91.000000,18.633526
34218099.,81.000000,14.705375
34218099.,82.000000,11.563336
34218099.,85.000000,17.123054
34218099.,86.000000,15.194366
34218099.,87.000000,14.710408
34218099.,88.000000,13.789726
34218099.,89.000000,14.853489
34218099.,90.000000,12.447606
34218099.,91.000000,14.578047
34218100.,81.000000,20.207105
34218100.,82.000000,20.955243
34218100.,83.000000,20.465566
34218102.,81.000000,17.626459
34218102.,82.000000,17.745616
34218102.,83.000000,18.712435
34218102.,84.000000,20.718144
34218102.,85.000000,21.351885
34218102.,86.000000,18.530662
34218102.,87.000000,16.217034
34218102.,88.000000,12.786540
34218102.,89.000000,14.308653
34218102.,90.000000,14.923954
34218102.,91.000000,15.618276
34218104.,81.000000,20.726204
34218104.,82.000000,34.372085
34218104.,83.000000,22.419249
34218105.,81.000000,18.159541
34218105.,82.000000,24.796725
34218105.,83.000000,16.486974
34218105.,84.000000,20.958692
34218105.,85.000000,25.420627
34218105.,86.000000,19.303066
34218105.,87.000000,21.610094
34218105.,88.000000,22.585091
34218105.,89.000000,22.422394
34218105.,90.000000,26.222840
34218105.,91.000000,24.915368
34218106.,81.000000,24.556531
34218106.,82.000000,22.614317
34218107.,81.000000,70.856479
34218107.,82.000000,18.669708
34218107.,83.000000,22.104636
34218107.,86.000000,12.804033
34218107.,87.000000,16.647517
34218107.,88.000000,14.132002
34218108.,81.000000,16.245284
34218436.,81.000000,28.355361
34218436.,82.000000,18.449023
34218445.,89.000000,24.151990
34218445.,90.000000,26.032158
34218445.,91.000000,15.964579
34218980.,81.000000,22.548363
34218980.,83.000000,21.731839
34218980.,84.000000,22.610021
34218980.,85.000000,18.900575
34218980.,86.000000,17.506857
34218980.,87.000000,18.508684
34218980.,88.000000,15.237069
34218980.,89.000000,15.203835
34218980.,90.000000,17.344074
34218980.,91.000000,16.518542
34218981.,83.000000,17.197665
34218981.,84.000000,17.099969
34218992.,81.000000,18.233145
34218992.,82.000000,20.204440
34218993.,81.000000,23.862718
34218993.,82.000000,11.645082
34218993.,83.000000,23.452454
34218996.,81.000000,17.279762
34218996.,82.000000,18.103840
34218996.,83.000000,18.078410
34218996.,84.000000,19.115836
34218996.,85.000000,21.581407
34218996.,86.000000,21.211899
34218997.,81.000000,22.617094
34218997.,82.000000,18.117207
34218997.,83.000000,17.441704
34218997.,84.000000,17.607625
34218997.,85.000000,17.651532
34218997.,86.000000,17.199433
34218997.,87.000000,17.335061
34218997.,88.000000,17.733619
34218997.,89.000000,16.210329
34218997.,90.000000,16.685078
34218998.,81.000000,18.481747
34218998.,82.000000,19.855447
34218998.,83.000000,16.305100
34218999.,81.000000,18.851072
34219000.,81.000000,19.097468
34219000.,82.000000,27.700296
34219000.,83.000000,27.479990
34219000.,84.000000,26.855170
34219001.,81.000000,24.063650
34219001.,82.000000,25.374426
34219002.,81.000000,20.166982
34219002.,82.000000,16.771311
34219003.,81.000000,16.503168
34219004.,81.000000,21.851111
34219004.,82.000000,23.021336
34219004.,83.000000,20.350614
34219004.,84.000000,20.279549
34219004.,85.000000,17.644047
34219006.,81.000000,15.850226
34219009.,81.000000,15.053523
34219009.,83.000000,15.486570
34219009.,84.000000,17.529898
34219009.,85.000000,16.786448
34219009.,86.000000,16.977585
34219009.,87.000000,16.857669
34219009.,88.000000,17.215386
34219009.,89.000000,19.742444
34219009.,90.000000,19.344426
34219009.,91.000000,18.724666
34219010.,84.000000,13.422492
34219011.,81.000000,14.566053
34219011.,82.000000,20.319522
34219012.,81.000000,19.204906
34219013.,81.000000,14.498818
34219013.,82.000000,18.769707
34219013.,83.000000,18.741437
34219014.,81.000000,17.425187
34219014.,82.000000,17.194683
34219014.,83.000000,12.162688
34219016.,81.000000,16.389063
34219016.,82.000000,29.274135
34219016.,83.000000,26.347350
34219016.,84.000000,21.062108
34219016.,85.000000,19.984732
34219016.,86.000000,19.569012
34219016.,87.000000,18.377104
34219016.,88.000000,16.447306
34219016.,89.000000,28.463921
34219016.,90.000000,23.646557
34219016.,91.000000,15.592510
34219017.,81.000000,15.317486
34219017.,82.000000,15.937669
34219017.,83.000000,17.905303
34219017.,84.000000,15.806785
34219017.,85.000000,19.233450
34219017.,86.000000,19.407678
34219017.,87.000000,19.572837
34219017.,88.000000,19.702328
34219017.,89.000000,19.540890
34219017.,90.000000,19.554456
34219017.,91.000000,21.363470
34219019.,81.000000,20.748143
34219019.,82.000000,20.400238
34219019.,83.000000,18.969165
34219019.,84.000000,19.129032
34219019.,85.000000,18.261894
34219019.,86.000000,18.485701
34219019.,87.000000,18.574040
34219020.,81.000000,16.560059
34219020.,82.000000,18.562986
34219020.,83.000000,20.230560
34219020.,84.000000,18.716627
34219020.,85.000000,19.840833
34219020.,86.000000,19.903152
34219020.,87.000000,18.905022
34219020.,88.000000,19.734959
34219020.,89.000000,18.278759
34219020.,90.000000,17.469653
34219020.,91.000000,16.472450
34219021.,81.000000,14.857521
34219021.,82.000000,18.912799
34219022.,81.000000,11.499895
34219022.,82.000000,13.235587
34219022.,83.000000,15.918028
34219022.,84.000000,16.808242
34219022.,85.000000,20.397076
34219022.,86.000000,17.894525
34219023.,81.000000,18.137928
34219023.,82.000000,19.566953
34219023.,83.000000,18.827552
34219023.,84.000000,19.455977
34219023.,85.000000,17.417839
34219026.,81.000000,15.534025
34219026.,82.000000,16.800784
34219026.,83.000000,16.989600
34219026.,84.000000,15.970169
34219026.,85.000000,16.170701
34219026.,86.000000,16.822604
34219026.,87.000000,17.064115
34219026.,88.000000,15.916029
34219027.,81.000000,17.764811
34219027.,82.000000,16.904475
34219027.,83.000000,19.364104
34219027.,84.000000,19.504418
34219027.,85.000000,17.423543
34219027.,86.000000,16.554837
34219027.,87.000000,18.549192
34219027.,88.000000,18.320079
34219027.,89.000000,18.056963
34219027.,90.000000,18.466443
34219027.,91.000000,19.813192
34219028.,81.000000,16.840182
34219028.,82.000000,15.213544
34219028.,83.000000,17.324954
34219029.,81.000000,17.279993
34219029.,82.000000,19.428574
34219029.,83.000000,18.726087
34219029.,84.000000,12.725683
34219030.,84.000000,18.825341
34219031.,81.000000,22.401101
34219031.,82.000000,16.759670
34219031.,83.000000,13.565672
34219031.,84.000000,15.544883
34219031.,85.000000,16.835079
34219031.,86.000000,17.755136
34219033.,81.000000,21.174538
34219034.,81.000000,20.277220
34219034.,82.000000,18.602349
34219034.,83.000000,18.094770
34219034.,84.000000,21.305888
34219035.,81.000000,18.926506
34219035.,82.000000,16.893774
34219036.,81.000000,15.406265
34219036.,82.000000,16.643410
34219036.,83.000000,13.593588
34219036.,84.000000,17.028579
34219036.,85.000000,17.878988
34219036.,86.000000,18.350717
34219036.,87.000000,20.175876
34219036.,88.000000,19.963925
34219037.,81.000000,17.205259
34219037.,82.000000,16.888366
34219038.,81.000000,14.632574
34219038.,82.000000,18.681806
34219038.,83.000000,19.437864
34219038.,84.000000,19.744328
34219038.,85.000000,17.267208
34219039.,81.000000,18.585200
34219039.,82.000000,22.284384
34219039.,83.000000,22.563092
34219039.,84.000000,15.145696
34219039.,85.000000,19.838814
34219039.,86.000000,16.220723
34219039.,87.000000,20.860406
34219039.,88.000000,19.512715
34219039.,89.000000,17.819287
34219039.,90.000000,16.321257
34219039.,91.000000,17.439154
34219040.,81.000000,15.963831
34219040.,82.000000,14.912431
34219040.,83.000000,13.898492
34219040.,84.000000,14.910190
34219040.,85.000000,14.656416
34219040.,86.000000,13.959777
34219040.,87.000000,14.028698
34219040.,88.000000,15.646377
34219040.,89.000000,18.619845
34219040.,90.000000,20.662454
34219040.,91.000000,20.841271
34219041.,81.000000,16.311631
34219043.,81.000000,26.362859
34219043.,82.000000,26.322661
