plant       ,year        ,productivity
32110423.,81.000000,126.37765
32110423.,82.000000,116.49775
32110423.,83.000000,101.24444
32110423.,84.000000,101.68093
32110423.,85.000000,113.57055
32110423.,86.000000,110.70519
32110423.,87.000000,113.98655
32110423.,88.000000,114.50219
32110423.,89.000000,120.44783
32110423.,90.000000,117.30234
32110423.,91.000000,118.19808
32110424.,81.000000,122.46576
32110424.,82.000000,119.72764
32110424.,83.000000,108.85935
32110424.,84.000000,120.06213
32110424.,85.000000,115.13274
32110424.,86.000000,100.32009
32110424.,87.000000,106.29472
32110424.,88.000000,104.98896
32110424.,89.000000,97.961684
32110424.,90.000000,104.72652
32110424.,91.000000,96.933193
32110425.,81.000000,88.238702
32110425.,82.000000,153.18224
32110425.,83.000000,126.72795
32110425.,84.000000,168.20566
32110425.,85.000000,125.83318
32110426.,81.000000,80.933727
32110426.,82.000000,91.354206
32110426.,83.000000,98.130658
32110426.,84.000000,107.64959
32110426.,85.000000,115.37462
32110426.,86.000000,103.40097
32110426.,87.000000,88.994929
32110426.,88.000000,79.345549
32110426.,89.000000,84.276937
32110426.,90.000000,94.523848
32110426.,91.000000,91.574180
32110427.,81.000000,139.98767
32110427.,82.000000,118.89329
32110427.,83.000000,113.62494
32110427.,84.000000,111.29020
32110427.,85.000000,103.08737
32110427.,86.000000,108.05655
32110427.,87.000000,111.09744
32110427.,88.000000,121.36942
32110427.,89.000000,121.07868
32110427.,90.000000,132.40762
32110427.,91.000000,135.76406
32110428.,81.000000,168.92009
32110428.,82.000000,149.23796
32110428.,83.000000,128.06706
32110428.,84.000000,138.53193
32110428.,85.000000,137.20623
32110428.,86.000000,145.17556
32110428.,87.000000,130.26140
32110428.,88.000000,186.87314
32110428.,89.000000,184.47782
32110428.,90.000000,166.45359
32110428.,91.000000,160.67079
32110429.,81.000000,100.02633
32110429.,82.000000,86.398309
32110429.,83.000000,84.178951
32110429.,84.000000,107.27255
32110429.,85.000000,101.44081
32110429.,86.000000,95.326902
32110429.,87.000000,100.97439
32110429.,88.000000,99.058080
32110429.,89.000000,104.02679
32110429.,90.000000,133.40067
32110429.,91.000000,140.26358
32110431.,81.000000,141.10062
32110431.,82.000000,203.46200
32110431.,83.000000,146.98983
32110431.,84.000000,136.77723
32110431.,85.000000,145.56453
32110431.,86.000000,152.08212
32110431.,87.000000,143.68654
32110431.,88.000000,143.62329
32110431.,89.000000,126.96727
32110431.,90.000000,120.23974
32110431.,91.000000,145.05676
32110432.,81.000000,107.31457
32110432.,82.000000,108.13898
32110432.,83.000000,86.272584
32110432.,84.000000,73.171614
32110432.,85.000000,133.14668
32110432.,86.000000,113.64834
32110432.,87.000000,105.04521
32110432.,88.000000,108.69738
32110432.,89.000000,92.706142
32110432.,90.000000,114.62976
32110432.,91.000000,93.715980
32110433.,81.000000,144.49235
32110433.,82.000000,163.93875
32110433.,83.000000,151.04758
32110433.,84.000000,157.19272
32110433.,85.000000,159.04052
32110433.,86.000000,135.14192
32110433.,87.000000,130.47463
32110433.,88.000000,149.08247
32110433.,89.000000,135.99906
32110433.,90.000000,124.29072
32110433.,91.000000,110.63076
32110434.,81.000000,112.67587
32110434.,82.000000,122.35972
32110434.,83.000000,123.64343
32110434.,84.000000,109.54508
32110434.,85.000000,173.21443
32110434.,86.000000,103.40840
32110434.,87.000000,106.57963
32110434.,88.000000,112.41033
32110434.,89.000000,113.10946
32110434.,90.000000,110.67463
32110434.,91.000000,111.80036
32110435.,81.000000,119.22411
32110435.,82.000000,108.34054
32110435.,83.000000,104.38759
32110435.,84.000000,99.406800
32110435.,85.000000,96.976637
32110435.,86.000000,90.663692
32110435.,87.000000,93.691706
32110435.,88.000000,91.965351
32110435.,89.000000,94.725964
32110435.,90.000000,94.613408
32110435.,91.000000,100.43394
32110436.,81.000000,106.26208
32110436.,82.000000,108.44953
32110436.,83.000000,71.713551
32110436.,84.000000,130.84762
32110436.,85.000000,110.66197
32110436.,86.000000,108.16984
32110436.,87.000000,113.72755
32110436.,88.000000,118.17315
32110436.,89.000000,120.36340
32110436.,90.000000,118.34956
32110436.,91.000000,108.56697
32110437.,81.000000,122.81439
32110437.,82.000000,125.42867
32110437.,83.000000,118.86314
32110437.,84.000000,106.25992
32110437.,85.000000,123.75152
32110437.,86.000000,125.09184
32110437.,87.000000,67.956253
32110437.,88.000000,101.59104
32110438.,81.000000,143.72564
32110438.,82.000000,130.51724
32110438.,83.000000,109.27820
32110438.,84.000000,88.972371
32110438.,85.000000,175.29869
32110438.,86.000000,188.96545
32110438.,87.000000,189.31897
32110438.,88.000000,64.586366
32110438.,89.000000,31.829961
32110438.,90.000000,50.538471
32110438.,91.000000,92.139261
32110439.,81.000000,105.98235
32110439.,82.000000,121.52862
32110439.,83.000000,122.99715
32110439.,84.000000,118.52912
32110439.,85.000000,120.77549
32110439.,86.000000,107.73202
32110439.,87.000000,104.49122
32110439.,88.000000,117.27569
32110439.,89.000000,108.53465
32110439.,90.000000,117.88245
32110439.,91.000000,145.56633
32110441.,81.000000,106.59167
32110441.,82.000000,104.78795
32110441.,83.000000,129.15115
32110441.,84.000000,114.43743
32110441.,85.000000,109.36864
32110441.,86.000000,99.118174
32110441.,87.000000,112.92946
32110441.,88.000000,104.32134
32110441.,89.000000,126.11752
32110441.,90.000000,103.91622
32110441.,91.000000,98.309819
32110442.,81.000000,95.682208
32110442.,82.000000,110.58233
32110442.,83.000000,84.759963
32110442.,84.000000,102.64970
32110442.,85.000000,100.26664
32110442.,86.000000,92.945887
32110442.,87.000000,94.655684
32110442.,88.000000,95.296038
32110442.,89.000000,87.194867
32110442.,90.000000,83.786474
32110442.,91.000000,95.852647
32110443.,81.000000,86.864885
32110443.,82.000000,91.411102
32110443.,83.000000,95.492037
32110443.,84.000000,94.144669
32110443.,85.000000,97.717557
32110443.,86.000000,95.278619
32110443.,87.000000,95.839642
32110443.,88.000000,95.651109
32110443.,89.000000,94.921393
32110443.,90.000000,94.039093
32110443.,91.000000,105.86946
32110444.,81.000000,122.30080
32110444.,82.000000,116.84722
32110444.,83.000000,117.14326
32110444.,84.000000,129.57151
32110444.,85.000000,128.62851
32110444.,86.000000,135.06799
32110444.,87.000000,138.28693
32110444.,88.000000,147.09540
32110444.,89.000000,144.12591
32110444.,90.000000,142.23365
32110444.,91.000000,137.87391
32110445.,81.000000,96.261236
32110445.,82.000000,106.91982
32110445.,83.000000,108.11381
32110445.,84.000000,109.24892
32110445.,85.000000,117.60922
32110445.,86.000000,124.68164
32110445.,87.000000,122.21802
32110445.,88.000000,110.62912
32110445.,89.000000,106.51550
32110445.,90.000000,122.70259
32110445.,91.000000,118.83173
32110446.,81.000000,87.289806
32110446.,82.000000,91.083548
32110446.,83.000000,103.84169
32110446.,84.000000,103.46896
32110446.,85.000000,87.514676
32110446.,86.000000,87.781206
32110446.,87.000000,79.656737
32110446.,88.000000,84.260230
32110446.,89.000000,79.903214
32110446.,90.000000,90.908843
32110446.,91.000000,94.261439
32110447.,81.000000,94.027190
32110447.,82.000000,99.629125
32110447.,83.000000,100.91866
32110447.,84.000000,121.02712
32110447.,85.000000,122.49657
32110447.,86.000000,131.32965
32110447.,87.000000,135.96280
32110447.,88.000000,135.36772
32110447.,89.000000,129.46918
32110447.,90.000000,133.31581
32110447.,91.000000,133.11570
32110448.,81.000000,198.15655
32110448.,82.000000,245.20031
32110448.,83.000000,252.27087
32110448.,84.000000,211.00485
32110448.,85.000000,168.32022
32110448.,86.000000,225.46544
32110450.,81.000000,121.72946
32110450.,82.000000,111.60185
32110450.,83.000000,136.28734
32110450.,84.000000,144.50342
32110450.,85.000000,117.92117
32110450.,86.000000,100.76896
32110450.,87.000000,105.89259
32110450.,88.000000,110.59147
32110450.,89.000000,115.53468
32110450.,90.000000,110.05069
32110450.,91.000000,118.70208
32110451.,81.000000,96.224138
32110451.,82.000000,106.46135
32110451.,83.000000,116.71827
32110451.,84.000000,115.66865
32110451.,85.000000,121.89833
32110451.,86.000000,119.21377
32110451.,87.000000,113.77862
32110451.,88.000000,116.36815
32110451.,89.000000,114.15585
32110451.,90.000000,122.97794
32110451.,91.000000,119.21822
32110452.,81.000000,113.32159
32110452.,82.000000,110.67749
32110452.,83.000000,102.84622
32110452.,84.000000,116.08697
32110452.,85.000000,135.10019
32110452.,86.000000,117.21170
32110452.,87.000000,127.28586
32110452.,88.000000,120.13740
32110452.,89.000000,123.74477
32110452.,90.000000,121.41476
32110452.,91.000000,129.21761
32110453.,81.000000,133.19281
32110453.,82.000000,157.61936
32110453.,83.000000,171.36865
32110453.,84.000000,171.33657
32110453.,85.000000,156.09642
32110453.,86.000000,109.49370
32110453.,87.000000,119.97764
32110453.,88.000000,125.90327
32110453.,89.000000,129.57821
32110453.,90.000000,121.66022
32110453.,91.000000,114.43928
32110454.,81.000000,111.86599
32110454.,82.000000,107.28349
32110454.,83.000000,98.465873
32110454.,84.000000,108.20479
32110454.,85.000000,106.02446
32110454.,86.000000,110.63797
32110454.,87.000000,116.35970
32110454.,88.000000,118.90778
32110454.,89.000000,112.51463
32110454.,90.000000,117.01363
32110454.,91.000000,120.58017
32110455.,81.000000,142.87498
32110455.,82.000000,173.47640
32110455.,83.000000,153.72758
32110455.,84.000000,159.66265
32110455.,85.000000,174.45850
32110455.,86.000000,173.88422
32110455.,87.000000,178.50657
32110455.,88.000000,169.36051
32110455.,89.000000,166.59464
32110455.,90.000000,162.00045
32110455.,91.000000,182.63840
32110456.,81.000000,130.88388
32110456.,82.000000,115.31945
32110456.,83.000000,111.58352
32110456.,84.000000,113.66263
32110456.,85.000000,101.75490
32110456.,86.000000,100.95362
32110456.,87.000000,104.32306
32110456.,88.000000,108.25858
32110456.,89.000000,104.55985
32110456.,90.000000,107.71781
32110456.,91.000000,117.07749
32110457.,81.000000,109.80693
32110457.,82.000000,119.48523
32110457.,83.000000,105.33129
32110457.,84.000000,112.49799
32110457.,85.000000,110.89624
32110457.,86.000000,133.16349
32110457.,87.000000,107.09962
32110457.,88.000000,109.08819
32110457.,89.000000,100.02095
32110457.,90.000000,115.45314
32110457.,91.000000,100.85209
32110458.,81.000000,106.19296
32110458.,82.000000,114.89449
32110458.,83.000000,98.661356
32110458.,84.000000,110.38848
32110458.,85.000000,111.58917
32110458.,86.000000,109.61740
32110458.,87.000000,105.18569
32110458.,88.000000,105.56228
32110458.,89.000000,105.00508
32110458.,90.000000,107.93090
32110458.,91.000000,102.50468
32110459.,81.000000,111.84444
32110459.,82.000000,142.03986
32110459.,83.000000,92.382056
32110459.,84.000000,98.883093
32110459.,85.000000,96.538302
32110459.,86.000000,101.09727
32110459.,87.000000,102.84562
32110459.,88.000000,97.323192
32110459.,89.000000,92.692538
32110459.,90.000000,96.107990
32110459.,91.000000,140.27409
32110460.,81.000000,108.38155
32110460.,82.000000,110.43077
32110460.,83.000000,110.73151
32110460.,84.000000,112.66538
32110460.,85.000000,112.46607
32110460.,86.000000,115.93624
32110460.,87.000000,106.03991
32110460.,88.000000,102.29800
32110460.,89.000000,106.98130
32110460.,90.000000,102.80660
32110460.,91.000000,114.61398
32110461.,84.000000,88.779604
32110461.,85.000000,96.022686
32110461.,86.000000,99.051636
32110461.,87.000000,108.68276
32110461.,88.000000,93.834071
32110461.,89.000000,94.991488
32110461.,90.000000,97.084687
32110461.,91.000000,97.294726
32110462.,81.000000,102.38343
32110462.,82.000000,103.51474
32110462.,83.000000,109.52406
32110462.,84.000000,105.39910
32110462.,85.000000,102.08008
32110462.,86.000000,93.743304
32110462.,87.000000,98.548450
32110462.,88.000000,108.61184
32110462.,89.000000,114.28325
32110462.,90.000000,102.42736
32110462.,91.000000,81.038049
32110463.,81.000000,147.09338
32110463.,82.000000,143.31734
32110463.,83.000000,141.67798
32110463.,84.000000,144.72227
32110463.,85.000000,155.27648
32110463.,86.000000,153.69033
32110463.,87.000000,154.55981
32110463.,88.000000,168.65034
32110463.,89.000000,160.44164
32110463.,90.000000,154.81660
32110463.,91.000000,162.03506
32110464.,82.000000,99.522151
32110464.,83.000000,92.547765
32110464.,84.000000,97.765311
32110464.,85.000000,91.049461
32110464.,86.000000,96.772493
32110464.,87.000000,97.361577
32110464.,88.000000,89.738786
32110464.,89.000000,102.15487
32110464.,90.000000,92.346112
32110465.,81.000000,119.92518
32110465.,82.000000,122.74089
32110465.,83.000000,113.31583
32110465.,84.000000,135.28215
32110465.,85.000000,128.03305
32110465.,86.000000,131.18655
32110466.,81.000000,102.52803
32110466.,82.000000,100.05367
32110466.,83.000000,105.63718
32110466.,84.000000,118.31870
32110466.,85.000000,118.78913
32110466.,86.000000,114.07585
32110466.,87.000000,108.73829
32110466.,88.000000,120.07542
32110466.,89.000000,129.45118
32110466.,90.000000,143.48903
32110466.,91.000000,148.55225
32110467.,81.000000,109.80884
32110467.,82.000000,98.545539
32110467.,83.000000,102.39998
32110467.,84.000000,110.31578
32110467.,85.000000,104.43254
32110467.,86.000000,101.17801
32110467.,87.000000,102.44339
32110467.,88.000000,105.78749
32110467.,89.000000,105.37934
32110467.,90.000000,101.37624
32110467.,91.000000,102.41705
32110469.,81.000000,119.18026
32110469.,82.000000,142.68936
32110469.,83.000000,126.81350
32110469.,84.000000,138.66335
32110469.,85.000000,131.30897
32110469.,86.000000,118.95480
32110469.,87.000000,131.41859
32110469.,88.000000,143.81971
32110469.,89.000000,159.73352
32110469.,90.000000,156.01064
32110469.,91.000000,135.67475
32110470.,81.000000,121.08991
32110470.,82.000000,101.27772
32110470.,83.000000,101.17627
32110470.,84.000000,116.64529
32110470.,85.000000,107.95658
32110470.,86.000000,108.14271
32110470.,87.000000,85.640076
32110470.,88.000000,99.407496
32110470.,89.000000,98.023495
32110470.,90.000000,97.949421
32110470.,91.000000,94.153307
32110471.,81.000000,105.19836
32110471.,82.000000,110.98214
32110471.,83.000000,123.45363
32110471.,84.000000,104.06688
32110471.,85.000000,104.26912
32110471.,86.000000,107.62949
32110471.,87.000000,94.398244
32110471.,88.000000,107.31383
32110471.,89.000000,98.433242
32110471.,90.000000,82.747699
32110471.,91.000000,85.123544
32110472.,81.000000,131.32592
32110472.,82.000000,141.27088
32110472.,83.000000,105.19273
32110472.,84.000000,117.15924
32110472.,85.000000,148.47422
32110472.,86.000000,195.87577
32110472.,87.000000,172.08233
32110472.,88.000000,204.72627
32110472.,89.000000,192.97303
32110472.,90.000000,172.48445
32110472.,91.000000,203.10803
32110473.,81.000000,79.991620
32110473.,82.000000,92.726039
32110473.,83.000000,76.611177
32110473.,84.000000,87.628066
32110473.,85.000000,92.019772
32110473.,86.000000,92.100372
32110473.,87.000000,105.70464
32110474.,81.000000,124.29857
32110474.,82.000000,107.37208
32110474.,83.000000,104.50329
32110474.,84.000000,99.134993
32110474.,85.000000,98.323158
32110474.,86.000000,82.622931
32110474.,87.000000,103.04065
32110474.,88.000000,110.32200
32110475.,82.000000,79.170142
32110475.,83.000000,81.893827
32110475.,84.000000,70.185113
32110475.,85.000000,77.522453
32110476.,81.000000,102.66285
32110476.,82.000000,109.21090
32110476.,83.000000,102.97439
32110476.,84.000000,108.52019
32110476.,85.000000,107.19610
32110476.,86.000000,100.02720
32110476.,87.000000,99.516008
32110476.,88.000000,103.39788
32110476.,89.000000,100.61049
32110476.,90.000000,100.81939
32110476.,91.000000,102.63514
32110477.,83.000000,96.071694
32110477.,84.000000,115.51381
32110477.,85.000000,102.48175
32110477.,90.000000,99.003523
32110477.,91.000000,107.77520
32110478.,81.000000,101.06919
32110478.,82.000000,94.291556
32110478.,83.000000,83.865889
32110478.,84.000000,89.910735
32110478.,85.000000,84.316291
32110478.,86.000000,85.103099
32110479.,81.000000,110.75718
32110479.,82.000000,98.135013
32110479.,83.000000,98.300540
32110479.,84.000000,130.21583
32110479.,85.000000,118.76047
32110479.,86.000000,106.87945
32110479.,87.000000,112.68578
32110479.,88.000000,132.90750
32110479.,89.000000,136.50330
32110479.,90.000000,155.97605
32110479.,91.000000,135.22695
32110480.,81.000000,120.73328
32110480.,82.000000,110.26643
32110480.,83.000000,103.88625
32110480.,84.000000,106.50797
32110480.,85.000000,99.342719
32110480.,86.000000,83.129503
32110480.,87.000000,100.21683
32110480.,88.000000,82.480619
32110480.,89.000000,79.970771
32110480.,90.000000,83.930894
32110480.,91.000000,97.469365
32110481.,81.000000,108.30657
32110481.,82.000000,109.62729
32110481.,83.000000,128.45168
32110481.,84.000000,125.21973
32110481.,85.000000,94.376027
32110481.,86.000000,132.73210
32110481.,87.000000,117.25015
32110481.,88.000000,120.56770
32110481.,89.000000,145.11986
32110481.,90.000000,129.35572
32110481.,91.000000,122.74239
32110482.,81.000000,124.04234
32110482.,82.000000,141.28462
32110482.,83.000000,119.34851
32110482.,84.000000,127.70117
32110482.,85.000000,131.44597
32110482.,86.000000,130.79347
32110482.,87.000000,120.49329
32110482.,88.000000,118.92320
32110482.,89.000000,122.45639
32110482.,90.000000,129.45900
32110482.,91.000000,152.28521
32110483.,81.000000,138.89138
32110483.,82.000000,116.85398
32110483.,83.000000,119.48131
32110483.,84.000000,123.47084
32110483.,85.000000,123.78272
32110483.,86.000000,117.84515
32110483.,87.000000,121.34329
32110483.,88.000000,113.44212
32110483.,89.000000,115.69435
32110483.,90.000000,116.97818
32110483.,91.000000,120.18191
32110484.,81.000000,89.191054
32110484.,82.000000,88.369831
32110484.,83.000000,91.888759
32110484.,84.000000,84.647479
32110484.,85.000000,103.62899
32110484.,86.000000,93.810753
32110484.,87.000000,84.688972
32110484.,88.000000,69.534309
32110484.,89.000000,81.253436
32110484.,90.000000,70.143775
32110484.,91.000000,65.270093
32110485.,81.000000,103.03811
32110485.,82.000000,107.59464
32110485.,83.000000,133.82604
32110485.,84.000000,105.67312
32110485.,85.000000,113.72282
32110485.,86.000000,108.36057
32110485.,87.000000,98.563820
32110485.,88.000000,100.58236
32110485.,89.000000,100.31956
32110485.,90.000000,92.632259
32110485.,91.000000,116.06591
32110486.,81.000000,37.155275
32110486.,82.000000,38.447870
32110486.,83.000000,38.071093
32110486.,84.000000,42.488778
32110486.,85.000000,41.977089
32110486.,86.000000,41.211937
32110486.,87.000000,42.330453
32110486.,88.000000,43.999913
32110487.,81.000000,132.99118
32110487.,82.000000,104.09289
32110487.,83.000000,114.05717
32110487.,84.000000,115.88663
32110487.,85.000000,109.10204
32110487.,86.000000,112.17179
32110487.,87.000000,118.81737
32110487.,88.000000,106.74509
32110488.,81.000000,115.69729
32110488.,82.000000,117.11959
32110488.,83.000000,117.46148
32110488.,84.000000,142.68631
32110488.,85.000000,127.47478
32110488.,86.000000,151.42003
32110488.,87.000000,150.02135
32110488.,88.000000,178.15356
32110488.,89.000000,165.27351
32110488.,90.000000,141.67540
32110488.,91.000000,156.95805
32110489.,81.000000,112.92503
32110489.,82.000000,109.59295
32110489.,83.000000,111.63176
32110489.,84.000000,108.68835
32110489.,85.000000,117.35336
32110489.,86.000000,107.95915
32110489.,87.000000,106.67267
32110489.,88.000000,108.96316
32110489.,89.000000,109.21535
32110489.,90.000000,109.56891
32110489.,91.000000,118.51822
32110490.,81.000000,137.67720
32110490.,82.000000,131.90335
32110490.,83.000000,154.38084
32110490.,84.000000,130.19134
32110490.,85.000000,139.91043
32110490.,86.000000,132.36142
32110490.,87.000000,142.92519
32110490.,88.000000,182.33053
32110490.,89.000000,176.11957
32110491.,81.000000,114.46705
32110491.,82.000000,115.72883
32110491.,83.000000,104.38204
32110491.,84.000000,117.57384
32110491.,85.000000,104.57385
32110491.,86.000000,100.55948
32110491.,87.000000,111.23843
32110491.,88.000000,132.58961
32110491.,89.000000,124.26160
32110491.,90.000000,86.794615
32110492.,81.000000,100.66457
32110492.,82.000000,106.56752
32110492.,83.000000,90.412969
32110492.,84.000000,96.689582
32110492.,85.000000,108.85628
32110492.,86.000000,109.31923
32110492.,87.000000,93.151172
32110492.,88.000000,95.465576
32110492.,89.000000,93.014897
32110492.,90.000000,91.288735
32110492.,91.000000,92.312630
32110493.,86.000000,101.72754
32110493.,87.000000,109.71718
32110493.,88.000000,99.545904
32110493.,89.000000,109.24048
32110493.,90.000000,105.81189
32110493.,91.000000,104.50044
32110494.,81.000000,112.91601
32110494.,82.000000,109.22836
32110494.,83.000000,117.02354
32110494.,84.000000,86.756588
32110494.,85.000000,73.135252
32110495.,81.000000,138.14350
32110495.,82.000000,103.68155
32110495.,83.000000,79.488057
32110495.,84.000000,127.93631
32110495.,85.000000,104.42421
32110495.,86.000000,131.13464
32110495.,87.000000,107.64514
32110495.,88.000000,107.51851
32110495.,89.000000,117.50662
32110495.,90.000000,98.665028
32110495.,91.000000,95.793517
32110496.,81.000000,107.49656
32110496.,82.000000,101.37007
32110496.,83.000000,114.29446
32110496.,84.000000,101.82212
32110496.,85.000000,106.22017
32110496.,86.000000,91.416667
32110496.,87.000000,97.235326
32110496.,88.000000,106.57111
32110496.,89.000000,106.24850
32110496.,90.000000,111.71836
32110496.,91.000000,110.35508
32110497.,81.000000,100.44953
32110497.,82.000000,115.87043
32110497.,83.000000,114.34820
32110497.,84.000000,90.785703
32110497.,85.000000,90.713526
32110497.,86.000000,100.05702
32110497.,87.000000,96.366001
32110497.,88.000000,97.162017
32110497.,89.000000,88.569270
32110497.,90.000000,73.118747
32110497.,91.000000,74.303943
32110499.,81.000000,113.64352
32110499.,82.000000,107.86444
32110499.,83.000000,103.48600
32110499.,84.000000,102.34797
32110499.,85.000000,122.22397
32110500.,81.000000,114.34340
32110500.,82.000000,111.57178
32110500.,83.000000,86.732647
32110500.,84.000000,105.95808
32110500.,85.000000,101.02344
32110500.,86.000000,100.02755
32110500.,87.000000,107.22061
32110500.,88.000000,106.51675
32110500.,89.000000,101.06097
32110500.,90.000000,101.75240
32110500.,91.000000,75.177494
32110501.,81.000000,113.53946
32110501.,82.000000,195.60139
32110501.,83.000000,147.45595
32110501.,84.000000,134.79969
32110501.,85.000000,102.07304
32110501.,86.000000,103.38926
32110501.,87.000000,79.497901
32110501.,88.000000,86.930059
32110501.,89.000000,49.636681
32110502.,81.000000,105.04227
32110502.,82.000000,101.71704
32110502.,83.000000,105.11820
32110502.,84.000000,126.99466
32110502.,85.000000,99.035583
32110502.,86.000000,94.294294
32110502.,87.000000,88.734984
32110502.,88.000000,92.341854
32110502.,89.000000,98.565082
32110502.,90.000000,87.911080
32110502.,91.000000,100.22710
32110503.,81.000000,126.86537
32110503.,82.000000,112.89228
32110503.,83.000000,117.24129
32110503.,84.000000,118.72789
32110503.,85.000000,123.42051
32110503.,86.000000,93.989891
32110503.,87.000000,97.897436
32110503.,88.000000,110.92577
32110503.,89.000000,105.52362
32110503.,90.000000,106.23847
32110503.,91.000000,93.947215
32110504.,81.000000,142.07322
32110504.,82.000000,139.96133
32110504.,83.000000,125.62756
32110504.,84.000000,85.339866
32110504.,85.000000,96.586814
32110504.,86.000000,85.783002
32110504.,87.000000,111.80784
32110504.,88.000000,124.25823
32110504.,89.000000,126.13114
32110504.,90.000000,132.22783
32110504.,91.000000,139.62846
32110505.,81.000000,77.327586
32110505.,82.000000,67.608990
32110505.,83.000000,40.493986
32110505.,84.000000,63.484904
32110505.,85.000000,67.868099
32110505.,86.000000,64.244448
32110505.,87.000000,66.815137
32110505.,88.000000,89.858276
32110505.,89.000000,87.795616
32110505.,90.000000,78.536510
32110505.,91.000000,87.016664
32110506.,81.000000,134.46311
32110506.,82.000000,134.80777
32110506.,83.000000,132.66111
32110506.,84.000000,151.23190
32110506.,85.000000,149.46393
32110506.,86.000000,150.91009
32110506.,87.000000,139.86633
32110506.,88.000000,142.45251
32110506.,89.000000,132.28196
32110506.,90.000000,139.46494
32110506.,91.000000,176.99095
32110507.,81.000000,92.888200
32110507.,82.000000,107.28349
32110507.,83.000000,100.21074
32110507.,84.000000,101.06564
32110507.,85.000000,102.06470
32110508.,81.000000,104.80054
32110508.,82.000000,114.56805
32110508.,83.000000,111.16590
32110508.,84.000000,133.72487
32110508.,85.000000,148.11355
32110508.,86.000000,126.65059
32110508.,87.000000,119.17168
32110508.,88.000000,115.53816
32110508.,89.000000,121.95586
32110508.,90.000000,117.24495
32110508.,91.000000,82.383317
32110510.,81.000000,118.80487
32110510.,83.000000,127.01807
32110510.,84.000000,140.70391
32110510.,85.000000,120.03728
32110510.,86.000000,103.67010
32110510.,87.000000,103.50584
32110510.,88.000000,101.12700
32110510.,89.000000,100.18442
32110510.,90.000000,100.28879
32110510.,91.000000,104.60163
32110511.,81.000000,135.68135
32110511.,82.000000,136.32131
32110511.,83.000000,130.04965
32110511.,84.000000,147.52107
32110511.,85.000000,122.57957
32110511.,86.000000,138.58844
32110511.,87.000000,136.87387
32110511.,88.000000,139.69611
32110511.,89.000000,144.08927
32110511.,90.000000,135.69340
32110511.,91.000000,130.92175
32110512.,81.000000,126.57691
32110512.,83.000000,108.92325
32110512.,84.000000,106.51263
32110512.,85.000000,112.95821
32110512.,86.000000,122.17674
32110513.,82.000000,111.81689
32110513.,83.000000,97.807509
32110513.,84.000000,98.078466
32110513.,85.000000,108.12673
32110513.,86.000000,152.75789
32110513.,87.000000,178.03367
32110513.,88.000000,188.80321
32110513.,89.000000,203.16026
32110513.,90.000000,190.43587
32110513.,91.000000,183.12308
32110514.,81.000000,113.81732
32110514.,82.000000,95.535094
32110514.,83.000000,82.321405
32110514.,84.000000,130.20886
32110514.,85.000000,93.688759
32110515.,81.000000,110.04944
32110515.,82.000000,100.98870
32110515.,83.000000,99.207455
32110515.,84.000000,108.74485
32110515.,85.000000,119.61719
32110515.,86.000000,107.19684
32110515.,87.000000,103.66427
32110515.,88.000000,158.49013
32110515.,89.000000,181.86410
32110515.,90.000000,141.24168
32110515.,91.000000,126.90948
32110516.,81.000000,108.54022
32110516.,82.000000,116.91958
32110516.,83.000000,113.68283
32110516.,84.000000,115.62413
32110516.,85.000000,110.73820
32110516.,86.000000,116.49270
32110516.,87.000000,114.02116
32110516.,88.000000,109.16069
32110516.,89.000000,112.02225
32110517.,81.000000,169.24195
32110517.,82.000000,107.86887
32110517.,83.000000,115.48298
32110517.,84.000000,121.93167
32110517.,85.000000,103.35361
32110517.,86.000000,100.97033
32110518.,81.000000,94.130780
32110518.,82.000000,113.03303
32110518.,83.000000,112.59461
32110518.,84.000000,147.11509
32110518.,85.000000,148.43740
32110519.,81.000000,149.02916
32110519.,82.000000,148.42490
32110519.,83.000000,107.89981
32110519.,84.000000,110.26345
32110519.,85.000000,115.19802
32110519.,86.000000,129.81180
32110520.,81.000000,105.93286
32110520.,82.000000,105.93630
32110520.,83.000000,108.40231
32110520.,84.000000,120.10916
32110520.,85.000000,132.98424
32110520.,86.000000,120.29992
32110520.,87.000000,102.80943
32110520.,88.000000,147.64791
32110520.,89.000000,118.50779
32110520.,90.000000,123.56169
32110520.,91.000000,123.74680
32110521.,81.000000,117.11787
32110521.,82.000000,121.67376
32110521.,83.000000,113.60165
32110521.,84.000000,108.12479
32110521.,85.000000,114.02722
32110521.,86.000000,113.98306
32110521.,87.000000,125.10225
32110521.,88.000000,104.81539
32110521.,89.000000,107.68001
32110521.,90.000000,105.92172
32110521.,91.000000,102.52653
32110522.,81.000000,126.02440
32110522.,82.000000,129.38042
32110522.,83.000000,124.10248
32110522.,84.000000,122.83116
32110522.,85.000000,113.70464
32110522.,86.000000,122.66188
32110522.,87.000000,129.83154
32110522.,88.000000,133.92012
32110522.,89.000000,163.88095
32110522.,90.000000,191.70103
32110522.,91.000000,162.29552
32110523.,81.000000,238.36731
32110523.,82.000000,93.868906
32110523.,83.000000,87.110673
32110523.,84.000000,65.373159
32110523.,85.000000,65.601975
32110523.,86.000000,76.340828
32110524.,81.000000,123.16061
32110524.,82.000000,117.53803
32110524.,83.000000,105.32801
32110524.,84.000000,122.58171
32110524.,85.000000,120.18531
32110524.,86.000000,119.64842
32110524.,87.000000,123.67186
32110524.,88.000000,122.62263
32110524.,89.000000,123.46677
32110524.,90.000000,128.77605
32110524.,91.000000,123.52614
32110525.,81.000000,103.60224
32110525.,82.000000,117.63651
32110525.,83.000000,94.910297
32110525.,84.000000,94.674352
32110525.,85.000000,86.843340
32110525.,86.000000,86.703423
32110525.,87.000000,90.907857
32110525.,88.000000,86.380554
32110525.,89.000000,82.890872
32110525.,90.000000,77.450627
32110525.,91.000000,78.574537
32110526.,81.000000,130.44003
32110526.,82.000000,123.15355
32110526.,83.000000,120.37177
32110526.,84.000000,104.48212
32110526.,85.000000,105.76153
32110526.,86.000000,103.53933
32110526.,87.000000,108.29890
32110526.,88.000000,113.89135
32110526.,89.000000,115.68023
32110526.,90.000000,110.99463
32110526.,91.000000,116.98482
32110527.,81.000000,100.94023
32110527.,82.000000,98.084019
32110527.,83.000000,74.238297
32110527.,84.000000,96.442504
32110527.,85.000000,97.647628
32110527.,86.000000,101.53587
32110527.,87.000000,104.46304
32110527.,88.000000,97.986340
32110527.,89.000000,97.216096
32110527.,90.000000,98.465092
32110527.,91.000000,91.334613
32110528.,81.000000,101.56063
32110528.,82.000000,70.827844
32110528.,83.000000,77.779944
32110528.,84.000000,82.966871
32110528.,85.000000,72.162770
32110528.,86.000000,66.321985
32110528.,87.000000,73.043152
32110528.,88.000000,73.509441
32110528.,89.000000,73.318942
32110528.,90.000000,75.081626
32110528.,91.000000,63.715963
32110529.,81.000000,102.27445
32110529.,82.000000,108.05833
32110529.,83.000000,103.56124
32110529.,84.000000,119.99974
32110529.,85.000000,102.40170
32110529.,86.000000,97.048921
32110529.,87.000000,106.33022
32110529.,88.000000,112.02016
32110529.,89.000000,111.22550
32110529.,90.000000,113.44088
32110529.,91.000000,107.92825
32110530.,81.000000,89.341607
32110530.,82.000000,95.961312
32110530.,83.000000,120.58983
32110530.,84.000000,96.917781
32110530.,85.000000,84.220303
32110530.,86.000000,96.183895
32110530.,87.000000,96.140659
32110530.,88.000000,85.617464
32110530.,89.000000,88.232683
32110530.,90.000000,85.459923
32110530.,91.000000,91.418459
32110531.,81.000000,78.469973
32110531.,82.000000,79.528461
32110531.,83.000000,74.774546
32110531.,84.000000,83.086023
32110531.,85.000000,81.495429
32110531.,86.000000,84.078654
32110531.,87.000000,81.673593
32110531.,88.000000,83.810769
32110531.,89.000000,90.600094
32110531.,90.000000,125.45741
32110531.,91.000000,111.80538
32110532.,81.000000,115.03517
32110532.,82.000000,103.70505
32110532.,83.000000,107.34020
32110532.,84.000000,112.28302
32110532.,85.000000,111.68480
32110532.,86.000000,105.49667
32110532.,87.000000,89.073040
32110533.,84.000000,125.14400
32110533.,85.000000,134.62953
32110533.,86.000000,127.96549
32110533.,87.000000,116.40081
32110533.,91.000000,160.81884
32110534.,81.000000,108.47603
32110534.,82.000000,112.03581
32110535.,81.000000,90.242845
32110535.,82.000000,106.62233
32110535.,83.000000,94.245652
32110535.,84.000000,94.337790
32110535.,85.000000,94.465558
32110536.,81.000000,104.64276
32110536.,82.000000,107.57415
32110536.,83.000000,95.629136
32110536.,84.000000,101.24378
32110536.,85.000000,106.89064
32110536.,86.000000,101.67113
32110536.,87.000000,99.837766
32110536.,88.000000,100.13054
32110536.,89.000000,96.392984
32110536.,90.000000,94.767972
32110536.,91.000000,89.300210
32110537.,81.000000,137.11553
32110537.,82.000000,135.87309
32110537.,83.000000,115.08479
32110537.,84.000000,132.03417
32110537.,85.000000,90.232020
32110537.,86.000000,89.349826
32110537.,87.000000,95.424222
32110537.,88.000000,87.681779
32110537.,89.000000,92.937233
32110537.,90.000000,96.419083
32110537.,91.000000,85.661372
32110538.,81.000000,147.97307
32110538.,82.000000,148.78535
32110538.,83.000000,143.69107
32110538.,84.000000,111.89179
32110538.,85.000000,50.699362
32110539.,81.000000,123.01655
32110539.,82.000000,119.98728
32110539.,83.000000,98.611997
32110539.,84.000000,108.63892
32110539.,85.000000,103.45903
32110539.,86.000000,115.71442
32110539.,87.000000,109.42963
32110539.,88.000000,110.71897
32110539.,89.000000,111.07588
32110539.,90.000000,116.39319
32110539.,91.000000,111.40273
32110540.,81.000000,128.46822
32110540.,82.000000,123.80661
32110540.,83.000000,121.15839
32110540.,84.000000,128.40836
32110540.,85.000000,123.09602
32110540.,86.000000,124.71058
32110540.,87.000000,116.05506
32110540.,88.000000,106.61822
32110540.,89.000000,111.65960
32110540.,90.000000,97.611381
32110540.,91.000000,128.55086
32110541.,81.000000,165.08250
32110541.,82.000000,160.81144
32110541.,83.000000,152.68454
32110541.,84.000000,130.12603
32110541.,85.000000,135.13677
32110541.,86.000000,123.42283
32110541.,87.000000,126.75572
32110541.,88.000000,95.164559
32110541.,89.000000,96.060454
32110541.,90.000000,101.89757
32110541.,91.000000,102.37550
32110542.,81.000000,98.827227
32110542.,82.000000,92.874162
32110542.,83.000000,91.731695
32110542.,84.000000,92.608477
32110542.,85.000000,86.823728
32110542.,86.000000,85.534229
32110542.,87.000000,84.923379
32110542.,88.000000,100.28546
32110542.,89.000000,103.69457
32110542.,90.000000,101.90574
32110542.,91.000000,102.56818
32110543.,81.000000,87.979536
32110543.,82.000000,87.335388
32110543.,83.000000,82.147349
32110543.,84.000000,83.267686
32110543.,85.000000,71.782455
32110543.,86.000000,87.538072
32110543.,87.000000,62.651640
32110543.,88.000000,69.143905
32110543.,89.000000,81.516788
32110544.,81.000000,109.68075
32110544.,82.000000,109.31370
32110544.,83.000000,117.90077
32110544.,84.000000,113.65519
32110544.,85.000000,98.906955
32110544.,86.000000,95.386136
32110544.,87.000000,96.135100
32110544.,88.000000,103.68348
32110544.,89.000000,105.14090
32110544.,90.000000,110.13976
32110544.,91.000000,106.08410
32110545.,81.000000,145.19495
32110545.,82.000000,136.70334
32110545.,83.000000,129.96292
32110545.,84.000000,143.68483
32110545.,85.000000,136.75144
32110545.,86.000000,136.98274
32110545.,87.000000,134.19172
32110545.,88.000000,141.63576
32110545.,89.000000,148.92653
32110545.,90.000000,150.04434
32110545.,91.000000,140.78582
32110547.,81.000000,195.10041
32110547.,82.000000,152.60706
32110547.,83.000000,157.49793
32110547.,84.000000,190.04049
32110547.,85.000000,151.74984
32110547.,86.000000,142.57725
32110547.,87.000000,107.70581
32110547.,88.000000,129.81695
32110547.,89.000000,129.75042
32110547.,90.000000,109.27365
32110547.,91.000000,145.63559
32110548.,81.000000,193.23375
32110548.,83.000000,193.53079
32110548.,84.000000,194.85888
32110548.,85.000000,180.96959
32110548.,86.000000,201.92437
32110548.,87.000000,200.31923
32110548.,88.000000,183.52798
32110548.,89.000000,175.32200
32110548.,90.000000,192.25780
32110548.,91.000000,152.74178
32110549.,81.000000,132.37813
32110549.,82.000000,150.12027
32110549.,83.000000,135.96421
32110549.,84.000000,135.12132
32110549.,85.000000,133.52583
32110549.,86.000000,143.98215
32110549.,87.000000,174.05491
32110549.,88.000000,190.20540
32110549.,89.000000,172.03969
32110549.,90.000000,182.50561
32110549.,91.000000,172.91650
32110550.,81.000000,109.13994
32110550.,82.000000,119.67007
32110550.,83.000000,119.48701
32110550.,84.000000,124.16785
32110550.,85.000000,128.50284
32110550.,86.000000,126.52372
32110550.,87.000000,104.49372
32110550.,88.000000,104.98406
32110550.,89.000000,116.17318
32110550.,90.000000,116.87519
32110550.,91.000000,116.30635
32110551.,81.000000,121.73607
32110551.,82.000000,154.40687
32110551.,83.000000,103.81974
32110551.,84.000000,135.40985
32110551.,85.000000,117.26957
32110551.,86.000000,132.21757
32110551.,87.000000,113.36817
32110551.,88.000000,103.39668
32110551.,89.000000,92.745653
32110551.,90.000000,116.79374
32110551.,91.000000,108.76025
32110552.,81.000000,170.74675
32110552.,82.000000,197.70341
32110552.,83.000000,160.87586
32110552.,84.000000,146.32095
32110552.,85.000000,124.79713
32110552.,86.000000,89.027591
32110552.,87.000000,116.62771
32110552.,90.000000,120.99990
32110552.,91.000000,125.20375
32110553.,81.000000,136.05715
32110553.,82.000000,127.81714
32110553.,83.000000,127.36733
32110553.,84.000000,136.68483
32110553.,85.000000,121.49623
32110553.,86.000000,118.10849
32110553.,87.000000,116.47147
32110554.,81.000000,95.573788
32110554.,82.000000,89.767898
32110554.,83.000000,91.295811
32110554.,84.000000,96.161659
32110554.,85.000000,102.53821
32110554.,86.000000,95.134646
32110554.,87.000000,100.40134
32110554.,88.000000,102.11499
32110554.,89.000000,114.90405
32110554.,90.000000,105.01947
32110554.,91.000000,109.75975
32110556.,81.000000,127.53165
32110556.,82.000000,97.046496
32110556.,83.000000,84.593645
32110556.,84.000000,113.99210
32110556.,85.000000,112.55655
32110556.,86.000000,67.918363
32110556.,87.000000,54.954661
32110557.,81.000000,97.795270
32110557.,82.000000,101.58880
32110557.,83.000000,99.021016
32110557.,84.000000,105.87330
32110557.,85.000000,90.678963
32110557.,86.000000,92.811802
32110557.,87.000000,86.701466
32110557.,88.000000,95.140004
32110557.,89.000000,99.464535
32110557.,90.000000,102.99134
32110557.,91.000000,94.386925
32110558.,81.000000,131.49014
32110558.,82.000000,108.08263
32110558.,83.000000,115.54620
32110558.,84.000000,127.34294
32110558.,85.000000,109.16050
32110558.,86.000000,106.87755
32110558.,87.000000,94.479416
32110558.,88.000000,89.975442
32110558.,89.000000,98.400989
32110558.,90.000000,92.075050
32110558.,91.000000,107.53621
32110559.,81.000000,144.50176
32110559.,82.000000,144.44855
32110559.,83.000000,121.36021
32110559.,84.000000,109.06993
32110559.,85.000000,133.71918
32110559.,86.000000,124.47836
32110559.,87.000000,118.60246
32110560.,81.000000,106.23568
32110560.,82.000000,106.94372
32110560.,83.000000,102.58416
32110560.,84.000000,100.45929
32110560.,85.000000,95.799652
32110560.,86.000000,104.42494
32110560.,87.000000,112.51389
32110560.,89.000000,97.897651
32110560.,90.000000,102.14081
32110560.,91.000000,115.23394
32110561.,81.000000,119.50313
32110561.,82.000000,113.45407
32110561.,83.000000,107.50465
32110561.,84.000000,103.26300
32110561.,85.000000,100.63196
32110561.,86.000000,95.731144
32110561.,87.000000,103.32015
32110561.,88.000000,104.69389
32110561.,89.000000,100.40420
32110561.,90.000000,104.43308
32110561.,91.000000,107.27923
32110562.,82.000000,262.70424
32110562.,83.000000,222.69767
32110562.,84.000000,402.13867
32110562.,85.000000,431.53836
32110562.,86.000000,258.06504
32110562.,87.000000,213.97186
32110562.,88.000000,259.24878
32110563.,81.000000,136.82541
32110563.,82.000000,150.74299
32110564.,81.000000,104.39982
32110564.,82.000000,128.94657
32110564.,83.000000,103.34147
32110564.,84.000000,138.94564
32110564.,85.000000,88.832357
32110564.,86.000000,111.07832
32110564.,87.000000,87.813947
32110564.,88.000000,84.773255
32110564.,89.000000,75.033488
32110564.,90.000000,74.369102
32110564.,91.000000,50.433624
32110565.,81.000000,96.694621
32110565.,82.000000,110.41645
32110565.,83.000000,95.000791
32110565.,84.000000,104.61398
32110565.,85.000000,101.19860
32110565.,86.000000,99.098753
32110565.,88.000000,104.53508
32110566.,82.000000,135.67385
32110566.,83.000000,126.61040
32110566.,84.000000,135.83250
32110566.,85.000000,112.96415
32110566.,86.000000,101.26960
32110566.,87.000000,119.98839
32110566.,88.000000,123.57106
32110566.,89.000000,125.04950
32110566.,90.000000,116.56261
32110566.,91.000000,129.38010
32110567.,81.000000,122.63020
32110567.,82.000000,78.237915
32110567.,83.000000,48.032234
32110592.,81.000000,117.56154
32110593.,81.000000,90.920542
32110593.,82.000000,88.863863
32110593.,83.000000,102.87024
32110593.,87.000000,108.45028
32110593.,88.000000,114.97930
32110593.,89.000000,111.85879
32110593.,90.000000,103.99391
32110593.,91.000000,103.72375
32110594.,87.000000,120.96548
32110594.,88.000000,118.51491
32110594.,89.000000,116.90218
32110594.,90.000000,116.07281
32110602.,81.000000,123.51912
32110602.,82.000000,108.56054
32110615.,88.000000,184.81171
32110615.,89.000000,177.31755
32110615.,90.000000,163.51755
32110615.,91.000000,165.88200
32110643.,81.000000,100.53251
32110662.,83.000000,92.696911
32110669.,81.000000,123.27577
32110670.,81.000000,118.08461
32110670.,82.000000,117.35787
32110670.,87.000000,125.11949
32110670.,91.000000,106.75351
32110672.,81.000000,127.73148
32110672.,82.000000,120.88169
32110672.,83.000000,126.17843
32110687.,81.000000,68.438359
32110690.,81.000000,144.69493
32110690.,86.000000,124.47501
32110690.,87.000000,136.01342
32110690.,88.000000,148.81920
32110690.,89.000000,137.78943
32110690.,90.000000,133.78088
32110690.,91.000000,144.07670
32110709.,81.000000,106.48127
32110717.,81.000000,140.25774
32110719.,89.000000,114.39481
32110719.,90.000000,116.01281
32110719.,91.000000,104.32428
32110733.,90.000000,173.85748
32110733.,91.000000,173.97811
32110999.,81.000000,104.76059
32111208.,81.000000,104.17501
32111208.,82.000000,108.17334
32111208.,86.000000,130.75058
32111853.,83.000000,127.97515
32112001.,81.000000,124.69819
32112001.,82.000000,100.07437
32112001.,83.000000,95.682343
32112001.,84.000000,100.95118
32112001.,85.000000,94.844921
32112001.,86.000000,76.308927
32112001.,87.000000,86.885390
32112001.,88.000000,100.07812
32112001.,89.000000,125.08815
32112001.,90.000000,130.10359
32112001.,91.000000,118.87276
32112002.,81.000000,109.84029
32112002.,82.000000,123.38894
32112002.,83.000000,124.17897
32112002.,84.000000,98.691685
32112002.,85.000000,94.960477
32112002.,86.000000,99.789193
32112002.,87.000000,106.90107
32112002.,88.000000,100.30813
32112002.,89.000000,102.20633
32112002.,90.000000,97.385775
32112002.,91.000000,97.178073
32112003.,81.000000,116.81046
32112003.,82.000000,115.41539
32112003.,83.000000,103.36909
32112003.,84.000000,111.16248
32112003.,85.000000,111.22410
32112003.,86.000000,104.21203
32112003.,87.000000,102.01143
32112003.,88.000000,105.88701
32112004.,81.000000,115.37587
32112004.,82.000000,118.05104
32112004.,83.000000,116.60845
32112004.,84.000000,118.69004
32112004.,85.000000,120.99403
32112004.,86.000000,121.02113
32112004.,87.000000,119.65791
32112004.,88.000000,129.97755
32112004.,89.000000,119.30149
32112004.,90.000000,123.18176
32112004.,91.000000,128.12278
32112005.,81.000000,114.75566
32112005.,82.000000,120.87934
32112005.,83.000000,109.11771
32112005.,84.000000,109.66752
32112005.,85.000000,121.12894
32112005.,86.000000,105.98435
32112005.,87.000000,95.697765
32112005.,88.000000,119.46768
32112005.,89.000000,115.04812
32112005.,90.000000,121.96450
32112005.,91.000000,142.22326
32112006.,81.000000,133.10962
32112006.,82.000000,124.87821
32112006.,83.000000,128.20828
32112006.,84.000000,139.20921
32112006.,85.000000,118.37620
32112006.,86.000000,125.24240
32112006.,87.000000,104.58294
32112006.,88.000000,120.32169
32112006.,89.000000,136.54279
32112006.,90.000000,131.10463
32112006.,91.000000,141.87061
32112007.,81.000000,126.80918
32112007.,82.000000,107.16413
32112007.,83.000000,127.27159
32112007.,84.000000,137.40782
32112007.,85.000000,129.22399
32112007.,86.000000,122.43292
32112007.,87.000000,116.18072
32112007.,88.000000,124.17851
32112007.,89.000000,148.17244
32112007.,90.000000,139.50299
32112007.,91.000000,135.47348
32112008.,81.000000,101.11244
32112008.,82.000000,105.86138
32112008.,83.000000,101.24427
32112008.,84.000000,125.09817
32112008.,85.000000,102.66121
32112008.,86.000000,97.425663
32112008.,87.000000,111.71379
32112008.,88.000000,119.86041
32112008.,89.000000,110.70540
32112008.,90.000000,114.10317
32112008.,91.000000,118.28074
32112009.,81.000000,74.522071
32112009.,82.000000,102.29263
32112009.,83.000000,158.73230
32112009.,84.000000,98.955530
32112009.,85.000000,164.78240
32112009.,86.000000,165.64918
32112009.,87.000000,102.86105
32112009.,88.000000,94.880872
32112009.,89.000000,93.908923
32112009.,90.000000,101.47510
32112009.,91.000000,97.267701
32112011.,81.000000,148.51029
32112011.,82.000000,120.77344
32112011.,83.000000,113.42144
32112011.,84.000000,126.78660
32112011.,85.000000,110.36812
32112011.,86.000000,103.85048
32112011.,87.000000,104.06845
32112011.,88.000000,97.664680
32112011.,89.000000,112.01501
32112011.,90.000000,104.29200
32112011.,91.000000,100.10894
32112012.,81.000000,101.16532
32112012.,83.000000,113.08773
32112012.,84.000000,114.83382
32112012.,85.000000,118.19772
32112012.,86.000000,156.59108
32112012.,87.000000,128.55533
32112012.,88.000000,136.98754
32112012.,89.000000,126.37688
32112012.,90.000000,100.91438
32112012.,91.000000,96.936333
32112013.,81.000000,111.98885
32112013.,82.000000,106.79457
32112013.,83.000000,81.464168
32112013.,84.000000,110.14114
32112013.,85.000000,112.79431
32112013.,86.000000,121.61898
32112013.,87.000000,110.19012
32112013.,88.000000,104.16155
32112013.,89.000000,108.99198
32112013.,90.000000,113.03744
32112013.,91.000000,112.18058
32112014.,81.000000,112.25535
32112014.,82.000000,88.281464
32112014.,83.000000,103.02623
32112014.,84.000000,101.90155
32112014.,85.000000,124.71877
32112014.,86.000000,126.04053
32112014.,87.000000,103.98037
32112014.,88.000000,118.91075
32112014.,89.000000,119.61605
32112014.,90.000000,142.55509
32112014.,91.000000,139.17160
32112015.,81.000000,101.13892
32112015.,82.000000,129.03440
32112015.,83.000000,92.198110
32112015.,84.000000,139.11775
32112015.,85.000000,105.25899
32112015.,86.000000,93.745194
32112015.,87.000000,101.29945
32112015.,88.000000,105.61096
32112015.,89.000000,126.05884
32112015.,90.000000,131.67898
32112015.,91.000000,133.55781
32112016.,81.000000,106.24996
32112016.,82.000000,101.67328
32112016.,83.000000,99.909098
32112016.,84.000000,113.79118
32112016.,85.000000,117.62082
32112016.,86.000000,120.98752
32112016.,87.000000,116.91322
32112016.,88.000000,110.32045
32112016.,89.000000,124.62263
32112016.,90.000000,118.39259
32112016.,91.000000,123.62232
32112017.,81.000000,91.847554
32112017.,82.000000,104.05789
32112017.,83.000000,120.49871
32112017.,84.000000,108.23280
32112017.,85.000000,96.309692
32112018.,81.000000,108.25413
32112018.,82.000000,113.30371
32112018.,83.000000,118.03690
32112018.,84.000000,125.54937
32112018.,85.000000,125.01916
32112018.,87.000000,116.74849
32112018.,88.000000,113.54427
32112018.,89.000000,116.64418
32112018.,90.000000,120.37405
32112019.,81.000000,129.64190
32112019.,82.000000,131.36357
32112019.,83.000000,123.23956
32112019.,84.000000,131.55168
32112019.,85.000000,115.15943
32112019.,86.000000,130.93926
32112019.,87.000000,127.37558
32112019.,88.000000,121.98230
32112019.,89.000000,123.25783
32112019.,90.000000,129.08523
32112019.,91.000000,131.05670
32112020.,81.000000,110.80612
32112020.,82.000000,115.70935
32112020.,83.000000,134.49911
32112020.,84.000000,118.03842
32112020.,85.000000,113.68521
32112020.,86.000000,95.861346
32112020.,87.000000,99.748792
32112020.,88.000000,104.42022
32112020.,89.000000,109.34836
32112020.,90.000000,66.317275
32112021.,81.000000,176.74367
32112021.,82.000000,178.09846
32112021.,83.000000,168.97170
32112021.,84.000000,162.57556
32112021.,85.000000,166.90839
32112022.,81.000000,131.44467
32112022.,82.000000,127.60243
32112022.,83.000000,120.24484
32112022.,84.000000,117.09728
32112022.,85.000000,111.34698
32112022.,86.000000,112.06008
32112022.,87.000000,114.39743
32112023.,81.000000,125.38948
32112023.,82.000000,127.41967
32112023.,83.000000,123.11035
32112023.,84.000000,136.64613
32112023.,85.000000,139.14802
32112023.,86.000000,130.61979
32112023.,87.000000,127.72949
32112023.,88.000000,124.23345
32112023.,89.000000,122.70890
32112023.,90.000000,126.73288
32112023.,91.000000,127.92943
32112024.,81.000000,111.29085
32112024.,82.000000,111.18048
32112024.,83.000000,116.08137
32112024.,84.000000,122.59847
32112024.,85.000000,117.23984
32112024.,86.000000,96.691872
32112024.,87.000000,110.41267
32112024.,88.000000,115.66035
32112024.,89.000000,100.81130
32112024.,90.000000,102.01268
32112024.,91.000000,104.45688
32112025.,81.000000,92.275834
32112025.,82.000000,101.00457
32112025.,83.000000,105.37381
32112025.,84.000000,105.26919
32112025.,85.000000,103.28714
32112025.,86.000000,94.535479
32112025.,87.000000,90.608649
32112025.,88.000000,95.923396
32112025.,89.000000,94.160204
32112025.,90.000000,89.058978
32112025.,91.000000,84.764024
32112026.,81.000000,116.36952
32112026.,82.000000,113.60585
32112026.,83.000000,115.10103
32112026.,84.000000,122.17628
32112026.,85.000000,114.71742
32112026.,86.000000,118.14031
32112026.,87.000000,120.15067
32112026.,88.000000,121.71383
32112026.,89.000000,116.33369
32112026.,90.000000,116.23448
32112026.,91.000000,116.47334
32112027.,81.000000,103.62733
32112027.,82.000000,102.18279
32112027.,83.000000,99.371875
32112027.,84.000000,105.34900
32112027.,85.000000,109.08692
32112027.,86.000000,104.02144
32112027.,87.000000,114.53690
32112027.,88.000000,114.64535
32112027.,89.000000,116.10414
32112027.,90.000000,121.18835
32112027.,91.000000,132.73763
32112028.,81.000000,102.47923
32112028.,82.000000,122.05780
32112028.,83.000000,119.42723
32112028.,84.000000,109.66785
32112028.,85.000000,111.78699
32112028.,86.000000,111.11169
32112028.,87.000000,108.99815
32112028.,88.000000,114.95344
32112028.,89.000000,118.45314
32112028.,90.000000,117.29284
32112028.,91.000000,113.66932
32112029.,81.000000,108.15095
32112029.,82.000000,106.55351
32112029.,83.000000,108.15381
32112029.,84.000000,112.12077
32112029.,85.000000,119.90816
32112029.,86.000000,115.91890
32112029.,87.000000,115.83921
32112029.,88.000000,110.33208
32112029.,89.000000,113.08882
32112029.,90.000000,82.168730
32112029.,91.000000,130.27910
32112030.,81.000000,100.97041
32112030.,82.000000,96.801968
32112030.,83.000000,96.168081
32112030.,84.000000,103.32000
32112030.,85.000000,118.56960
32112030.,86.000000,94.493920
32112030.,87.000000,94.212383
32112031.,81.000000,89.311530
32112031.,82.000000,115.41305
32112031.,83.000000,113.55347
32112031.,84.000000,124.13239
32112031.,85.000000,115.84914
32112031.,86.000000,149.27137
32112031.,87.000000,121.46065
32112031.,88.000000,130.31680
32112031.,89.000000,123.43056
32112031.,90.000000,128.26621
32112031.,91.000000,129.28462
32112032.,81.000000,107.58034
32112032.,82.000000,93.721604
32112032.,83.000000,106.03119
32112032.,84.000000,99.439568
32112032.,85.000000,92.731330
32112032.,86.000000,103.74055
32112032.,87.000000,105.51928
32112033.,81.000000,102.11384
32112033.,82.000000,104.32765
32112033.,83.000000,101.01124
32112033.,84.000000,110.07476
32112033.,85.000000,111.76734
32112033.,86.000000,99.140771
32112033.,87.000000,123.01281
32112033.,88.000000,118.29923
32112033.,89.000000,125.99721
32112033.,90.000000,133.15678
32112033.,91.000000,102.25481
32112034.,81.000000,129.81092
32112034.,82.000000,149.03888
32112034.,83.000000,165.11749
32112034.,84.000000,133.27102
32112034.,85.000000,143.32522
32112034.,86.000000,151.37733
32112034.,87.000000,116.48977
32112034.,88.000000,133.14861
32112034.,89.000000,143.46824
32112034.,90.000000,142.06996
32112034.,91.000000,133.98020
32112035.,81.000000,166.88713
32112035.,82.000000,182.69615
32112035.,83.000000,258.50877
32112035.,84.000000,235.44851
32112035.,85.000000,236.72360
32112035.,86.000000,237.77946
32112035.,87.000000,230.76780
32112035.,88.000000,210.93406
32112035.,89.000000,231.52011
32112035.,90.000000,218.35617
32112035.,91.000000,197.27571
32112056.,86.000000,147.33091
32112056.,87.000000,146.42165
32112056.,90.000000,143.34100
32112570.,81.000000,427.83245
32112570.,82.000000,144.76743
32112571.,81.000000,206.73282
32112572.,86.000000,12.520989
32112572.,90.000000,7.0918168
32112572.,91.000000,5.5612451
32112614.,81.000000,122.26336
32112614.,82.000000,113.62327
32112614.,83.000000,154.21186
32112616.,81.000000,123.79414
32112616.,82.000000,124.26432
32112616.,83.000000,105.08148
32112616.,84.000000,127.29278
32112616.,85.000000,124.71906
32112616.,86.000000,122.02612
32112616.,87.000000,112.82856
32112616.,88.000000,125.85907
32112616.,89.000000,113.38849
32112616.,90.000000,110.70996
32112616.,91.000000,102.65979
32112620.,88.000000,131.41819
32112666.,81.000000,138.39807
32112666.,82.000000,102.93338
32112666.,83.000000,102.69574
32112666.,84.000000,107.02090
32112666.,85.000000,112.87811
32112666.,86.000000,141.34499
32112666.,87.000000,135.20740
32112666.,88.000000,122.36468
32112666.,89.000000,128.28248
32112666.,90.000000,135.76209
32112666.,91.000000,141.86196
32112668.,85.000000,121.29269
32112668.,86.000000,111.69540
32112668.,87.000000,129.04382
32112668.,88.000000,98.571085
32112668.,89.000000,123.88465
32112668.,90.000000,114.83973
32112668.,91.000000,117.84879
32112677.,81.000000,133.67205
32112677.,82.000000,126.83791
32112677.,83.000000,128.83515
32112677.,84.000000,140.61899
32112677.,85.000000,134.34164
32112677.,86.000000,120.30788
32112677.,87.000000,123.11652
32112677.,88.000000,121.87508
32112677.,89.000000,80.473155
32112677.,90.000000,91.945159
32112677.,91.000000,105.37847
32112679.,81.000000,131.20952
32112679.,82.000000,130.53711
32112679.,83.000000,141.39198
32112679.,84.000000,149.99732
32112679.,85.000000,133.85140
32112679.,86.000000,134.58405
32112679.,87.000000,131.92969
32112679.,88.000000,164.06642
32112683.,81.000000,118.74849
32112683.,82.000000,116.52703
32112683.,83.000000,124.60847
32112683.,84.000000,140.13994
32112683.,85.000000,121.86864
32112683.,86.000000,118.68478
32112683.,87.000000,123.28052
32112683.,88.000000,121.84333
32112683.,89.000000,114.63540
32112683.,90.000000,109.58126
32112683.,91.000000,111.34384
32112708.,81.000000,96.895084
32112708.,82.000000,85.069487
32112708.,83.000000,113.10415
32112708.,84.000000,104.96414
32112708.,85.000000,108.75801
32112708.,86.000000,106.30685
32112708.,87.000000,97.855778
32112708.,88.000000,85.888975
32112708.,89.000000,99.945638
32112708.,90.000000,110.30900
32112708.,91.000000,106.16666
32112715.,85.000000,131.16789
32112717.,85.000000,102.82971
32112717.,86.000000,116.43276
32112717.,87.000000,139.57324
32112717.,88.000000,108.19170
32112717.,89.000000,135.77787
32112717.,90.000000,101.13557
32112717.,91.000000,124.57632
32112724.,81.000000,95.518367
32112724.,82.000000,146.63053
32112724.,83.000000,122.17274
32112724.,84.000000,133.68432
32112732.,81.000000,99.513629
32112732.,82.000000,90.226336
32112732.,83.000000,66.570670
32112732.,84.000000,83.663640
32112732.,86.000000,86.057232
32112732.,87.000000,96.857485
32112732.,88.000000,94.953919
32112773.,84.000000,106.30088
32112778.,85.000000,150.60550
32112778.,86.000000,127.91977
32112778.,87.000000,132.92278
32112796.,81.000000,144.62387
32112796.,82.000000,158.88936
32112796.,83.000000,173.69044
32112796.,84.000000,141.30608
32112846.,81.000000,112.09999
32112846.,82.000000,111.30311
32112846.,83.000000,102.50562
32112846.,84.000000,71.890032
32112860.,81.000000,139.92479
32112860.,82.000000,124.15451
32112860.,83.000000,42.923863
32112860.,84.000000,67.926282
32112876.,81.000000,144.96241
32112876.,82.000000,151.31237
32112876.,83.000000,110.96989
32112876.,84.000000,74.186361
32112932.,81.000000,131.82669
32112932.,82.000000,139.24591
32112932.,83.000000,107.37308
32112932.,84.000000,192.44275
32112933.,81.000000,119.98213
32112933.,82.000000,135.18099
32112933.,83.000000,120.35050
32112933.,84.000000,120.43370
32112948.,81.000000,137.10511
32112948.,82.000000,153.18167
32112948.,83.000000,132.90836
32112948.,84.000000,180.46356
32112979.,81.000000,327.15856
32112986.,81.000000,318.07442
32112987.,81.000000,237.45143
32112987.,82.000000,81.308077
32112987.,83.000000,385.16679
32112987.,84.000000,269.77911
32112993.,81.000000,143.69112
32112993.,82.000000,122.54052
32112993.,83.000000,142.29341
32112993.,84.000000,128.14502
32112993.,86.000000,132.39402
32112993.,87.000000,148.04926
32112993.,88.000000,146.68193
32112993.,89.000000,146.66004
32112993.,90.000000,135.10081
32112993.,91.000000,121.48676
32113011.,81.000000,91.470268
32113011.,82.000000,95.276465
32113011.,83.000000,123.16058
32113011.,84.000000,111.29217
32113015.,81.000000,204.80704
32113015.,82.000000,205.47429
32113015.,83.000000,242.23632
32113015.,84.000000,382.02401
32113022.,81.000000,62.639920
32113022.,82.000000,129.93688
32113022.,83.000000,113.21115
32113022.,84.000000,104.78759
32113029.,81.000000,148.46008
32113029.,82.000000,143.43008
32113029.,83.000000,153.72398
32113035.,81.000000,130.64260
32113035.,82.000000,168.54146
32113035.,83.000000,140.14955
32113040.,81.000000,148.47961
32113040.,82.000000,141.19086
32113040.,83.000000,112.84828
32113043.,81.000000,121.08836
32113043.,82.000000,140.19270
32113050.,81.000000,166.29909
32113050.,82.000000,199.05890
32113050.,83.000000,102.86170
32113061.,81.000000,136.18589
32113061.,82.000000,103.13403
32113061.,83.000000,96.002880
32113065.,81.000000,93.445014
32113065.,82.000000,43.437664
32113065.,83.000000,10.457801
32113086.,81.000000,147.95686
32113086.,82.000000,125.15850
32113086.,83.000000,156.24938
32113127.,81.000000,124.98103
32113127.,82.000000,120.08356
32113127.,83.000000,65.343033
32113139.,81.000000,159.04121
32113139.,82.000000,173.99876
32113139.,83.000000,150.03492
32113139.,84.000000,145.75058
32113139.,85.000000,146.05201
32113139.,86.000000,125.28994
32113139.,87.000000,134.97414
32113139.,88.000000,86.227854
32113139.,89.000000,95.390813
32113139.,90.000000,101.76493
32113139.,91.000000,90.218747
32113144.,81.000000,84.217444
32113152.,81.000000,151.19802
32113152.,82.000000,118.62646
32113152.,83.000000,52.319057
32113176.,81.000000,114.86105
32113187.,81.000000,65.759392
32113187.,82.000000,55.311300
32113187.,83.000000,61.775480
32113204.,81.000000,118.70141
32113204.,82.000000,145.34390
32113204.,83.000000,71.281351
32113207.,81.000000,79.724142
32113207.,82.000000,86.018058
32113207.,83.000000,30.540767
32113211.,81.000000,121.79640
32113219.,81.000000,121.49708
32113219.,82.000000,130.42885
32113219.,83.000000,121.56710
32113224.,81.000000,92.134831
32113224.,82.000000,97.859235
32113224.,83.000000,103.43313
32113225.,81.000000,100.64064
32113225.,82.000000,80.385610
32113225.,83.000000,79.855198
32113228.,81.000000,76.365143
32113228.,82.000000,88.694861
32113228.,83.000000,78.918414
32113233.,81.000000,89.735540
32113233.,82.000000,92.856014
32113233.,83.000000,99.931115
32113248.,81.000000,113.88658
32113248.,82.000000,113.89077
32113248.,83.000000,127.14724
32113290.,81.000000,61.437358
32113300.,81.000000,117.00981
32113300.,82.000000,143.62633
32113300.,83.000000,62.610005
32113301.,81.000000,120.50063
32113301.,82.000000,152.91073
32113301.,83.000000,171.53210
32113324.,81.000000,89.916252
32113342.,81.000000,137.87784
32113342.,82.000000,97.130019
32113380.,81.000000,112.17497
32113380.,82.000000,123.75655
32113380.,83.000000,120.94286
32113380.,84.000000,117.06034
32113380.,85.000000,110.65651
32113380.,86.000000,120.59268
32113380.,87.000000,102.30562
32113380.,88.000000,107.33126
32113380.,89.000000,114.88921
32113380.,90.000000,92.999250
32113380.,91.000000,103.64053
32113384.,81.000000,103.76246
32113384.,82.000000,98.080971
32113386.,81.000000,108.16725
32113386.,82.000000,115.89123
32113386.,83.000000,106.81782
32113386.,84.000000,127.75159
32113386.,85.000000,110.62439
32113386.,86.000000,109.00657
32113386.,87.000000,108.73746
32113386.,88.000000,93.854457
32113386.,89.000000,104.44653
32113413.,81.000000,96.300505
32113413.,82.000000,93.252180
32113443.,81.000000,90.364535
32113443.,82.000000,96.293530
32113485.,81.000000,102.73216
32113485.,82.000000,112.09731
32113511.,81.000000,82.708637
32113511.,82.000000,66.283793
32113520.,81.000000,109.99433
32113520.,82.000000,116.89056
32113520.,83.000000,107.93698
32113520.,84.000000,113.97742
32113520.,85.000000,112.62231
32113520.,86.000000,104.68790
32113530.,81.000000,108.80247
32113530.,82.000000,87.048423
32113533.,81.000000,165.40975
32113533.,82.000000,105.22699
32113569.,81.000000,115.52525
32113569.,82.000000,123.21997
32113573.,81.000000,136.27507
32113573.,82.000000,145.12082
32113574.,81.000000,110.75852
32113574.,82.000000,93.021766
32113578.,81.000000,83.714796
32113578.,82.000000,86.253910
32113580.,81.000000,99.335108
32113580.,82.000000,103.48055
32113581.,81.000000,208.04803
32113581.,82.000000,136.55912
32113588.,81.000000,106.58661
32113588.,82.000000,66.460980
32113612.,81.000000,90.326680
32113612.,82.000000,44.598343
32113629.,81.000000,121.61979
32113629.,82.000000,123.46265
32113635.,81.000000,54.488815
32113635.,82.000000,59.095737
32113698.,81.000000,105.62748
32113698.,82.000000,104.98791
32113701.,81.000000,168.56981
32113701.,82.000000,146.01224
32113704.,81.000000,131.36319
32113704.,82.000000,133.43279
32113727.,81.000000,140.73201
32113727.,82.000000,112.85657
32113748.,81.000000,107.32392
32113748.,82.000000,166.21670
32113750.,81.000000,93.455637
32113750.,82.000000,107.94032
32113751.,81.000000,48.989772
32113751.,82.000000,84.358675
32113791.,81.000000,110.76455
32113791.,82.000000,140.07795
32113797.,81.000000,105.88769
32113797.,82.000000,89.938675
32113799.,81.000000,94.371207
32113799.,82.000000,88.273100
32113804.,81.000000,94.659024
32113804.,82.000000,81.018546
32113828.,81.000000,163.96455
32113832.,81.000000,94.668164
32113832.,82.000000,106.03206
32113849.,81.000000,103.09000
32113849.,82.000000,81.096353
32113879.,81.000000,87.833925
32113879.,82.000000,93.104610
32113906.,81.000000,103.20755
32113906.,82.000000,97.130744
32113926.,81.000000,64.613960
32113926.,82.000000,72.663178
32113945.,81.000000,85.243046
32113945.,82.000000,127.19344
32113973.,82.000000,92.789375
32113981.,81.000000,104.75421
32113981.,82.000000,58.893574
32113995.,81.000000,296.99625
32113999.,81.000000,219.52938
32114001.,81.000000,188.98519
32114022.,81.000000,125.25647
32114085.,81.000000,290.14814
32114085.,82.000000,72.102419
32114122.,81.000000,120.38559
32114165.,81.000000,44.487676
32114193.,81.000000,201.56790
32114217.,81.000000,112.49902
32114267.,81.000000,129.38043
32114268.,81.000000,71.694437
32114274.,81.000000,91.173346
32114296.,81.000000,117.70659
32114308.,81.000000,94.603562
32114345.,81.000000,100.12917
32114350.,81.000000,95.750317
32114360.,81.000000,60.871588
32114384.,81.000000,127.97309
32114385.,81.000000,127.73639
32114404.,81.000000,105.74298
32114405.,81.000000,112.47485
32114743.,86.000000,111.59907
32114743.,88.000000,103.71355
32114743.,89.000000,145.01499
32114743.,90.000000,114.74315
32114743.,91.000000,101.40734
32114822.,81.000000,102.50822
32114822.,82.000000,99.460867
32114941.,81.000000,143.74573
32114941.,82.000000,128.87601
32114941.,83.000000,132.56347
32114941.,84.000000,134.03497
32114941.,85.000000,138.22272
32114941.,86.000000,127.73379
32114941.,87.000000,127.74359
32114941.,88.000000,111.93814
32114941.,89.000000,123.93356
32114941.,90.000000,133.69310
32114941.,91.000000,120.41306
32114943.,81.000000,140.80339
32114943.,82.000000,122.34793
32114943.,83.000000,118.23110
32114943.,84.000000,129.63864
32114943.,85.000000,115.42549
32114943.,86.000000,123.09484
32114943.,87.000000,99.287650
32114943.,88.000000,86.699470
32114943.,89.000000,131.87733
32114943.,90.000000,102.58825
32114982.,81.000000,51.208540
32114982.,82.000000,64.006266
32114982.,83.000000,58.853845
32114982.,84.000000,52.093323
32114982.,85.000000,86.934481
32114982.,86.000000,45.734490
32114982.,87.000000,45.279337
32114982.,88.000000,35.966737
32114982.,89.000000,46.255143
32114982.,90.000000,59.066232
32115117.,81.000000,81.282849
32115117.,82.000000,176.33889
32115117.,83.000000,96.715152
32115117.,84.000000,100.00787
32115117.,85.000000,91.815235
32115117.,86.000000,99.588496
32115117.,87.000000,102.90906
32115117.,88.000000,105.61013
32115117.,89.000000,109.94360
32115117.,90.000000,111.17840
32115117.,91.000000,175.27029
32115135.,81.000000,132.36854
32115135.,82.000000,118.65303
32115135.,83.000000,135.93863
32115135.,84.000000,126.43132
32115135.,85.000000,114.20238
32115135.,86.000000,97.988033
32115135.,87.000000,134.63021
32115135.,88.000000,109.57580
32115272.,81.000000,249.60543
32115530.,81.000000,108.56677
32115530.,82.000000,119.17813
32115530.,83.000000,123.91705
32115530.,84.000000,122.19705
32115530.,85.000000,120.17369
32115530.,86.000000,119.73010
32115530.,87.000000,138.85799
32115530.,88.000000,109.82676
32115530.,89.000000,97.081871
32115530.,90.000000,88.416351
32115530.,91.000000,93.554920
32115730.,81.000000,196.25772
32115730.,82.000000,149.71260
32115730.,83.000000,223.97707
32115730.,84.000000,159.11330
32115730.,85.000000,120.83538
32115730.,86.000000,226.03769
32115730.,87.000000,218.48013
32115848.,81.000000,104.53173
32115848.,82.000000,102.52381
32116024.,81.000000,140.07878
32116024.,82.000000,104.70397
32116024.,83.000000,114.28405
32116024.,84.000000,116.44544
32116024.,85.000000,120.30227
32116024.,86.000000,100.54722
32116329.,81.000000,121.47759
32116417.,81.000000,122.85606
32116417.,82.000000,111.99104
32116417.,83.000000,119.51208
32116417.,84.000000,116.76294
32116417.,85.000000,123.31071
32116417.,86.000000,134.20676
32116417.,87.000000,140.65838
32116417.,88.000000,141.77489
32116417.,89.000000,127.83500
32116417.,90.000000,149.76243
32116417.,91.000000,151.86733
32116553.,82.000000,99.776398
32116553.,83.000000,103.46510
32116553.,84.000000,112.72684
32116553.,85.000000,117.58480
32116553.,87.000000,120.68822
32116553.,88.000000,120.41645
32116553.,89.000000,107.40756
32116553.,90.000000,98.809234
32116553.,91.000000,108.08607
32116856.,81.000000,41.378489
32116856.,82.000000,73.000638
32116856.,83.000000,58.916348
32116856.,84.000000,115.20583
32116856.,85.000000,119.44749
32116859.,81.000000,398.40719
32116861.,81.000000,53.552385
32116861.,82.000000,77.018913
32116861.,83.000000,106.60455
32116861.,84.000000,173.71707
32116863.,81.000000,101.43320
32116863.,82.000000,92.923064
32116863.,83.000000,90.707232
32116863.,84.000000,110.40598
32116863.,85.000000,154.91110
32116863.,87.000000,118.94813
32116863.,88.000000,106.98547
32116865.,81.000000,118.77689
32116865.,82.000000,129.84235
32116865.,83.000000,97.396945
32116867.,81.000000,110.02768
32116867.,82.000000,119.32832
32116867.,83.000000,121.85458
32116867.,84.000000,111.91327
32116867.,85.000000,99.544295
32116867.,86.000000,92.355267
32116867.,87.000000,93.953463
32116867.,88.000000,95.924800
32116867.,89.000000,86.874015
32116867.,90.000000,98.843608
32116867.,91.000000,113.91471
32116868.,81.000000,102.76790
32116868.,82.000000,145.14345
32116874.,81.000000,296.39444
32116876.,81.000000,139.42235
32116877.,81.000000,175.69421
32116877.,82.000000,141.62899
32116877.,83.000000,168.62877
32116877.,84.000000,269.73001
32116877.,85.000000,149.25380
32116877.,86.000000,151.04987
32116877.,87.000000,193.99679
32116877.,90.000000,153.75854
32116877.,91.000000,187.69119
32116878.,81.000000,86.500615
32116879.,81.000000,176.90655
32116880.,81.000000,170.00627
32116881.,81.000000,85.752615
32116883.,81.000000,93.715138
32116884.,81.000000,59.419771
32116884.,82.000000,68.098292
32116884.,83.000000,88.275981
32116885.,81.000000,95.954529
32116887.,81.000000,92.372768
32116889.,81.000000,113.66507
32116889.,82.000000,106.23627
32116889.,83.000000,93.873859
32116889.,84.000000,102.38362
32116889.,85.000000,110.03733
32116889.,86.000000,105.82245
32116889.,87.000000,104.29036
32116889.,88.000000,119.05252
32116889.,89.000000,125.52045
32116889.,90.000000,117.82921
32116889.,91.000000,114.37678
32116890.,81.000000,94.749065
32116890.,82.000000,97.216458
32116890.,83.000000,92.907887
32116890.,84.000000,106.37724
32116890.,85.000000,107.02586
32116890.,86.000000,104.65041
32116890.,87.000000,106.77434
32116890.,88.000000,93.326263
32116890.,89.000000,93.680251
32116890.,90.000000,93.124589
32116890.,91.000000,118.98366
32116892.,81.000000,104.03785
32116893.,81.000000,342.39152
32116894.,81.000000,106.32019
32116895.,81.000000,127.71098
32116895.,82.000000,118.35843
32116895.,83.000000,106.35130
32116895.,84.000000,111.40744
32116895.,85.000000,113.03384
32116895.,86.000000,113.39140
32116895.,87.000000,122.52317
32116895.,88.000000,107.86849
32116895.,89.000000,103.62835
32116895.,90.000000,100.54470
32116895.,91.000000,105.57658
32116896.,81.000000,112.38703
32116896.,82.000000,107.02199
32116896.,83.000000,119.44715
32116897.,81.000000,76.425084
32116897.,82.000000,77.347802
32116901.,81.000000,90.496235
32116901.,82.000000,99.857548
32116901.,83.000000,109.85863
32116901.,84.000000,97.360756
32116901.,85.000000,102.76863
32116901.,86.000000,95.627010
32116901.,87.000000,110.18273
32116901.,88.000000,103.08402
32116901.,89.000000,129.12595
32116901.,90.000000,131.25867
32116901.,91.000000,158.84105
32116904.,81.000000,129.84779
32116904.,82.000000,131.08155
32116904.,85.000000,136.56772
32116909.,81.000000,136.14794
32116909.,82.000000,118.26744
32116909.,83.000000,116.90080
32116909.,84.000000,108.50995
32116910.,81.000000,92.097051
32116910.,82.000000,103.90375
32116910.,83.000000,85.115028
32116913.,81.000000,152.72120
32116913.,82.000000,89.792974
32116914.,81.000000,89.669191
32116914.,82.000000,83.290358
32116917.,81.000000,80.427692
32116917.,82.000000,136.49573
32116918.,81.000000,129.86962
32116918.,82.000000,117.89761
32116919.,81.000000,124.84716
32116919.,82.000000,119.50447
32116919.,83.000000,139.49341
32116924.,81.000000,61.857465
32116924.,82.000000,67.789270
32116924.,83.000000,90.390587
32116924.,84.000000,99.344483
32116924.,85.000000,88.717760
32116924.,86.000000,68.682149
32116924.,87.000000,85.639865
32116924.,88.000000,72.770929
32116924.,89.000000,75.244832
32116924.,90.000000,71.648951
32116924.,91.000000,66.457903
32116930.,81.000000,131.91042
32116930.,82.000000,110.45782
32116930.,83.000000,80.129928
32116930.,84.000000,90.950310
32116930.,85.000000,108.03315
32116930.,86.000000,97.966791
32116930.,87.000000,106.21335
32116930.,88.000000,110.37084
32116930.,89.000000,107.98561
32116930.,90.000000,108.23893
32116930.,91.000000,112.96972
32116931.,81.000000,179.70088
32116931.,82.000000,168.82132
32116931.,83.000000,160.55699
32116931.,84.000000,158.40001
32116931.,85.000000,133.86276
32116931.,86.000000,169.85104
32116931.,87.000000,138.86145
32116931.,88.000000,138.22013
32116931.,89.000000,135.92078
32116931.,90.000000,133.41719
32116931.,91.000000,136.52495
32116932.,81.000000,112.19936
32116932.,82.000000,130.83454
32116932.,83.000000,122.62873
32116932.,84.000000,147.98987
32116932.,85.000000,131.50349
32116932.,86.000000,129.32958
32116932.,87.000000,119.72618
32116933.,81.000000,145.30990
32116933.,82.000000,123.28873
32116933.,83.000000,126.47045
32116933.,84.000000,126.09965
32116933.,85.000000,128.97895
32116933.,86.000000,121.20832
32116933.,87.000000,115.04396
32116933.,88.000000,119.32946
32116933.,89.000000,120.36096
32116933.,90.000000,113.85184
32116933.,91.000000,114.55728
32116940.,82.000000,109.02709
32116941.,82.000000,124.54275
32116941.,83.000000,128.38959
32116941.,84.000000,127.86387
32116941.,85.000000,132.30322
32116941.,86.000000,130.88101
32116941.,87.000000,124.60918
32116941.,88.000000,119.34586
32116941.,89.000000,127.31831
32116951.,88.000000,101.45610
32116971.,81.000000,102.07457
32116971.,82.000000,86.660136
32116979.,81.000000,149.45138
32116979.,82.000000,154.14603
32116979.,86.000000,139.23527
32116979.,87.000000,138.37415
32116979.,91.000000,144.69874
32116982.,81.000000,81.909504
32117055.,81.000000,94.307238
32117055.,82.000000,79.917944
32117055.,83.000000,98.176495
32117055.,84.000000,119.15140
32117275.,81.000000,122.34805
32117275.,82.000000,110.23325
32117275.,83.000000,126.11929
32117275.,84.000000,122.92556
32117275.,85.000000,131.84854
32117275.,86.000000,130.78281
32117275.,87.000000,115.70335
32117275.,88.000000,124.25587
32117275.,89.000000,130.26432
32117275.,90.000000,127.62147
32117275.,91.000000,116.49359
32117286.,81.000000,122.75272
32117714.,81.000000,105.12693
32117714.,82.000000,104.17413
32117714.,83.000000,112.76322
32117714.,84.000000,117.55500
32117714.,85.000000,129.98982
32117714.,86.000000,106.09706
32117714.,87.000000,124.62178
32117714.,88.000000,116.68940
32117714.,89.000000,103.28448
32117714.,90.000000,113.02389
32117714.,91.000000,111.69756
32117716.,81.000000,117.03152
32117718.,81.000000,126.10732
32117719.,81.000000,112.65290
32117720.,81.000000,85.422383
32117720.,82.000000,150.87622
32117721.,82.000000,81.545816
32117722.,81.000000,131.44025
32117723.,81.000000,102.43819
32117723.,82.000000,88.659026
32117723.,83.000000,101.89517
32117723.,84.000000,132.39261
32117723.,85.000000,120.33312
32117723.,86.000000,104.52900
32117723.,87.000000,111.02567
32117723.,88.000000,101.34825
32117723.,89.000000,120.07185
32117723.,90.000000,117.72534
32117723.,91.000000,115.63959
32117724.,81.000000,81.441648
32117724.,83.000000,80.293974
32117724.,84.000000,71.102329
32117724.,85.000000,80.632749
32117724.,86.000000,90.423347
32117724.,87.000000,83.002146
32117724.,88.000000,86.020339
32117724.,89.000000,102.96588
32117724.,90.000000,95.536298
32117724.,91.000000,100.68799
32117725.,81.000000,112.35656
32117725.,82.000000,125.85623
32117725.,83.000000,140.62716
32117725.,84.000000,137.99478
32117725.,85.000000,142.21163
32117725.,86.000000,141.62062
32117725.,87.000000,134.23197
32117725.,88.000000,135.87987
32117725.,89.000000,134.46676
32117725.,90.000000,130.18382
32117725.,91.000000,130.09023
32117726.,81.000000,70.586709
32117726.,82.000000,101.41641
32117726.,83.000000,92.055778
32117726.,84.000000,93.996668
32117726.,85.000000,107.21031
32117726.,86.000000,102.27466
32117726.,87.000000,95.745209
32117726.,88.000000,91.215576
32117726.,89.000000,86.682969
32117726.,90.000000,87.444101
32117726.,91.000000,86.865895
32117728.,81.000000,129.44590
32117728.,82.000000,67.227104
32117728.,83.000000,82.450491
32117728.,84.000000,88.967446
32117728.,85.000000,117.30992
32117728.,86.000000,91.581805
32117728.,87.000000,113.53043
32117728.,88.000000,82.505555
32117728.,89.000000,107.66370
32117728.,90.000000,95.336167
32117729.,81.000000,76.735165
32117729.,82.000000,65.405668
32117732.,82.000000,127.29209
32117733.,81.000000,137.43288
32117733.,82.000000,113.17664
32117733.,83.000000,116.66233
32117734.,81.000000,149.35743
32117738.,81.000000,151.84743
32117738.,82.000000,162.53870
32117738.,83.000000,171.84632
32117738.,84.000000,177.02796
32117738.,85.000000,153.73699
32117738.,86.000000,154.83921
32117738.,87.000000,147.23336
32117738.,88.000000,158.99761
32117738.,89.000000,135.97459
32117738.,90.000000,142.71715
32117738.,91.000000,126.81619
32117739.,81.000000,100.88568
32117739.,82.000000,113.83361
32117739.,83.000000,144.95644
32117739.,84.000000,129.60360
32117740.,81.000000,152.50966
32117740.,82.000000,151.78348
32117741.,81.000000,117.68412
32117743.,82.000000,95.341565
32117743.,83.000000,92.289413
32117743.,84.000000,118.35892
32117743.,85.000000,103.16073
32117743.,86.000000,101.59770
32117743.,87.000000,100.43619
32117743.,88.000000,112.73746
32117743.,89.000000,112.12553
32117744.,81.000000,115.17235
32117745.,81.000000,97.860720
32117745.,82.000000,78.928994
32117745.,83.000000,63.854339
32117745.,84.000000,74.247656
32117745.,85.000000,124.16215
32117745.,86.000000,127.76632
32117745.,87.000000,136.97527
32117745.,88.000000,131.80233
32117745.,89.000000,130.07039
32117745.,90.000000,132.31782
32117745.,91.000000,152.42401
32117747.,81.000000,94.615836
32117747.,82.000000,104.74083
32117749.,81.000000,105.62992
32117749.,82.000000,109.53107
32117749.,83.000000,119.75407
32117749.,84.000000,126.65271
32117749.,85.000000,128.78912
32117749.,86.000000,124.96908
32117749.,87.000000,125.59397
32117749.,88.000000,130.78149
32117749.,89.000000,115.82171
32117749.,90.000000,115.36772
32117749.,91.000000,117.03734
32117753.,81.000000,106.54322
32117754.,81.000000,140.63814
32117754.,82.000000,139.43462
32117758.,81.000000,120.02539
32117758.,82.000000,111.23476
32117760.,81.000000,130.84678
32117760.,82.000000,137.72491
32117761.,81.000000,168.28698
32117761.,82.000000,164.01965
32117761.,83.000000,106.73511
32117761.,84.000000,126.41572
32117761.,85.000000,136.29780
32117761.,86.000000,149.85170
32117761.,87.000000,149.79077
32117761.,88.000000,197.49722
32117761.,89.000000,209.29954
32117761.,90.000000,178.60698
32117761.,91.000000,202.57547
32117763.,81.000000,149.93982
32117763.,82.000000,145.84493
32117763.,83.000000,155.37067
32117763.,84.000000,165.23769
32117763.,85.000000,156.88743
32117763.,86.000000,176.97547
32117763.,87.000000,273.18601
32117765.,81.000000,105.31663
32117767.,81.000000,130.41725
32117767.,82.000000,128.00933
32117767.,83.000000,117.23634
32117767.,84.000000,119.84196
32117767.,85.000000,122.78527
32117767.,86.000000,95.724000
32117767.,87.000000,114.39814
32117767.,88.000000,126.05934
32117767.,89.000000,123.65833
32117767.,90.000000,115.53645
32117767.,91.000000,151.39924
32117770.,81.000000,88.294946
32117770.,82.000000,68.265702
32117770.,83.000000,94.832477
32117770.,84.000000,119.04399
32117770.,85.000000,104.75354
32117770.,86.000000,130.54850
32117770.,89.000000,143.24205
32117770.,90.000000,145.57376
32117770.,91.000000,151.98845
32117771.,81.000000,153.34852
32117771.,82.000000,147.97149
32117771.,83.000000,143.88787
32117774.,82.000000,102.71044
32117774.,83.000000,117.99795
32117775.,81.000000,50.329069
32117778.,81.000000,99.945444
32117822.,81.000000,124.34203
32117822.,82.000000,113.09158
32117822.,86.000000,105.68524
32117822.,87.000000,105.55210
32117822.,91.000000,179.86586
32117834.,81.000000,98.507899
32117860.,82.000000,99.826689
32117860.,83.000000,147.90171
32117860.,84.000000,124.12885
32117860.,85.000000,113.56647
32117865.,81.000000,132.25643
32117883.,88.000000,118.41762
32117883.,89.000000,131.23880
32117883.,90.000000,111.23651
32117889.,88.000000,98.069861
32117889.,89.000000,92.608154
32117894.,81.000000,108.22086
32117894.,82.000000,118.28623
32117894.,84.000000,119.97691
32117894.,85.000000,114.35746
32117897.,87.000000,122.90511
32118589.,81.000000,92.803400
32118589.,83.000000,101.87699
32118592.,81.000000,97.729317
32118592.,82.000000,100.73535
32118592.,83.000000,99.046139
32118592.,84.000000,105.58007
32118592.,85.000000,102.54212
32118592.,86.000000,112.31129
32118592.,87.000000,105.80045
32118592.,88.000000,109.57909
32118592.,89.000000,109.63757
32118592.,90.000000,112.08167
32118592.,91.000000,120.27369
32118593.,81.000000,94.924125
32118593.,82.000000,86.036890
32118593.,83.000000,93.135063
32118593.,84.000000,100.23155
32118593.,85.000000,95.713054
32118593.,86.000000,99.059117
32118593.,87.000000,91.001087
32118593.,88.000000,94.454509
32118593.,89.000000,77.901479
32118593.,90.000000,105.50461
32118593.,91.000000,126.13585
32118595.,81.000000,92.720583
32118596.,81.000000,108.17575
32118596.,82.000000,111.20277
32118596.,83.000000,112.61942
32118596.,84.000000,118.64800
32118597.,81.000000,77.779360
32118598.,81.000000,112.23462
32118598.,82.000000,134.69647
32118598.,83.000000,128.40759
32118598.,84.000000,160.17612
32118600.,81.000000,139.05481
32118600.,82.000000,177.80084
32118601.,81.000000,71.690011
32118602.,81.000000,159.88551
32118602.,82.000000,164.15825
32118602.,83.000000,148.45856
32118602.,84.000000,152.74269
32118602.,85.000000,144.18222
32118602.,86.000000,132.24283
32118602.,88.000000,157.72939
32118602.,89.000000,153.53790
32118602.,90.000000,143.17795
32118602.,91.000000,143.18391
32118603.,81.000000,115.58229
32118603.,82.000000,110.68108
32118603.,83.000000,113.42692
32118603.,84.000000,111.67444
32118603.,85.000000,113.80977
32118603.,86.000000,112.89899
32118603.,87.000000,107.79406
32118604.,81.000000,37.408395
32118604.,82.000000,129.03705
32118604.,83.000000,109.95412
32118604.,84.000000,110.12378
32118604.,85.000000,105.55952
32118606.,81.000000,314.87668
32118606.,82.000000,49.490251
32118607.,81.000000,53.600450
32118608.,81.000000,111.08815
32118608.,82.000000,103.89732
32118608.,83.000000,101.66372
32118608.,84.000000,120.88489
32118608.,85.000000,176.05939
32118608.,86.000000,204.23758
32118608.,87.000000,179.45437
32118608.,88.000000,175.40048
32118608.,89.000000,142.10858
32118612.,81.000000,95.819791
32118612.,82.000000,100.07365
32118612.,83.000000,96.216361
32118612.,84.000000,92.253686
32118612.,85.000000,101.43890
32118612.,86.000000,97.939703
32118612.,87.000000,96.601630
32118612.,88.000000,101.83744
32118612.,89.000000,97.160018
32118612.,90.000000,102.73886
32118612.,91.000000,108.87221
32118613.,81.000000,112.31635
32118613.,82.000000,154.76097
32118613.,83.000000,127.29667
32118614.,81.000000,146.94823
32118614.,82.000000,163.39218
32118614.,83.000000,129.48847
32118614.,84.000000,146.03856
32118614.,85.000000,139.42089
32118614.,86.000000,133.02461
32118614.,87.000000,137.33402
32118614.,88.000000,142.12510
32118614.,89.000000,152.20485
32118614.,90.000000,147.09549
32118614.,91.000000,190.51723
32118615.,81.000000,101.75283
32118616.,81.000000,98.869050
32118617.,81.000000,114.54721
32118617.,82.000000,117.95998
32118617.,83.000000,106.34598
32118617.,84.000000,104.42144
32118617.,85.000000,102.85413
32118617.,86.000000,101.18428
32118617.,87.000000,103.31954
32118617.,88.000000,114.49550
32118617.,89.000000,92.215151
32118617.,90.000000,93.481521
32118617.,91.000000,99.699761
32118618.,81.000000,118.23473
32118618.,82.000000,112.65042
32118618.,83.000000,137.77426
32118618.,84.000000,122.74578
32118618.,85.000000,127.70654
32118618.,86.000000,119.01471
32118618.,87.000000,116.21457
32118618.,88.000000,124.50710
32118618.,89.000000,119.93686
32118618.,90.000000,121.60568
32118618.,91.000000,119.35378
32118619.,81.000000,134.15700
32118619.,82.000000,97.590706
32118619.,83.000000,108.30346
32118619.,84.000000,117.83530
32118621.,81.000000,165.71109
32118621.,82.000000,108.87975
32118621.,83.000000,122.90741
32118621.,84.000000,133.42343
32118621.,85.000000,127.37271
32118621.,86.000000,98.965145
32118621.,87.000000,99.773050
32118621.,88.000000,92.318493
32118621.,89.000000,93.974481
32118621.,90.000000,78.627944
32118621.,91.000000,99.563611
32118622.,81.000000,78.229621
32118622.,82.000000,108.29328
32118624.,81.000000,100.06646
32118627.,84.000000,109.72612
32118627.,85.000000,110.21185
32118627.,86.000000,145.68535
32118627.,87.000000,115.05753
32118627.,88.000000,101.56082
32118627.,89.000000,108.35917
32118627.,90.000000,111.61682
32118627.,91.000000,104.89534
32118628.,81.000000,115.46049
32118628.,82.000000,132.22210
32118629.,81.000000,110.27644
32118629.,82.000000,139.22548
32118629.,83.000000,120.02333
32118629.,84.000000,123.87572
32118629.,85.000000,125.52520
32118629.,86.000000,118.11141
32118629.,87.000000,118.74695
32118629.,88.000000,118.85367
32118629.,89.000000,108.10419
32118629.,90.000000,114.48443
32118629.,91.000000,98.707752
32118632.,81.000000,163.92014
32118632.,82.000000,153.29159
32118633.,81.000000,112.05438
32118633.,82.000000,112.06043
32118633.,83.000000,119.56160
32118633.,84.000000,127.31880
32118633.,85.000000,114.55566
32118633.,86.000000,105.77904
32118633.,87.000000,116.88892
32118634.,81.000000,83.755404
32118634.,82.000000,88.900007
32118635.,81.000000,130.17200
32118635.,82.000000,148.33523
32118635.,83.000000,145.11781
32118635.,84.000000,136.01046
32118635.,85.000000,211.44742
32118635.,86.000000,167.44973
32118635.,87.000000,138.72096
32118635.,88.000000,145.66190
32118635.,89.000000,125.15846
32118635.,90.000000,132.73005
32118635.,91.000000,161.33282
32118637.,81.000000,125.18090
32118637.,82.000000,142.78528
32118637.,83.000000,109.88623
32118637.,84.000000,109.12545
32118637.,85.000000,114.80614
32118637.,86.000000,110.90758
32118638.,81.000000,137.71984
32118638.,82.000000,477.34601
32118639.,81.000000,123.07397
32118639.,82.000000,140.56727
32118640.,81.000000,181.88408
32118640.,82.000000,126.39548
32118641.,81.000000,134.05887
32118641.,82.000000,148.82582
32118641.,83.000000,115.70397
32118641.,84.000000,129.75529
32118641.,85.000000,166.26783
32118641.,86.000000,135.44790
32118641.,87.000000,138.07177
32118641.,88.000000,132.61344
32118641.,89.000000,133.91258
32118641.,90.000000,138.11732
32118641.,91.000000,146.64387
32118642.,81.000000,148.95522
32118642.,82.000000,161.87164
32118643.,81.000000,86.879399
32118643.,82.000000,86.792476
32118643.,83.000000,102.29908
32118643.,84.000000,111.84045
32118643.,85.000000,105.89783
32118643.,86.000000,104.00855
32118643.,87.000000,118.10549
32118643.,88.000000,137.22125
32118643.,89.000000,133.37059
32118644.,81.000000,161.42032
32118644.,82.000000,205.69455
32118644.,83.000000,171.24057
32118644.,84.000000,134.51287
32118644.,85.000000,137.65468
32118644.,86.000000,130.03309
32118644.,87.000000,130.44740
32118644.,88.000000,118.87667
32118644.,89.000000,124.21216
32118644.,90.000000,141.88190
32118644.,91.000000,137.57838
32118645.,81.000000,110.05425
32118645.,82.000000,111.62040
32118645.,83.000000,110.82034
32118645.,84.000000,91.297502
32118646.,81.000000,118.58053
32118646.,82.000000,109.51280
32118646.,83.000000,111.93750
32118646.,84.000000,126.12716
32118646.,85.000000,125.83442
32118646.,86.000000,119.30845
32118646.,87.000000,118.62151
32118646.,88.000000,117.28754
32118646.,89.000000,112.06236
32118646.,90.000000,122.30402
32118646.,91.000000,127.91323
32118680.,81.000000,126.48292
32118680.,82.000000,92.711520
32118680.,84.000000,102.11066
32118680.,85.000000,98.587568
32118680.,86.000000,104.68739
32118680.,87.000000,98.486955
32118680.,88.000000,103.22853
32118680.,89.000000,97.668064
32118680.,90.000000,107.00591
32118680.,91.000000,91.655131
32118682.,82.000000,71.869310
32118694.,81.000000,82.108550
32118721.,81.000000,119.56807
32118744.,85.000000,118.18980
32118754.,86.000000,134.11808
32118771.,81.000000,88.834104
32118771.,82.000000,110.28851
32118771.,83.000000,110.57541
32118771.,84.000000,123.12410
32118807.,81.000000,115.79288
32118809.,81.000000,121.38626
32118852.,82.000000,108.43576
32119077.,82.000000,125.16821
32119077.,83.000000,123.30398
32119077.,84.000000,129.46578
32119077.,86.000000,132.38034
32119077.,88.000000,137.82004
32119077.,89.000000,143.69190
32119077.,90.000000,135.32810
32119077.,91.000000,129.32076
