plant       ,year        ,productivity
33110313.,87.000000,13.408010
33110808.,81.000000,14.422993
33110808.,82.000000,20.802100
33110808.,83.000000,18.764565
33110808.,84.000000,18.951376
33110808.,85.000000,14.559501
33110808.,86.000000,14.404998
33110808.,87.000000,15.437423
33110808.,88.000000,14.889955
33110808.,89.000000,15.425762
33110808.,90.000000,13.078837
33110808.,91.000000,16.150120
33110809.,81.000000,23.881120
33110809.,82.000000,23.277076
33110809.,83.000000,21.304548
33110809.,84.000000,21.041811
33110809.,85.000000,19.917076
33110809.,86.000000,18.265379
33110810.,81.000000,15.480507
33110810.,82.000000,17.833961
33110810.,83.000000,17.576020
33110810.,84.000000,16.965088
33110810.,85.000000,17.248801
33110810.,86.000000,19.541122
33110810.,87.000000,19.188458
33110810.,88.000000,29.105969
33110810.,89.000000,18.231781
33110810.,90.000000,17.593832
33110810.,91.000000,16.246212
33110811.,81.000000,16.810936
33110811.,82.000000,16.553458
33110811.,83.000000,18.708209
33110811.,84.000000,19.840667
33110811.,85.000000,17.374904
33110811.,86.000000,22.119766
33110811.,87.000000,17.147938
33110812.,83.000000,22.932261
33110812.,84.000000,20.931577
33110812.,85.000000,19.351482
33110812.,86.000000,18.543638
33110812.,87.000000,19.531203
33110812.,88.000000,20.664979
33110813.,81.000000,21.210020
33110813.,82.000000,21.627437
33110813.,83.000000,21.831463
33110813.,84.000000,23.434839
33110813.,85.000000,22.646171
33110813.,86.000000,23.440172
33110813.,87.000000,21.833248
33110813.,88.000000,23.520064
33110813.,89.000000,26.473161
33110813.,90.000000,24.412040
33110813.,91.000000,23.473419
33110814.,81.000000,19.743561
33110814.,82.000000,17.594568
33110814.,83.000000,17.017108
33110814.,84.000000,18.766634
33110814.,85.000000,21.359229
33110814.,86.000000,21.534046
33110814.,87.000000,16.336119
33110815.,81.000000,20.517220
33110815.,82.000000,21.112655
33110815.,83.000000,19.767093
33110815.,84.000000,18.274597
33110815.,85.000000,17.430667
33110815.,86.000000,17.835728
33110815.,87.000000,18.433580
33110815.,88.000000,19.835698
33110815.,89.000000,19.053897
33110815.,90.000000,20.701622
33110815.,91.000000,22.337633
33110816.,81.000000,54.041192
33110816.,82.000000,16.861541
33110816.,83.000000,20.113004
33110816.,84.000000,17.498372
33110816.,85.000000,21.355851
33110816.,86.000000,21.141657
33110816.,87.000000,16.079906
33110816.,88.000000,14.626254
33110816.,89.000000,23.211593
33110816.,90.000000,20.128005
33110816.,91.000000,17.773924
33110818.,81.000000,18.475635
33110818.,82.000000,17.576798
33110818.,83.000000,19.834255
33110818.,84.000000,19.763391
33110818.,85.000000,18.132581
33110818.,86.000000,18.762920
33110818.,87.000000,17.401598
33110818.,88.000000,18.195365
33110818.,89.000000,16.963014
33110818.,90.000000,19.987181
33110818.,91.000000,18.051987
33110819.,81.000000,18.624306
33110819.,82.000000,18.872842
33110819.,83.000000,19.497221
33110819.,84.000000,17.811511
33110819.,85.000000,14.138444
33110819.,86.000000,17.269177
33110819.,87.000000,17.394753
33110819.,88.000000,17.070309
33110819.,89.000000,18.423903
33110819.,90.000000,20.446121
33110819.,91.000000,23.529080
33110820.,81.000000,39.408676
33110820.,82.000000,34.893410
33110820.,83.000000,24.980977
33110820.,84.000000,21.083325
33110820.,85.000000,21.247658
33110820.,86.000000,18.429850
33110820.,87.000000,17.125280
33110820.,88.000000,15.730094
33110820.,89.000000,18.380022
33110820.,90.000000,21.822819
33110820.,91.000000,21.611445
33110821.,81.000000,17.684032
33110821.,82.000000,19.147615
33110821.,83.000000,14.261514
33110821.,84.000000,14.482836
33110821.,85.000000,16.450326
33110821.,86.000000,15.111886
33110821.,87.000000,15.144097
33110821.,88.000000,15.681550
33110821.,89.000000,15.839026
33110821.,90.000000,15.359880
33110821.,91.000000,15.865958
33110822.,81.000000,14.518325
33110823.,81.000000,16.286504
33110823.,82.000000,21.165295
33110823.,83.000000,13.582302
33110823.,84.000000,18.740774
33110823.,85.000000,15.591274
33110823.,86.000000,18.943950
33110823.,87.000000,17.429172
33110823.,88.000000,15.218699
33110824.,81.000000,16.551179
33110824.,82.000000,19.807338
33110824.,83.000000,25.782308
33110824.,84.000000,16.780239
33110824.,85.000000,13.366782
33110824.,86.000000,13.906430
33110824.,87.000000,14.527698
33110824.,88.000000,15.890669
33110824.,89.000000,15.258415
33110824.,90.000000,14.951151
33110824.,91.000000,19.476248
33110825.,81.000000,24.688523
33110825.,82.000000,17.194209
33110825.,83.000000,17.354770
33110825.,84.000000,19.311164
33110825.,85.000000,18.995965
33110825.,86.000000,16.752900
33110825.,87.000000,18.085174
33110825.,88.000000,15.777860
33110825.,89.000000,14.112612
33110825.,90.000000,13.645342
33110825.,91.000000,20.044779
33110826.,81.000000,26.153154
33110826.,82.000000,25.977029
33110826.,83.000000,31.428838
33110826.,84.000000,20.495142
33110826.,85.000000,18.483163
33110826.,86.000000,20.041566
33110826.,87.000000,16.143241
33110826.,88.000000,15.640217
33110826.,89.000000,10.766139
33110827.,81.000000,17.111166
33110827.,82.000000,17.847658
33110827.,83.000000,18.411804
33110827.,84.000000,22.166582
33110827.,85.000000,18.410783
33110827.,86.000000,18.471014
33110827.,87.000000,17.947316
33110827.,88.000000,21.213812
33110827.,89.000000,19.857670
33110827.,90.000000,17.725147
33110827.,91.000000,18.950354
33110828.,81.000000,23.969499
33110828.,82.000000,20.124476
33110828.,83.000000,20.080236
33110828.,84.000000,18.995402
33110828.,85.000000,18.887179
33110828.,86.000000,16.715290
33110828.,87.000000,17.270076
33110828.,88.000000,17.310774
33110828.,89.000000,16.227927
33110828.,90.000000,15.983282
33110828.,91.000000,16.221994
33110830.,83.000000,16.498647
33110830.,84.000000,15.426520
33110830.,85.000000,15.936103
33110831.,81.000000,25.541848
33110831.,82.000000,18.192305
33110831.,83.000000,17.845371
33110831.,84.000000,16.414865
33110831.,85.000000,17.989687
33110831.,86.000000,16.151885
33110831.,87.000000,16.930344
33110831.,88.000000,15.656175
33110831.,89.000000,14.398342
33110831.,90.000000,17.624613
33110831.,91.000000,17.879717
33110832.,81.000000,16.488175
33110832.,82.000000,17.484925
33110832.,83.000000,17.564417
33110832.,84.000000,15.254401
33110832.,85.000000,14.822035
33110832.,86.000000,19.943883
33110832.,87.000000,17.420620
33110832.,88.000000,16.510656
33110833.,81.000000,17.579884
33110833.,82.000000,17.316224
33110833.,83.000000,18.073333
33110833.,84.000000,17.291060
33110833.,85.000000,12.967324
33110834.,82.000000,14.705170
33110834.,83.000000,16.154411
33110834.,84.000000,16.875634
33110834.,85.000000,20.584604
33110834.,86.000000,8.8719196
33110835.,81.000000,16.846299
33110835.,82.000000,12.270705
33110835.,83.000000,16.547967
33110835.,84.000000,15.322614
33110835.,85.000000,15.754607
33110835.,86.000000,13.047377
33110836.,81.000000,24.155892
33110836.,82.000000,22.356593
33110836.,83.000000,20.165245
33110836.,84.000000,16.915901
33110836.,85.000000,17.093873
33110836.,86.000000,15.534100
33110836.,87.000000,14.143543
33110836.,88.000000,14.039273
33110836.,89.000000,14.140711
33110836.,90.000000,14.057813
33110836.,91.000000,14.030323
33110837.,81.000000,13.770691
33110837.,82.000000,15.095102
33110837.,83.000000,16.580102
33110837.,84.000000,15.959869
33110837.,85.000000,15.888197
33110838.,81.000000,18.442938
33110838.,82.000000,21.822322
33110838.,83.000000,21.040399
33110838.,84.000000,20.880919
33110838.,85.000000,20.349181
33110839.,81.000000,17.597824
33110839.,82.000000,18.839358
33110839.,83.000000,19.741087
33110839.,84.000000,20.154079
33110839.,85.000000,20.359210
33110839.,86.000000,21.595699
33110839.,87.000000,19.951319
33110839.,88.000000,21.431622
33110839.,89.000000,20.458536
33110839.,90.000000,19.030658
33110839.,91.000000,16.016677
33110840.,81.000000,15.328605
33110840.,82.000000,20.213833
33110840.,83.000000,15.335638
33110840.,84.000000,16.442627
33110840.,85.000000,18.803082
33110841.,81.000000,19.638465
33110841.,82.000000,19.137075
33110841.,83.000000,17.174168
33110841.,84.000000,16.367454
33110841.,85.000000,21.710616
33110841.,86.000000,18.727818
33110841.,87.000000,17.644127
33110841.,88.000000,17.698234
33110841.,89.000000,20.285668
33110841.,90.000000,18.671098
33110841.,91.000000,16.779119
33110842.,81.000000,17.413505
33110842.,82.000000,12.931700
33110842.,83.000000,10.177600
33110842.,84.000000,11.358497
33110842.,85.000000,12.102558
33110842.,86.000000,10.433045
33110842.,87.000000,9.4995419
33110842.,88.000000,9.1204878
33110842.,89.000000,13.059941
33110842.,90.000000,8.7360709
33110842.,91.000000,9.9504165
33110843.,81.000000,24.851008
33110843.,82.000000,19.275454
33110843.,83.000000,21.193216
33110843.,84.000000,16.939241
33110843.,85.000000,16.525346
33110843.,86.000000,24.853350
33110843.,87.000000,22.198578
33110843.,88.000000,23.839099
33110843.,89.000000,25.240679
33110843.,90.000000,22.154167
33110843.,91.000000,18.216615
33110844.,81.000000,14.652058
33110844.,82.000000,12.099692
33110844.,83.000000,13.726281
33110844.,84.000000,15.139723
33110844.,85.000000,15.234925
33110844.,86.000000,8.4435389
33110845.,81.000000,17.990148
33110845.,82.000000,18.447224
33110845.,83.000000,19.332991
33110845.,84.000000,17.569383
33110845.,85.000000,13.690981
33110845.,86.000000,13.341425
33110845.,87.000000,16.284388
33110845.,89.000000,19.352929
33110845.,90.000000,18.586208
33110845.,91.000000,18.294062
33110846.,81.000000,18.044099
33110846.,82.000000,19.286837
33110846.,83.000000,18.018842
33110846.,84.000000,17.647004
33110846.,85.000000,16.981492
33110846.,86.000000,17.812804
33110846.,87.000000,15.567275
33110846.,88.000000,18.506241
33110846.,89.000000,17.847495
33110846.,90.000000,18.025318
33110846.,91.000000,17.104136
33110851.,91.000000,20.060988
33110861.,81.000000,15.561795
33110861.,82.000000,14.708502
33110861.,83.000000,16.478492
33110861.,86.000000,14.674684
33110861.,87.000000,10.827229
33110861.,88.000000,10.094617
33110861.,89.000000,8.8196219
33110861.,90.000000,11.174123
33110861.,91.000000,12.961495
33111355.,83.000000,13.214561
33111355.,86.000000,21.352973
33111355.,87.000000,18.264031
33111439.,88.000000,17.127327
33111439.,89.000000,16.598977
33112101.,81.000000,17.252708
33112101.,82.000000,15.512200
33112101.,83.000000,16.121068
33112101.,84.000000,14.240561
33112101.,85.000000,13.364870
33112101.,86.000000,13.273575
33112101.,87.000000,13.628295
33112101.,88.000000,15.764596
33112101.,89.000000,16.121892
33112101.,90.000000,16.388101
33112101.,91.000000,16.293509
33112102.,81.000000,37.665892
33112102.,82.000000,53.591911
33112102.,83.000000,40.764169
33112102.,84.000000,36.252799
33112102.,85.000000,24.528654
33112102.,86.000000,22.442475
33112102.,87.000000,22.223004
33112102.,88.000000,20.527112
33112102.,89.000000,20.269921
33112102.,90.000000,20.418278
33112102.,91.000000,20.024012
33112103.,81.000000,20.280515
33112103.,82.000000,21.779318
33112103.,83.000000,22.390842
33112103.,84.000000,28.592120
33112103.,85.000000,23.696310
33112103.,86.000000,21.321083
33112103.,87.000000,20.185231
33112103.,88.000000,18.370153
33112103.,89.000000,19.643050
33112105.,81.000000,15.066509
33112105.,82.000000,16.981579
33112105.,83.000000,18.253079
33112105.,84.000000,17.278377
33112105.,85.000000,16.554197
33112105.,86.000000,15.514116
33112105.,87.000000,16.039127
33112105.,88.000000,15.965058
33112105.,89.000000,16.285067
33112105.,90.000000,15.368288
33112105.,91.000000,18.495039
33112106.,81.000000,33.633811
33112106.,82.000000,17.579874
33112106.,83.000000,18.243747
33112106.,84.000000,17.659673
33112106.,85.000000,19.272867
33112106.,86.000000,16.937454
33112106.,87.000000,17.162877
33112106.,88.000000,17.078782
33112106.,89.000000,17.519398
33112106.,90.000000,17.187760
33112106.,91.000000,17.290201
33112107.,81.000000,17.375643
33112107.,82.000000,24.513233
33112107.,83.000000,18.515145
33112107.,84.000000,8.3580693
33112107.,85.000000,16.719457
33112107.,86.000000,8.8741462
33112108.,81.000000,19.954661
33112108.,82.000000,22.892663
33112108.,83.000000,21.842045
33112108.,84.000000,22.689525
33112108.,85.000000,16.696118
33112108.,86.000000,15.732495
33112108.,87.000000,14.638940
33112108.,88.000000,15.372014
33112108.,89.000000,16.933698
33112108.,90.000000,16.701637
33112108.,91.000000,17.882104
33112109.,81.000000,20.204075
33112109.,82.000000,20.481114
33112109.,83.000000,20.893346
33112109.,84.000000,19.221978
33112109.,85.000000,17.425051
33112109.,86.000000,17.880618
33112109.,87.000000,17.657287
33112109.,88.000000,18.641951
33112110.,81.000000,16.638331
33112110.,82.000000,16.460705
33112110.,83.000000,16.632498
33112110.,84.000000,16.309676
33112110.,85.000000,16.751485
33112110.,86.000000,16.293159
33112110.,87.000000,16.132169
33112110.,88.000000,17.566301
33112110.,89.000000,19.796021
33112110.,90.000000,14.286883
33112110.,91.000000,16.585479
33112111.,81.000000,16.568094
33112111.,82.000000,17.064268
33112111.,83.000000,21.303486
33112111.,84.000000,19.888104
33112111.,85.000000,18.419232
33112111.,86.000000,17.702872
33112111.,87.000000,18.451440
33112111.,88.000000,15.771859
33112111.,89.000000,18.193973
33112111.,90.000000,16.273434
33112111.,91.000000,16.936202
33112112.,81.000000,17.966757
33112112.,82.000000,19.233397
33112112.,83.000000,17.710743
33112112.,84.000000,19.124957
33112112.,85.000000,20.025381
33112112.,86.000000,15.121853
33112112.,87.000000,14.521992
33112113.,81.000000,19.473400
33112113.,82.000000,16.883616
33112113.,83.000000,17.051992
33112113.,84.000000,16.402051
33112113.,85.000000,14.811041
33112113.,86.000000,15.165419
33112113.,87.000000,19.336161
33112113.,88.000000,17.594998
33112113.,89.000000,17.204967
33112113.,90.000000,17.863755
33112113.,91.000000,17.683914
33112114.,81.000000,17.502309
33112114.,82.000000,16.783371
33112114.,83.000000,18.409731
33112114.,84.000000,18.292134
33112114.,85.000000,16.447848
33112114.,86.000000,15.333726
33112114.,87.000000,16.630452
33112114.,88.000000,16.037467
33112114.,89.000000,15.671033
33112114.,90.000000,15.825967
33112114.,91.000000,15.800485
33112115.,81.000000,19.385181
33112115.,82.000000,19.337212
33112115.,83.000000,20.943087
33112115.,84.000000,20.674747
33112115.,85.000000,19.031621
33112115.,86.000000,18.402486
33112115.,87.000000,19.798460
33112115.,88.000000,19.410417
33112115.,89.000000,20.016348
33112115.,90.000000,19.988578
33112115.,91.000000,21.650654
33112116.,81.000000,16.975624
33112116.,82.000000,14.751115
33112116.,83.000000,16.093248
33112116.,84.000000,15.495727
33112116.,85.000000,16.370544
33112116.,88.000000,17.534608
33112116.,91.000000,16.498406
33112117.,81.000000,18.563031
33112117.,82.000000,26.694180
33112117.,83.000000,25.650292
33112117.,84.000000,16.715547
33112117.,85.000000,17.176863
33112117.,86.000000,18.173979
33112117.,87.000000,19.615333
33112117.,88.000000,16.865883
33112117.,89.000000,9.5791593
33112117.,90.000000,7.5446204
33112118.,81.000000,25.363254
33112118.,82.000000,26.156655
33112118.,83.000000,23.425489
33112118.,84.000000,24.566096
33112118.,85.000000,20.955625
33112118.,86.000000,22.811412
33112118.,87.000000,21.091358
33112118.,88.000000,21.929973
33112118.,89.000000,19.240239
33112118.,90.000000,21.640677
33112118.,91.000000,21.304947
33112119.,81.000000,18.195864
33112119.,82.000000,19.741923
33112119.,83.000000,19.034590
33112119.,84.000000,17.336315
33112119.,85.000000,20.730726
33112119.,86.000000,17.833546
33112119.,87.000000,21.698858
33112119.,88.000000,19.628267
33112119.,89.000000,19.910470
33112119.,90.000000,16.964232
33112119.,91.000000,17.083911
33112120.,81.000000,18.052140
33112120.,82.000000,20.059774
33112120.,83.000000,18.726727
33112120.,84.000000,20.886434
33112120.,85.000000,16.829486
33112120.,86.000000,16.614216
33112120.,87.000000,16.807418
33112120.,88.000000,20.003241
33112120.,89.000000,18.563798
33112120.,90.000000,15.904627
33112121.,81.000000,19.417718
33112121.,82.000000,22.022779
33112121.,83.000000,22.478268
33112121.,84.000000,18.834366
33112121.,85.000000,29.949975
33112121.,86.000000,26.458236
33112122.,81.000000,38.170654
33112122.,82.000000,43.900762
33112122.,83.000000,44.747177
33112122.,84.000000,23.695421
33112122.,85.000000,21.140527
33112123.,81.000000,15.862492
33112123.,82.000000,16.021510
33112123.,83.000000,20.896373
33112123.,84.000000,22.885248
33112123.,85.000000,21.072228
33112123.,86.000000,17.504136
33112124.,81.000000,17.246002
33112124.,82.000000,17.340349
33112124.,83.000000,17.969639
33112124.,84.000000,17.769229
33112124.,85.000000,19.887168
33112124.,86.000000,21.189602
33112124.,87.000000,19.921243
33112124.,88.000000,21.228855
33112124.,89.000000,21.284433
33112124.,90.000000,23.212066
33112124.,91.000000,22.576881
33112125.,81.000000,19.030067
33112125.,82.000000,21.638085
33112125.,83.000000,20.572706
33112125.,84.000000,19.594148
33112125.,85.000000,18.200734
33112125.,86.000000,17.087587
33112125.,87.000000,13.201235
33112125.,88.000000,19.295489
33112125.,89.000000,20.641275
33112125.,90.000000,21.291074
33112125.,91.000000,19.221733
33112126.,82.000000,14.003152
33112126.,83.000000,16.279215
33112126.,84.000000,17.662130
33112126.,85.000000,17.677234
33112126.,86.000000,12.617651
33112126.,87.000000,16.445732
33112126.,88.000000,16.079699
33112138.,81.000000,18.039203
33112142.,81.000000,19.896436
33112142.,82.000000,20.005945
33112509.,81.000000,19.369594
33112509.,82.000000,18.232269
33112509.,83.000000,25.419979
33112509.,84.000000,28.459864
33112509.,85.000000,17.547111
33112509.,86.000000,17.451878
33112509.,87.000000,17.517697
33112509.,88.000000,16.343929
33112509.,89.000000,16.653154
33112509.,90.000000,15.905740
33112531.,81.000000,27.446110
33112531.,82.000000,39.487106
33112531.,83.000000,35.027701
33112531.,84.000000,36.268607
33112531.,85.000000,39.377586
33112531.,86.000000,39.846862
33112531.,87.000000,24.758864
33112531.,88.000000,34.123221
33112531.,89.000000,30.649055
33112531.,90.000000,30.311000
33112531.,91.000000,34.728284
33112574.,81.000000,23.376842
33112574.,82.000000,14.438771
33112574.,83.000000,15.356932
33112574.,84.000000,17.035392
33112574.,85.000000,16.057411
33112574.,87.000000,11.095616
33112574.,88.000000,13.778234
33112574.,89.000000,13.768354
33112574.,90.000000,13.338361
33112574.,91.000000,11.537433
33112575.,81.000000,23.056918
33112575.,82.000000,16.796124
33112575.,83.000000,14.668617
33112575.,84.000000,13.383274
33112575.,85.000000,15.008118
33112576.,81.000000,17.002647
33112576.,82.000000,16.323625
33112768.,85.000000,16.656958
33112768.,86.000000,17.590808
33112768.,87.000000,15.417529
33112768.,88.000000,15.946046
33112768.,89.000000,16.655491
33112768.,90.000000,14.741836
33112768.,91.000000,15.648663
33112818.,81.000000,17.401318
33112818.,82.000000,20.831711
33112818.,83.000000,22.821837
33112818.,84.000000,19.642544
33112824.,81.000000,23.288092
33112824.,82.000000,23.899749
33112824.,83.000000,20.631325
33112824.,84.000000,18.343326
33112831.,81.000000,29.197444
33112831.,82.000000,22.983555
33112831.,83.000000,20.669030
33112843.,81.000000,15.874227
33112843.,82.000000,17.519571
33112843.,83.000000,18.796488
33112843.,84.000000,20.267169
33112879.,81.000000,27.277297
33112879.,82.000000,31.460685
33112879.,83.000000,26.278163
33112879.,84.000000,22.406357
33112895.,81.000000,121.64959
33112895.,82.000000,28.125949
33112895.,83.000000,39.042946
33112895.,84.000000,29.261287
33112928.,81.000000,19.699577
33112928.,82.000000,18.561559
33112928.,83.000000,19.001938
33112928.,84.000000,16.304547
33112945.,81.000000,26.909562
33112945.,82.000000,26.910314
33112945.,83.000000,23.252446
33112945.,84.000000,20.471346
33112954.,81.000000,17.520977
33112954.,82.000000,16.682956
33112954.,83.000000,15.354459
33112954.,84.000000,16.033911
33112958.,81.000000,14.301626
33112958.,82.000000,8.8410732
33112958.,83.000000,17.145037
33112958.,84.000000,17.029280
33112985.,81.000000,14.320911
33112985.,82.000000,27.204513
33112985.,83.000000,25.484485
33112985.,84.000000,23.052445
33113055.,81.000000,21.049753
33113055.,82.000000,19.957796
33113055.,83.000000,14.432285
33113080.,81.000000,19.154529
33113080.,82.000000,16.153254
33113080.,83.000000,17.027126
33113094.,81.000000,17.406560
33113094.,82.000000,15.433748
33113094.,83.000000,17.200040
33113094.,84.000000,15.946141
33113094.,85.000000,12.223780
33113094.,86.000000,14.250054
33113094.,87.000000,13.488277
33113116.,81.000000,17.364013
33113116.,82.000000,16.583579
33113116.,83.000000,17.181910
33113120.,81.000000,19.051352
33113120.,82.000000,18.167120
33113120.,83.000000,12.907976
33113218.,81.000000,17.974048
33113218.,82.000000,17.872824
33113218.,83.000000,17.388674
33113378.,81.000000,52.275209
33113378.,82.000000,81.746946
33113387.,81.000000,21.376182
33113387.,82.000000,19.880199
33113425.,81.000000,14.963159
33113425.,82.000000,15.586498
33113426.,81.000000,17.895335
33113426.,82.000000,18.222993
33113464.,81.000000,18.866872
33113484.,81.000000,19.380280
33113484.,82.000000,18.780962
33113517.,81.000000,16.908398
33113517.,82.000000,16.300894
33113523.,81.000000,18.276821
33113523.,82.000000,15.122033
33113525.,81.000000,21.191791
33113525.,82.000000,20.096880
33113565.,81.000000,20.700020
33113565.,82.000000,22.630702
33113565.,83.000000,19.996406
33113596.,81.000000,25.395625
33113596.,82.000000,17.151160
33113602.,81.000000,22.095447
33113602.,82.000000,23.417506
33113665.,81.000000,20.698306
33113665.,82.000000,24.627310
33113674.,81.000000,15.454897
33113674.,82.000000,14.773655
33113728.,81.000000,16.527679
33113728.,82.000000,16.785018
33113806.,81.000000,29.710133
33113806.,82.000000,32.407000
33113819.,81.000000,18.881650
33113819.,82.000000,18.114943
33113923.,81.000000,13.697478
33113924.,81.000000,14.014730
33113924.,82.000000,11.584772
33113931.,81.000000,11.507971
33113931.,82.000000,9.7468738
33113936.,81.000000,19.332936
33113936.,82.000000,18.967382
33113954.,81.000000,22.887014
33113954.,82.000000,25.712326
33113992.,82.000000,14.804354
33114040.,81.000000,22.282334
33114040.,82.000000,8.4280531
33114060.,81.000000,15.629686
33114060.,82.000000,18.985044
33114062.,81.000000,15.622173
33114062.,82.000000,16.222493
33114065.,81.000000,16.400418
33114065.,82.000000,15.923313
33114214.,81.000000,16.005692
33114247.,81.000000,19.265340
33114295.,81.000000,31.871728
33114306.,81.000000,19.820892
33114312.,81.000000,11.113132
33114373.,81.000000,17.934658
33114373.,82.000000,30.272393
33114373.,83.000000,43.782403
33114373.,84.000000,21.606594
33114373.,85.000000,18.041717
33114373.,86.000000,19.396913
33114373.,87.000000,20.110103
33114373.,88.000000,18.917083
33114373.,89.000000,19.620640
33114373.,90.000000,22.200298
33114373.,91.000000,24.052170
33114421.,81.000000,15.029944
33114973.,81.000000,18.968408
33114973.,82.000000,24.524457
33115091.,81.000000,22.001912
33115091.,82.000000,21.683393
33115472.,81.000000,19.031129
33115472.,82.000000,14.598937
33115472.,83.000000,17.210742
33115472.,84.000000,18.699201
33115472.,85.000000,18.543563
33115472.,86.000000,19.281759
33115472.,87.000000,18.595938
33115472.,88.000000,19.739265
33115472.,89.000000,21.777475
33115472.,90.000000,20.583546
33115472.,91.000000,20.346963
33117119.,81.000000,17.227985
33117119.,82.000000,17.212033
33117119.,83.000000,14.638275
33117119.,84.000000,16.332328
33117121.,81.000000,17.388856
33117122.,81.000000,18.866057
33117125.,81.000000,10.814443
33117125.,82.000000,15.210585
33117125.,83.000000,19.832080
33117125.,84.000000,17.642052
33117125.,85.000000,16.227360
33117125.,86.000000,19.976929
33117125.,87.000000,19.449915
33117125.,88.000000,20.261092
33117125.,89.000000,19.429878
33117128.,81.000000,19.128205
33117128.,82.000000,20.664700
33117128.,83.000000,20.166159
33117132.,81.000000,18.612805
33117132.,82.000000,17.189279
33117132.,83.000000,16.629458
33117132.,84.000000,18.564344
33117132.,86.000000,15.546386
33117132.,87.000000,14.418192
33117132.,88.000000,15.888339
33117132.,89.000000,17.063125
33117132.,90.000000,15.366558
33117133.,81.000000,13.085891
33117133.,82.000000,15.896601
33117133.,83.000000,16.114946
33117135.,81.000000,15.765156
33117135.,82.000000,14.437539
33117137.,81.000000,17.378688
33117137.,82.000000,16.345468
33117137.,83.000000,19.915985
33117137.,84.000000,18.297129
33117170.,81.000000,13.525368
33117394.,81.000000,17.869405
33117973.,81.000000,23.481396
33117973.,82.000000,15.125683
33117975.,81.000000,27.162275
33117975.,82.000000,21.209021
33117977.,81.000000,6.8002045
33117977.,82.000000,8.2369946
33117977.,83.000000,19.543267
33117979.,81.000000,15.416877
33117979.,82.000000,18.538654
33117979.,83.000000,18.117153
33117979.,84.000000,17.554145
33117979.,85.000000,17.754099
33117979.,86.000000,17.937281
33117979.,87.000000,17.273889
33117979.,88.000000,18.950806
33117979.,89.000000,16.939350
33117979.,90.000000,17.486145
33117984.,81.000000,28.936674
33117984.,82.000000,16.329506
33117984.,83.000000,18.157354
33117984.,84.000000,17.225463
33117985.,81.000000,46.143721
33117985.,82.000000,39.450533
33117987.,81.000000,30.900809
33117988.,84.000000,19.449062
33117988.,85.000000,17.789523
33117988.,86.000000,19.585159
33117988.,87.000000,18.794106
33117988.,88.000000,27.457692
33117988.,89.000000,29.476430
33117988.,90.000000,22.873687
33117988.,91.000000,16.287923
33117990.,81.000000,14.886804
33117990.,82.000000,14.796992
33117990.,83.000000,6.9779266
33117991.,81.000000,32.552661
33117993.,81.000000,20.045161
33117993.,82.000000,17.737657
33117993.,83.000000,17.043574
33117993.,84.000000,16.006865
33117993.,85.000000,16.171178
33117993.,86.000000,18.602068
33117993.,87.000000,18.542192
33117993.,88.000000,19.118200
33117993.,89.000000,19.376524
33117993.,90.000000,19.345379
33117993.,91.000000,19.255730
33117996.,81.000000,15.893759
33117996.,82.000000,15.721718
33117996.,83.000000,15.707852
33117996.,84.000000,16.050604
33117996.,85.000000,16.348180
33117996.,86.000000,15.217403
33117996.,87.000000,16.115475
33117996.,88.000000,15.494819
33117996.,89.000000,14.731808
33117996.,90.000000,14.284344
33117996.,91.000000,14.132749
33117999.,81.000000,12.198312
33118001.,81.000000,13.333036
33118001.,82.000000,13.391770
33118906.,81.000000,15.984879
33118906.,82.000000,16.262695
33118906.,83.000000,19.281161
33118906.,84.000000,19.280049
33118906.,85.000000,13.480975
33118909.,81.000000,29.738499
33118909.,82.000000,20.840517
33118910.,81.000000,17.648882
33118910.,82.000000,16.288957
33118910.,83.000000,16.929801
33118910.,84.000000,18.717710
33118910.,85.000000,19.333105
33118910.,86.000000,18.268346
33118910.,87.000000,19.386506
33118910.,88.000000,15.256754
33118910.,89.000000,15.888679
33118910.,90.000000,14.897811
33118910.,91.000000,14.861427
33118912.,81.000000,23.265041
33118912.,82.000000,20.227672
33118913.,81.000000,18.062528
33118913.,82.000000,16.614306
33118913.,83.000000,15.333296
33118913.,84.000000,12.953021
33118916.,81.000000,31.464547
33118916.,82.000000,18.099726
33118916.,83.000000,19.859519
33118916.,84.000000,19.151315
33118916.,85.000000,21.561306
33118916.,86.000000,16.708497
33118916.,88.000000,17.907104
33118916.,89.000000,18.238455
33118916.,90.000000,17.048929
33118916.,91.000000,20.510691
33118918.,81.000000,16.162045
33118920.,81.000000,22.741007
33118920.,82.000000,18.147411
33118922.,81.000000,17.778036
33118922.,82.000000,18.308518
33118922.,83.000000,18.401306
33118922.,84.000000,16.580140
33118922.,85.000000,13.620835
33118923.,81.000000,16.966008
33118923.,82.000000,19.182035
33118923.,83.000000,16.504913
33118923.,84.000000,16.600279
33118923.,85.000000,16.124483
33118923.,86.000000,18.382751
33118923.,87.000000,17.378554
33118923.,88.000000,16.421631
33118923.,89.000000,17.851224
33118923.,90.000000,15.717691
33118923.,91.000000,15.928535
33118926.,81.000000,18.643779
33118926.,82.000000,18.897224
33118926.,83.000000,19.800193
33118926.,84.000000,20.601479
33118926.,85.000000,21.080852
33118926.,86.000000,17.488986
33118926.,87.000000,18.939406
33118926.,88.000000,18.639801
33118926.,89.000000,19.353945
33118928.,81.000000,15.277211
33118928.,82.000000,17.812605
33118928.,83.000000,19.902191
33118928.,84.000000,13.645858
33118928.,85.000000,9.8937344
33118928.,86.000000,15.104512
33118928.,87.000000,16.032070
33118928.,88.000000,14.754429
33118928.,89.000000,14.049980
33118928.,90.000000,14.056306
33118928.,91.000000,14.322667
33118929.,81.000000,15.971986
33118929.,82.000000,15.951563
33118931.,81.000000,21.402611
33118931.,82.000000,12.841073
33118932.,81.000000,15.971732
33118932.,82.000000,17.629734
33118932.,83.000000,16.263158
33118932.,84.000000,19.466587
33118932.,85.000000,20.637844
33118932.,86.000000,19.966055
33118932.,87.000000,19.484747
33118932.,88.000000,18.567451
33118933.,81.000000,21.896901
33118933.,82.000000,22.096138
33118933.,83.000000,18.557087
33118933.,84.000000,14.072597
33118935.,81.000000,17.362449
33118935.,82.000000,21.116849
33118935.,83.000000,22.530451
33118935.,84.000000,21.108974
33118935.,85.000000,20.619780
33118935.,87.000000,21.364935
33118935.,88.000000,21.291582
33118935.,89.000000,16.455496
33118966.,83.000000,22.464443
33119142.,82.000000,16.123615
